[1.668s] Invoking command in '/home/zerda/ros2_ws/src/people_detector': PYTHONPATH=/home/zerda/ros2_ws/build/people_detector/prefix_override:/home/zerda/ros2_ws/install/people_detector/lib/python3.10/site-packages:${PYTHONPATH} /usr/bin/python3 -W ignore:setup.py install is deprecated setup.py egg_info --egg-base ../../build/people_detector build --build-base /home/zerda/ros2_ws/build/people_detector/build install --record /home/zerda/ros2_ws/build/people_detector/install.log --single-version-externally-managed install_data
[2.164s] running egg_info
[2.196s] writing ../../build/people_detector/people_detector.egg-info/PKG-INFO
[2.197s] writing dependency_links to ../../build/people_detector/people_detector.egg-info/dependency_links.txt
[2.197s] writing entry points to ../../build/people_detector/people_detector.egg-info/entry_points.txt
[2.198s] writing requirements to ../../build/people_detector/people_detector.egg-info/requires.txt
[2.198s] writing top-level names to ../../build/people_detector/people_detector.egg-info/top_level.txt
[2.266s] reading manifest file '../../build/people_detector/people_detector.egg-info/SOURCES.txt'
[2.267s] writing manifest file '../../build/people_detector/people_detector.egg-info/SOURCES.txt'
[2.268s] running build
[2.268s] running build_py
[2.268s] copying people_detector/people_detect.py -> /home/zerda/ros2_ws/build/people_detector/build/lib/people_detector
[2.269s] copying people_detector/__init__.py -> /home/zerda/ros2_ws/build/people_detector/build/lib/people_detector
[2.269s] copying people_detector/video_pub.py -> /home/zerda/ros2_ws/build/people_detector/build/lib/people_detector
[2.269s] running install
[2.281s] running install_lib
[2.315s] running install_data
[2.315s] copying resource/people_detector -> /home/zerda/ros2_ws/install/people_detector/share/ament_index/resource_index/packages
[2.316s] copying package.xml -> /home/zerda/ros2_ws/install/people_detector/share/people_detector
[2.316s] copying launch/people_detection.py -> /home/zerda/ros2_ws/install/people_detector/share/people_detector
[2.316s] copying data/video.mp4 -> /home/zerda/ros2_ws/install/people_detector/share/people_detector
[2.344s] running install_egg_info
[2.381s] removing '/home/zerda/ros2_ws/install/people_detector/lib/python3.10/site-packages/people_detector-0.0.0-py3.10.egg-info' (and everything under it)
[2.381s] Copying ../../build/people_detector/people_detector.egg-info to /home/zerda/ros2_ws/install/people_detector/lib/python3.10/site-packages/people_detector-0.0.0-py3.10.egg-info
[2.382s] running install_scripts
[2.677s] Installing people_detect_subscriber script to /home/zerda/ros2_ws/install/people_detector/lib/people_detector
[2.677s] Installing video_publisher script to /home/zerda/ros2_ws/install/people_detector/lib/people_detector
[2.678s] writing list of installed files to '/home/zerda/ros2_ws/build/people_detector/install.log'
[2.727s] Invoked command in '/home/zerda/ros2_ws/src/people_detector' returned '0': PYTHONPATH=/home/zerda/ros2_ws/build/people_detector/prefix_override:/home/zerda/ros2_ws/install/people_detector/lib/python3.10/site-packages:${PYTHONPATH} /usr/bin/python3 -W ignore:setup.py install is deprecated setup.py egg_info --egg-base ../../build/people_detector build --build-base /home/zerda/ros2_ws/build/people_detector/build install --record /home/zerda/ros2_ws/build/people_detector/install.log --single-version-externally-managed install_data
