[0.944s] Invoking command in '/home/zerda/ros2_ws/build/my_cpp_pkg': CMAKE_PREFIX_PATH=${CMAKE_PREFIX_PATH}:/home/zerda/ros2_ws/install/my_py_pkg:/home/zerda/ros2_ws/install/challenge1:/opt/ros/humble /usr/bin/cmake /home/zerda/ros2_ws/src/my_cpp_pkg -DCMAKE_INSTALL_PREFIX=/home/zerda/ros2_ws/install/my_cpp_pkg
[0.967s] -- Found ament_cmake: 1.3.6 (/opt/ros/humble/share/ament_cmake/cmake)
[1.295s] -- Found rclcpp: 16.0.7 (/opt/ros/humble/share/rclcpp/cmake)
[1.352s] -- Found rosidl_generator_c: 3.1.5 (/opt/ros/humble/share/rosidl_generator_c/cmake)
[1.357s] -- Found rosidl_adapter: 3.1.5 (/opt/ros/humble/share/rosidl_adapter/cmake)
[1.370s] -- Found rosidl_generator_cpp: 3.1.5 (/opt/ros/humble/share/rosidl_generator_cpp/cmake)
[1.394s] -- Using all available rosidl_typesupport_c: rosidl_typesupport_fastrtps_c;rosidl_typesupport_introspection_c
[1.428s] -- Using all available rosidl_typesupport_cpp: rosidl_typesupport_fastrtps_cpp;rosidl_typesupport_introspection_cpp
[1.576s] -- Found rmw_implementation_cmake: 6.1.1 (/opt/ros/humble/share/rmw_implementation_cmake/cmake)
[1.581s] -- Found rmw_fastrtps_cpp: 6.2.5 (/opt/ros/humble/share/rmw_fastrtps_cpp/cmake)
[1.852s] -- Using RMW implementation 'rmw_fastrtps_cpp' as default
[2.218s] -- Found sensor_msgs: 4.2.3 (/opt/ros/humble/share/sensor_msgs/cmake)
[2.517s] -- Found cv_bridge: 3.2.1 (/opt/ros/humble/share/cv_bridge/cmake)
[2.567s] -- Found image_transport: 3.1.7 (/opt/ros/humble/share/image_transport/cmake)
[2.680s] -- Found ament_lint_auto: 0.12.9 (/opt/ros/humble/share/ament_lint_auto/cmake)
[2.866s] -- Added test 'lint_cmake' to check CMake code style
[2.868s] -- Added test 'xmllint' to check XML markup files
[2.871s] -- Configuring done
[2.879s] -- Generating done
[2.882s] -- Build files have been written to: /home/zerda/ros2_ws/build/my_cpp_pkg
[2.897s] Invoked command in '/home/zerda/ros2_ws/build/my_cpp_pkg' returned '0': CMAKE_PREFIX_PATH=${CMAKE_PREFIX_PATH}:/home/zerda/ros2_ws/install/my_py_pkg:/home/zerda/ros2_ws/install/challenge1:/opt/ros/humble /usr/bin/cmake /home/zerda/ros2_ws/src/my_cpp_pkg -DCMAKE_INSTALL_PREFIX=/home/zerda/ros2_ws/install/my_cpp_pkg
[2.900s] Invoking command in '/home/zerda/ros2_ws/build/my_cpp_pkg': CMAKE_PREFIX_PATH=${CMAKE_PREFIX_PATH}:/home/zerda/ros2_ws/install/my_py_pkg:/home/zerda/ros2_ws/install/challenge1:/opt/ros/humble /usr/bin/cmake --build /home/zerda/ros2_ws/build/my_cpp_pkg -- -j8 -l8
[2.976s] Invoked command in '/home/zerda/ros2_ws/build/my_cpp_pkg' returned '0': CMAKE_PREFIX_PATH=${CMAKE_PREFIX_PATH}:/home/zerda/ros2_ws/install/my_py_pkg:/home/zerda/ros2_ws/install/challenge1:/opt/ros/humble /usr/bin/cmake --build /home/zerda/ros2_ws/build/my_cpp_pkg -- -j8 -l8
[3.024s] Invoking command in '/home/zerda/ros2_ws/build/my_cpp_pkg': CMAKE_PREFIX_PATH=${CMAKE_PREFIX_PATH}:/home/zerda/ros2_ws/install/my_py_pkg:/home/zerda/ros2_ws/install/challenge1:/opt/ros/humble /usr/bin/cmake --install /home/zerda/ros2_ws/build/my_cpp_pkg
[3.038s] -- Install configuration: ""
[3.038s] -- Installing: /home/zerda/ros2_ws/install/my_cpp_pkg/share/ament_index/resource_index/package_run_dependencies/my_cpp_pkg
[3.039s] -- Installing: /home/zerda/ros2_ws/install/my_cpp_pkg/share/ament_index/resource_index/parent_prefix_path/my_cpp_pkg
[3.039s] -- Installing: /home/zerda/ros2_ws/install/my_cpp_pkg/share/my_cpp_pkg/environment/ament_prefix_path.sh
[3.040s] -- Installing: /home/zerda/ros2_ws/install/my_cpp_pkg/share/my_cpp_pkg/environment/ament_prefix_path.dsv
[3.040s] -- Installing: /home/zerda/ros2_ws/install/my_cpp_pkg/share/my_cpp_pkg/environment/path.sh
[3.040s] -- Installing: /home/zerda/ros2_ws/install/my_cpp_pkg/share/my_cpp_pkg/environment/path.dsv
[3.041s] -- Installing: /home/zerda/ros2_ws/install/my_cpp_pkg/share/my_cpp_pkg/local_setup.bash
[3.041s] -- Installing: /home/zerda/ros2_ws/install/my_cpp_pkg/share/my_cpp_pkg/local_setup.sh
[3.041s] -- Installing: /home/zerda/ros2_ws/install/my_cpp_pkg/share/my_cpp_pkg/local_setup.zsh
[3.042s] -- Installing: /home/zerda/ros2_ws/install/my_cpp_pkg/share/my_cpp_pkg/local_setup.dsv
[3.042s] -- Installing: /home/zerda/ros2_ws/install/my_cpp_pkg/share/my_cpp_pkg/package.dsv
[3.042s] -- Installing: /home/zerda/ros2_ws/install/my_cpp_pkg/share/ament_index/resource_index/packages/my_cpp_pkg
[3.043s] -- Installing: /home/zerda/ros2_ws/install/my_cpp_pkg/share/my_cpp_pkg/cmake/my_cpp_pkgConfig.cmake
[3.043s] -- Installing: /home/zerda/ros2_ws/install/my_cpp_pkg/share/my_cpp_pkg/cmake/my_cpp_pkgConfig-version.cmake
[3.044s] -- Installing: /home/zerda/ros2_ws/install/my_cpp_pkg/share/my_cpp_pkg/package.xml
[3.048s] Invoked command in '/home/zerda/ros2_ws/build/my_cpp_pkg' returned '0': CMAKE_PREFIX_PATH=${CMAKE_PREFIX_PATH}:/home/zerda/ros2_ws/install/my_py_pkg:/home/zerda/ros2_ws/install/challenge1:/opt/ros/humble /usr/bin/cmake --install /home/zerda/ros2_ws/build/my_cpp_pkg
