[1.903s] Invoking command in '/home/zerda/ros2_ws/src/people_detector': PYTHONPATH=/home/zerda/ros2_ws/build/people_detector/prefix_override:/home/zerda/ros2_ws/install/people_detector/lib/python3.10/site-packages:${PYTHONPATH} /usr/bin/python3 -W ignore:setup.py install is deprecated setup.py egg_info --egg-base ../../build/people_detector build --build-base /home/zerda/ros2_ws/build/people_detector/build install --record /home/zerda/ros2_ws/build/people_detector/install.log --single-version-externally-managed install_data
[2.448s] running egg_info
[2.490s] writing ../../build/people_detector/people_detector.egg-info/PKG-INFO
[2.491s] writing dependency_links to ../../build/people_detector/people_detector.egg-info/dependency_links.txt
[2.491s] writing entry points to ../../build/people_detector/people_detector.egg-info/entry_points.txt
[2.491s] writing requirements to ../../build/people_detector/people_detector.egg-info/requires.txt
[2.492s] writing top-level names to ../../build/people_detector/people_detector.egg-info/top_level.txt
[2.563s] reading manifest file '../../build/people_detector/people_detector.egg-info/SOURCES.txt'
[2.566s] writing manifest file '../../build/people_detector/people_detector.egg-info/SOURCES.txt'
[2.566s] running build
[2.566s] running build_py
[2.566s] copying people_detector/people_detect.py -> /home/zerda/ros2_ws/build/people_detector/build/lib/people_detector
[2.567s] copying people_detector/__init__.py -> /home/zerda/ros2_ws/build/people_detector/build/lib/people_detector
[2.567s] copying people_detector/video_pub.py -> /home/zerda/ros2_ws/build/people_detector/build/lib/people_detector
[2.568s] running install
[2.580s] running install_lib
[2.615s] copying /home/zerda/ros2_ws/build/people_detector/build/lib/people_detector/people_detect.py -> /home/zerda/ros2_ws/install/people_detector/lib/python3.10/site-packages/people_detector
[2.616s] byte-compiling /home/zerda/ros2_ws/install/people_detector/lib/python3.10/site-packages/people_detector/people_detect.py to people_detect.cpython-310.pyc
[2.617s] running install_data
[2.618s] copying resource/people_detector -> /home/zerda/ros2_ws/install/people_detector/share/ament_index/resource_index/packages
[2.618s] copying package.xml -> /home/zerda/ros2_ws/install/people_detector/share/people_detector
[2.618s] copying launch/people_detection.py -> /home/zerda/ros2_ws/install/people_detector/share/people_detector
[2.619s] copying data/best.pt -> /home/zerda/ros2_ws/install/people_detector/share/people_detector
[2.766s] copying data/video.mp4 -> /home/zerda/ros2_ws/install/people_detector/share/people_detector
[2.803s] running install_egg_info
[2.843s] removing '/home/zerda/ros2_ws/install/people_detector/lib/python3.10/site-packages/people_detector-0.0.0-py3.10.egg-info' (and everything under it)
[2.844s] Copying ../../build/people_detector/people_detector.egg-info to /home/zerda/ros2_ws/install/people_detector/lib/python3.10/site-packages/people_detector-0.0.0-py3.10.egg-info
[2.846s] running install_scripts
[3.180s] Installing people_detect_subscriber script to /home/zerda/ros2_ws/install/people_detector/lib/people_detector
[3.181s] Installing video_publisher script to /home/zerda/ros2_ws/install/people_detector/lib/people_detector
[3.181s] writing list of installed files to '/home/zerda/ros2_ws/build/people_detector/install.log'
[3.246s] Invoked command in '/home/zerda/ros2_ws/src/people_detector' returned '0': PYTHONPATH=/home/zerda/ros2_ws/build/people_detector/prefix_override:/home/zerda/ros2_ws/install/people_detector/lib/python3.10/site-packages:${PYTHONPATH} /usr/bin/python3 -W ignore:setup.py install is deprecated setup.py egg_info --egg-base ../../build/people_detector build --build-base /home/zerda/ros2_ws/build/people_detector/build install --record /home/zerda/ros2_ws/build/people_detector/install.log --single-version-externally-managed install_data
