[1.068s] Invoking command in '/home/zerda/ros2_ws/src/challenge1': PYTHONPATH=/home/zerda/ros2_ws/build/challenge1/prefix_override:/home/zerda/ros2_ws/install/challenge1/lib/python3.10/site-packages:${PYTHONPATH} /usr/bin/python3 setup.py egg_info --egg-base ../../build/challenge1 build --build-base /home/zerda/ros2_ws/build/challenge1/build install --record /home/zerda/ros2_ws/build/challenge1/install.log --single-version-externally-managed
[1.327s] running egg_info
[1.328s] writing ../../build/challenge1/challenge1.egg-info/PKG-INFO
[1.328s] writing dependency_links to ../../build/challenge1/challenge1.egg-info/dependency_links.txt
[1.328s] writing entry points to ../../build/challenge1/challenge1.egg-info/entry_points.txt
[1.328s] writing requirements to ../../build/challenge1/challenge1.egg-info/requires.txt
[1.329s] writing top-level names to ../../build/challenge1/challenge1.egg-info/top_level.txt
[1.332s] reading manifest file '../../build/challenge1/challenge1.egg-info/SOURCES.txt'
[1.333s] writing manifest file '../../build/challenge1/challenge1.egg-info/SOURCES.txt'
[1.333s] running build
[1.333s] running build_py
[1.334s] running install
[1.334s] running install_lib
[1.335s] running install_data
[1.336s] running install_egg_info
[1.338s] removing '/home/zerda/ros2_ws/install/challenge1/lib/python3.10/site-packages/challenge1-0.0.0-py3.10.egg-info' (and everything under it)
[1.338s] Copying ../../build/challenge1/challenge1.egg-info to /home/zerda/ros2_ws/install/challenge1/lib/python3.10/site-packages/challenge1-0.0.0-py3.10.egg-info
[1.339s] running install_scripts
[1.359s] Installing turtlec script to /home/zerda/ros2_ws/install/challenge1/lib/challenge1
[1.359s] writing list of installed files to '/home/zerda/ros2_ws/build/challenge1/install.log'
[1.397s] Invoked command in '/home/zerda/ros2_ws/src/challenge1' returned '0': PYTHONPATH=/home/zerda/ros2_ws/build/challenge1/prefix_override:/home/zerda/ros2_ws/install/challenge1/lib/python3.10/site-packages:${PYTHONPATH} /usr/bin/python3 setup.py egg_info --egg-base ../../build/challenge1 build --build-base /home/zerda/ros2_ws/build/challenge1/build install --record /home/zerda/ros2_ws/build/challenge1/install.log --single-version-externally-managed
