[0.028s] Invoking command in '/home/zerda/ros2_ws/build/yolov8_msgs': CMAKE_PREFIX_PATH=${CMAKE_PREFIX_PATH}:/home/zerda/ros2_ws/install/object_detection:/home/zerda/ros2_ws/install/my_py_pkg:/home/zerda/ros2_ws/install/my_object_detection_pkg:/home/zerda/ros2_ws/install/challenge1:/home/zerda/ros2_ws/install/car_detection:/opt/ros/humble /usr/bin/cmake --build /home/zerda/ros2_ws/build/yolov8_msgs -- -j8 -l8
[0.130s] [  2%] Built target yolov8_msgs__cpp
[0.133s] [ 12%] Built target yolov8_msgs__rosidl_generator_c
[0.152s] [ 12%] Built target ament_cmake_python_copy_yolov8_msgs
[0.195s] [ 43%] Built target yolov8_msgs__rosidl_typesupport_c
[0.195s] [ 43%] Built target yolov8_msgs__rosidl_typesupport_introspection_cpp
[0.195s] [ 43%] Built target yolov8_msgs__rosidl_typesupport_cpp
[0.196s] [ 53%] Built target yolov8_msgs__rosidl_typesupport_fastrtps_cpp
[0.202s] [ 64%] Built target yolov8_msgs__rosidl_typesupport_introspection_c
[0.202s] [ 74%] Built target yolov8_msgs__rosidl_typesupport_fastrtps_c
[0.240s] [ 74%] Built target yolov8_msgs
[0.283s] [ 76%] Built target yolov8_msgs__py
[0.331s] [ 84%] Built target yolov8_msgs__rosidl_generator_py
[0.374s] [ 94%] Built target yolov8_msgs__rosidl_typesupport_fastrtps_c__pyext
[0.375s] [ 94%] Built target yolov8_msgs__rosidl_typesupport_introspection_c__pyext
[0.375s] [100%] Built target yolov8_msgs__rosidl_typesupport_c__pyext
[0.639s] running egg_info
[0.677s] writing yolov8_msgs.egg-info/PKG-INFO
[0.678s] writing dependency_links to yolov8_msgs.egg-info/dependency_links.txt
[0.679s] writing top-level names to yolov8_msgs.egg-info/top_level.txt
[0.789s] reading manifest file 'yolov8_msgs.egg-info/SOURCES.txt'
[0.790s] writing manifest file 'yolov8_msgs.egg-info/SOURCES.txt'
[0.840s] [100%] Built target ament_cmake_python_build_yolov8_msgs_egg
[0.861s] Invoked command in '/home/zerda/ros2_ws/build/yolov8_msgs' returned '0': CMAKE_PREFIX_PATH=${CMAKE_PREFIX_PATH}:/home/zerda/ros2_ws/install/object_detection:/home/zerda/ros2_ws/install/my_py_pkg:/home/zerda/ros2_ws/install/my_object_detection_pkg:/home/zerda/ros2_ws/install/challenge1:/home/zerda/ros2_ws/install/car_detection:/opt/ros/humble /usr/bin/cmake --build /home/zerda/ros2_ws/build/yolov8_msgs -- -j8 -l8
[1.022s] Invoking command in '/home/zerda/ros2_ws/build/yolov8_msgs': CMAKE_PREFIX_PATH=${CMAKE_PREFIX_PATH}:/home/zerda/ros2_ws/install/object_detection:/home/zerda/ros2_ws/install/my_py_pkg:/home/zerda/ros2_ws/install/my_object_detection_pkg:/home/zerda/ros2_ws/install/challenge1:/home/zerda/ros2_ws/install/car_detection:/opt/ros/humble /usr/bin/cmake --install /home/zerda/ros2_ws/build/yolov8_msgs
[1.039s] -- Install configuration: ""
[1.039s] -- Up-to-date: /home/zerda/ros2_ws/install/yolov8_msgs/share/ament_index/resource_index/rosidl_interfaces/yolov8_msgs
[1.039s] -- Up-to-date: /home/zerda/ros2_ws/install/yolov8_msgs/include/yolov8_msgs/yolov8_msgs
[1.039s] -- Up-to-date: /home/zerda/ros2_ws/install/yolov8_msgs/include/yolov8_msgs/yolov8_msgs/msg
[1.040s] -- Up-to-date: /home/zerda/ros2_ws/install/yolov8_msgs/include/yolov8_msgs/yolov8_msgs/msg/inference_result.h
[1.040s] -- Up-to-date: /home/zerda/ros2_ws/install/yolov8_msgs/include/yolov8_msgs/yolov8_msgs/msg/detail
[1.040s] -- Up-to-date: /home/zerda/ros2_ws/install/yolov8_msgs/include/yolov8_msgs/yolov8_msgs/msg/detail/inference_result__functions.h
[1.040s] -- Up-to-date: /home/zerda/ros2_ws/install/yolov8_msgs/include/yolov8_msgs/yolov8_msgs/msg/detail/inference_result__type_support.h
[1.040s] -- Up-to-date: /home/zerda/ros2_ws/install/yolov8_msgs/include/yolov8_msgs/yolov8_msgs/msg/detail/inference_result__struct.h
[1.040s] -- Up-to-date: /home/zerda/ros2_ws/install/yolov8_msgs/include/yolov8_msgs/yolov8_msgs/msg/detail/yolov8_inference__type_support.h
[1.041s] -- Up-to-date: /home/zerda/ros2_ws/install/yolov8_msgs/include/yolov8_msgs/yolov8_msgs/msg/detail/yolov8_inference__struct.h
[1.041s] -- Up-to-date: /home/zerda/ros2_ws/install/yolov8_msgs/include/yolov8_msgs/yolov8_msgs/msg/detail/yolov8_inference__functions.c
[1.041s] -- Up-to-date: /home/zerda/ros2_ws/install/yolov8_msgs/include/yolov8_msgs/yolov8_msgs/msg/detail/inference_result__functions.c
[1.041s] -- Up-to-date: /home/zerda/ros2_ws/install/yolov8_msgs/include/yolov8_msgs/yolov8_msgs/msg/detail/yolov8_inference__functions.h
[1.041s] -- Up-to-date: /home/zerda/ros2_ws/install/yolov8_msgs/include/yolov8_msgs/yolov8_msgs/msg/yolov8_inference.h
[1.042s] -- Up-to-date: /home/zerda/ros2_ws/install/yolov8_msgs/include/yolov8_msgs/yolov8_msgs/msg/rosidl_generator_c__visibility_control.h
[1.042s] -- Up-to-date: /home/zerda/ros2_ws/install/yolov8_msgs/share/yolov8_msgs/environment/library_path.sh
[1.042s] -- Up-to-date: /home/zerda/ros2_ws/install/yolov8_msgs/share/yolov8_msgs/environment/library_path.dsv
[1.042s] -- Up-to-date: /home/zerda/ros2_ws/install/yolov8_msgs/lib/libyolov8_msgs__rosidl_generator_c.so
[1.042s] -- Up-to-date: /home/zerda/ros2_ws/install/yolov8_msgs/include/yolov8_msgs/yolov8_msgs
[1.042s] -- Up-to-date: /home/zerda/ros2_ws/install/yolov8_msgs/include/yolov8_msgs/yolov8_msgs/msg
[1.043s] -- Up-to-date: /home/zerda/ros2_ws/install/yolov8_msgs/include/yolov8_msgs/yolov8_msgs/msg/detail
[1.043s] -- Up-to-date: /home/zerda/ros2_ws/install/yolov8_msgs/include/yolov8_msgs/yolov8_msgs/msg/detail/yolov8_inference__rosidl_typesupport_fastrtps_c.h
[1.043s] -- Up-to-date: /home/zerda/ros2_ws/install/yolov8_msgs/include/yolov8_msgs/yolov8_msgs/msg/detail/inference_result__rosidl_typesupport_fastrtps_c.h
[1.043s] -- Up-to-date: /home/zerda/ros2_ws/install/yolov8_msgs/include/yolov8_msgs/yolov8_msgs/msg/rosidl_typesupport_fastrtps_c__visibility_control.h
[1.043s] -- Up-to-date: /home/zerda/ros2_ws/install/yolov8_msgs/lib/libyolov8_msgs__rosidl_typesupport_fastrtps_c.so
[1.043s] -- Up-to-date: /home/zerda/ros2_ws/install/yolov8_msgs/include/yolov8_msgs/yolov8_msgs
[1.043s] -- Up-to-date: /home/zerda/ros2_ws/install/yolov8_msgs/include/yolov8_msgs/yolov8_msgs/msg
[1.043s] -- Up-to-date: /home/zerda/ros2_ws/install/yolov8_msgs/include/yolov8_msgs/yolov8_msgs/msg/yolov8_inference.hpp
[1.044s] -- Up-to-date: /home/zerda/ros2_ws/install/yolov8_msgs/include/yolov8_msgs/yolov8_msgs/msg/detail
[1.044s] -- Up-to-date: /home/zerda/ros2_ws/install/yolov8_msgs/include/yolov8_msgs/yolov8_msgs/msg/detail/yolov8_inference__traits.hpp
[1.044s] -- Up-to-date: /home/zerda/ros2_ws/install/yolov8_msgs/include/yolov8_msgs/yolov8_msgs/msg/detail/inference_result__builder.hpp
[1.044s] -- Up-to-date: /home/zerda/ros2_ws/install/yolov8_msgs/include/yolov8_msgs/yolov8_msgs/msg/detail/inference_result__traits.hpp
[1.044s] -- Up-to-date: /home/zerda/ros2_ws/install/yolov8_msgs/include/yolov8_msgs/yolov8_msgs/msg/detail/yolov8_inference__builder.hpp
[1.044s] -- Up-to-date: /home/zerda/ros2_ws/install/yolov8_msgs/include/yolov8_msgs/yolov8_msgs/msg/detail/yolov8_inference__struct.hpp
[1.045s] -- Up-to-date: /home/zerda/ros2_ws/install/yolov8_msgs/include/yolov8_msgs/yolov8_msgs/msg/detail/inference_result__struct.hpp
[1.045s] -- Up-to-date: /home/zerda/ros2_ws/install/yolov8_msgs/include/yolov8_msgs/yolov8_msgs/msg/inference_result.hpp
[1.045s] -- Up-to-date: /home/zerda/ros2_ws/install/yolov8_msgs/include/yolov8_msgs/yolov8_msgs
[1.045s] -- Up-to-date: /home/zerda/ros2_ws/install/yolov8_msgs/include/yolov8_msgs/yolov8_msgs/msg
[1.045s] -- Up-to-date: /home/zerda/ros2_ws/install/yolov8_msgs/include/yolov8_msgs/yolov8_msgs/msg/rosidl_typesupport_fastrtps_cpp__visibility_control.h
[1.045s] -- Up-to-date: /home/zerda/ros2_ws/install/yolov8_msgs/include/yolov8_msgs/yolov8_msgs/msg/detail
[1.045s] -- Up-to-date: /home/zerda/ros2_ws/install/yolov8_msgs/include/yolov8_msgs/yolov8_msgs/msg/detail/yolov8_inference__rosidl_typesupport_fastrtps_cpp.hpp
[1.045s] -- Up-to-date: /home/zerda/ros2_ws/install/yolov8_msgs/include/yolov8_msgs/yolov8_msgs/msg/detail/inference_result__rosidl_typesupport_fastrtps_cpp.hpp
[1.046s] -- Up-to-date: /home/zerda/ros2_ws/install/yolov8_msgs/include/yolov8_msgs/yolov8_msgs/msg/detail/dds_fastrtps
[1.046s] -- Up-to-date: /home/zerda/ros2_ws/install/yolov8_msgs/lib/libyolov8_msgs__rosidl_typesupport_fastrtps_cpp.so
[1.046s] -- Up-to-date: /home/zerda/ros2_ws/install/yolov8_msgs/include/yolov8_msgs/yolov8_msgs
[1.046s] -- Up-to-date: /home/zerda/ros2_ws/install/yolov8_msgs/include/yolov8_msgs/yolov8_msgs/msg
[1.046s] -- Up-to-date: /home/zerda/ros2_ws/install/yolov8_msgs/include/yolov8_msgs/yolov8_msgs/msg/rosidl_typesupport_introspection_c__visibility_control.h
[1.046s] -- Up-to-date: /home/zerda/ros2_ws/install/yolov8_msgs/include/yolov8_msgs/yolov8_msgs/msg/detail
[1.046s] -- Up-to-date: /home/zerda/ros2_ws/install/yolov8_msgs/include/yolov8_msgs/yolov8_msgs/msg/detail/yolov8_inference__rosidl_typesupport_introspection_c.h
[1.047s] -- Up-to-date: /home/zerda/ros2_ws/install/yolov8_msgs/include/yolov8_msgs/yolov8_msgs/msg/detail/inference_result__rosidl_typesupport_introspection_c.h
[1.047s] -- Up-to-date: /home/zerda/ros2_ws/install/yolov8_msgs/include/yolov8_msgs/yolov8_msgs/msg/detail/inference_result__type_support.c
[1.047s] -- Up-to-date: /home/zerda/ros2_ws/install/yolov8_msgs/include/yolov8_msgs/yolov8_msgs/msg/detail/yolov8_inference__type_support.c
[1.047s] -- Up-to-date: /home/zerda/ros2_ws/install/yolov8_msgs/lib/libyolov8_msgs__rosidl_typesupport_introspection_c.so
[1.047s] -- Up-to-date: /home/zerda/ros2_ws/install/yolov8_msgs/lib/libyolov8_msgs__rosidl_typesupport_c.so
[1.047s] -- Up-to-date: /home/zerda/ros2_ws/install/yolov8_msgs/include/yolov8_msgs/yolov8_msgs
[1.047s] -- Up-to-date: /home/zerda/ros2_ws/install/yolov8_msgs/include/yolov8_msgs/yolov8_msgs/msg
[1.047s] -- Up-to-date: /home/zerda/ros2_ws/install/yolov8_msgs/include/yolov8_msgs/yolov8_msgs/msg/detail
[1.048s] -- Up-to-date: /home/zerda/ros2_ws/install/yolov8_msgs/include/yolov8_msgs/yolov8_msgs/msg/detail/inference_result__rosidl_typesupport_introspection_cpp.hpp
[1.048s] -- Up-to-date: /home/zerda/ros2_ws/install/yolov8_msgs/include/yolov8_msgs/yolov8_msgs/msg/detail/yolov8_inference__type_support.cpp
[1.048s] -- Up-to-date: /home/zerda/ros2_ws/install/yolov8_msgs/include/yolov8_msgs/yolov8_msgs/msg/detail/inference_result__type_support.cpp
[1.048s] -- Up-to-date: /home/zerda/ros2_ws/install/yolov8_msgs/include/yolov8_msgs/yolov8_msgs/msg/detail/yolov8_inference__rosidl_typesupport_introspection_cpp.hpp
[1.048s] -- Up-to-date: /home/zerda/ros2_ws/install/yolov8_msgs/lib/libyolov8_msgs__rosidl_typesupport_introspection_cpp.so
[1.048s] -- Up-to-date: /home/zerda/ros2_ws/install/yolov8_msgs/lib/libyolov8_msgs__rosidl_typesupport_cpp.so
[1.048s] -- Up-to-date: /home/zerda/ros2_ws/install/yolov8_msgs/share/yolov8_msgs/environment/pythonpath.sh
[1.048s] -- Up-to-date: /home/zerda/ros2_ws/install/yolov8_msgs/share/yolov8_msgs/environment/pythonpath.dsv
[1.049s] -- Up-to-date: /home/zerda/ros2_ws/install/yolov8_msgs/local/lib/python3.10/dist-packages/yolov8_msgs-0.0.0-py3.10.egg-info
[1.049s] -- Installing: /home/zerda/ros2_ws/install/yolov8_msgs/local/lib/python3.10/dist-packages/yolov8_msgs-0.0.0-py3.10.egg-info/top_level.txt
[1.049s] -- Installing: /home/zerda/ros2_ws/install/yolov8_msgs/local/lib/python3.10/dist-packages/yolov8_msgs-0.0.0-py3.10.egg-info/dependency_links.txt
[1.049s] -- Installing: /home/zerda/ros2_ws/install/yolov8_msgs/local/lib/python3.10/dist-packages/yolov8_msgs-0.0.0-py3.10.egg-info/PKG-INFO
[1.049s] -- Installing: /home/zerda/ros2_ws/install/yolov8_msgs/local/lib/python3.10/dist-packages/yolov8_msgs-0.0.0-py3.10.egg-info/SOURCES.txt
[1.049s] -- Up-to-date: /home/zerda/ros2_ws/install/yolov8_msgs/local/lib/python3.10/dist-packages/yolov8_msgs
[1.049s] -- Up-to-date: /home/zerda/ros2_ws/install/yolov8_msgs/local/lib/python3.10/dist-packages/yolov8_msgs/yolov8_msgs_s__rosidl_typesupport_c.cpython-310-x86_64-linux-gnu.so
[1.049s] -- Up-to-date: /home/zerda/ros2_ws/install/yolov8_msgs/local/lib/python3.10/dist-packages/yolov8_msgs/__init__.py
[1.049s] -- Up-to-date: /home/zerda/ros2_ws/install/yolov8_msgs/local/lib/python3.10/dist-packages/yolov8_msgs/_yolov8_msgs_s.ep.rosidl_typesupport_c.c
[1.050s] -- Up-to-date: /home/zerda/ros2_ws/install/yolov8_msgs/local/lib/python3.10/dist-packages/yolov8_msgs/yolov8_msgs_s__rosidl_typesupport_fastrtps_c.cpython-310-x86_64-linux-gnu.so
[1.050s] -- Up-to-date: /home/zerda/ros2_ws/install/yolov8_msgs/local/lib/python3.10/dist-packages/yolov8_msgs/libyolov8_msgs__rosidl_generator_py.so
[1.050s] -- Up-to-date: /home/zerda/ros2_ws/install/yolov8_msgs/local/lib/python3.10/dist-packages/yolov8_msgs/_yolov8_msgs_s.ep.rosidl_typesupport_fastrtps_c.c
[1.050s] -- Up-to-date: /home/zerda/ros2_ws/install/yolov8_msgs/local/lib/python3.10/dist-packages/yolov8_msgs/_yolov8_msgs_s.ep.rosidl_typesupport_introspection_c.c
[1.050s] -- Up-to-date: /home/zerda/ros2_ws/install/yolov8_msgs/local/lib/python3.10/dist-packages/yolov8_msgs/yolov8_msgs_s__rosidl_typesupport_introspection_c.cpython-310-x86_64-linux-gnu.so
[1.050s] -- Up-to-date: /home/zerda/ros2_ws/install/yolov8_msgs/local/lib/python3.10/dist-packages/yolov8_msgs/msg
[1.050s] -- Up-to-date: /home/zerda/ros2_ws/install/yolov8_msgs/local/lib/python3.10/dist-packages/yolov8_msgs/msg/__init__.py
[1.051s] -- Up-to-date: /home/zerda/ros2_ws/install/yolov8_msgs/local/lib/python3.10/dist-packages/yolov8_msgs/msg/_yolov8_inference.py
[1.051s] -- Up-to-date: /home/zerda/ros2_ws/install/yolov8_msgs/local/lib/python3.10/dist-packages/yolov8_msgs/msg/_inference_result.py
[1.051s] -- Up-to-date: /home/zerda/ros2_ws/install/yolov8_msgs/local/lib/python3.10/dist-packages/yolov8_msgs/msg/_yolov8_inference_s.c
[1.051s] -- Up-to-date: /home/zerda/ros2_ws/install/yolov8_msgs/local/lib/python3.10/dist-packages/yolov8_msgs/msg/_inference_result_s.c
[1.115s] Listing '/home/zerda/ros2_ws/install/yolov8_msgs/local/lib/python3.10/dist-packages/yolov8_msgs'...
[1.115s] Listing '/home/zerda/ros2_ws/install/yolov8_msgs/local/lib/python3.10/dist-packages/yolov8_msgs/msg'...
[1.124s] -- Up-to-date: /home/zerda/ros2_ws/install/yolov8_msgs/local/lib/python3.10/dist-packages/yolov8_msgs/yolov8_msgs_s__rosidl_typesupport_fastrtps_c.cpython-310-x86_64-linux-gnu.so
[1.124s] -- Up-to-date: /home/zerda/ros2_ws/install/yolov8_msgs/local/lib/python3.10/dist-packages/yolov8_msgs/yolov8_msgs_s__rosidl_typesupport_introspection_c.cpython-310-x86_64-linux-gnu.so
[1.125s] -- Up-to-date: /home/zerda/ros2_ws/install/yolov8_msgs/local/lib/python3.10/dist-packages/yolov8_msgs/yolov8_msgs_s__rosidl_typesupport_c.cpython-310-x86_64-linux-gnu.so
[1.125s] -- Up-to-date: /home/zerda/ros2_ws/install/yolov8_msgs/lib/libyolov8_msgs__rosidl_generator_py.so
[1.126s] -- Up-to-date: /home/zerda/ros2_ws/install/yolov8_msgs/share/yolov8_msgs/msg/InferenceResult.idl
[1.126s] -- Up-to-date: /home/zerda/ros2_ws/install/yolov8_msgs/share/yolov8_msgs/msg/Yolov8Inference.idl
[1.126s] -- Up-to-date: /home/zerda/ros2_ws/install/yolov8_msgs/share/yolov8_msgs/msg/InferenceResult.msg
[1.126s] -- Up-to-date: /home/zerda/ros2_ws/install/yolov8_msgs/share/yolov8_msgs/msg/Yolov8Inference.msg
[1.127s] -- Up-to-date: /home/zerda/ros2_ws/install/yolov8_msgs/share/ament_index/resource_index/package_run_dependencies/yolov8_msgs
[1.127s] -- Up-to-date: /home/zerda/ros2_ws/install/yolov8_msgs/share/ament_index/resource_index/parent_prefix_path/yolov8_msgs
[1.127s] -- Up-to-date: /home/zerda/ros2_ws/install/yolov8_msgs/share/yolov8_msgs/environment/ament_prefix_path.sh
[1.127s] -- Up-to-date: /home/zerda/ros2_ws/install/yolov8_msgs/share/yolov8_msgs/environment/ament_prefix_path.dsv
[1.128s] -- Up-to-date: /home/zerda/ros2_ws/install/yolov8_msgs/share/yolov8_msgs/environment/path.sh
[1.128s] -- Up-to-date: /home/zerda/ros2_ws/install/yolov8_msgs/share/yolov8_msgs/environment/path.dsv
[1.128s] -- Up-to-date: /home/zerda/ros2_ws/install/yolov8_msgs/share/yolov8_msgs/local_setup.bash
[1.128s] -- Up-to-date: /home/zerda/ros2_ws/install/yolov8_msgs/share/yolov8_msgs/local_setup.sh
[1.128s] -- Up-to-date: /home/zerda/ros2_ws/install/yolov8_msgs/share/yolov8_msgs/local_setup.zsh
[1.128s] -- Up-to-date: /home/zerda/ros2_ws/install/yolov8_msgs/share/yolov8_msgs/local_setup.dsv
[1.128s] -- Installing: /home/zerda/ros2_ws/install/yolov8_msgs/share/yolov8_msgs/package.dsv
[1.129s] -- Up-to-date: /home/zerda/ros2_ws/install/yolov8_msgs/share/ament_index/resource_index/packages/yolov8_msgs
[1.129s] -- Up-to-date: /home/zerda/ros2_ws/install/yolov8_msgs/share/yolov8_msgs/cmake/export_yolov8_msgs__rosidl_generator_cExport.cmake
[1.129s] -- Up-to-date: /home/zerda/ros2_ws/install/yolov8_msgs/share/yolov8_msgs/cmake/export_yolov8_msgs__rosidl_generator_cExport-noconfig.cmake
[1.129s] -- Up-to-date: /home/zerda/ros2_ws/install/yolov8_msgs/share/yolov8_msgs/cmake/export_yolov8_msgs__rosidl_typesupport_fastrtps_cExport.cmake
[1.129s] -- Up-to-date: /home/zerda/ros2_ws/install/yolov8_msgs/share/yolov8_msgs/cmake/export_yolov8_msgs__rosidl_typesupport_fastrtps_cExport-noconfig.cmake
[1.129s] -- Up-to-date: /home/zerda/ros2_ws/install/yolov8_msgs/share/yolov8_msgs/cmake/export_yolov8_msgs__rosidl_generator_cppExport.cmake
[1.129s] -- Up-to-date: /home/zerda/ros2_ws/install/yolov8_msgs/share/yolov8_msgs/cmake/export_yolov8_msgs__rosidl_typesupport_fastrtps_cppExport.cmake
[1.129s] -- Up-to-date: /home/zerda/ros2_ws/install/yolov8_msgs/share/yolov8_msgs/cmake/export_yolov8_msgs__rosidl_typesupport_fastrtps_cppExport-noconfig.cmake
[1.130s] -- Up-to-date: /home/zerda/ros2_ws/install/yolov8_msgs/share/yolov8_msgs/cmake/yolov8_msgs__rosidl_typesupport_introspection_cExport.cmake
[1.130s] -- Up-to-date: /home/zerda/ros2_ws/install/yolov8_msgs/share/yolov8_msgs/cmake/yolov8_msgs__rosidl_typesupport_introspection_cExport-noconfig.cmake
[1.130s] -- Up-to-date: /home/zerda/ros2_ws/install/yolov8_msgs/share/yolov8_msgs/cmake/yolov8_msgs__rosidl_typesupport_cExport.cmake
[1.130s] -- Up-to-date: /home/zerda/ros2_ws/install/yolov8_msgs/share/yolov8_msgs/cmake/yolov8_msgs__rosidl_typesupport_cExport-noconfig.cmake
[1.130s] -- Up-to-date: /home/zerda/ros2_ws/install/yolov8_msgs/share/yolov8_msgs/cmake/yolov8_msgs__rosidl_typesupport_introspection_cppExport.cmake
[1.130s] -- Up-to-date: /home/zerda/ros2_ws/install/yolov8_msgs/share/yolov8_msgs/cmake/yolov8_msgs__rosidl_typesupport_introspection_cppExport-noconfig.cmake
[1.130s] -- Up-to-date: /home/zerda/ros2_ws/install/yolov8_msgs/share/yolov8_msgs/cmake/yolov8_msgs__rosidl_typesupport_cppExport.cmake
[1.131s] -- Up-to-date: /home/zerda/ros2_ws/install/yolov8_msgs/share/yolov8_msgs/cmake/yolov8_msgs__rosidl_typesupport_cppExport-noconfig.cmake
[1.131s] -- Up-to-date: /home/zerda/ros2_ws/install/yolov8_msgs/share/yolov8_msgs/cmake/export_yolov8_msgs__rosidl_generator_pyExport.cmake
[1.131s] -- Up-to-date: /home/zerda/ros2_ws/install/yolov8_msgs/share/yolov8_msgs/cmake/export_yolov8_msgs__rosidl_generator_pyExport-noconfig.cmake
[1.131s] -- Up-to-date: /home/zerda/ros2_ws/install/yolov8_msgs/share/yolov8_msgs/cmake/rosidl_cmake-extras.cmake
[1.131s] -- Up-to-date: /home/zerda/ros2_ws/install/yolov8_msgs/share/yolov8_msgs/cmake/ament_cmake_export_dependencies-extras.cmake
[1.131s] -- Up-to-date: /home/zerda/ros2_ws/install/yolov8_msgs/share/yolov8_msgs/cmake/ament_cmake_export_include_directories-extras.cmake
[1.131s] -- Up-to-date: /home/zerda/ros2_ws/install/yolov8_msgs/share/yolov8_msgs/cmake/ament_cmake_export_libraries-extras.cmake
[1.131s] -- Up-to-date: /home/zerda/ros2_ws/install/yolov8_msgs/share/yolov8_msgs/cmake/ament_cmake_export_targets-extras.cmake
[1.132s] -- Up-to-date: /home/zerda/ros2_ws/install/yolov8_msgs/share/yolov8_msgs/cmake/rosidl_cmake_export_typesupport_targets-extras.cmake
[1.132s] -- Up-to-date: /home/zerda/ros2_ws/install/yolov8_msgs/share/yolov8_msgs/cmake/rosidl_cmake_export_typesupport_libraries-extras.cmake
[1.132s] -- Up-to-date: /home/zerda/ros2_ws/install/yolov8_msgs/share/yolov8_msgs/cmake/yolov8_msgsConfig.cmake
[1.132s] -- Up-to-date: /home/zerda/ros2_ws/install/yolov8_msgs/share/yolov8_msgs/cmake/yolov8_msgsConfig-version.cmake
[1.132s] -- Up-to-date: /home/zerda/ros2_ws/install/yolov8_msgs/share/yolov8_msgs/package.xml
[1.135s] Invoked command in '/home/zerda/ros2_ws/build/yolov8_msgs' returned '0': CMAKE_PREFIX_PATH=${CMAKE_PREFIX_PATH}:/home/zerda/ros2_ws/install/object_detection:/home/zerda/ros2_ws/install/my_py_pkg:/home/zerda/ros2_ws/install/my_object_detection_pkg:/home/zerda/ros2_ws/install/challenge1:/home/zerda/ros2_ws/install/car_detection:/opt/ros/humble /usr/bin/cmake --install /home/zerda/ros2_ws/build/yolov8_msgs
