[1.821s] Invoking command in '/home/zerda/ros2_ws/src/car_detector': PYTHONPATH=/home/zerda/ros2_ws/build/car_detector/prefix_override:/home/zerda/ros2_ws/install/car_detector/lib/python3.10/site-packages:${PYTHONPATH} /usr/bin/python3 -W ignore:setup.py install is deprecated setup.py egg_info --egg-base ../../build/car_detector build --build-base /home/zerda/ros2_ws/build/car_detector/build install --record /home/zerda/ros2_ws/build/car_detector/install.log --single-version-externally-managed install_data
[2.385s] running egg_info
[2.421s] writing ../../build/car_detector/car_detector.egg-info/PKG-INFO
[2.422s] writing dependency_links to ../../build/car_detector/car_detector.egg-info/dependency_links.txt
[2.422s] writing entry points to ../../build/car_detector/car_detector.egg-info/entry_points.txt
[2.423s] writing requirements to ../../build/car_detector/car_detector.egg-info/requires.txt
[2.423s] writing top-level names to ../../build/car_detector/car_detector.egg-info/top_level.txt
[2.500s] reading manifest file '../../build/car_detector/car_detector.egg-info/SOURCES.txt'
[2.502s] writing manifest file '../../build/car_detector/car_detector.egg-info/SOURCES.txt'
[2.502s] running build
[2.503s] running build_py
[2.503s] copying car_detector/__init__.py -> /home/zerda/ros2_ws/build/car_detector/build/lib/car_detector
[2.503s] copying car_detector/camera_pub.py -> /home/zerda/ros2_ws/build/car_detector/build/lib/car_detector
[2.503s] copying car_detector/car_detection.py -> /home/zerda/ros2_ws/build/car_detector/build/lib/car_detector
[2.504s] running install
[2.516s] running install_lib
[2.555s] running install_data
[2.555s] copying resource/car_detector -> /home/zerda/ros2_ws/install/car_detector/share/ament_index/resource_index/packages
[2.556s] copying package.xml -> /home/zerda/ros2_ws/install/car_detector/share/car_detector
[2.556s] copying launch/car_detect.py -> /home/zerda/ros2_ws/install/car_detector/share/car_detector
[2.557s] copying data/best.pt -> /home/zerda/ros2_ws/install/car_detector/share/car_detector
[2.720s] running install_egg_info
[2.760s] removing '/home/zerda/ros2_ws/install/car_detector/lib/python3.10/site-packages/car_detector-0.0.0-py3.10.egg-info' (and everything under it)
[2.761s] Copying ../../build/car_detector/car_detector.egg-info to /home/zerda/ros2_ws/install/car_detector/lib/python3.10/site-packages/car_detector-0.0.0-py3.10.egg-info
[2.762s] running install_scripts
[3.149s] Installing camera_publisher script to /home/zerda/ros2_ws/install/car_detector/lib/car_detector
[3.149s] Installing car_detect_subscriber script to /home/zerda/ros2_ws/install/car_detector/lib/car_detector
[3.150s] writing list of installed files to '/home/zerda/ros2_ws/build/car_detector/install.log'
[3.200s] Invoked command in '/home/zerda/ros2_ws/src/car_detector' returned '0': PYTHONPATH=/home/zerda/ros2_ws/build/car_detector/prefix_override:/home/zerda/ros2_ws/install/car_detector/lib/python3.10/site-packages:${PYTHONPATH} /usr/bin/python3 -W ignore:setup.py install is deprecated setup.py egg_info --egg-base ../../build/car_detector build --build-base /home/zerda/ros2_ws/build/car_detector/build install --record /home/zerda/ros2_ws/build/car_detector/install.log --single-version-externally-managed install_data
