[0.291s] DEBUG:colcon:Command line arguments: ['/usr/bin/colcon', 'build']
[0.291s] DEBUG:colcon:Parsed command line arguments: Namespace(log_base=None, log_level=None, verb_name='build', build_base='build', install_base='install', merge_install=False, symlink_install=False, test_result_base=None, continue_on_error=False, executor='parallel', parallel_workers=8, event_handlers=None, ignore_user_meta=False, metas=['./colcon.meta'], base_paths=['.'], packages_ignore=None, packages_ignore_regex=None, paths=None, packages_up_to=None, packages_up_to_regex=None, packages_above=None, packages_above_and_dependencies=None, packages_above_depth=None, packages_select_by_dep=None, packages_skip_by_dep=None, packages_skip_up_to=None, packages_select_build_failed=False, packages_skip_build_finished=False, packages_select_test_failures=False, packages_skip_test_passed=False, packages_select=None, packages_skip=None, packages_select_regex=None, packages_skip_regex=None, packages_start=None, packages_end=None, allow_overriding=[], cmake_args=None, cmake_target=None, cmake_target_skip_unavailable=False, cmake_clean_cache=False, cmake_clean_first=False, cmake_force_configure=False, ament_cmake_args=None, catkin_cmake_args=None, catkin_skip_building_tests=False, verb_parser=<colcon_defaults.argument_parser.defaults.DefaultArgumentsDecorator object at 0x78223d5a6200>, verb_extension=<colcon_core.verb.build.BuildVerb object at 0x78223d5a5870>, main=<bound method BuildVerb.main of <colcon_core.verb.build.BuildVerb object at 0x78223d5a5870>>)
[0.376s] Level 1:colcon.colcon_core.package_discovery:discover_packages(colcon_meta) check parameters
[0.377s] Level 1:colcon.colcon_core.package_discovery:discover_packages(recursive) check parameters
[0.377s] Level 1:colcon.colcon_core.package_discovery:discover_packages(ignore) check parameters
[0.377s] Level 1:colcon.colcon_core.package_discovery:discover_packages(path) check parameters
[0.377s] Level 1:colcon.colcon_core.package_discovery:discover_packages(colcon_meta) discover
[0.377s] Level 1:colcon.colcon_core.package_discovery:discover_packages(recursive) discover
[0.377s] INFO:colcon.colcon_core.package_discovery:Crawling recursively for packages in '/home/zerda/ros2_ws'
[0.377s] Level 1:colcon.colcon_core.package_identification:_identify(.) by extensions ['ignore', 'ignore_ament_install']
[0.378s] Level 1:colcon.colcon_core.package_identification:_identify(.) by extension 'ignore'
[0.378s] Level 1:colcon.colcon_core.package_identification:_identify(.) by extension 'ignore_ament_install'
[0.378s] Level 1:colcon.colcon_core.package_identification:_identify(.) by extensions ['colcon_pkg']
[0.378s] Level 1:colcon.colcon_core.package_identification:_identify(.) by extension 'colcon_pkg'
[0.378s] Level 1:colcon.colcon_core.package_identification:_identify(.) by extensions ['colcon_meta']
[0.378s] Level 1:colcon.colcon_core.package_identification:_identify(.) by extension 'colcon_meta'
[0.378s] Level 1:colcon.colcon_core.package_identification:_identify(.) by extensions ['ros']
[0.378s] Level 1:colcon.colcon_core.package_identification:_identify(.) by extension 'ros'
[0.415s] Level 1:colcon.colcon_core.package_identification:_identify(.) by extensions ['cmake', 'python']
[0.415s] Level 1:colcon.colcon_core.package_identification:_identify(.) by extension 'cmake'
[0.415s] Level 1:colcon.colcon_core.package_identification:_identify(.) by extension 'python'
[0.415s] Level 1:colcon.colcon_core.package_identification:_identify(.) by extensions ['python_setup_py']
[0.415s] Level 1:colcon.colcon_core.package_identification:_identify(.) by extension 'python_setup_py'
[0.416s] Level 1:colcon.colcon_core.package_identification:_identify(build) by extensions ['ignore', 'ignore_ament_install']
[0.416s] Level 1:colcon.colcon_core.package_identification:_identify(build) by extension 'ignore'
[0.416s] Level 1:colcon.colcon_core.package_identification:_identify(build) ignored
[0.416s] Level 1:colcon.colcon_core.package_identification:_identify(install) by extensions ['ignore', 'ignore_ament_install']
[0.416s] Level 1:colcon.colcon_core.package_identification:_identify(install) by extension 'ignore'
[0.416s] Level 1:colcon.colcon_core.package_identification:_identify(install) ignored
[0.417s] Level 1:colcon.colcon_core.package_identification:_identify(log) by extensions ['ignore', 'ignore_ament_install']
[0.417s] Level 1:colcon.colcon_core.package_identification:_identify(log) by extension 'ignore'
[0.417s] Level 1:colcon.colcon_core.package_identification:_identify(log) ignored
[0.417s] Level 1:colcon.colcon_core.package_identification:_identify(src) by extensions ['ignore', 'ignore_ament_install']
[0.417s] Level 1:colcon.colcon_core.package_identification:_identify(src) by extension 'ignore'
[0.418s] Level 1:colcon.colcon_core.package_identification:_identify(src) by extension 'ignore_ament_install'
[0.418s] Level 1:colcon.colcon_core.package_identification:_identify(src) by extensions ['colcon_pkg']
[0.418s] Level 1:colcon.colcon_core.package_identification:_identify(src) by extension 'colcon_pkg'
[0.418s] Level 1:colcon.colcon_core.package_identification:_identify(src) by extensions ['colcon_meta']
[0.418s] Level 1:colcon.colcon_core.package_identification:_identify(src) by extension 'colcon_meta'
[0.418s] Level 1:colcon.colcon_core.package_identification:_identify(src) by extensions ['ros']
[0.418s] Level 1:colcon.colcon_core.package_identification:_identify(src) by extension 'ros'
[0.418s] Level 1:colcon.colcon_core.package_identification:_identify(src) by extensions ['cmake', 'python']
[0.418s] Level 1:colcon.colcon_core.package_identification:_identify(src) by extension 'cmake'
[0.418s] Level 1:colcon.colcon_core.package_identification:_identify(src) by extension 'python'
[0.418s] Level 1:colcon.colcon_core.package_identification:_identify(src) by extensions ['python_setup_py']
[0.419s] Level 1:colcon.colcon_core.package_identification:_identify(src) by extension 'python_setup_py'
[0.419s] Level 1:colcon.colcon_core.package_identification:_identify(src/yolov8_bringup) by extensions ['ignore', 'ignore_ament_install']
[0.419s] Level 1:colcon.colcon_core.package_identification:_identify(src/yolov8_bringup) by extension 'ignore'
[0.419s] Level 1:colcon.colcon_core.package_identification:_identify(src/yolov8_bringup) by extension 'ignore_ament_install'
[0.419s] Level 1:colcon.colcon_core.package_identification:_identify(src/yolov8_bringup) by extensions ['colcon_pkg']
[0.419s] Level 1:colcon.colcon_core.package_identification:_identify(src/yolov8_bringup) by extension 'colcon_pkg'
[0.419s] Level 1:colcon.colcon_core.package_identification:_identify(src/yolov8_bringup) by extensions ['colcon_meta']
[0.420s] Level 1:colcon.colcon_core.package_identification:_identify(src/yolov8_bringup) by extension 'colcon_meta'
[0.420s] Level 1:colcon.colcon_core.package_identification:_identify(src/yolov8_bringup) by extensions ['ros']
[0.420s] Level 1:colcon.colcon_core.package_identification:_identify(src/yolov8_bringup) by extension 'ros'
[0.426s] DEBUG:colcon.colcon_core.package_identification:Package 'src/yolov8_bringup' with type 'ros.ament_cmake' and name 'yolov8_bringup'
[0.426s] Level 1:colcon.colcon_core.package_identification:_identify(src/yolov8_msgs) by extensions ['ignore', 'ignore_ament_install']
[0.426s] Level 1:colcon.colcon_core.package_identification:_identify(src/yolov8_msgs) by extension 'ignore'
[0.426s] Level 1:colcon.colcon_core.package_identification:_identify(src/yolov8_msgs) by extension 'ignore_ament_install'
[0.426s] Level 1:colcon.colcon_core.package_identification:_identify(src/yolov8_msgs) by extensions ['colcon_pkg']
[0.426s] Level 1:colcon.colcon_core.package_identification:_identify(src/yolov8_msgs) by extension 'colcon_pkg'
[0.427s] Level 1:colcon.colcon_core.package_identification:_identify(src/yolov8_msgs) by extensions ['colcon_meta']
[0.427s] Level 1:colcon.colcon_core.package_identification:_identify(src/yolov8_msgs) by extension 'colcon_meta'
[0.427s] Level 1:colcon.colcon_core.package_identification:_identify(src/yolov8_msgs) by extensions ['ros']
[0.427s] Level 1:colcon.colcon_core.package_identification:_identify(src/yolov8_msgs) by extension 'ros'
[0.428s] DEBUG:colcon.colcon_core.package_identification:Package 'src/yolov8_msgs' with type 'ros.ament_cmake' and name 'yolov8_msgs'
[0.428s] Level 1:colcon.colcon_core.package_identification:_identify(src/yolov8_ros) by extensions ['ignore', 'ignore_ament_install']
[0.429s] Level 1:colcon.colcon_core.package_identification:_identify(src/yolov8_ros) by extension 'ignore'
[0.429s] Level 1:colcon.colcon_core.package_identification:_identify(src/yolov8_ros) by extension 'ignore_ament_install'
[0.429s] Level 1:colcon.colcon_core.package_identification:_identify(src/yolov8_ros) by extensions ['colcon_pkg']
[0.429s] Level 1:colcon.colcon_core.package_identification:_identify(src/yolov8_ros) by extension 'colcon_pkg'
[0.429s] Level 1:colcon.colcon_core.package_identification:_identify(src/yolov8_ros) by extensions ['colcon_meta']
[0.429s] Level 1:colcon.colcon_core.package_identification:_identify(src/yolov8_ros) by extension 'colcon_meta'
[0.429s] Level 1:colcon.colcon_core.package_identification:_identify(src/yolov8_ros) by extensions ['ros']
[0.429s] Level 1:colcon.colcon_core.package_identification:_identify(src/yolov8_ros) by extension 'ros'
[0.431s] DEBUG:colcon.colcon_core.package_identification:Package 'src/yolov8_ros' with type 'ros.ament_python' and name 'yolov8_ros'
[0.431s] Level 1:colcon.colcon_core.package_discovery:discover_packages(recursive) using defaults
[0.431s] Level 1:colcon.colcon_core.package_discovery:discover_packages(ignore) discover
[0.431s] Level 1:colcon.colcon_core.package_discovery:discover_packages(ignore) using defaults
[0.431s] Level 1:colcon.colcon_core.package_discovery:discover_packages(path) discover
[0.431s] Level 1:colcon.colcon_core.package_discovery:discover_packages(path) using defaults
[0.480s] Level 1:colcon.colcon_core.package_discovery:discover_packages(prefix_path) check parameters
[0.480s] Level 1:colcon.colcon_core.package_discovery:discover_packages(prefix_path) discover
[0.487s] DEBUG:colcon.colcon_installed_package_information.package_discovery:Found 14 installed packages in /home/zerda/ros2_ws/install
[0.490s] DEBUG:colcon.colcon_installed_package_information.package_discovery:Found 269 installed packages in /opt/ros/humble
[0.494s] Level 1:colcon.colcon_core.package_discovery:discover_packages(prefix_path) using defaults
[0.573s] Level 5:colcon.colcon_core.verb:set package 'yolov8_msgs' build argument 'cmake_args' from command line to 'None'
[0.574s] Level 5:colcon.colcon_core.verb:set package 'yolov8_msgs' build argument 'cmake_target' from command line to 'None'
[0.574s] Level 5:colcon.colcon_core.verb:set package 'yolov8_msgs' build argument 'cmake_target_skip_unavailable' from command line to 'False'
[0.574s] Level 5:colcon.colcon_core.verb:set package 'yolov8_msgs' build argument 'cmake_clean_cache' from command line to 'False'
[0.574s] Level 5:colcon.colcon_core.verb:set package 'yolov8_msgs' build argument 'cmake_clean_first' from command line to 'False'
[0.574s] Level 5:colcon.colcon_core.verb:set package 'yolov8_msgs' build argument 'cmake_force_configure' from command line to 'False'
[0.574s] Level 5:colcon.colcon_core.verb:set package 'yolov8_msgs' build argument 'ament_cmake_args' from command line to 'None'
[0.574s] Level 5:colcon.colcon_core.verb:set package 'yolov8_msgs' build argument 'catkin_cmake_args' from command line to 'None'
[0.574s] Level 5:colcon.colcon_core.verb:set package 'yolov8_msgs' build argument 'catkin_skip_building_tests' from command line to 'False'
[0.574s] DEBUG:colcon.colcon_core.verb:Building package 'yolov8_msgs' with the following arguments: {'ament_cmake_args': None, 'build_base': '/home/zerda/ros2_ws/build/yolov8_msgs', 'catkin_cmake_args': None, 'catkin_skip_building_tests': False, 'cmake_args': None, 'cmake_clean_cache': False, 'cmake_clean_first': False, 'cmake_force_configure': False, 'cmake_target': None, 'cmake_target_skip_unavailable': False, 'install_base': '/home/zerda/ros2_ws/install/yolov8_msgs', 'merge_install': False, 'path': '/home/zerda/ros2_ws/src/yolov8_msgs', 'symlink_install': False, 'test_result_base': None}
[0.575s] Level 5:colcon.colcon_core.verb:set package 'yolov8_ros' build argument 'cmake_args' from command line to 'None'
[0.575s] Level 5:colcon.colcon_core.verb:set package 'yolov8_ros' build argument 'cmake_target' from command line to 'None'
[0.575s] Level 5:colcon.colcon_core.verb:set package 'yolov8_ros' build argument 'cmake_target_skip_unavailable' from command line to 'False'
[0.575s] Level 5:colcon.colcon_core.verb:set package 'yolov8_ros' build argument 'cmake_clean_cache' from command line to 'False'
[0.575s] Level 5:colcon.colcon_core.verb:set package 'yolov8_ros' build argument 'cmake_clean_first' from command line to 'False'
[0.575s] Level 5:colcon.colcon_core.verb:set package 'yolov8_ros' build argument 'cmake_force_configure' from command line to 'False'
[0.575s] Level 5:colcon.colcon_core.verb:set package 'yolov8_ros' build argument 'ament_cmake_args' from command line to 'None'
[0.575s] Level 5:colcon.colcon_core.verb:set package 'yolov8_ros' build argument 'catkin_cmake_args' from command line to 'None'
[0.575s] Level 5:colcon.colcon_core.verb:set package 'yolov8_ros' build argument 'catkin_skip_building_tests' from command line to 'False'
[0.575s] DEBUG:colcon.colcon_core.verb:Building package 'yolov8_ros' with the following arguments: {'ament_cmake_args': None, 'build_base': '/home/zerda/ros2_ws/build/yolov8_ros', 'catkin_cmake_args': None, 'catkin_skip_building_tests': False, 'cmake_args': None, 'cmake_clean_cache': False, 'cmake_clean_first': False, 'cmake_force_configure': False, 'cmake_target': None, 'cmake_target_skip_unavailable': False, 'install_base': '/home/zerda/ros2_ws/install/yolov8_ros', 'merge_install': False, 'path': '/home/zerda/ros2_ws/src/yolov8_ros', 'symlink_install': False, 'test_result_base': None}
[0.576s] Level 5:colcon.colcon_core.verb:set package 'yolov8_bringup' build argument 'cmake_args' from command line to 'None'
[0.576s] Level 5:colcon.colcon_core.verb:set package 'yolov8_bringup' build argument 'cmake_target' from command line to 'None'
[0.576s] Level 5:colcon.colcon_core.verb:set package 'yolov8_bringup' build argument 'cmake_target_skip_unavailable' from command line to 'False'
[0.576s] Level 5:colcon.colcon_core.verb:set package 'yolov8_bringup' build argument 'cmake_clean_cache' from command line to 'False'
[0.576s] Level 5:colcon.colcon_core.verb:set package 'yolov8_bringup' build argument 'cmake_clean_first' from command line to 'False'
[0.576s] Level 5:colcon.colcon_core.verb:set package 'yolov8_bringup' build argument 'cmake_force_configure' from command line to 'False'
[0.576s] Level 5:colcon.colcon_core.verb:set package 'yolov8_bringup' build argument 'ament_cmake_args' from command line to 'None'
[0.576s] Level 5:colcon.colcon_core.verb:set package 'yolov8_bringup' build argument 'catkin_cmake_args' from command line to 'None'
[0.576s] Level 5:colcon.colcon_core.verb:set package 'yolov8_bringup' build argument 'catkin_skip_building_tests' from command line to 'False'
[0.576s] DEBUG:colcon.colcon_core.verb:Building package 'yolov8_bringup' with the following arguments: {'ament_cmake_args': None, 'build_base': '/home/zerda/ros2_ws/build/yolov8_bringup', 'catkin_cmake_args': None, 'catkin_skip_building_tests': False, 'cmake_args': None, 'cmake_clean_cache': False, 'cmake_clean_first': False, 'cmake_force_configure': False, 'cmake_target': None, 'cmake_target_skip_unavailable': False, 'install_base': '/home/zerda/ros2_ws/install/yolov8_bringup', 'merge_install': False, 'path': '/home/zerda/ros2_ws/src/yolov8_bringup', 'symlink_install': False, 'test_result_base': None}
[0.577s] INFO:colcon.colcon_core.executor:Executing jobs using 'parallel' executor
[0.579s] DEBUG:colcon.colcon_parallel_executor.executor.parallel:run_until_complete
[0.579s] INFO:colcon.colcon_ros.task.ament_python.build:Building ROS package in '/home/zerda/ros2_ws/src/yolov8_ros' with build type 'ament_python'
[0.579s] Level 1:colcon.colcon_core.shell:create_environment_hook('yolov8_ros', 'ament_prefix_path')
[0.585s] INFO:colcon.colcon_core.plugin_system:Skipping extension 'colcon_core.shell.bat': Not used on non-Windows systems
[0.586s] INFO:colcon.colcon_core.shell:Creating environment hook '/home/zerda/ros2_ws/install/yolov8_ros/share/yolov8_ros/hook/ament_prefix_path.ps1'
[0.587s] INFO:colcon.colcon_core.shell:Creating environment descriptor '/home/zerda/ros2_ws/install/yolov8_ros/share/yolov8_ros/hook/ament_prefix_path.dsv'
[0.588s] INFO:colcon.colcon_core.shell:Creating environment hook '/home/zerda/ros2_ws/install/yolov8_ros/share/yolov8_ros/hook/ament_prefix_path.sh'
[0.590s] INFO:colcon.colcon_core.shell:Skip shell extension 'powershell' for command environment: Not usable outside of PowerShell
[0.590s] DEBUG:colcon.colcon_core.shell:Skip shell extension 'dsv' for command environment
[0.598s] INFO:colcon.colcon_ros.task.ament_cmake.build:Building ROS package in '/home/zerda/ros2_ws/src/yolov8_msgs' with build type 'ament_cmake'
[0.598s] INFO:colcon.colcon_cmake.task.cmake.build:Building CMake package in '/home/zerda/ros2_ws/src/yolov8_msgs'
[0.599s] INFO:colcon.colcon_core.shell:Skip shell extension 'powershell' for command environment: Not usable outside of PowerShell
[0.599s] DEBUG:colcon.colcon_core.shell:Skip shell extension 'dsv' for command environment
[1.071s] INFO:colcon.colcon_core.task.python.build:Building Python package in '/home/zerda/ros2_ws/src/yolov8_ros'
[1.072s] INFO:colcon.colcon_core.shell:Skip shell extension 'powershell' for command environment: Not usable outside of PowerShell
[1.072s] DEBUG:colcon.colcon_core.shell:Skip shell extension 'dsv' for command environment
[1.093s] DEBUG:colcon.colcon_core.event_handler.log_command:Invoking command in '/home/zerda/ros2_ws/build/yolov8_msgs': CMAKE_PREFIX_PATH=${CMAKE_PREFIX_PATH}:/home/zerda/ros2_ws/install/yolov8_ros:/home/zerda/ros2_ws/install/yolov8_detection:/home/zerda/ros2_ws/install/object_detection:/home/zerda/ros2_ws/install/my_py_pkg:/home/zerda/ros2_ws/install/my_object_detection_pkg:/home/zerda/ros2_ws/install/challenge1:/home/zerda/ros2_ws/install/car_detection:/opt/ros/humble /usr/bin/cmake --build /home/zerda/ros2_ws/build/yolov8_msgs -- -j8 -l8
[2.017s] DEBUG:colcon.colcon_core.event_handler.log_command:Invoked command in '/home/zerda/ros2_ws/build/yolov8_msgs' returned '0': CMAKE_PREFIX_PATH=${CMAKE_PREFIX_PATH}:/home/zerda/ros2_ws/install/yolov8_ros:/home/zerda/ros2_ws/install/yolov8_detection:/home/zerda/ros2_ws/install/object_detection:/home/zerda/ros2_ws/install/my_py_pkg:/home/zerda/ros2_ws/install/my_object_detection_pkg:/home/zerda/ros2_ws/install/challenge1:/home/zerda/ros2_ws/install/car_detection:/opt/ros/humble /usr/bin/cmake --build /home/zerda/ros2_ws/build/yolov8_msgs -- -j8 -l8
[2.593s] DEBUG:colcon.colcon_core.event_handler.log_command:Invoking command in '/home/zerda/ros2_ws/build/yolov8_msgs': CMAKE_PREFIX_PATH=${CMAKE_PREFIX_PATH}:/home/zerda/ros2_ws/install/yolov8_ros:/home/zerda/ros2_ws/install/yolov8_detection:/home/zerda/ros2_ws/install/object_detection:/home/zerda/ros2_ws/install/my_py_pkg:/home/zerda/ros2_ws/install/my_object_detection_pkg:/home/zerda/ros2_ws/install/challenge1:/home/zerda/ros2_ws/install/car_detection:/opt/ros/humble /usr/bin/cmake --install /home/zerda/ros2_ws/build/yolov8_msgs
[2.659s] DEBUG:colcon.colcon_core.event_handler.log_command:Invoking command in '/home/zerda/ros2_ws/src/yolov8_ros': PYTHONPATH=/home/zerda/ros2_ws/build/yolov8_ros/prefix_override:/home/zerda/ros2_ws/install/yolov8_ros/lib/python3.10/site-packages:${PYTHONPATH} /usr/bin/python3 -W ignore:setup.py install is deprecated setup.py egg_info --egg-base ../../build/yolov8_ros build --build-base /home/zerda/ros2_ws/build/yolov8_ros/build install --record /home/zerda/ros2_ws/build/yolov8_ros/install.log --single-version-externally-managed install_data
[2.740s] Level 1:colcon.colcon_core.environment:create_environment_scripts_only(yolov8_msgs)
[2.741s] DEBUG:colcon.colcon_core.event_handler.log_command:Invoked command in '/home/zerda/ros2_ws/build/yolov8_msgs' returned '0': CMAKE_PREFIX_PATH=${CMAKE_PREFIX_PATH}:/home/zerda/ros2_ws/install/yolov8_ros:/home/zerda/ros2_ws/install/yolov8_detection:/home/zerda/ros2_ws/install/object_detection:/home/zerda/ros2_ws/install/my_py_pkg:/home/zerda/ros2_ws/install/my_object_detection_pkg:/home/zerda/ros2_ws/install/challenge1:/home/zerda/ros2_ws/install/car_detection:/opt/ros/humble /usr/bin/cmake --install /home/zerda/ros2_ws/build/yolov8_msgs
[2.748s] Level 1:colcon.colcon_core.environment:checking '/home/zerda/ros2_ws/install/yolov8_msgs' for CMake module files
[2.749s] Level 1:colcon.colcon_core.environment:checking '/home/zerda/ros2_ws/install/yolov8_msgs' for CMake config files
[2.750s] Level 1:colcon.colcon_core.shell:create_environment_hook('yolov8_msgs', 'cmake_prefix_path')
[2.751s] INFO:colcon.colcon_core.shell:Creating environment hook '/home/zerda/ros2_ws/install/yolov8_msgs/share/yolov8_msgs/hook/cmake_prefix_path.ps1'
[2.752s] INFO:colcon.colcon_core.shell:Creating environment descriptor '/home/zerda/ros2_ws/install/yolov8_msgs/share/yolov8_msgs/hook/cmake_prefix_path.dsv'
[2.752s] INFO:colcon.colcon_core.shell:Creating environment hook '/home/zerda/ros2_ws/install/yolov8_msgs/share/yolov8_msgs/hook/cmake_prefix_path.sh'
[2.754s] Level 1:colcon.colcon_core.environment:checking '/home/zerda/ros2_ws/install/yolov8_msgs/lib'
[2.754s] Level 1:colcon.colcon_core.shell:create_environment_hook('yolov8_msgs', 'ld_library_path_lib')
[2.755s] INFO:colcon.colcon_core.shell:Creating environment hook '/home/zerda/ros2_ws/install/yolov8_msgs/share/yolov8_msgs/hook/ld_library_path_lib.ps1'
[2.755s] INFO:colcon.colcon_core.shell:Creating environment descriptor '/home/zerda/ros2_ws/install/yolov8_msgs/share/yolov8_msgs/hook/ld_library_path_lib.dsv'
[2.756s] INFO:colcon.colcon_core.shell:Creating environment hook '/home/zerda/ros2_ws/install/yolov8_msgs/share/yolov8_msgs/hook/ld_library_path_lib.sh'
[2.756s] Level 1:colcon.colcon_core.environment:checking '/home/zerda/ros2_ws/install/yolov8_msgs/bin'
[2.756s] Level 1:colcon.colcon_core.environment:checking '/home/zerda/ros2_ws/install/yolov8_msgs/lib/pkgconfig/yolov8_msgs.pc'
[2.757s] Level 1:colcon.colcon_core.environment:checking '/home/zerda/ros2_ws/install/yolov8_msgs/lib/python3.10/site-packages'
[2.757s] Level 1:colcon.colcon_core.environment:checking '/home/zerda/ros2_ws/install/yolov8_msgs/bin'
[2.758s] INFO:colcon.colcon_core.shell:Creating package script '/home/zerda/ros2_ws/install/yolov8_msgs/share/yolov8_msgs/package.ps1'
[2.760s] INFO:colcon.colcon_core.shell:Creating package descriptor '/home/zerda/ros2_ws/install/yolov8_msgs/share/yolov8_msgs/package.dsv'
[2.761s] INFO:colcon.colcon_core.shell:Creating package script '/home/zerda/ros2_ws/install/yolov8_msgs/share/yolov8_msgs/package.sh'
[2.763s] INFO:colcon.colcon_core.shell:Creating package script '/home/zerda/ros2_ws/install/yolov8_msgs/share/yolov8_msgs/package.bash'
[2.765s] INFO:colcon.colcon_core.shell:Creating package script '/home/zerda/ros2_ws/install/yolov8_msgs/share/yolov8_msgs/package.zsh'
[2.766s] Level 1:colcon.colcon_core.environment:create_file_with_runtime_dependencies(/home/zerda/ros2_ws/install/yolov8_msgs/share/colcon-core/packages/yolov8_msgs)
[3.312s] Level 1:colcon.colcon_core.environment:create_environment_scripts_only(yolov8_msgs)
[3.313s] Level 1:colcon.colcon_core.environment:checking '/home/zerda/ros2_ws/install/yolov8_msgs' for CMake module files
[3.315s] Level 1:colcon.colcon_core.environment:checking '/home/zerda/ros2_ws/install/yolov8_msgs' for CMake config files
[3.317s] Level 1:colcon.colcon_core.shell:create_environment_hook('yolov8_msgs', 'cmake_prefix_path')
[3.317s] INFO:colcon.colcon_core.shell:Creating environment hook '/home/zerda/ros2_ws/install/yolov8_msgs/share/yolov8_msgs/hook/cmake_prefix_path.ps1'
[3.319s] INFO:colcon.colcon_core.shell:Creating environment descriptor '/home/zerda/ros2_ws/install/yolov8_msgs/share/yolov8_msgs/hook/cmake_prefix_path.dsv'
[3.319s] INFO:colcon.colcon_core.shell:Creating environment hook '/home/zerda/ros2_ws/install/yolov8_msgs/share/yolov8_msgs/hook/cmake_prefix_path.sh'
[3.321s] Level 1:colcon.colcon_core.environment:checking '/home/zerda/ros2_ws/install/yolov8_msgs/lib'
[3.321s] Level 1:colcon.colcon_core.shell:create_environment_hook('yolov8_msgs', 'ld_library_path_lib')
[3.322s] INFO:colcon.colcon_core.shell:Creating environment hook '/home/zerda/ros2_ws/install/yolov8_msgs/share/yolov8_msgs/hook/ld_library_path_lib.ps1'
[3.323s] INFO:colcon.colcon_core.shell:Creating environment descriptor '/home/zerda/ros2_ws/install/yolov8_msgs/share/yolov8_msgs/hook/ld_library_path_lib.dsv'
[3.324s] INFO:colcon.colcon_core.shell:Creating environment hook '/home/zerda/ros2_ws/install/yolov8_msgs/share/yolov8_msgs/hook/ld_library_path_lib.sh'
[3.325s] Level 1:colcon.colcon_core.environment:checking '/home/zerda/ros2_ws/install/yolov8_msgs/bin'
[3.325s] Level 1:colcon.colcon_core.environment:checking '/home/zerda/ros2_ws/install/yolov8_msgs/lib/pkgconfig/yolov8_msgs.pc'
[3.326s] Level 1:colcon.colcon_core.environment:checking '/home/zerda/ros2_ws/install/yolov8_msgs/lib/python3.10/site-packages'
[3.326s] Level 1:colcon.colcon_core.environment:checking '/home/zerda/ros2_ws/install/yolov8_msgs/bin'
[3.327s] INFO:colcon.colcon_core.shell:Creating package script '/home/zerda/ros2_ws/install/yolov8_msgs/share/yolov8_msgs/package.ps1'
[3.329s] INFO:colcon.colcon_core.shell:Creating package descriptor '/home/zerda/ros2_ws/install/yolov8_msgs/share/yolov8_msgs/package.dsv'
[3.331s] INFO:colcon.colcon_core.shell:Creating package script '/home/zerda/ros2_ws/install/yolov8_msgs/share/yolov8_msgs/package.sh'
[3.332s] INFO:colcon.colcon_core.shell:Creating package script '/home/zerda/ros2_ws/install/yolov8_msgs/share/yolov8_msgs/package.bash'
[3.333s] INFO:colcon.colcon_core.shell:Creating package script '/home/zerda/ros2_ws/install/yolov8_msgs/share/yolov8_msgs/package.zsh'
[3.334s] Level 1:colcon.colcon_core.environment:create_file_with_runtime_dependencies(/home/zerda/ros2_ws/install/yolov8_msgs/share/colcon-core/packages/yolov8_msgs)
[3.835s] Level 1:colcon.colcon_core.environment:checking '/home/zerda/ros2_ws/install/yolov8_ros' for CMake module files
[3.836s] DEBUG:colcon.colcon_core.event_handler.log_command:Invoked command in '/home/zerda/ros2_ws/src/yolov8_ros' returned '0': PYTHONPATH=/home/zerda/ros2_ws/build/yolov8_ros/prefix_override:/home/zerda/ros2_ws/install/yolov8_ros/lib/python3.10/site-packages:${PYTHONPATH} /usr/bin/python3 -W ignore:setup.py install is deprecated setup.py egg_info --egg-base ../../build/yolov8_ros build --build-base /home/zerda/ros2_ws/build/yolov8_ros/build install --record /home/zerda/ros2_ws/build/yolov8_ros/install.log --single-version-externally-managed install_data
[3.837s] Level 1:colcon.colcon_core.environment:checking '/home/zerda/ros2_ws/install/yolov8_ros' for CMake config files
[3.838s] Level 1:colcon.colcon_core.environment:checking '/home/zerda/ros2_ws/install/yolov8_ros/lib'
[3.838s] Level 1:colcon.colcon_core.environment:checking '/home/zerda/ros2_ws/install/yolov8_ros/bin'
[3.839s] Level 1:colcon.colcon_core.environment:checking '/home/zerda/ros2_ws/install/yolov8_ros/lib/pkgconfig/yolov8_ros.pc'
[3.839s] Level 1:colcon.colcon_core.environment:checking '/home/zerda/ros2_ws/install/yolov8_ros/lib/python3.10/site-packages'
[3.839s] Level 1:colcon.colcon_core.shell:create_environment_hook('yolov8_ros', 'pythonpath')
[3.840s] INFO:colcon.colcon_core.shell:Creating environment hook '/home/zerda/ros2_ws/install/yolov8_ros/share/yolov8_ros/hook/pythonpath.ps1'
[3.840s] INFO:colcon.colcon_core.shell:Creating environment descriptor '/home/zerda/ros2_ws/install/yolov8_ros/share/yolov8_ros/hook/pythonpath.dsv'
[3.841s] INFO:colcon.colcon_core.shell:Creating environment hook '/home/zerda/ros2_ws/install/yolov8_ros/share/yolov8_ros/hook/pythonpath.sh'
[3.842s] Level 1:colcon.colcon_core.environment:checking '/home/zerda/ros2_ws/install/yolov8_ros/bin'
[3.842s] Level 1:colcon.colcon_core.environment:create_environment_scripts_only(yolov8_ros)
[3.843s] INFO:colcon.colcon_core.shell:Creating package script '/home/zerda/ros2_ws/install/yolov8_ros/share/yolov8_ros/package.ps1'
[3.843s] INFO:colcon.colcon_core.shell:Creating package descriptor '/home/zerda/ros2_ws/install/yolov8_ros/share/yolov8_ros/package.dsv'
[3.844s] INFO:colcon.colcon_core.shell:Creating package script '/home/zerda/ros2_ws/install/yolov8_ros/share/yolov8_ros/package.sh'
[3.845s] INFO:colcon.colcon_core.shell:Creating package script '/home/zerda/ros2_ws/install/yolov8_ros/share/yolov8_ros/package.bash'
[3.845s] INFO:colcon.colcon_core.shell:Creating package script '/home/zerda/ros2_ws/install/yolov8_ros/share/yolov8_ros/package.zsh'
[3.846s] Level 1:colcon.colcon_core.environment:create_file_with_runtime_dependencies(/home/zerda/ros2_ws/install/yolov8_ros/share/colcon-core/packages/yolov8_ros)
[3.847s] INFO:colcon.colcon_ros.task.ament_cmake.build:Building ROS package in '/home/zerda/ros2_ws/src/yolov8_bringup' with build type 'ament_cmake'
[3.847s] INFO:colcon.colcon_cmake.task.cmake.build:Building CMake package in '/home/zerda/ros2_ws/src/yolov8_bringup'
[3.847s] INFO:colcon.colcon_core.shell:Skip shell extension 'powershell' for command environment: Not usable outside of PowerShell
[3.847s] DEBUG:colcon.colcon_core.shell:Skip shell extension 'dsv' for command environment
[3.868s] DEBUG:colcon.colcon_core.event_handler.log_command:Invoking command in '/home/zerda/ros2_ws/build/yolov8_bringup': AMENT_PREFIX_PATH=/home/zerda/ros2_ws/install/yolov8_ros:/home/zerda/ros2_ws/install/yolov8_bringup:/home/zerda/ros2_ws/install/yolov8_msgs:/home/zerda/ros2_ws/install/yolov8_detection:/home/zerda/ros2_ws/install/yolobot_recognition:/home/zerda/ros2_ws/install/object_detection:/home/zerda/ros2_ws/install/my_py_pkg:/home/zerda/ros2_ws/install/my_object_detection_pkg:/home/zerda/ros2_ws/install/my_cpp_pkg:/home/zerda/ros2_ws/install/image_processing:/home/zerda/ros2_ws/install/challenge1:/home/zerda/ros2_ws/install/car_detection:/home/zerda/ros2_ws/install/aruco_msgs:/opt/ros/humble CMAKE_PREFIX_PATH=${CMAKE_PREFIX_PATH}:/home/zerda/ros2_ws/install/yolov8_ros:/home/zerda/ros2_ws/install/yolov8_detection:/home/zerda/ros2_ws/install/object_detection:/home/zerda/ros2_ws/install/my_py_pkg:/home/zerda/ros2_ws/install/my_object_detection_pkg:/home/zerda/ros2_ws/install/challenge1:/home/zerda/ros2_ws/install/car_detection:/opt/ros/humble /usr/bin/cmake --build /home/zerda/ros2_ws/build/yolov8_bringup -- -j8 -l8
[3.940s] DEBUG:colcon.colcon_core.event_handler.log_command:Invoked command in '/home/zerda/ros2_ws/build/yolov8_bringup' returned '0': AMENT_PREFIX_PATH=/home/zerda/ros2_ws/install/yolov8_ros:/home/zerda/ros2_ws/install/yolov8_bringup:/home/zerda/ros2_ws/install/yolov8_msgs:/home/zerda/ros2_ws/install/yolov8_detection:/home/zerda/ros2_ws/install/yolobot_recognition:/home/zerda/ros2_ws/install/object_detection:/home/zerda/ros2_ws/install/my_py_pkg:/home/zerda/ros2_ws/install/my_object_detection_pkg:/home/zerda/ros2_ws/install/my_cpp_pkg:/home/zerda/ros2_ws/install/image_processing:/home/zerda/ros2_ws/install/challenge1:/home/zerda/ros2_ws/install/car_detection:/home/zerda/ros2_ws/install/aruco_msgs:/opt/ros/humble CMAKE_PREFIX_PATH=${CMAKE_PREFIX_PATH}:/home/zerda/ros2_ws/install/yolov8_ros:/home/zerda/ros2_ws/install/yolov8_detection:/home/zerda/ros2_ws/install/object_detection:/home/zerda/ros2_ws/install/my_py_pkg:/home/zerda/ros2_ws/install/my_object_detection_pkg:/home/zerda/ros2_ws/install/challenge1:/home/zerda/ros2_ws/install/car_detection:/opt/ros/humble /usr/bin/cmake --build /home/zerda/ros2_ws/build/yolov8_bringup -- -j8 -l8
[3.984s] DEBUG:colcon.colcon_core.event_handler.log_command:Invoking command in '/home/zerda/ros2_ws/build/yolov8_bringup': AMENT_PREFIX_PATH=/home/zerda/ros2_ws/install/yolov8_ros:/home/zerda/ros2_ws/install/yolov8_bringup:/home/zerda/ros2_ws/install/yolov8_msgs:/home/zerda/ros2_ws/install/yolov8_detection:/home/zerda/ros2_ws/install/yolobot_recognition:/home/zerda/ros2_ws/install/object_detection:/home/zerda/ros2_ws/install/my_py_pkg:/home/zerda/ros2_ws/install/my_object_detection_pkg:/home/zerda/ros2_ws/install/my_cpp_pkg:/home/zerda/ros2_ws/install/image_processing:/home/zerda/ros2_ws/install/challenge1:/home/zerda/ros2_ws/install/car_detection:/home/zerda/ros2_ws/install/aruco_msgs:/opt/ros/humble CMAKE_PREFIX_PATH=${CMAKE_PREFIX_PATH}:/home/zerda/ros2_ws/install/yolov8_ros:/home/zerda/ros2_ws/install/yolov8_detection:/home/zerda/ros2_ws/install/object_detection:/home/zerda/ros2_ws/install/my_py_pkg:/home/zerda/ros2_ws/install/my_object_detection_pkg:/home/zerda/ros2_ws/install/challenge1:/home/zerda/ros2_ws/install/car_detection:/opt/ros/humble /usr/bin/cmake --install /home/zerda/ros2_ws/build/yolov8_bringup
[4.002s] Level 1:colcon.colcon_core.environment:create_environment_scripts_only(yolov8_bringup)
[4.003s] Level 1:colcon.colcon_core.environment:checking '/home/zerda/ros2_ws/install/yolov8_bringup' for CMake module files
[4.004s] DEBUG:colcon.colcon_core.event_handler.log_command:Invoked command in '/home/zerda/ros2_ws/build/yolov8_bringup' returned '0': AMENT_PREFIX_PATH=/home/zerda/ros2_ws/install/yolov8_ros:/home/zerda/ros2_ws/install/yolov8_bringup:/home/zerda/ros2_ws/install/yolov8_msgs:/home/zerda/ros2_ws/install/yolov8_detection:/home/zerda/ros2_ws/install/yolobot_recognition:/home/zerda/ros2_ws/install/object_detection:/home/zerda/ros2_ws/install/my_py_pkg:/home/zerda/ros2_ws/install/my_object_detection_pkg:/home/zerda/ros2_ws/install/my_cpp_pkg:/home/zerda/ros2_ws/install/image_processing:/home/zerda/ros2_ws/install/challenge1:/home/zerda/ros2_ws/install/car_detection:/home/zerda/ros2_ws/install/aruco_msgs:/opt/ros/humble CMAKE_PREFIX_PATH=${CMAKE_PREFIX_PATH}:/home/zerda/ros2_ws/install/yolov8_ros:/home/zerda/ros2_ws/install/yolov8_detection:/home/zerda/ros2_ws/install/object_detection:/home/zerda/ros2_ws/install/my_py_pkg:/home/zerda/ros2_ws/install/my_object_detection_pkg:/home/zerda/ros2_ws/install/challenge1:/home/zerda/ros2_ws/install/car_detection:/opt/ros/humble /usr/bin/cmake --install /home/zerda/ros2_ws/build/yolov8_bringup
[4.005s] Level 1:colcon.colcon_core.environment:checking '/home/zerda/ros2_ws/install/yolov8_bringup' for CMake config files
[4.006s] Level 1:colcon.colcon_core.shell:create_environment_hook('yolov8_bringup', 'cmake_prefix_path')
[4.006s] INFO:colcon.colcon_core.shell:Creating environment hook '/home/zerda/ros2_ws/install/yolov8_bringup/share/yolov8_bringup/hook/cmake_prefix_path.ps1'
[4.007s] INFO:colcon.colcon_core.shell:Creating environment descriptor '/home/zerda/ros2_ws/install/yolov8_bringup/share/yolov8_bringup/hook/cmake_prefix_path.dsv'
[4.007s] INFO:colcon.colcon_core.shell:Creating environment hook '/home/zerda/ros2_ws/install/yolov8_bringup/share/yolov8_bringup/hook/cmake_prefix_path.sh'
[4.008s] Level 1:colcon.colcon_core.environment:checking '/home/zerda/ros2_ws/install/yolov8_bringup/bin'
[4.008s] Level 1:colcon.colcon_core.environment:checking '/home/zerda/ros2_ws/install/yolov8_bringup/lib/pkgconfig/yolov8_bringup.pc'
[4.009s] Level 1:colcon.colcon_core.environment:checking '/home/zerda/ros2_ws/install/yolov8_bringup/lib/python3.10/site-packages'
[4.009s] Level 1:colcon.colcon_core.environment:checking '/home/zerda/ros2_ws/install/yolov8_bringup/bin'
[4.010s] INFO:colcon.colcon_core.shell:Creating package script '/home/zerda/ros2_ws/install/yolov8_bringup/share/yolov8_bringup/package.ps1'
[4.011s] INFO:colcon.colcon_core.shell:Creating package descriptor '/home/zerda/ros2_ws/install/yolov8_bringup/share/yolov8_bringup/package.dsv'
[4.011s] INFO:colcon.colcon_core.shell:Creating package script '/home/zerda/ros2_ws/install/yolov8_bringup/share/yolov8_bringup/package.sh'
[4.012s] INFO:colcon.colcon_core.shell:Creating package script '/home/zerda/ros2_ws/install/yolov8_bringup/share/yolov8_bringup/package.bash'
[4.013s] INFO:colcon.colcon_core.shell:Creating package script '/home/zerda/ros2_ws/install/yolov8_bringup/share/yolov8_bringup/package.zsh'
[4.013s] Level 1:colcon.colcon_core.environment:create_file_with_runtime_dependencies(/home/zerda/ros2_ws/install/yolov8_bringup/share/colcon-core/packages/yolov8_bringup)
[4.055s] Level 1:colcon.colcon_core.environment:create_environment_scripts_only(yolov8_bringup)
[4.056s] Level 1:colcon.colcon_core.environment:checking '/home/zerda/ros2_ws/install/yolov8_bringup' for CMake module files
[4.057s] Level 1:colcon.colcon_core.environment:checking '/home/zerda/ros2_ws/install/yolov8_bringup' for CMake config files
[4.057s] Level 1:colcon.colcon_core.shell:create_environment_hook('yolov8_bringup', 'cmake_prefix_path')
[4.058s] INFO:colcon.colcon_core.shell:Creating environment hook '/home/zerda/ros2_ws/install/yolov8_bringup/share/yolov8_bringup/hook/cmake_prefix_path.ps1'
[4.058s] INFO:colcon.colcon_core.shell:Creating environment descriptor '/home/zerda/ros2_ws/install/yolov8_bringup/share/yolov8_bringup/hook/cmake_prefix_path.dsv'
[4.059s] INFO:colcon.colcon_core.shell:Creating environment hook '/home/zerda/ros2_ws/install/yolov8_bringup/share/yolov8_bringup/hook/cmake_prefix_path.sh'
[4.060s] Level 1:colcon.colcon_core.environment:checking '/home/zerda/ros2_ws/install/yolov8_bringup/bin'
[4.060s] Level 1:colcon.colcon_core.environment:checking '/home/zerda/ros2_ws/install/yolov8_bringup/lib/pkgconfig/yolov8_bringup.pc'
[4.061s] Level 1:colcon.colcon_core.environment:checking '/home/zerda/ros2_ws/install/yolov8_bringup/lib/python3.10/site-packages'
[4.061s] Level 1:colcon.colcon_core.environment:checking '/home/zerda/ros2_ws/install/yolov8_bringup/bin'
[4.062s] INFO:colcon.colcon_core.shell:Creating package script '/home/zerda/ros2_ws/install/yolov8_bringup/share/yolov8_bringup/package.ps1'
[4.063s] INFO:colcon.colcon_core.shell:Creating package descriptor '/home/zerda/ros2_ws/install/yolov8_bringup/share/yolov8_bringup/package.dsv'
[4.064s] INFO:colcon.colcon_core.shell:Creating package script '/home/zerda/ros2_ws/install/yolov8_bringup/share/yolov8_bringup/package.sh'
[4.064s] INFO:colcon.colcon_core.shell:Creating package script '/home/zerda/ros2_ws/install/yolov8_bringup/share/yolov8_bringup/package.bash'
[4.065s] INFO:colcon.colcon_core.shell:Creating package script '/home/zerda/ros2_ws/install/yolov8_bringup/share/yolov8_bringup/package.zsh'
[4.066s] Level 1:colcon.colcon_core.environment:create_file_with_runtime_dependencies(/home/zerda/ros2_ws/install/yolov8_bringup/share/colcon-core/packages/yolov8_bringup)
[4.066s] DEBUG:colcon.colcon_parallel_executor.executor.parallel:closing loop
[4.067s] DEBUG:colcon.colcon_parallel_executor.executor.parallel:loop closed
[4.067s] DEBUG:colcon.colcon_parallel_executor.executor.parallel:run_until_complete finished with '0'
[4.067s] DEBUG:colcon.colcon_core.event_reactor:joining thread
[4.083s] INFO:colcon.colcon_core.plugin_system:Skipping extension 'colcon_notification.desktop_notification.terminal_notifier': Not used on non-Darwin systems
[4.083s] INFO:colcon.colcon_core.plugin_system:Skipping extension 'colcon_notification.desktop_notification.win32': Not used on non-Windows systems
[4.084s] INFO:colcon.colcon_notification.desktop_notification:Sending desktop notification using 'notify2'
[4.130s] DEBUG:colcon.colcon_core.event_reactor:joined thread
[4.130s] INFO:colcon.colcon_core.shell:Creating prefix script '/home/zerda/ros2_ws/install/local_setup.ps1'
[4.132s] INFO:colcon.colcon_core.shell:Creating prefix util module '/home/zerda/ros2_ws/install/_local_setup_util_ps1.py'
[4.136s] INFO:colcon.colcon_core.shell:Creating prefix chain script '/home/zerda/ros2_ws/install/setup.ps1'
[4.139s] INFO:colcon.colcon_core.shell:Creating prefix script '/home/zerda/ros2_ws/install/local_setup.sh'
[4.140s] INFO:colcon.colcon_core.shell:Creating prefix util module '/home/zerda/ros2_ws/install/_local_setup_util_sh.py'
[4.141s] INFO:colcon.colcon_core.shell:Creating prefix chain script '/home/zerda/ros2_ws/install/setup.sh'
[4.145s] INFO:colcon.colcon_core.shell:Creating prefix script '/home/zerda/ros2_ws/install/local_setup.bash'
[4.146s] INFO:colcon.colcon_core.shell:Creating prefix chain script '/home/zerda/ros2_ws/install/setup.bash'
[4.149s] INFO:colcon.colcon_core.shell:Creating prefix script '/home/zerda/ros2_ws/install/local_setup.zsh'
[4.150s] INFO:colcon.colcon_core.shell:Creating prefix chain script '/home/zerda/ros2_ws/install/setup.zsh'
