running egg_info
writing ../../build/car_detection/car_detection.egg-info/PKG-INFO
writing dependency_links to ../../build/car_detection/car_detection.egg-info/dependency_links.txt
writing requirements to ../../build/car_detection/car_detection.egg-info/requires.txt
writing top-level names to ../../build/car_detection/car_detection.egg-info/top_level.txt
reading manifest file '../../build/car_detection/car_detection.egg-info/SOURCES.txt'
writing manifest file '../../build/car_detection/car_detection.egg-info/SOURCES.txt'
running build
running build_py
copying car_detection/benchmarks.py -> /home/zerda/ros2_ws/build/car_detection/build/lib/car_detection
copying car_detection/__init__.py -> /home/zerda/ros2_ws/build/car_detection/build/lib/car_detection
copying car_detection/train.py -> /home/zerda/ros2_ws/build/car_detection/build/lib/car_detection
copying car_detection/export.py -> /home/zerda/ros2_ws/build/car_detection/build/lib/car_detection
copying car_detection/val.py -> /home/zerda/ros2_ws/build/car_detection/build/lib/car_detection
copying car_detection/detect.py -> /home/zerda/ros2_ws/build/car_detection/build/lib/car_detection
copying car_detection/hubconf.py -> /home/zerda/ros2_ws/build/car_detection/build/lib/car_detection
creating /home/zerda/ros2_ws/build/car_detection/build/lib/car_detection/models
copying car_detection/models/yolo.py -> /home/zerda/ros2_ws/build/car_detection/build/lib/car_detection/models
copying car_detection/models/common.py -> /home/zerda/ros2_ws/build/car_detection/build/lib/car_detection/models
copying car_detection/models/__init__.py -> /home/zerda/ros2_ws/build/car_detection/build/lib/car_detection/models
copying car_detection/models/experimental.py -> /home/zerda/ros2_ws/build/car_detection/build/lib/car_detection/models
copying car_detection/models/tf.py -> /home/zerda/ros2_ws/build/car_detection/build/lib/car_detection/models
creating /home/zerda/ros2_ws/build/car_detection/build/lib/car_detection/utils
copying car_detection/utils/callbacks.py -> /home/zerda/ros2_ws/build/car_detection/build/lib/car_detection/utils
copying car_detection/utils/autoanchor.py -> /home/zerda/ros2_ws/build/car_detection/build/lib/car_detection/utils
copying car_detection/utils/__init__.py -> /home/zerda/ros2_ws/build/car_detection/build/lib/car_detection/utils
copying car_detection/utils/torch_utils.py -> /home/zerda/ros2_ws/build/car_detection/build/lib/car_detection/utils
copying car_detection/utils/metrics.py -> /home/zerda/ros2_ws/build/car_detection/build/lib/car_detection/utils
copying car_detection/utils/loss.py -> /home/zerda/ros2_ws/build/car_detection/build/lib/car_detection/utils
copying car_detection/utils/plots.py -> /home/zerda/ros2_ws/build/car_detection/build/lib/car_detection/utils
copying car_detection/utils/triton.py -> /home/zerda/ros2_ws/build/car_detection/build/lib/car_detection/utils
copying car_detection/utils/downloads.py -> /home/zerda/ros2_ws/build/car_detection/build/lib/car_detection/utils
copying car_detection/utils/autobatch.py -> /home/zerda/ros2_ws/build/car_detection/build/lib/car_detection/utils
copying car_detection/utils/dataloaders.py -> /home/zerda/ros2_ws/build/car_detection/build/lib/car_detection/utils
copying car_detection/utils/activations.py -> /home/zerda/ros2_ws/build/car_detection/build/lib/car_detection/utils
copying car_detection/utils/general.py -> /home/zerda/ros2_ws/build/car_detection/build/lib/car_detection/utils
copying car_detection/utils/augmentations.py -> /home/zerda/ros2_ws/build/car_detection/build/lib/car_detection/utils
creating /home/zerda/ros2_ws/build/car_detection/build/lib/car_detection/utils/segment
copying car_detection/utils/segment/__init__.py -> /home/zerda/ros2_ws/build/car_detection/build/lib/car_detection/utils/segment
copying car_detection/utils/segment/metrics.py -> /home/zerda/ros2_ws/build/car_detection/build/lib/car_detection/utils/segment
copying car_detection/utils/segment/loss.py -> /home/zerda/ros2_ws/build/car_detection/build/lib/car_detection/utils/segment
copying car_detection/utils/segment/plots.py -> /home/zerda/ros2_ws/build/car_detection/build/lib/car_detection/utils/segment
copying car_detection/utils/segment/dataloaders.py -> /home/zerda/ros2_ws/build/car_detection/build/lib/car_detection/utils/segment
copying car_detection/utils/segment/general.py -> /home/zerda/ros2_ws/build/car_detection/build/lib/car_detection/utils/segment
copying car_detection/utils/segment/augmentations.py -> /home/zerda/ros2_ws/build/car_detection/build/lib/car_detection/utils/segment
creating /home/zerda/ros2_ws/build/car_detection/build/lib/car_detection/utils/loggers
copying car_detection/utils/loggers/__init__.py -> /home/zerda/ros2_ws/build/car_detection/build/lib/car_detection/utils/loggers
creating /home/zerda/ros2_ws/build/car_detection/build/lib/car_detection/utils/aws
copying car_detection/utils/aws/__init__.py -> /home/zerda/ros2_ws/build/car_detection/build/lib/car_detection/utils/aws
copying car_detection/utils/aws/resume.py -> /home/zerda/ros2_ws/build/car_detection/build/lib/car_detection/utils/aws
creating /home/zerda/ros2_ws/build/car_detection/build/lib/car_detection/utils/loggers/comet
copying car_detection/utils/loggers/comet/hpo.py -> /home/zerda/ros2_ws/build/car_detection/build/lib/car_detection/utils/loggers/comet
copying car_detection/utils/loggers/comet/__init__.py -> /home/zerda/ros2_ws/build/car_detection/build/lib/car_detection/utils/loggers/comet
copying car_detection/utils/loggers/comet/comet_utils.py -> /home/zerda/ros2_ws/build/car_detection/build/lib/car_detection/utils/loggers/comet
creating /home/zerda/ros2_ws/build/car_detection/build/lib/car_detection/utils/loggers/clearml
copying car_detection/utils/loggers/clearml/hpo.py -> /home/zerda/ros2_ws/build/car_detection/build/lib/car_detection/utils/loggers/clearml
copying car_detection/utils/loggers/clearml/__init__.py -> /home/zerda/ros2_ws/build/car_detection/build/lib/car_detection/utils/loggers/clearml
copying car_detection/utils/loggers/clearml/clearml_utils.py -> /home/zerda/ros2_ws/build/car_detection/build/lib/car_detection/utils/loggers/clearml
creating /home/zerda/ros2_ws/build/car_detection/build/lib/car_detection/utils/loggers/wandb
copying car_detection/utils/loggers/wandb/__init__.py -> /home/zerda/ros2_ws/build/car_detection/build/lib/car_detection/utils/loggers/wandb
copying car_detection/utils/loggers/wandb/wandb_utils.py -> /home/zerda/ros2_ws/build/car_detection/build/lib/car_detection/utils/loggers/wandb
running install
running install_lib
copying /home/zerda/ros2_ws/build/car_detection/build/lib/car_detection/benchmarks.py -> /home/zerda/ros2_ws/install/car_detection/lib/python3.10/site-packages/car_detection
copying /home/zerda/ros2_ws/build/car_detection/build/lib/car_detection/train.py -> /home/zerda/ros2_ws/install/car_detection/lib/python3.10/site-packages/car_detection
creating /home/zerda/ros2_ws/install/car_detection/lib/python3.10/site-packages/car_detection/models
copying /home/zerda/ros2_ws/build/car_detection/build/lib/car_detection/models/yolo.py -> /home/zerda/ros2_ws/install/car_detection/lib/python3.10/site-packages/car_detection/models
copying /home/zerda/ros2_ws/build/car_detection/build/lib/car_detection/models/common.py -> /home/zerda/ros2_ws/install/car_detection/lib/python3.10/site-packages/car_detection/models
copying /home/zerda/ros2_ws/build/car_detection/build/lib/car_detection/models/__init__.py -> /home/zerda/ros2_ws/install/car_detection/lib/python3.10/site-packages/car_detection/models
copying /home/zerda/ros2_ws/build/car_detection/build/lib/car_detection/models/experimental.py -> /home/zerda/ros2_ws/install/car_detection/lib/python3.10/site-packages/car_detection/models
copying /home/zerda/ros2_ws/build/car_detection/build/lib/car_detection/models/tf.py -> /home/zerda/ros2_ws/install/car_detection/lib/python3.10/site-packages/car_detection/models
creating /home/zerda/ros2_ws/install/car_detection/lib/python3.10/site-packages/car_detection/utils
copying /home/zerda/ros2_ws/build/car_detection/build/lib/car_detection/utils/callbacks.py -> /home/zerda/ros2_ws/install/car_detection/lib/python3.10/site-packages/car_detection/utils
copying /home/zerda/ros2_ws/build/car_detection/build/lib/car_detection/utils/autoanchor.py -> /home/zerda/ros2_ws/install/car_detection/lib/python3.10/site-packages/car_detection/utils
copying /home/zerda/ros2_ws/build/car_detection/build/lib/car_detection/utils/__init__.py -> /home/zerda/ros2_ws/install/car_detection/lib/python3.10/site-packages/car_detection/utils
copying /home/zerda/ros2_ws/build/car_detection/build/lib/car_detection/utils/torch_utils.py -> /home/zerda/ros2_ws/install/car_detection/lib/python3.10/site-packages/car_detection/utils
copying /home/zerda/ros2_ws/build/car_detection/build/lib/car_detection/utils/metrics.py -> /home/zerda/ros2_ws/install/car_detection/lib/python3.10/site-packages/car_detection/utils
copying /home/zerda/ros2_ws/build/car_detection/build/lib/car_detection/utils/loss.py -> /home/zerda/ros2_ws/install/car_detection/lib/python3.10/site-packages/car_detection/utils
copying /home/zerda/ros2_ws/build/car_detection/build/lib/car_detection/utils/plots.py -> /home/zerda/ros2_ws/install/car_detection/lib/python3.10/site-packages/car_detection/utils
copying /home/zerda/ros2_ws/build/car_detection/build/lib/car_detection/utils/triton.py -> /home/zerda/ros2_ws/install/car_detection/lib/python3.10/site-packages/car_detection/utils
creating /home/zerda/ros2_ws/install/car_detection/lib/python3.10/site-packages/car_detection/utils/segment
copying /home/zerda/ros2_ws/build/car_detection/build/lib/car_detection/utils/segment/__init__.py -> /home/zerda/ros2_ws/install/car_detection/lib/python3.10/site-packages/car_detection/utils/segment
copying /home/zerda/ros2_ws/build/car_detection/build/lib/car_detection/utils/segment/metrics.py -> /home/zerda/ros2_ws/install/car_detection/lib/python3.10/site-packages/car_detection/utils/segment
copying /home/zerda/ros2_ws/build/car_detection/build/lib/car_detection/utils/segment/loss.py -> /home/zerda/ros2_ws/install/car_detection/lib/python3.10/site-packages/car_detection/utils/segment
copying /home/zerda/ros2_ws/build/car_detection/build/lib/car_detection/utils/segment/plots.py -> /home/zerda/ros2_ws/install/car_detection/lib/python3.10/site-packages/car_detection/utils/segment
copying /home/zerda/ros2_ws/build/car_detection/build/lib/car_detection/utils/segment/dataloaders.py -> /home/zerda/ros2_ws/install/car_detection/lib/python3.10/site-packages/car_detection/utils/segment
copying /home/zerda/ros2_ws/build/car_detection/build/lib/car_detection/utils/segment/general.py -> /home/zerda/ros2_ws/install/car_detection/lib/python3.10/site-packages/car_detection/utils/segment
copying /home/zerda/ros2_ws/build/car_detection/build/lib/car_detection/utils/segment/augmentations.py -> /home/zerda/ros2_ws/install/car_detection/lib/python3.10/site-packages/car_detection/utils/segment
copying /home/zerda/ros2_ws/build/car_detection/build/lib/car_detection/utils/downloads.py -> /home/zerda/ros2_ws/install/car_detection/lib/python3.10/site-packages/car_detection/utils
copying /home/zerda/ros2_ws/build/car_detection/build/lib/car_detection/utils/autobatch.py -> /home/zerda/ros2_ws/install/car_detection/lib/python3.10/site-packages/car_detection/utils
copying /home/zerda/ros2_ws/build/car_detection/build/lib/car_detection/utils/dataloaders.py -> /home/zerda/ros2_ws/install/car_detection/lib/python3.10/site-packages/car_detection/utils
copying /home/zerda/ros2_ws/build/car_detection/build/lib/car_detection/utils/activations.py -> /home/zerda/ros2_ws/install/car_detection/lib/python3.10/site-packages/car_detection/utils
copying /home/zerda/ros2_ws/build/car_detection/build/lib/car_detection/utils/general.py -> /home/zerda/ros2_ws/install/car_detection/lib/python3.10/site-packages/car_detection/utils
creating /home/zerda/ros2_ws/install/car_detection/lib/python3.10/site-packages/car_detection/utils/loggers
copying /home/zerda/ros2_ws/build/car_detection/build/lib/car_detection/utils/loggers/__init__.py -> /home/zerda/ros2_ws/install/car_detection/lib/python3.10/site-packages/car_detection/utils/loggers
creating /home/zerda/ros2_ws/install/car_detection/lib/python3.10/site-packages/car_detection/utils/loggers/comet
copying /home/zerda/ros2_ws/build/car_detection/build/lib/car_detection/utils/loggers/comet/hpo.py -> /home/zerda/ros2_ws/install/car_detection/lib/python3.10/site-packages/car_detection/utils/loggers/comet
copying /home/zerda/ros2_ws/build/car_detection/build/lib/car_detection/utils/loggers/comet/__init__.py -> /home/zerda/ros2_ws/install/car_detection/lib/python3.10/site-packages/car_detection/utils/loggers/comet
copying /home/zerda/ros2_ws/build/car_detection/build/lib/car_detection/utils/loggers/comet/comet_utils.py -> /home/zerda/ros2_ws/install/car_detection/lib/python3.10/site-packages/car_detection/utils/loggers/comet
creating /home/zerda/ros2_ws/install/car_detection/lib/python3.10/site-packages/car_detection/utils/loggers/clearml
copying /home/zerda/ros2_ws/build/car_detection/build/lib/car_detection/utils/loggers/clearml/hpo.py -> /home/zerda/ros2_ws/install/car_detection/lib/python3.10/site-packages/car_detection/utils/loggers/clearml
copying /home/zerda/ros2_ws/build/car_detection/build/lib/car_detection/utils/loggers/clearml/__init__.py -> /home/zerda/ros2_ws/install/car_detection/lib/python3.10/site-packages/car_detection/utils/loggers/clearml
copying /home/zerda/ros2_ws/build/car_detection/build/lib/car_detection/utils/loggers/clearml/clearml_utils.py -> /home/zerda/ros2_ws/install/car_detection/lib/python3.10/site-packages/car_detection/utils/loggers/clearml
creating /home/zerda/ros2_ws/install/car_detection/lib/python3.10/site-packages/car_detection/utils/loggers/wandb
copying /home/zerda/ros2_ws/build/car_detection/build/lib/car_detection/utils/loggers/wandb/__init__.py -> /home/zerda/ros2_ws/install/car_detection/lib/python3.10/site-packages/car_detection/utils/loggers/wandb
copying /home/zerda/ros2_ws/build/car_detection/build/lib/car_detection/utils/loggers/wandb/wandb_utils.py -> /home/zerda/ros2_ws/install/car_detection/lib/python3.10/site-packages/car_detection/utils/loggers/wandb
creating /home/zerda/ros2_ws/install/car_detection/lib/python3.10/site-packages/car_detection/utils/aws
copying /home/zerda/ros2_ws/build/car_detection/build/lib/car_detection/utils/aws/__init__.py -> /home/zerda/ros2_ws/install/car_detection/lib/python3.10/site-packages/car_detection/utils/aws
copying /home/zerda/ros2_ws/build/car_detection/build/lib/car_detection/utils/aws/resume.py -> /home/zerda/ros2_ws/install/car_detection/lib/python3.10/site-packages/car_detection/utils/aws
copying /home/zerda/ros2_ws/build/car_detection/build/lib/car_detection/utils/augmentations.py -> /home/zerda/ros2_ws/install/car_detection/lib/python3.10/site-packages/car_detection/utils
copying /home/zerda/ros2_ws/build/car_detection/build/lib/car_detection/export.py -> /home/zerda/ros2_ws/install/car_detection/lib/python3.10/site-packages/car_detection
copying /home/zerda/ros2_ws/build/car_detection/build/lib/car_detection/val.py -> /home/zerda/ros2_ws/install/car_detection/lib/python3.10/site-packages/car_detection
copying /home/zerda/ros2_ws/build/car_detection/build/lib/car_detection/detect.py -> /home/zerda/ros2_ws/install/car_detection/lib/python3.10/site-packages/car_detection
copying /home/zerda/ros2_ws/build/car_detection/build/lib/car_detection/hubconf.py -> /home/zerda/ros2_ws/install/car_detection/lib/python3.10/site-packages/car_detection
byte-compiling /home/zerda/ros2_ws/install/car_detection/lib/python3.10/site-packages/car_detection/benchmarks.py to benchmarks.cpython-310.pyc
byte-compiling /home/zerda/ros2_ws/install/car_detection/lib/python3.10/site-packages/car_detection/train.py to train.cpython-310.pyc
byte-compiling /home/zerda/ros2_ws/install/car_detection/lib/python3.10/site-packages/car_detection/models/yolo.py to yolo.cpython-310.pyc
byte-compiling /home/zerda/ros2_ws/install/car_detection/lib/python3.10/site-packages/car_detection/models/common.py to common.cpython-310.pyc
byte-compiling /home/zerda/ros2_ws/install/car_detection/lib/python3.10/site-packages/car_detection/models/__init__.py to __init__.cpython-310.pyc
byte-compiling /home/zerda/ros2_ws/install/car_detection/lib/python3.10/site-packages/car_detection/models/experimental.py to experimental.cpython-310.pyc
byte-compiling /home/zerda/ros2_ws/install/car_detection/lib/python3.10/site-packages/car_detection/models/tf.py to tf.cpython-310.pyc
byte-compiling /home/zerda/ros2_ws/install/car_detection/lib/python3.10/site-packages/car_detection/utils/callbacks.py to callbacks.cpython-310.pyc
byte-compiling /home/zerda/ros2_ws/install/car_detection/lib/python3.10/site-packages/car_detection/utils/autoanchor.py to autoanchor.cpython-310.pyc
byte-compiling /home/zerda/ros2_ws/install/car_detection/lib/python3.10/site-packages/car_detection/utils/__init__.py to __init__.cpython-310.pyc
byte-compiling /home/zerda/ros2_ws/install/car_detection/lib/python3.10/site-packages/car_detection/utils/torch_utils.py to torch_utils.cpython-310.pyc
byte-compiling /home/zerda/ros2_ws/install/car_detection/lib/python3.10/site-packages/car_detection/utils/metrics.py to metrics.cpython-310.pyc
byte-compiling /home/zerda/ros2_ws/install/car_detection/lib/python3.10/site-packages/car_detection/utils/loss.py to loss.cpython-310.pyc
byte-compiling /home/zerda/ros2_ws/install/car_detection/lib/python3.10/site-packages/car_detection/utils/plots.py to plots.cpython-310.pyc
byte-compiling /home/zerda/ros2_ws/install/car_detection/lib/python3.10/site-packages/car_detection/utils/triton.py to triton.cpython-310.pyc
byte-compiling /home/zerda/ros2_ws/install/car_detection/lib/python3.10/site-packages/car_detection/utils/segment/__init__.py to __init__.cpython-310.pyc
byte-compiling /home/zerda/ros2_ws/install/car_detection/lib/python3.10/site-packages/car_detection/utils/segment/metrics.py to metrics.cpython-310.pyc
byte-compiling /home/zerda/ros2_ws/install/car_detection/lib/python3.10/site-packages/car_detection/utils/segment/loss.py to loss.cpython-310.pyc
byte-compiling /home/zerda/ros2_ws/install/car_detection/lib/python3.10/site-packages/car_detection/utils/segment/plots.py to plots.cpython-310.pyc
byte-compiling /home/zerda/ros2_ws/install/car_detection/lib/python3.10/site-packages/car_detection/utils/segment/dataloaders.py to dataloaders.cpython-310.pyc
byte-compiling /home/zerda/ros2_ws/install/car_detection/lib/python3.10/site-packages/car_detection/utils/segment/general.py to general.cpython-310.pyc
byte-compiling /home/zerda/ros2_ws/install/car_detection/lib/python3.10/site-packages/car_detection/utils/segment/augmentations.py to augmentations.cpython-310.pyc
byte-compiling /home/zerda/ros2_ws/install/car_detection/lib/python3.10/site-packages/car_detection/utils/downloads.py to downloads.cpython-310.pyc
byte-compiling /home/zerda/ros2_ws/install/car_detection/lib/python3.10/site-packages/car_detection/utils/autobatch.py to autobatch.cpython-310.pyc
byte-compiling /home/zerda/ros2_ws/install/car_detection/lib/python3.10/site-packages/car_detection/utils/dataloaders.py to dataloaders.cpython-310.pyc
byte-compiling /home/zerda/ros2_ws/install/car_detection/lib/python3.10/site-packages/car_detection/utils/activations.py to activations.cpython-310.pyc
byte-compiling /home/zerda/ros2_ws/install/car_detection/lib/python3.10/site-packages/car_detection/utils/general.py to general.cpython-310.pyc
byte-compiling /home/zerda/ros2_ws/install/car_detection/lib/python3.10/site-packages/car_detection/utils/loggers/__init__.py to __init__.cpython-310.pyc
byte-compiling /home/zerda/ros2_ws/install/car_detection/lib/python3.10/site-packages/car_detection/utils/loggers/comet/hpo.py to hpo.cpython-310.pyc
byte-compiling /home/zerda/ros2_ws/install/car_detection/lib/python3.10/site-packages/car_detection/utils/loggers/comet/__init__.py to __init__.cpython-310.pyc
byte-compiling /home/zerda/ros2_ws/install/car_detection/lib/python3.10/site-packages/car_detection/utils/loggers/comet/comet_utils.py to comet_utils.cpython-310.pyc
byte-compiling /home/zerda/ros2_ws/install/car_detection/lib/python3.10/site-packages/car_detection/utils/loggers/clearml/hpo.py to hpo.cpython-310.pyc
byte-compiling /home/zerda/ros2_ws/install/car_detection/lib/python3.10/site-packages/car_detection/utils/loggers/clearml/__init__.py to __init__.cpython-310.pyc
byte-compiling /home/zerda/ros2_ws/install/car_detection/lib/python3.10/site-packages/car_detection/utils/loggers/clearml/clearml_utils.py to clearml_utils.cpython-310.pyc
byte-compiling /home/zerda/ros2_ws/install/car_detection/lib/python3.10/site-packages/car_detection/utils/loggers/wandb/__init__.py to __init__.cpython-310.pyc
byte-compiling /home/zerda/ros2_ws/install/car_detection/lib/python3.10/site-packages/car_detection/utils/loggers/wandb/wandb_utils.py to wandb_utils.cpython-310.pyc
byte-compiling /home/zerda/ros2_ws/install/car_detection/lib/python3.10/site-packages/car_detection/utils/aws/__init__.py to __init__.cpython-310.pyc
byte-compiling /home/zerda/ros2_ws/install/car_detection/lib/python3.10/site-packages/car_detection/utils/aws/resume.py to resume.cpython-310.pyc
byte-compiling /home/zerda/ros2_ws/install/car_detection/lib/python3.10/site-packages/car_detection/utils/augmentations.py to augmentations.cpython-310.pyc
byte-compiling /home/zerda/ros2_ws/install/car_detection/lib/python3.10/site-packages/car_detection/export.py to export.cpython-310.pyc
byte-compiling /home/zerda/ros2_ws/install/car_detection/lib/python3.10/site-packages/car_detection/val.py to val.cpython-310.pyc
byte-compiling /home/zerda/ros2_ws/install/car_detection/lib/python3.10/site-packages/car_detection/detect.py to detect.cpython-310.pyc
byte-compiling /home/zerda/ros2_ws/install/car_detection/lib/python3.10/site-packages/car_detection/hubconf.py to hubconf.cpython-310.pyc
running install_data
copying resource/car_detection -> /home/zerda/ros2_ws/install/car_detection/share/ament_index/resource_index/packages
copying package.xml -> /home/zerda/ros2_ws/install/car_detection/share/car_detection
running install_egg_info
removing '/home/zerda/ros2_ws/install/car_detection/lib/python3.10/site-packages/car_detection-0.0.0-py3.10.egg-info' (and everything under it)
Copying ../../build/car_detection/car_detection.egg-info to /home/zerda/ros2_ws/install/car_detection/lib/python3.10/site-packages/car_detection-0.0.0-py3.10.egg-info
running install_scripts
writing list of installed files to '/home/zerda/ros2_ws/build/car_detection/install.log'
