[1.227s] Invoking command in '/home/zerda/ros2_ws/src/my_py_pkg': PYTHONPATH=/home/zerda/ros2_ws/build/my_py_pkg/prefix_override:/home/zerda/ros2_ws/install/my_py_pkg/lib/python3.10/site-packages:${PYTHONPATH} /usr/bin/python3 setup.py egg_info --egg-base ../../build/my_py_pkg build --build-base /home/zerda/ros2_ws/build/my_py_pkg/build install --record /home/zerda/ros2_ws/build/my_py_pkg/install.log --single-version-externally-managed
[1.507s] running egg_info
[1.509s] writing ../../build/my_py_pkg/my_py_pkg.egg-info/PKG-INFO
[1.509s] writing dependency_links to ../../build/my_py_pkg/my_py_pkg.egg-info/dependency_links.txt
[1.509s] writing entry points to ../../build/my_py_pkg/my_py_pkg.egg-info/entry_points.txt
[1.509s] writing requirements to ../../build/my_py_pkg/my_py_pkg.egg-info/requires.txt
[1.509s] writing top-level names to ../../build/my_py_pkg/my_py_pkg.egg-info/top_level.txt
[1.512s] reading manifest file '../../build/my_py_pkg/my_py_pkg.egg-info/SOURCES.txt'
[1.513s] writing manifest file '../../build/my_py_pkg/my_py_pkg.egg-info/SOURCES.txt'
[1.513s] running build
[1.513s] running build_py
[1.514s] running install
[1.514s] running install_lib
[1.516s] running install_data
[1.516s] running install_egg_info
[1.518s] removing '/home/zerda/ros2_ws/install/my_py_pkg/lib/python3.10/site-packages/my_py_pkg-0.0.0-py3.10.egg-info' (and everything under it)
[1.518s] Copying ../../build/my_py_pkg/my_py_pkg.egg-info to /home/zerda/ros2_ws/install/my_py_pkg/lib/python3.10/site-packages/my_py_pkg-0.0.0-py3.10.egg-info
[1.519s] running install_scripts
[1.542s] Installing add_two_ints_client_no_oop script to /home/zerda/ros2_ws/install/my_py_pkg/lib/my_py_pkg
[1.542s] Installing add_two_ints_server script to /home/zerda/ros2_ws/install/my_py_pkg/lib/my_py_pkg
[1.542s] Installing py_node script to /home/zerda/ros2_ws/install/my_py_pkg/lib/my_py_pkg
[1.542s] Installing robot_news_station script to /home/zerda/ros2_ws/install/my_py_pkg/lib/my_py_pkg
[1.542s] Installing smartphone script to /home/zerda/ros2_ws/install/my_py_pkg/lib/my_py_pkg
[1.543s] writing list of installed files to '/home/zerda/ros2_ws/build/my_py_pkg/install.log'
[1.617s] Invoked command in '/home/zerda/ros2_ws/src/my_py_pkg' returned '0': PYTHONPATH=/home/zerda/ros2_ws/build/my_py_pkg/prefix_override:/home/zerda/ros2_ws/install/my_py_pkg/lib/python3.10/site-packages:${PYTHONPATH} /usr/bin/python3 setup.py egg_info --egg-base ../../build/my_py_pkg build --build-base /home/zerda/ros2_ws/build/my_py_pkg/build install --record /home/zerda/ros2_ws/build/my_py_pkg/install.log --single-version-externally-managed
