[2.455s] Invoking command in '/home/zerda/ros2_ws/src/my_object_detection_pkg': PYTHONPATH=/home/zerda/ros2_ws/build/my_object_detection_pkg/prefix_override:/home/zerda/ros2_ws/install/my_object_detection_pkg/lib/python3.10/site-packages:${PYTHONPATH} /usr/bin/python3 -W ignore:setup.py install is deprecated setup.py egg_info --egg-base ../../build/my_object_detection_pkg build --build-base /home/zerda/ros2_ws/build/my_object_detection_pkg/build install --record /home/zerda/ros2_ws/build/my_object_detection_pkg/install.log --single-version-externally-managed install_data
[3.092s] running egg_info
[3.132s] writing ../../build/my_object_detection_pkg/my_object_detection_pkg.egg-info/PKG-INFO
[3.133s] writing dependency_links to ../../build/my_object_detection_pkg/my_object_detection_pkg.egg-info/dependency_links.txt
[3.134s] writing entry points to ../../build/my_object_detection_pkg/my_object_detection_pkg.egg-info/entry_points.txt
[3.134s] writing requirements to ../../build/my_object_detection_pkg/my_object_detection_pkg.egg-info/requires.txt
[3.135s] writing top-level names to ../../build/my_object_detection_pkg/my_object_detection_pkg.egg-info/top_level.txt
[3.219s] reading manifest file '../../build/my_object_detection_pkg/my_object_detection_pkg.egg-info/SOURCES.txt'
[3.222s] writing manifest file '../../build/my_object_detection_pkg/my_object_detection_pkg.egg-info/SOURCES.txt'
[3.223s] running build
[3.223s] running build_py
[3.223s] copying my_object_detection_pkg/__init__.py -> /home/zerda/ros2_ws/build/my_object_detection_pkg/build/lib/my_object_detection_pkg
[3.223s] running install
[3.237s] running install_lib
[3.279s] running install_data
[3.279s] copying resource/my_object_detection_pkg -> /home/zerda/ros2_ws/install/my_object_detection_pkg/share/ament_index/resource_index/packages
[3.280s] copying package.xml -> /home/zerda/ros2_ws/install/my_object_detection_pkg/share/my_object_detection_pkg
[3.280s] running install_egg_info
[3.324s] removing '/home/zerda/ros2_ws/install/my_object_detection_pkg/lib/python3.10/site-packages/my_object_detection_pkg-0.0.0-py3.10.egg-info' (and everything under it)
[3.325s] Copying ../../build/my_object_detection_pkg/my_object_detection_pkg.egg-info to /home/zerda/ros2_ws/install/my_object_detection_pkg/lib/python3.10/site-packages/my_object_detection_pkg-0.0.0-py3.10.egg-info
[3.329s] running install_scripts
[3.673s] Installing detector script to /home/zerda/ros2_ws/install/my_object_detection_pkg/lib/my_object_detection_pkg
[3.674s] writing list of installed files to '/home/zerda/ros2_ws/build/my_object_detection_pkg/install.log'
[3.764s] Invoked command in '/home/zerda/ros2_ws/src/my_object_detection_pkg' returned '0': PYTHONPATH=/home/zerda/ros2_ws/build/my_object_detection_pkg/prefix_override:/home/zerda/ros2_ws/install/my_object_detection_pkg/lib/python3.10/site-packages:${PYTHONPATH} /usr/bin/python3 -W ignore:setup.py install is deprecated setup.py egg_info --egg-base ../../build/my_object_detection_pkg build --build-base /home/zerda/ros2_ws/build/my_object_detection_pkg/build install --record /home/zerda/ros2_ws/build/my_object_detection_pkg/install.log --single-version-externally-managed install_data
