/home/zerda/ros2_ws/install/car_detector/lib/python3.10/site-packages/car_detector/__init__.py
/home/zerda/ros2_ws/install/car_detector/lib/python3.10/site-packages/car_detector/camera_pub.py
/home/zerda/ros2_ws/install/car_detector/lib/python3.10/site-packages/car_detector/car_detection.py
/home/zerda/ros2_ws/install/car_detector/lib/python3.10/site-packages/car_detector/__pycache__/__init__.cpython-310.pyc
/home/zerda/ros2_ws/install/car_detector/lib/python3.10/site-packages/car_detector/__pycache__/camera_pub.cpython-310.pyc
/home/zerda/ros2_ws/install/car_detector/lib/python3.10/site-packages/car_detector/__pycache__/car_detection.cpython-310.pyc
/home/zerda/ros2_ws/install/car_detector/share/ament_index/resource_index/packages/car_detector
/home/zerda/ros2_ws/install/car_detector/share/car_detector/package.xml
/home/zerda/ros2_ws/install/car_detector/share/car_detector/launch/camera_car_detection.launch.py
/home/zerda/ros2_ws/install/car_detector/share/car_detector/config/camera_car_detection.rviz
/home/zerda/ros2_ws/install/car_detector/share/car_detector/data/best.pt
/home/zerda/ros2_ws/install/car_detector/lib/python3.10/site-packages/car_detector-0.0.0-py3.10.egg-info/entry_points.txt
/home/zerda/ros2_ws/install/car_detector/lib/python3.10/site-packages/car_detector-0.0.0-py3.10.egg-info/requires.txt
/home/zerda/ros2_ws/install/car_detector/lib/python3.10/site-packages/car_detector-0.0.0-py3.10.egg-info/top_level.txt
/home/zerda/ros2_ws/install/car_detector/lib/python3.10/site-packages/car_detector-0.0.0-py3.10.egg-info/dependency_links.txt
/home/zerda/ros2_ws/install/car_detector/lib/python3.10/site-packages/car_detector-0.0.0-py3.10.egg-info/zip-safe
/home/zerda/ros2_ws/install/car_detector/lib/python3.10/site-packages/car_detector-0.0.0-py3.10.egg-info/PKG-INFO
/home/zerda/ros2_ws/install/car_detector/lib/python3.10/site-packages/car_detector-0.0.0-py3.10.egg-info/SOURCES.txt
/home/zerda/ros2_ws/install/car_detector/lib/car_detector/camera_publisher
/home/zerda/ros2_ws/install/car_detector/lib/car_detector/car_detection
