[0.355s] Invoking command in '/home/zerda/ros2_ws/build/my_cpp_pkg': CMAKE_PREFIX_PATH=${CMAKE_PREFIX_PATH}:/home/zerda/ros2_ws/install/my_py_pkg:/home/zerda/ros2_ws/install/challenge1:/opt/ros/humble /usr/bin/cmake --build /home/zerda/ros2_ws/build/my_cpp_pkg -- -j8 -l8
[0.898s] -- Found ament_cmake: 1.3.8 (/opt/ros/humble/share/ament_cmake/cmake)
[0.899s] -- Found rclcpp: 16.0.8 (/opt/ros/humble/share/rclcpp/cmake)
[0.899s] -- Found rosidl_generator_c: 3.1.5 (/opt/ros/humble/share/rosidl_generator_c/cmake)
[0.899s] -- Found rosidl_adapter: 3.1.5 (/opt/ros/humble/share/rosidl_adapter/cmake)
[0.899s] -- Found rosidl_generator_cpp: 3.1.5 (/opt/ros/humble/share/rosidl_generator_cpp/cmake)
[0.900s] -- Using all available rosidl_typesupport_c: rosidl_typesupport_fastrtps_c;rosidl_typesupport_introspection_c
[0.900s] -- Using all available rosidl_typesupport_cpp: rosidl_typesupport_fastrtps_cpp;rosidl_typesupport_introspection_cpp
[0.992s] -- Found rmw_implementation_cmake: 6.1.1 (/opt/ros/humble/share/rmw_implementation_cmake/cmake)
[0.996s] -- Found rmw_fastrtps_cpp: 6.2.6 (/opt/ros/humble/share/rmw_fastrtps_cpp/cmake)
[1.252s] -- Using RMW implementation 'rmw_fastrtps_cpp' as default
[1.685s] -- Found sensor_msgs: 4.2.3 (/opt/ros/humble/share/sensor_msgs/cmake)
[2.037s] [31mCMake Error at CMakeLists.txt:12 (find_package):
[2.038s]   By not providing "Findcv_bridge.cmake" in CMAKE_MODULE_PATH this project
[2.038s]   has asked CMake to find a package configuration file provided by
[2.038s]   "cv_bridge", but CMake did not find one.
[2.038s] 
[2.039s]   Could not find a package configuration file provided by "cv_bridge" with
[2.039s]   any of the following names:
[2.039s] 
[2.039s]     cv_bridgeConfig.cmake
[2.039s]     cv_bridge-config.cmake
[2.040s] 
[2.040s]   Add the installation prefix of "cv_bridge" to CMAKE_PREFIX_PATH or set
[2.040s]   "cv_bridge_DIR" to a directory containing one of the above files.  If
[2.040s]   "cv_bridge" provides a separate development package or SDK, be sure it has
[2.041s]   been installed.
[2.041s] 
[2.041s] [0m
[2.041s] -- Configuring incomplete, errors occurred!
[2.042s] See also "/home/zerda/ros2_ws/build/my_cpp_pkg/CMakeFiles/CMakeOutput.log".
[2.048s] gmake: *** [Makefile:267: cmake_check_build_system] Error 1
[2.053s] Invoked command in '/home/zerda/ros2_ws/build/my_cpp_pkg' returned '2': CMAKE_PREFIX_PATH=${CMAKE_PREFIX_PATH}:/home/zerda/ros2_ws/install/my_py_pkg:/home/zerda/ros2_ws/install/challenge1:/opt/ros/humble /usr/bin/cmake --build /home/zerda/ros2_ws/build/my_cpp_pkg -- -j8 -l8
