[2.070s] Invoking command in '/home/zerda/ros2_ws/src/car_detector': PYTHONPATH=/home/zerda/ros2_ws/build/car_detector/prefix_override:/home/zerda/ros2_ws/install/car_detector/lib/python3.10/site-packages:${PYTHONPATH} /usr/bin/python3 -W ignore:setup.py install is deprecated setup.py egg_info --egg-base ../../build/car_detector build --build-base /home/zerda/ros2_ws/build/car_detector/build install --record /home/zerda/ros2_ws/build/car_detector/install.log --single-version-externally-managed install_data
[2.633s] running egg_info
[2.671s] writing ../../build/car_detector/car_detector.egg-info/PKG-INFO
[2.672s] writing dependency_links to ../../build/car_detector/car_detector.egg-info/dependency_links.txt
[2.673s] writing entry points to ../../build/car_detector/car_detector.egg-info/entry_points.txt
[2.673s] writing requirements to ../../build/car_detector/car_detector.egg-info/requires.txt
[2.673s] writing top-level names to ../../build/car_detector/car_detector.egg-info/top_level.txt
[2.749s] reading manifest file '../../build/car_detector/car_detector.egg-info/SOURCES.txt'
[2.751s] writing manifest file '../../build/car_detector/car_detector.egg-info/SOURCES.txt'
[2.752s] running build
[2.752s] running build_py
[2.752s] copying car_detector/__init__.py -> /home/zerda/ros2_ws/build/car_detector/build/lib/car_detector
[2.753s] copying car_detector/camera_pub.py -> /home/zerda/ros2_ws/build/car_detector/build/lib/car_detector
[2.753s] copying car_detector/car_detection.py -> /home/zerda/ros2_ws/build/car_detector/build/lib/car_detector
[2.754s] running install
[2.767s] running install_lib
[2.803s] copying /home/zerda/ros2_ws/build/car_detector/build/lib/car_detector/car_detection.py -> /home/zerda/ros2_ws/install/car_detector/lib/python3.10/site-packages/car_detector
[2.805s] byte-compiling /home/zerda/ros2_ws/install/car_detector/lib/python3.10/site-packages/car_detector/car_detection.py to car_detection.cpython-310.pyc
[2.807s] running install_data
[2.808s] copying package.xml -> /home/zerda/ros2_ws/install/car_detector/share/car_detector
[2.808s] copying launch/camera_car_detection.launch.py -> /home/zerda/ros2_ws/install/car_detector/share/car_detector/launch
[2.809s] copying config/camera_car_detection.rviz -> /home/zerda/ros2_ws/install/car_detector/share/car_detector/config
[2.810s] copying data/best.pt -> /home/zerda/ros2_ws/install/car_detector/share/car_detector/data
[3.121s] running install_egg_info
[3.162s] removing '/home/zerda/ros2_ws/install/car_detector/lib/python3.10/site-packages/car_detector-0.0.0-py3.10.egg-info' (and everything under it)
[3.163s] Copying ../../build/car_detector/car_detector.egg-info to /home/zerda/ros2_ws/install/car_detector/lib/python3.10/site-packages/car_detector-0.0.0-py3.10.egg-info
[3.165s] running install_scripts
[3.519s] Installing camera_publisher script to /home/zerda/ros2_ws/install/car_detector/lib/car_detector
[3.519s] Installing car_detection script to /home/zerda/ros2_ws/install/car_detector/lib/car_detector
[3.520s] writing list of installed files to '/home/zerda/ros2_ws/build/car_detector/install.log'
[3.576s] Invoked command in '/home/zerda/ros2_ws/src/car_detector' returned '0': PYTHONPATH=/home/zerda/ros2_ws/build/car_detector/prefix_override:/home/zerda/ros2_ws/install/car_detector/lib/python3.10/site-packages:${PYTHONPATH} /usr/bin/python3 -W ignore:setup.py install is deprecated setup.py egg_info --egg-base ../../build/car_detector build --build-base /home/zerda/ros2_ws/build/car_detector/build install --record /home/zerda/ros2_ws/build/car_detector/install.log --single-version-externally-managed install_data
