[0.031s] Invoking command in '/home/zerda/ros2_ws/build/yolobot_recognition': CMAKE_PREFIX_PATH=${CMAKE_PREFIX_PATH}:/home/zerda/ros2_ws/install/object_detection:/home/zerda/ros2_ws/install/my_py_pkg:/home/zerda/ros2_ws/install/my_object_detection_pkg:/home/zerda/ros2_ws/install/challenge1:/home/zerda/ros2_ws/install/car_detection:/opt/ros/humble /usr/bin/cmake /home/zerda/ros2_ws/src/yolobot_recognition -DCMAKE_INSTALL_PREFIX=/home/zerda/ros2_ws/install/yolobot_recognition
[0.227s] -- The C compiler identification is GNU 11.4.0
[0.391s] -- The CXX compiler identification is GNU 11.4.0
[0.411s] -- Detecting C compiler ABI info
[0.548s] -- Detecting C compiler ABI info - done
[0.563s] -- Check for working C compiler: /usr/bin/cc - skipped
[0.564s] -- Detecting C compile features
[0.565s] -- Detecting C compile features - done
[0.572s] -- Detecting CXX compiler ABI info
[0.727s] -- Detecting CXX compiler ABI info - done
[0.744s] -- Check for working CXX compiler: /usr/bin/c++ - skipped
[0.744s] -- Detecting CXX compile features
[0.745s] -- Detecting CXX compile features - done
[0.760s] -- Found ament_cmake: 1.3.8 (/opt/ros/humble/share/ament_cmake/cmake)
[1.495s] -- Found Python3: /usr/bin/python3 (found version "3.10.12") found components: Interpreter 
[1.725s] -- Found ament_lint_auto: 0.12.10 (/opt/ros/humble/share/ament_lint_auto/cmake)
[1.912s] -- Added test 'copyright' to check source files copyright and LICENSE
[1.916s] -- Added test 'flake8' to check Python code syntax and style conventions
[1.917s] -- Added test 'lint_cmake' to check CMake code style
[1.919s] -- Added test 'pep257' to check Python code against some of the docstring style conventions in PEP 257
[1.921s] -- Added test 'xmllint' to check XML markup files
[1.924s] -- Configuring done
[1.928s] -- Generating done
[1.930s] -- Build files have been written to: /home/zerda/ros2_ws/build/yolobot_recognition
[1.938s] Invoked command in '/home/zerda/ros2_ws/build/yolobot_recognition' returned '0': CMAKE_PREFIX_PATH=${CMAKE_PREFIX_PATH}:/home/zerda/ros2_ws/install/object_detection:/home/zerda/ros2_ws/install/my_py_pkg:/home/zerda/ros2_ws/install/my_object_detection_pkg:/home/zerda/ros2_ws/install/challenge1:/home/zerda/ros2_ws/install/car_detection:/opt/ros/humble /usr/bin/cmake /home/zerda/ros2_ws/src/yolobot_recognition -DCMAKE_INSTALL_PREFIX=/home/zerda/ros2_ws/install/yolobot_recognition
[1.941s] Invoking command in '/home/zerda/ros2_ws/build/yolobot_recognition': CMAKE_PREFIX_PATH=${CMAKE_PREFIX_PATH}:/home/zerda/ros2_ws/install/object_detection:/home/zerda/ros2_ws/install/my_py_pkg:/home/zerda/ros2_ws/install/my_object_detection_pkg:/home/zerda/ros2_ws/install/challenge1:/home/zerda/ros2_ws/install/car_detection:/opt/ros/humble /usr/bin/cmake --build /home/zerda/ros2_ws/build/yolobot_recognition -- -j8 -l8
[2.013s] Invoked command in '/home/zerda/ros2_ws/build/yolobot_recognition' returned '0': CMAKE_PREFIX_PATH=${CMAKE_PREFIX_PATH}:/home/zerda/ros2_ws/install/object_detection:/home/zerda/ros2_ws/install/my_py_pkg:/home/zerda/ros2_ws/install/my_object_detection_pkg:/home/zerda/ros2_ws/install/challenge1:/home/zerda/ros2_ws/install/car_detection:/opt/ros/humble /usr/bin/cmake --build /home/zerda/ros2_ws/build/yolobot_recognition -- -j8 -l8
[2.070s] Invoking command in '/home/zerda/ros2_ws/build/yolobot_recognition': CMAKE_PREFIX_PATH=${CMAKE_PREFIX_PATH}:/home/zerda/ros2_ws/install/object_detection:/home/zerda/ros2_ws/install/my_py_pkg:/home/zerda/ros2_ws/install/my_object_detection_pkg:/home/zerda/ros2_ws/install/challenge1:/home/zerda/ros2_ws/install/car_detection:/opt/ros/humble /usr/bin/cmake --install /home/zerda/ros2_ws/build/yolobot_recognition
[2.085s] -- Install configuration: ""
[2.085s] -- Installing: /home/zerda/ros2_ws/install/yolobot_recognition/share/yolobot_recognition//scripts
[2.085s] -- Installing: /home/zerda/ros2_ws/install/yolobot_recognition/share/yolobot_recognition//scripts/best.pt
[2.125s] -- Installing: /home/zerda/ros2_ws/install/yolobot_recognition/share/yolobot_recognition//scripts/yolov8_ros2_subscriber.py
[2.126s] -- Installing: /home/zerda/ros2_ws/install/yolobot_recognition/share/yolobot_recognition//scripts/yolov8s.pt
[2.167s] -- Installing: /home/zerda/ros2_ws/install/yolobot_recognition/share/yolobot_recognition//scripts/yolov8_ros2_pt.py
[2.167s] -- Installing: /home/zerda/ros2_ws/install/yolobot_recognition/share/yolobot_recognition//scripts/.dockerignore
[2.168s] -- Installing: /home/zerda/ros2_ws/install/yolobot_recognition/share/yolobot_recognition//scripts/.gitattributes
[2.168s] -- Installing: /home/zerda/ros2_ws/install/yolobot_recognition/share/yolobot_recognition//scripts/.gitignore
[2.168s] -- Installing: /home/zerda/ros2_ws/install/yolobot_recognition/share/yolobot_recognition//launch
[2.169s] -- Installing: /home/zerda/ros2_ws/install/yolobot_recognition/share/yolobot_recognition//launch/launch_yolov8.launch.py
[2.169s] -- Installing: /home/zerda/ros2_ws/install/yolobot_recognition/lib/yolobot_recognition/yolov8_ros2_pt.py
[2.169s] -- Installing: /home/zerda/ros2_ws/install/yolobot_recognition/lib/yolobot_recognition/yolov8_ros2_subscriber.py
[2.170s] -- Installing: /home/zerda/ros2_ws/install/yolobot_recognition/lib/yolobot_recognition/launch_yolov8.launch.py
[2.170s] -- Installing: /home/zerda/ros2_ws/install/yolobot_recognition/share/ament_index/resource_index/package_run_dependencies/yolobot_recognition
[2.170s] -- Installing: /home/zerda/ros2_ws/install/yolobot_recognition/share/ament_index/resource_index/parent_prefix_path/yolobot_recognition
[2.171s] -- Installing: /home/zerda/ros2_ws/install/yolobot_recognition/share/yolobot_recognition/environment/ament_prefix_path.sh
[2.171s] -- Installing: /home/zerda/ros2_ws/install/yolobot_recognition/share/yolobot_recognition/environment/ament_prefix_path.dsv
[2.172s] -- Installing: /home/zerda/ros2_ws/install/yolobot_recognition/share/yolobot_recognition/environment/path.sh
[2.172s] -- Installing: /home/zerda/ros2_ws/install/yolobot_recognition/share/yolobot_recognition/environment/path.dsv
[2.172s] -- Installing: /home/zerda/ros2_ws/install/yolobot_recognition/share/yolobot_recognition/local_setup.bash
[2.173s] -- Installing: /home/zerda/ros2_ws/install/yolobot_recognition/share/yolobot_recognition/local_setup.sh
[2.173s] -- Installing: /home/zerda/ros2_ws/install/yolobot_recognition/share/yolobot_recognition/local_setup.zsh
[2.173s] -- Installing: /home/zerda/ros2_ws/install/yolobot_recognition/share/yolobot_recognition/local_setup.dsv
[2.174s] -- Installing: /home/zerda/ros2_ws/install/yolobot_recognition/share/yolobot_recognition/package.dsv
[2.174s] -- Installing: /home/zerda/ros2_ws/install/yolobot_recognition/share/ament_index/resource_index/packages/yolobot_recognition
[2.175s] -- Installing: /home/zerda/ros2_ws/install/yolobot_recognition/share/yolobot_recognition/cmake/yolobot_recognitionConfig.cmake
[2.175s] -- Installing: /home/zerda/ros2_ws/install/yolobot_recognition/share/yolobot_recognition/cmake/yolobot_recognitionConfig-version.cmake
[2.175s] -- Installing: /home/zerda/ros2_ws/install/yolobot_recognition/share/yolobot_recognition/package.xml
[2.179s] Invoked command in '/home/zerda/ros2_ws/build/yolobot_recognition' returned '0': CMAKE_PREFIX_PATH=${CMAKE_PREFIX_PATH}:/home/zerda/ros2_ws/install/object_detection:/home/zerda/ros2_ws/install/my_py_pkg:/home/zerda/ros2_ws/install/my_object_detection_pkg:/home/zerda/ros2_ws/install/challenge1:/home/zerda/ros2_ws/install/car_detection:/opt/ros/humble /usr/bin/cmake --install /home/zerda/ros2_ws/build/yolobot_recognition
