[0.975s] Invoking command in '/home/zerda/ros2_ws/build/aruco': CMAKE_PREFIX_PATH=${CMAKE_PREFIX_PATH}:/home/zerda/ros2_ws/install/my_py_pkg:/home/zerda/ros2_ws/install/image_processing:/home/zerda/ros2_ws/install/challenge1:/opt/ros/humble /usr/bin/cmake /home/zerda/ros2_ws/src/aruco_ros2/aruco -DCMAKE_INSTALL_PREFIX=/home/zerda/ros2_ws/install/aruco
[1.027s] -- Found ament_cmake_ros: 0.10.0 (/opt/ros/humble/share/ament_cmake_ros/cmake)
[1.547s] -- Found rclcpp: 16.0.7 (/opt/ros/humble/share/rclcpp/cmake)
[1.682s] -- Found rosidl_generator_c: 3.1.5 (/opt/ros/humble/share/rosidl_generator_c/cmake)
[1.693s] -- Found rosidl_adapter: 3.1.5 (/opt/ros/humble/share/rosidl_adapter/cmake)
[1.717s] -- Found rosidl_generator_cpp: 3.1.5 (/opt/ros/humble/share/rosidl_generator_cpp/cmake)
[1.766s] -- Using all available rosidl_typesupport_c: rosidl_typesupport_fastrtps_c;rosidl_typesupport_introspection_c
[1.831s] -- Using all available rosidl_typesupport_cpp: rosidl_typesupport_fastrtps_cpp;rosidl_typesupport_introspection_cpp
[2.110s] -- Found rmw_implementation_cmake: 6.1.1 (/opt/ros/humble/share/rmw_implementation_cmake/cmake)
[2.111s] -- Found rmw_fastrtps_cpp: 6.2.5 (/opt/ros/humble/share/rmw_fastrtps_cpp/cmake)
[2.550s] -- Using RMW implementation 'rmw_fastrtps_cpp' as default
[3.236s] -- Found sensor_msgs: 4.2.3 (/opt/ros/humble/share/sensor_msgs/cmake)
[3.638s] -- Configuring incomplete, errors occurred!
[3.638s] See also "/home/zerda/ros2_ws/build/aruco/CMakeFiles/CMakeOutput.log".
[3.639s] [31mCMake Error at CMakeLists.txt:21 (find_package):
[3.639s]   Could not find a configuration file for package "OpenCV" that is compatible
[3.640s]   with requested version "3".
[3.641s] 
[3.641s]   The following configuration files were considered but not accepted:
[3.641s] 
[3.642s]     /usr/lib/x86_64-linux-gnu/cmake/opencv4/OpenCVConfig.cmake, version: 4.5.4
[3.642s]     /lib/x86_64-linux-gnu/cmake/opencv4/OpenCVConfig.cmake, version: 4.5.4
[3.642s] 
[3.643s] 
[3.643s] [0m
[3.848s] Invoked command in '/home/zerda/ros2_ws/build/aruco' returned '1': CMAKE_PREFIX_PATH=${CMAKE_PREFIX_PATH}:/home/zerda/ros2_ws/install/my_py_pkg:/home/zerda/ros2_ws/install/image_processing:/home/zerda/ros2_ws/install/challenge1:/opt/ros/humble /usr/bin/cmake /home/zerda/ros2_ws/src/aruco_ros2/aruco -DCMAKE_INSTALL_PREFIX=/home/zerda/ros2_ws/install/aruco
