[2.014s] Invoking command in '/home/zerda/ros2_ws/src/people_detector': PYTHONPATH=/home/zerda/ros2_ws/build/people_detector/prefix_override:/home/zerda/ros2_ws/install/people_detector/lib/python3.10/site-packages:${PYTHONPATH} /usr/bin/python3 -W ignore:setup.py install is deprecated setup.py egg_info --egg-base ../../build/people_detector build --build-base /home/zerda/ros2_ws/build/people_detector/build install --record /home/zerda/ros2_ws/build/people_detector/install.log --single-version-externally-managed install_data
[2.574s] running egg_info
[2.610s] writing ../../build/people_detector/people_detector.egg-info/PKG-INFO
[2.618s] writing dependency_links to ../../build/people_detector/people_detector.egg-info/dependency_links.txt
[2.618s] writing entry points to ../../build/people_detector/people_detector.egg-info/entry_points.txt
[2.619s] writing requirements to ../../build/people_detector/people_detector.egg-info/requires.txt
[2.619s] writing top-level names to ../../build/people_detector/people_detector.egg-info/top_level.txt
[2.694s] reading manifest file '../../build/people_detector/people_detector.egg-info/SOURCES.txt'
[2.696s] writing manifest file '../../build/people_detector/people_detector.egg-info/SOURCES.txt'
[2.697s] running build
[2.697s] running build_py
[2.697s] copying people_detector/people_detect.py -> /home/zerda/ros2_ws/build/people_detector/build/lib/people_detector
[2.698s] copying people_detector/__init__.py -> /home/zerda/ros2_ws/build/people_detector/build/lib/people_detector
[2.698s] copying people_detector/video_pub.py -> /home/zerda/ros2_ws/build/people_detector/build/lib/people_detector
[2.699s] running install
[2.712s] running install_lib
[2.750s] copying /home/zerda/ros2_ws/build/people_detector/build/lib/people_detector/people_detect.py -> /home/zerda/ros2_ws/install/people_detector/lib/python3.10/site-packages/people_detector
[2.752s] byte-compiling /home/zerda/ros2_ws/install/people_detector/lib/python3.10/site-packages/people_detector/people_detect.py to people_detect.cpython-310.pyc
[2.754s] running install_data
[2.754s] copying resource/people_detector -> /home/zerda/ros2_ws/install/people_detector/share/ament_index/resource_index/packages
[2.755s] copying package.xml -> /home/zerda/ros2_ws/install/people_detector/share/people_detector
[2.755s] copying launch/people_detection.py -> /home/zerda/ros2_ws/install/people_detector/share/people_detector
[2.756s] copying data/yolov8n.pt -> /home/zerda/ros2_ws/install/people_detector/share/people_detector
[2.772s] copying data/video.mp4 -> /home/zerda/ros2_ws/install/people_detector/share/people_detector
[2.810s] running install_egg_info
[2.851s] removing '/home/zerda/ros2_ws/install/people_detector/lib/python3.10/site-packages/people_detector-0.0.0-py3.10.egg-info' (and everything under it)
[2.851s] Copying ../../build/people_detector/people_detector.egg-info to /home/zerda/ros2_ws/install/people_detector/lib/python3.10/site-packages/people_detector-0.0.0-py3.10.egg-info
[2.853s] running install_scripts
[3.177s] Installing people_detect_subscriber script to /home/zerda/ros2_ws/install/people_detector/lib/people_detector
[3.178s] Installing video_publisher script to /home/zerda/ros2_ws/install/people_detector/lib/people_detector
[3.178s] writing list of installed files to '/home/zerda/ros2_ws/build/people_detector/install.log'
[3.229s] Invoked command in '/home/zerda/ros2_ws/src/people_detector' returned '0': PYTHONPATH=/home/zerda/ros2_ws/build/people_detector/prefix_override:/home/zerda/ros2_ws/install/people_detector/lib/python3.10/site-packages:${PYTHONPATH} /usr/bin/python3 -W ignore:setup.py install is deprecated setup.py egg_info --egg-base ../../build/people_detector build --build-base /home/zerda/ros2_ws/build/people_detector/build install --record /home/zerda/ros2_ws/build/people_detector/install.log --single-version-externally-managed install_data
