[1.988s] DEBUG:colcon:Command line arguments: ['/usr/bin/colcon', 'build']
[1.988s] DEBUG:colcon:Parsed command line arguments: Namespace(log_base=None, log_level=None, verb_name='build', build_base='build', install_base='install', merge_install=False, symlink_install=False, test_result_base=None, continue_on_error=False, executor='parallel', parallel_workers=8, event_handlers=None, ignore_user_meta=False, metas=['./colcon.meta'], base_paths=['.'], packages_ignore=None, packages_ignore_regex=None, paths=None, packages_up_to=None, packages_up_to_regex=None, packages_above=None, packages_above_and_dependencies=None, packages_above_depth=None, packages_select_by_dep=None, packages_skip_by_dep=None, packages_skip_up_to=None, packages_select_build_failed=False, packages_skip_build_finished=False, packages_select_test_failures=False, packages_skip_test_passed=False, packages_select=None, packages_skip=None, packages_select_regex=None, packages_skip_regex=None, packages_start=None, packages_end=None, allow_overriding=[], cmake_args=None, cmake_target=None, cmake_target_skip_unavailable=False, cmake_clean_cache=False, cmake_clean_first=False, cmake_force_configure=False, ament_cmake_args=None, catkin_cmake_args=None, catkin_skip_building_tests=False, verb_parser=<colcon_defaults.argument_parser.defaults.DefaultArgumentsDecorator object at 0x7fdc827c8a00>, verb_extension=<colcon_core.verb.build.BuildVerb object at 0x7fdc82bd3a90>, main=<bound method BuildVerb.main of <colcon_core.verb.build.BuildVerb object at 0x7fdc82bd3a90>>)
[2.079s] Level 1:colcon.colcon_core.package_discovery:discover_packages(colcon_meta) check parameters
[2.079s] Level 1:colcon.colcon_core.package_discovery:discover_packages(recursive) check parameters
[2.079s] Level 1:colcon.colcon_core.package_discovery:discover_packages(ignore) check parameters
[2.079s] Level 1:colcon.colcon_core.package_discovery:discover_packages(path) check parameters
[2.079s] Level 1:colcon.colcon_core.package_discovery:discover_packages(colcon_meta) discover
[2.079s] Level 1:colcon.colcon_core.package_discovery:discover_packages(recursive) discover
[2.080s] INFO:colcon.colcon_core.package_discovery:Crawling recursively for packages in '/home/zerda/ros2_ws'
[2.080s] Level 1:colcon.colcon_core.package_identification:_identify(.) by extensions ['ignore', 'ignore_ament_install']
[2.080s] Level 1:colcon.colcon_core.package_identification:_identify(.) by extension 'ignore'
[2.080s] Level 1:colcon.colcon_core.package_identification:_identify(.) by extension 'ignore_ament_install'
[2.080s] Level 1:colcon.colcon_core.package_identification:_identify(.) by extensions ['colcon_pkg']
[2.080s] Level 1:colcon.colcon_core.package_identification:_identify(.) by extension 'colcon_pkg'
[2.080s] Level 1:colcon.colcon_core.package_identification:_identify(.) by extensions ['colcon_meta']
[2.080s] Level 1:colcon.colcon_core.package_identification:_identify(.) by extension 'colcon_meta'
[2.081s] Level 1:colcon.colcon_core.package_identification:_identify(.) by extensions ['ros']
[2.081s] Level 1:colcon.colcon_core.package_identification:_identify(.) by extension 'ros'
[2.104s] Level 1:colcon.colcon_core.package_identification:_identify(.) by extensions ['cmake', 'python']
[2.104s] Level 1:colcon.colcon_core.package_identification:_identify(.) by extension 'cmake'
[2.104s] Level 1:colcon.colcon_core.package_identification:_identify(.) by extension 'python'
[2.104s] Level 1:colcon.colcon_core.package_identification:_identify(.) by extensions ['python_setup_py']
[2.104s] Level 1:colcon.colcon_core.package_identification:_identify(.) by extension 'python_setup_py'
[2.104s] Level 1:colcon.colcon_core.package_identification:_identify(build) by extensions ['ignore', 'ignore_ament_install']
[2.105s] Level 1:colcon.colcon_core.package_identification:_identify(build) by extension 'ignore'
[2.105s] Level 1:colcon.colcon_core.package_identification:_identify(build) ignored
[2.105s] Level 1:colcon.colcon_core.package_identification:_identify(install) by extensions ['ignore', 'ignore_ament_install']
[2.105s] Level 1:colcon.colcon_core.package_identification:_identify(install) by extension 'ignore'
[2.105s] Level 1:colcon.colcon_core.package_identification:_identify(install) ignored
[2.106s] Level 1:colcon.colcon_core.package_identification:_identify(log) by extensions ['ignore', 'ignore_ament_install']
[2.106s] Level 1:colcon.colcon_core.package_identification:_identify(log) by extension 'ignore'
[2.106s] Level 1:colcon.colcon_core.package_identification:_identify(log) ignored
[2.106s] Level 1:colcon.colcon_core.package_identification:_identify(src) by extensions ['ignore', 'ignore_ament_install']
[2.106s] Level 1:colcon.colcon_core.package_identification:_identify(src) by extension 'ignore'
[2.107s] Level 1:colcon.colcon_core.package_identification:_identify(src) by extension 'ignore_ament_install'
[2.107s] Level 1:colcon.colcon_core.package_identification:_identify(src) by extensions ['colcon_pkg']
[2.107s] Level 1:colcon.colcon_core.package_identification:_identify(src) by extension 'colcon_pkg'
[2.107s] Level 1:colcon.colcon_core.package_identification:_identify(src) by extensions ['colcon_meta']
[2.107s] Level 1:colcon.colcon_core.package_identification:_identify(src) by extension 'colcon_meta'
[2.107s] Level 1:colcon.colcon_core.package_identification:_identify(src) by extensions ['ros']
[2.107s] Level 1:colcon.colcon_core.package_identification:_identify(src) by extension 'ros'
[2.107s] Level 1:colcon.colcon_core.package_identification:_identify(src) by extensions ['cmake', 'python']
[2.107s] Level 1:colcon.colcon_core.package_identification:_identify(src) by extension 'cmake'
[2.107s] Level 1:colcon.colcon_core.package_identification:_identify(src) by extension 'python'
[2.108s] Level 1:colcon.colcon_core.package_identification:_identify(src) by extensions ['python_setup_py']
[2.108s] Level 1:colcon.colcon_core.package_identification:_identify(src) by extension 'python_setup_py'
[2.108s] Level 1:colcon.colcon_core.package_identification:_identify(src/aruco_ros2) by extensions ['ignore', 'ignore_ament_install']
[2.108s] Level 1:colcon.colcon_core.package_identification:_identify(src/aruco_ros2) by extension 'ignore'
[2.108s] Level 1:colcon.colcon_core.package_identification:_identify(src/aruco_ros2) by extension 'ignore_ament_install'
[2.108s] Level 1:colcon.colcon_core.package_identification:_identify(src/aruco_ros2) by extensions ['colcon_pkg']
[2.108s] Level 1:colcon.colcon_core.package_identification:_identify(src/aruco_ros2) by extension 'colcon_pkg'
[2.108s] Level 1:colcon.colcon_core.package_identification:_identify(src/aruco_ros2) by extensions ['colcon_meta']
[2.108s] Level 1:colcon.colcon_core.package_identification:_identify(src/aruco_ros2) by extension 'colcon_meta'
[2.109s] Level 1:colcon.colcon_core.package_identification:_identify(src/aruco_ros2) by extensions ['ros']
[2.109s] Level 1:colcon.colcon_core.package_identification:_identify(src/aruco_ros2) by extension 'ros'
[2.109s] Level 1:colcon.colcon_core.package_identification:_identify(src/aruco_ros2) by extensions ['cmake', 'python']
[2.109s] Level 1:colcon.colcon_core.package_identification:_identify(src/aruco_ros2) by extension 'cmake'
[2.109s] Level 1:colcon.colcon_core.package_identification:_identify(src/aruco_ros2) by extension 'python'
[2.109s] Level 1:colcon.colcon_core.package_identification:_identify(src/aruco_ros2) by extensions ['python_setup_py']
[2.109s] Level 1:colcon.colcon_core.package_identification:_identify(src/aruco_ros2) by extension 'python_setup_py'
[2.109s] Level 1:colcon.colcon_core.package_identification:_identify(src/aruco_ros2/Docker) by extensions ['ignore', 'ignore_ament_install']
[2.110s] Level 1:colcon.colcon_core.package_identification:_identify(src/aruco_ros2/Docker) by extension 'ignore'
[2.110s] Level 1:colcon.colcon_core.package_identification:_identify(src/aruco_ros2/Docker) by extension 'ignore_ament_install'
[2.110s] Level 1:colcon.colcon_core.package_identification:_identify(src/aruco_ros2/Docker) by extensions ['colcon_pkg']
[2.110s] Level 1:colcon.colcon_core.package_identification:_identify(src/aruco_ros2/Docker) by extension 'colcon_pkg'
[2.110s] Level 1:colcon.colcon_core.package_identification:_identify(src/aruco_ros2/Docker) by extensions ['colcon_meta']
[2.110s] Level 1:colcon.colcon_core.package_identification:_identify(src/aruco_ros2/Docker) by extension 'colcon_meta'
[2.110s] Level 1:colcon.colcon_core.package_identification:_identify(src/aruco_ros2/Docker) by extensions ['ros']
[2.110s] Level 1:colcon.colcon_core.package_identification:_identify(src/aruco_ros2/Docker) by extension 'ros'
[2.110s] Level 1:colcon.colcon_core.package_identification:_identify(src/aruco_ros2/Docker) by extensions ['cmake', 'python']
[2.110s] Level 1:colcon.colcon_core.package_identification:_identify(src/aruco_ros2/Docker) by extension 'cmake'
[2.110s] Level 1:colcon.colcon_core.package_identification:_identify(src/aruco_ros2/Docker) by extension 'python'
[2.111s] Level 1:colcon.colcon_core.package_identification:_identify(src/aruco_ros2/Docker) by extensions ['python_setup_py']
[2.111s] Level 1:colcon.colcon_core.package_identification:_identify(src/aruco_ros2/Docker) by extension 'python_setup_py'
[2.111s] Level 1:colcon.colcon_core.package_identification:_identify(src/aruco_ros2/aruco) by extensions ['ignore', 'ignore_ament_install']
[2.111s] Level 1:colcon.colcon_core.package_identification:_identify(src/aruco_ros2/aruco) by extension 'ignore'
[2.111s] Level 1:colcon.colcon_core.package_identification:_identify(src/aruco_ros2/aruco) by extension 'ignore_ament_install'
[2.111s] Level 1:colcon.colcon_core.package_identification:_identify(src/aruco_ros2/aruco) by extensions ['colcon_pkg']
[2.111s] Level 1:colcon.colcon_core.package_identification:_identify(src/aruco_ros2/aruco) by extension 'colcon_pkg'
[2.111s] Level 1:colcon.colcon_core.package_identification:_identify(src/aruco_ros2/aruco) by extensions ['colcon_meta']
[2.111s] Level 1:colcon.colcon_core.package_identification:_identify(src/aruco_ros2/aruco) by extension 'colcon_meta'
[2.111s] Level 1:colcon.colcon_core.package_identification:_identify(src/aruco_ros2/aruco) by extensions ['ros']
[2.112s] Level 1:colcon.colcon_core.package_identification:_identify(src/aruco_ros2/aruco) by extension 'ros'
[2.117s] DEBUG:colcon.colcon_core.package_identification:Package 'src/aruco_ros2/aruco' with type 'ros.ament_cmake' and name 'aruco'
[2.117s] Level 1:colcon.colcon_core.package_identification:_identify(src/aruco_ros2/aruco_msgs) by extensions ['ignore', 'ignore_ament_install']
[2.118s] Level 1:colcon.colcon_core.package_identification:_identify(src/aruco_ros2/aruco_msgs) by extension 'ignore'
[2.118s] Level 1:colcon.colcon_core.package_identification:_identify(src/aruco_ros2/aruco_msgs) by extension 'ignore_ament_install'
[2.118s] Level 1:colcon.colcon_core.package_identification:_identify(src/aruco_ros2/aruco_msgs) by extensions ['colcon_pkg']
[2.118s] Level 1:colcon.colcon_core.package_identification:_identify(src/aruco_ros2/aruco_msgs) by extension 'colcon_pkg'
[2.118s] Level 1:colcon.colcon_core.package_identification:_identify(src/aruco_ros2/aruco_msgs) by extensions ['colcon_meta']
[2.118s] Level 1:colcon.colcon_core.package_identification:_identify(src/aruco_ros2/aruco_msgs) by extension 'colcon_meta'
[2.118s] Level 1:colcon.colcon_core.package_identification:_identify(src/aruco_ros2/aruco_msgs) by extensions ['ros']
[2.118s] Level 1:colcon.colcon_core.package_identification:_identify(src/aruco_ros2/aruco_msgs) by extension 'ros'
[2.119s] DEBUG:colcon.colcon_core.package_identification:Package 'src/aruco_ros2/aruco_msgs' with type 'ros.ament_cmake' and name 'aruco_msgs'
[2.120s] Level 1:colcon.colcon_core.package_identification:_identify(src/aruco_ros2/aruco_ros2) by extensions ['ignore', 'ignore_ament_install']
[2.120s] Level 1:colcon.colcon_core.package_identification:_identify(src/aruco_ros2/aruco_ros2) by extension 'ignore'
[2.120s] Level 1:colcon.colcon_core.package_identification:_identify(src/aruco_ros2/aruco_ros2) by extension 'ignore_ament_install'
[2.120s] Level 1:colcon.colcon_core.package_identification:_identify(src/aruco_ros2/aruco_ros2) by extensions ['colcon_pkg']
[2.120s] Level 1:colcon.colcon_core.package_identification:_identify(src/aruco_ros2/aruco_ros2) by extension 'colcon_pkg'
[2.120s] Level 1:colcon.colcon_core.package_identification:_identify(src/aruco_ros2/aruco_ros2) by extensions ['colcon_meta']
[2.120s] Level 1:colcon.colcon_core.package_identification:_identify(src/aruco_ros2/aruco_ros2) by extension 'colcon_meta'
[2.120s] Level 1:colcon.colcon_core.package_identification:_identify(src/aruco_ros2/aruco_ros2) by extensions ['ros']
[2.120s] Level 1:colcon.colcon_core.package_identification:_identify(src/aruco_ros2/aruco_ros2) by extension 'ros'
[2.123s] DEBUG:colcon.colcon_core.package_identification:Package 'src/aruco_ros2/aruco_ros2' with type 'ros.ament_cmake' and name 'aruco_ros2'
[2.124s] Level 1:colcon.colcon_core.package_identification:_identify(src/aruco_ros2/docs) by extensions ['ignore', 'ignore_ament_install']
[2.124s] Level 1:colcon.colcon_core.package_identification:_identify(src/aruco_ros2/docs) by extension 'ignore'
[2.124s] Level 1:colcon.colcon_core.package_identification:_identify(src/aruco_ros2/docs) by extension 'ignore_ament_install'
[2.124s] Level 1:colcon.colcon_core.package_identification:_identify(src/aruco_ros2/docs) by extensions ['colcon_pkg']
[2.124s] Level 1:colcon.colcon_core.package_identification:_identify(src/aruco_ros2/docs) by extension 'colcon_pkg'
[2.124s] Level 1:colcon.colcon_core.package_identification:_identify(src/aruco_ros2/docs) by extensions ['colcon_meta']
[2.124s] Level 1:colcon.colcon_core.package_identification:_identify(src/aruco_ros2/docs) by extension 'colcon_meta'
[2.124s] Level 1:colcon.colcon_core.package_identification:_identify(src/aruco_ros2/docs) by extensions ['ros']
[2.124s] Level 1:colcon.colcon_core.package_identification:_identify(src/aruco_ros2/docs) by extension 'ros'
[2.125s] Level 1:colcon.colcon_core.package_identification:_identify(src/aruco_ros2/docs) by extensions ['cmake', 'python']
[2.125s] Level 1:colcon.colcon_core.package_identification:_identify(src/aruco_ros2/docs) by extension 'cmake'
[2.125s] Level 1:colcon.colcon_core.package_identification:_identify(src/aruco_ros2/docs) by extension 'python'
[2.125s] Level 1:colcon.colcon_core.package_identification:_identify(src/aruco_ros2/docs) by extensions ['python_setup_py']
[2.125s] Level 1:colcon.colcon_core.package_identification:_identify(src/aruco_ros2/docs) by extension 'python_setup_py'
[2.126s] Level 1:colcon.colcon_core.package_identification:_identify(src/aruco_ros2/docs/html) by extensions ['ignore', 'ignore_ament_install']
[2.126s] Level 1:colcon.colcon_core.package_identification:_identify(src/aruco_ros2/docs/html) by extension 'ignore'
[2.126s] Level 1:colcon.colcon_core.package_identification:_identify(src/aruco_ros2/docs/html) by extension 'ignore_ament_install'
[2.126s] Level 1:colcon.colcon_core.package_identification:_identify(src/aruco_ros2/docs/html) by extensions ['colcon_pkg']
[2.126s] Level 1:colcon.colcon_core.package_identification:_identify(src/aruco_ros2/docs/html) by extension 'colcon_pkg'
[2.126s] Level 1:colcon.colcon_core.package_identification:_identify(src/aruco_ros2/docs/html) by extensions ['colcon_meta']
[2.127s] Level 1:colcon.colcon_core.package_identification:_identify(src/aruco_ros2/docs/html) by extension 'colcon_meta'
[2.127s] Level 1:colcon.colcon_core.package_identification:_identify(src/aruco_ros2/docs/html) by extensions ['ros']
[2.127s] Level 1:colcon.colcon_core.package_identification:_identify(src/aruco_ros2/docs/html) by extension 'ros'
[2.127s] Level 1:colcon.colcon_core.package_identification:_identify(src/aruco_ros2/docs/html) by extensions ['cmake', 'python']
[2.127s] Level 1:colcon.colcon_core.package_identification:_identify(src/aruco_ros2/docs/html) by extension 'cmake'
[2.127s] Level 1:colcon.colcon_core.package_identification:_identify(src/aruco_ros2/docs/html) by extension 'python'
[2.127s] Level 1:colcon.colcon_core.package_identification:_identify(src/aruco_ros2/docs/html) by extensions ['python_setup_py']
[2.127s] Level 1:colcon.colcon_core.package_identification:_identify(src/aruco_ros2/docs/html) by extension 'python_setup_py'
[2.128s] Level 1:colcon.colcon_core.package_identification:_identify(src/aruco_ros2/docs/html/search) by extensions ['ignore', 'ignore_ament_install']
[2.128s] Level 1:colcon.colcon_core.package_identification:_identify(src/aruco_ros2/docs/html/search) by extension 'ignore'
[2.128s] Level 1:colcon.colcon_core.package_identification:_identify(src/aruco_ros2/docs/html/search) by extension 'ignore_ament_install'
[2.128s] Level 1:colcon.colcon_core.package_identification:_identify(src/aruco_ros2/docs/html/search) by extensions ['colcon_pkg']
[2.128s] Level 1:colcon.colcon_core.package_identification:_identify(src/aruco_ros2/docs/html/search) by extension 'colcon_pkg'
[2.128s] Level 1:colcon.colcon_core.package_identification:_identify(src/aruco_ros2/docs/html/search) by extensions ['colcon_meta']
[2.128s] Level 1:colcon.colcon_core.package_identification:_identify(src/aruco_ros2/docs/html/search) by extension 'colcon_meta'
[2.128s] Level 1:colcon.colcon_core.package_identification:_identify(src/aruco_ros2/docs/html/search) by extensions ['ros']
[2.128s] Level 1:colcon.colcon_core.package_identification:_identify(src/aruco_ros2/docs/html/search) by extension 'ros'
[2.129s] Level 1:colcon.colcon_core.package_identification:_identify(src/aruco_ros2/docs/html/search) by extensions ['cmake', 'python']
[2.129s] Level 1:colcon.colcon_core.package_identification:_identify(src/aruco_ros2/docs/html/search) by extension 'cmake'
[2.129s] Level 1:colcon.colcon_core.package_identification:_identify(src/aruco_ros2/docs/html/search) by extension 'python'
[2.129s] Level 1:colcon.colcon_core.package_identification:_identify(src/aruco_ros2/docs/html/search) by extensions ['python_setup_py']
[2.129s] Level 1:colcon.colcon_core.package_identification:_identify(src/aruco_ros2/docs/html/search) by extension 'python_setup_py'
[2.129s] Level 1:colcon.colcon_core.package_identification:_identify(src/aruco_ros2/docs/latex) by extensions ['ignore', 'ignore_ament_install']
[2.130s] Level 1:colcon.colcon_core.package_identification:_identify(src/aruco_ros2/docs/latex) by extension 'ignore'
[2.130s] Level 1:colcon.colcon_core.package_identification:_identify(src/aruco_ros2/docs/latex) by extension 'ignore_ament_install'
[2.130s] Level 1:colcon.colcon_core.package_identification:_identify(src/aruco_ros2/docs/latex) by extensions ['colcon_pkg']
[2.130s] Level 1:colcon.colcon_core.package_identification:_identify(src/aruco_ros2/docs/latex) by extension 'colcon_pkg'
[2.130s] Level 1:colcon.colcon_core.package_identification:_identify(src/aruco_ros2/docs/latex) by extensions ['colcon_meta']
[2.130s] Level 1:colcon.colcon_core.package_identification:_identify(src/aruco_ros2/docs/latex) by extension 'colcon_meta'
[2.130s] Level 1:colcon.colcon_core.package_identification:_identify(src/aruco_ros2/docs/latex) by extensions ['ros']
[2.130s] Level 1:colcon.colcon_core.package_identification:_identify(src/aruco_ros2/docs/latex) by extension 'ros'
[2.130s] Level 1:colcon.colcon_core.package_identification:_identify(src/aruco_ros2/docs/latex) by extensions ['cmake', 'python']
[2.130s] Level 1:colcon.colcon_core.package_identification:_identify(src/aruco_ros2/docs/latex) by extension 'cmake'
[2.131s] Level 1:colcon.colcon_core.package_identification:_identify(src/aruco_ros2/docs/latex) by extension 'python'
[2.131s] Level 1:colcon.colcon_core.package_identification:_identify(src/aruco_ros2/docs/latex) by extensions ['python_setup_py']
[2.131s] Level 1:colcon.colcon_core.package_identification:_identify(src/aruco_ros2/docs/latex) by extension 'python_setup_py'
[2.131s] Level 1:colcon.colcon_core.package_identification:_identify(src/aruco_ros2/readdoc) by extensions ['ignore', 'ignore_ament_install']
[2.131s] Level 1:colcon.colcon_core.package_identification:_identify(src/aruco_ros2/readdoc) by extension 'ignore'
[2.131s] Level 1:colcon.colcon_core.package_identification:_identify(src/aruco_ros2/readdoc) by extension 'ignore_ament_install'
[2.131s] Level 1:colcon.colcon_core.package_identification:_identify(src/aruco_ros2/readdoc) by extensions ['colcon_pkg']
[2.131s] Level 1:colcon.colcon_core.package_identification:_identify(src/aruco_ros2/readdoc) by extension 'colcon_pkg'
[2.131s] Level 1:colcon.colcon_core.package_identification:_identify(src/aruco_ros2/readdoc) by extensions ['colcon_meta']
[2.132s] Level 1:colcon.colcon_core.package_identification:_identify(src/aruco_ros2/readdoc) by extension 'colcon_meta'
[2.132s] Level 1:colcon.colcon_core.package_identification:_identify(src/aruco_ros2/readdoc) by extensions ['ros']
[2.132s] Level 1:colcon.colcon_core.package_identification:_identify(src/aruco_ros2/readdoc) by extension 'ros'
[2.132s] Level 1:colcon.colcon_core.package_identification:_identify(src/aruco_ros2/readdoc) by extensions ['cmake', 'python']
[2.132s] Level 1:colcon.colcon_core.package_identification:_identify(src/aruco_ros2/readdoc) by extension 'cmake'
[2.132s] Level 1:colcon.colcon_core.package_identification:_identify(src/aruco_ros2/readdoc) by extension 'python'
[2.132s] Level 1:colcon.colcon_core.package_identification:_identify(src/aruco_ros2/readdoc) by extensions ['python_setup_py']
[2.132s] Level 1:colcon.colcon_core.package_identification:_identify(src/aruco_ros2/readdoc) by extension 'python_setup_py'
[2.132s] Level 1:colcon.colcon_core.package_identification:_identify(src/aruco_ros2/readdoc/build) by extensions ['ignore', 'ignore_ament_install']
[2.132s] Level 1:colcon.colcon_core.package_identification:_identify(src/aruco_ros2/readdoc/build) by extension 'ignore'
[2.133s] Level 1:colcon.colcon_core.package_identification:_identify(src/aruco_ros2/readdoc/build) by extension 'ignore_ament_install'
[2.133s] Level 1:colcon.colcon_core.package_identification:_identify(src/aruco_ros2/readdoc/build) by extensions ['colcon_pkg']
[2.133s] Level 1:colcon.colcon_core.package_identification:_identify(src/aruco_ros2/readdoc/build) by extension 'colcon_pkg'
[2.133s] Level 1:colcon.colcon_core.package_identification:_identify(src/aruco_ros2/readdoc/build) by extensions ['colcon_meta']
[2.133s] Level 1:colcon.colcon_core.package_identification:_identify(src/aruco_ros2/readdoc/build) by extension 'colcon_meta'
[2.133s] Level 1:colcon.colcon_core.package_identification:_identify(src/aruco_ros2/readdoc/build) by extensions ['ros']
[2.133s] Level 1:colcon.colcon_core.package_identification:_identify(src/aruco_ros2/readdoc/build) by extension 'ros'
[2.133s] Level 1:colcon.colcon_core.package_identification:_identify(src/aruco_ros2/readdoc/build) by extensions ['cmake', 'python']
[2.133s] Level 1:colcon.colcon_core.package_identification:_identify(src/aruco_ros2/readdoc/build) by extension 'cmake'
[2.133s] Level 1:colcon.colcon_core.package_identification:_identify(src/aruco_ros2/readdoc/build) by extension 'python'
[2.133s] Level 1:colcon.colcon_core.package_identification:_identify(src/aruco_ros2/readdoc/build) by extensions ['python_setup_py']
[2.133s] Level 1:colcon.colcon_core.package_identification:_identify(src/aruco_ros2/readdoc/build) by extension 'python_setup_py'
[2.134s] Level 1:colcon.colcon_core.package_identification:_identify(src/aruco_ros2/readdoc/build/doctrees) by extensions ['ignore', 'ignore_ament_install']
[2.134s] Level 1:colcon.colcon_core.package_identification:_identify(src/aruco_ros2/readdoc/build/doctrees) by extension 'ignore'
[2.134s] Level 1:colcon.colcon_core.package_identification:_identify(src/aruco_ros2/readdoc/build/doctrees) by extension 'ignore_ament_install'
[2.134s] Level 1:colcon.colcon_core.package_identification:_identify(src/aruco_ros2/readdoc/build/doctrees) by extensions ['colcon_pkg']
[2.134s] Level 1:colcon.colcon_core.package_identification:_identify(src/aruco_ros2/readdoc/build/doctrees) by extension 'colcon_pkg'
[2.134s] Level 1:colcon.colcon_core.package_identification:_identify(src/aruco_ros2/readdoc/build/doctrees) by extensions ['colcon_meta']
[2.134s] Level 1:colcon.colcon_core.package_identification:_identify(src/aruco_ros2/readdoc/build/doctrees) by extension 'colcon_meta'
[2.135s] Level 1:colcon.colcon_core.package_identification:_identify(src/aruco_ros2/readdoc/build/doctrees) by extensions ['ros']
[2.135s] Level 1:colcon.colcon_core.package_identification:_identify(src/aruco_ros2/readdoc/build/doctrees) by extension 'ros'
[2.135s] Level 1:colcon.colcon_core.package_identification:_identify(src/aruco_ros2/readdoc/build/doctrees) by extensions ['cmake', 'python']
[2.135s] Level 1:colcon.colcon_core.package_identification:_identify(src/aruco_ros2/readdoc/build/doctrees) by extension 'cmake'
[2.135s] Level 1:colcon.colcon_core.package_identification:_identify(src/aruco_ros2/readdoc/build/doctrees) by extension 'python'
[2.135s] Level 1:colcon.colcon_core.package_identification:_identify(src/aruco_ros2/readdoc/build/doctrees) by extensions ['python_setup_py']
[2.135s] Level 1:colcon.colcon_core.package_identification:_identify(src/aruco_ros2/readdoc/build/doctrees) by extension 'python_setup_py'
[2.135s] Level 1:colcon.colcon_core.package_identification:_identify(src/aruco_ros2/readdoc/build/html) by extensions ['ignore', 'ignore_ament_install']
[2.136s] Level 1:colcon.colcon_core.package_identification:_identify(src/aruco_ros2/readdoc/build/html) by extension 'ignore'
[2.136s] Level 1:colcon.colcon_core.package_identification:_identify(src/aruco_ros2/readdoc/build/html) by extension 'ignore_ament_install'
[2.136s] Level 1:colcon.colcon_core.package_identification:_identify(src/aruco_ros2/readdoc/build/html) by extensions ['colcon_pkg']
[2.136s] Level 1:colcon.colcon_core.package_identification:_identify(src/aruco_ros2/readdoc/build/html) by extension 'colcon_pkg'
[2.136s] Level 1:colcon.colcon_core.package_identification:_identify(src/aruco_ros2/readdoc/build/html) by extensions ['colcon_meta']
[2.136s] Level 1:colcon.colcon_core.package_identification:_identify(src/aruco_ros2/readdoc/build/html) by extension 'colcon_meta'
[2.136s] Level 1:colcon.colcon_core.package_identification:_identify(src/aruco_ros2/readdoc/build/html) by extensions ['ros']
[2.136s] Level 1:colcon.colcon_core.package_identification:_identify(src/aruco_ros2/readdoc/build/html) by extension 'ros'
[2.136s] Level 1:colcon.colcon_core.package_identification:_identify(src/aruco_ros2/readdoc/build/html) by extensions ['cmake', 'python']
[2.136s] Level 1:colcon.colcon_core.package_identification:_identify(src/aruco_ros2/readdoc/build/html) by extension 'cmake'
[2.136s] Level 1:colcon.colcon_core.package_identification:_identify(src/aruco_ros2/readdoc/build/html) by extension 'python'
[2.137s] Level 1:colcon.colcon_core.package_identification:_identify(src/aruco_ros2/readdoc/build/html) by extensions ['python_setup_py']
[2.137s] Level 1:colcon.colcon_core.package_identification:_identify(src/aruco_ros2/readdoc/build/html) by extension 'python_setup_py'
[2.137s] Level 1:colcon.colcon_core.package_identification:_identify(src/aruco_ros2/readdoc/build/html/_sources) by extensions ['ignore', 'ignore_ament_install']
[2.137s] Level 1:colcon.colcon_core.package_identification:_identify(src/aruco_ros2/readdoc/build/html/_sources) by extension 'ignore'
[2.137s] Level 1:colcon.colcon_core.package_identification:_identify(src/aruco_ros2/readdoc/build/html/_sources) by extension 'ignore_ament_install'
[2.137s] Level 1:colcon.colcon_core.package_identification:_identify(src/aruco_ros2/readdoc/build/html/_sources) by extensions ['colcon_pkg']
[2.137s] Level 1:colcon.colcon_core.package_identification:_identify(src/aruco_ros2/readdoc/build/html/_sources) by extension 'colcon_pkg'
[2.137s] Level 1:colcon.colcon_core.package_identification:_identify(src/aruco_ros2/readdoc/build/html/_sources) by extensions ['colcon_meta']
[2.137s] Level 1:colcon.colcon_core.package_identification:_identify(src/aruco_ros2/readdoc/build/html/_sources) by extension 'colcon_meta'
[2.138s] Level 1:colcon.colcon_core.package_identification:_identify(src/aruco_ros2/readdoc/build/html/_sources) by extensions ['ros']
[2.138s] Level 1:colcon.colcon_core.package_identification:_identify(src/aruco_ros2/readdoc/build/html/_sources) by extension 'ros'
[2.138s] Level 1:colcon.colcon_core.package_identification:_identify(src/aruco_ros2/readdoc/build/html/_sources) by extensions ['cmake', 'python']
[2.138s] Level 1:colcon.colcon_core.package_identification:_identify(src/aruco_ros2/readdoc/build/html/_sources) by extension 'cmake'
[2.138s] Level 1:colcon.colcon_core.package_identification:_identify(src/aruco_ros2/readdoc/build/html/_sources) by extension 'python'
[2.138s] Level 1:colcon.colcon_core.package_identification:_identify(src/aruco_ros2/readdoc/build/html/_sources) by extensions ['python_setup_py']
[2.138s] Level 1:colcon.colcon_core.package_identification:_identify(src/aruco_ros2/readdoc/build/html/_sources) by extension 'python_setup_py'
[2.138s] Level 1:colcon.colcon_core.package_identification:_identify(src/aruco_ros2/readdoc/build/html/_static) by extensions ['ignore', 'ignore_ament_install']
[2.138s] Level 1:colcon.colcon_core.package_identification:_identify(src/aruco_ros2/readdoc/build/html/_static) by extension 'ignore'
[2.139s] Level 1:colcon.colcon_core.package_identification:_identify(src/aruco_ros2/readdoc/build/html/_static) by extension 'ignore_ament_install'
[2.139s] Level 1:colcon.colcon_core.package_identification:_identify(src/aruco_ros2/readdoc/build/html/_static) by extensions ['colcon_pkg']
[2.139s] Level 1:colcon.colcon_core.package_identification:_identify(src/aruco_ros2/readdoc/build/html/_static) by extension 'colcon_pkg'
[2.139s] Level 1:colcon.colcon_core.package_identification:_identify(src/aruco_ros2/readdoc/build/html/_static) by extensions ['colcon_meta']
[2.139s] Level 1:colcon.colcon_core.package_identification:_identify(src/aruco_ros2/readdoc/build/html/_static) by extension 'colcon_meta'
[2.139s] Level 1:colcon.colcon_core.package_identification:_identify(src/aruco_ros2/readdoc/build/html/_static) by extensions ['ros']
[2.139s] Level 1:colcon.colcon_core.package_identification:_identify(src/aruco_ros2/readdoc/build/html/_static) by extension 'ros'
[2.139s] Level 1:colcon.colcon_core.package_identification:_identify(src/aruco_ros2/readdoc/build/html/_static) by extensions ['cmake', 'python']
[2.139s] Level 1:colcon.colcon_core.package_identification:_identify(src/aruco_ros2/readdoc/build/html/_static) by extension 'cmake'
[2.139s] Level 1:colcon.colcon_core.package_identification:_identify(src/aruco_ros2/readdoc/build/html/_static) by extension 'python'
[2.139s] Level 1:colcon.colcon_core.package_identification:_identify(src/aruco_ros2/readdoc/build/html/_static) by extensions ['python_setup_py']
[2.139s] Level 1:colcon.colcon_core.package_identification:_identify(src/aruco_ros2/readdoc/build/html/_static) by extension 'python_setup_py'
[2.140s] Level 1:colcon.colcon_core.package_identification:_identify(src/aruco_ros2/readdoc/build/html/_static/css) by extensions ['ignore', 'ignore_ament_install']
[2.140s] Level 1:colcon.colcon_core.package_identification:_identify(src/aruco_ros2/readdoc/build/html/_static/css) by extension 'ignore'
[2.140s] Level 1:colcon.colcon_core.package_identification:_identify(src/aruco_ros2/readdoc/build/html/_static/css) by extension 'ignore_ament_install'
[2.140s] Level 1:colcon.colcon_core.package_identification:_identify(src/aruco_ros2/readdoc/build/html/_static/css) by extensions ['colcon_pkg']
[2.140s] Level 1:colcon.colcon_core.package_identification:_identify(src/aruco_ros2/readdoc/build/html/_static/css) by extension 'colcon_pkg'
[2.140s] Level 1:colcon.colcon_core.package_identification:_identify(src/aruco_ros2/readdoc/build/html/_static/css) by extensions ['colcon_meta']
[2.140s] Level 1:colcon.colcon_core.package_identification:_identify(src/aruco_ros2/readdoc/build/html/_static/css) by extension 'colcon_meta'
[2.140s] Level 1:colcon.colcon_core.package_identification:_identify(src/aruco_ros2/readdoc/build/html/_static/css) by extensions ['ros']
[2.140s] Level 1:colcon.colcon_core.package_identification:_identify(src/aruco_ros2/readdoc/build/html/_static/css) by extension 'ros'
[2.141s] Level 1:colcon.colcon_core.package_identification:_identify(src/aruco_ros2/readdoc/build/html/_static/css) by extensions ['cmake', 'python']
[2.141s] Level 1:colcon.colcon_core.package_identification:_identify(src/aruco_ros2/readdoc/build/html/_static/css) by extension 'cmake'
[2.141s] Level 1:colcon.colcon_core.package_identification:_identify(src/aruco_ros2/readdoc/build/html/_static/css) by extension 'python'
[2.141s] Level 1:colcon.colcon_core.package_identification:_identify(src/aruco_ros2/readdoc/build/html/_static/css) by extensions ['python_setup_py']
[2.141s] Level 1:colcon.colcon_core.package_identification:_identify(src/aruco_ros2/readdoc/build/html/_static/css) by extension 'python_setup_py'
[2.141s] Level 1:colcon.colcon_core.package_identification:_identify(src/aruco_ros2/readdoc/build/html/_static/css/fonts) by extensions ['ignore', 'ignore_ament_install']
[2.141s] Level 1:colcon.colcon_core.package_identification:_identify(src/aruco_ros2/readdoc/build/html/_static/css/fonts) by extension 'ignore'
[2.141s] Level 1:colcon.colcon_core.package_identification:_identify(src/aruco_ros2/readdoc/build/html/_static/css/fonts) by extension 'ignore_ament_install'
[2.142s] Level 1:colcon.colcon_core.package_identification:_identify(src/aruco_ros2/readdoc/build/html/_static/css/fonts) by extensions ['colcon_pkg']
[2.142s] Level 1:colcon.colcon_core.package_identification:_identify(src/aruco_ros2/readdoc/build/html/_static/css/fonts) by extension 'colcon_pkg'
[2.142s] Level 1:colcon.colcon_core.package_identification:_identify(src/aruco_ros2/readdoc/build/html/_static/css/fonts) by extensions ['colcon_meta']
[2.142s] Level 1:colcon.colcon_core.package_identification:_identify(src/aruco_ros2/readdoc/build/html/_static/css/fonts) by extension 'colcon_meta'
[2.142s] Level 1:colcon.colcon_core.package_identification:_identify(src/aruco_ros2/readdoc/build/html/_static/css/fonts) by extensions ['ros']
[2.142s] Level 1:colcon.colcon_core.package_identification:_identify(src/aruco_ros2/readdoc/build/html/_static/css/fonts) by extension 'ros'
[2.142s] Level 1:colcon.colcon_core.package_identification:_identify(src/aruco_ros2/readdoc/build/html/_static/css/fonts) by extensions ['cmake', 'python']
[2.142s] Level 1:colcon.colcon_core.package_identification:_identify(src/aruco_ros2/readdoc/build/html/_static/css/fonts) by extension 'cmake'
[2.142s] Level 1:colcon.colcon_core.package_identification:_identify(src/aruco_ros2/readdoc/build/html/_static/css/fonts) by extension 'python'
[2.142s] Level 1:colcon.colcon_core.package_identification:_identify(src/aruco_ros2/readdoc/build/html/_static/css/fonts) by extensions ['python_setup_py']
[2.142s] Level 1:colcon.colcon_core.package_identification:_identify(src/aruco_ros2/readdoc/build/html/_static/css/fonts) by extension 'python_setup_py'
[2.143s] Level 1:colcon.colcon_core.package_identification:_identify(src/aruco_ros2/readdoc/build/html/_static/fonts) by extensions ['ignore', 'ignore_ament_install']
[2.143s] Level 1:colcon.colcon_core.package_identification:_identify(src/aruco_ros2/readdoc/build/html/_static/fonts) by extension 'ignore'
[2.143s] Level 1:colcon.colcon_core.package_identification:_identify(src/aruco_ros2/readdoc/build/html/_static/fonts) by extension 'ignore_ament_install'
[2.143s] Level 1:colcon.colcon_core.package_identification:_identify(src/aruco_ros2/readdoc/build/html/_static/fonts) by extensions ['colcon_pkg']
[2.143s] Level 1:colcon.colcon_core.package_identification:_identify(src/aruco_ros2/readdoc/build/html/_static/fonts) by extension 'colcon_pkg'
[2.143s] Level 1:colcon.colcon_core.package_identification:_identify(src/aruco_ros2/readdoc/build/html/_static/fonts) by extensions ['colcon_meta']
[2.143s] Level 1:colcon.colcon_core.package_identification:_identify(src/aruco_ros2/readdoc/build/html/_static/fonts) by extension 'colcon_meta'
[2.143s] Level 1:colcon.colcon_core.package_identification:_identify(src/aruco_ros2/readdoc/build/html/_static/fonts) by extensions ['ros']
[2.143s] Level 1:colcon.colcon_core.package_identification:_identify(src/aruco_ros2/readdoc/build/html/_static/fonts) by extension 'ros'
[2.144s] Level 1:colcon.colcon_core.package_identification:_identify(src/aruco_ros2/readdoc/build/html/_static/fonts) by extensions ['cmake', 'python']
[2.144s] Level 1:colcon.colcon_core.package_identification:_identify(src/aruco_ros2/readdoc/build/html/_static/fonts) by extension 'cmake'
[2.144s] Level 1:colcon.colcon_core.package_identification:_identify(src/aruco_ros2/readdoc/build/html/_static/fonts) by extension 'python'
[2.144s] Level 1:colcon.colcon_core.package_identification:_identify(src/aruco_ros2/readdoc/build/html/_static/fonts) by extensions ['python_setup_py']
[2.144s] Level 1:colcon.colcon_core.package_identification:_identify(src/aruco_ros2/readdoc/build/html/_static/fonts) by extension 'python_setup_py'
[2.144s] Level 1:colcon.colcon_core.package_identification:_identify(src/aruco_ros2/readdoc/build/html/_static/fonts/Lato) by extensions ['ignore', 'ignore_ament_install']
[2.144s] Level 1:colcon.colcon_core.package_identification:_identify(src/aruco_ros2/readdoc/build/html/_static/fonts/Lato) by extension 'ignore'
[2.144s] Level 1:colcon.colcon_core.package_identification:_identify(src/aruco_ros2/readdoc/build/html/_static/fonts/Lato) by extension 'ignore_ament_install'
[2.144s] Level 1:colcon.colcon_core.package_identification:_identify(src/aruco_ros2/readdoc/build/html/_static/fonts/Lato) by extensions ['colcon_pkg']
[2.145s] Level 1:colcon.colcon_core.package_identification:_identify(src/aruco_ros2/readdoc/build/html/_static/fonts/Lato) by extension 'colcon_pkg'
[2.145s] Level 1:colcon.colcon_core.package_identification:_identify(src/aruco_ros2/readdoc/build/html/_static/fonts/Lato) by extensions ['colcon_meta']
[2.145s] Level 1:colcon.colcon_core.package_identification:_identify(src/aruco_ros2/readdoc/build/html/_static/fonts/Lato) by extension 'colcon_meta'
[2.145s] Level 1:colcon.colcon_core.package_identification:_identify(src/aruco_ros2/readdoc/build/html/_static/fonts/Lato) by extensions ['ros']
[2.145s] Level 1:colcon.colcon_core.package_identification:_identify(src/aruco_ros2/readdoc/build/html/_static/fonts/Lato) by extension 'ros'
[2.145s] Level 1:colcon.colcon_core.package_identification:_identify(src/aruco_ros2/readdoc/build/html/_static/fonts/Lato) by extensions ['cmake', 'python']
[2.145s] Level 1:colcon.colcon_core.package_identification:_identify(src/aruco_ros2/readdoc/build/html/_static/fonts/Lato) by extension 'cmake'
[2.145s] Level 1:colcon.colcon_core.package_identification:_identify(src/aruco_ros2/readdoc/build/html/_static/fonts/Lato) by extension 'python'
[2.145s] Level 1:colcon.colcon_core.package_identification:_identify(src/aruco_ros2/readdoc/build/html/_static/fonts/Lato) by extensions ['python_setup_py']
[2.145s] Level 1:colcon.colcon_core.package_identification:_identify(src/aruco_ros2/readdoc/build/html/_static/fonts/Lato) by extension 'python_setup_py'
[2.146s] Level 1:colcon.colcon_core.package_identification:_identify(src/aruco_ros2/readdoc/build/html/_static/fonts/RobotoSlab) by extensions ['ignore', 'ignore_ament_install']
[2.146s] Level 1:colcon.colcon_core.package_identification:_identify(src/aruco_ros2/readdoc/build/html/_static/fonts/RobotoSlab) by extension 'ignore'
[2.146s] Level 1:colcon.colcon_core.package_identification:_identify(src/aruco_ros2/readdoc/build/html/_static/fonts/RobotoSlab) by extension 'ignore_ament_install'
[2.146s] Level 1:colcon.colcon_core.package_identification:_identify(src/aruco_ros2/readdoc/build/html/_static/fonts/RobotoSlab) by extensions ['colcon_pkg']
[2.146s] Level 1:colcon.colcon_core.package_identification:_identify(src/aruco_ros2/readdoc/build/html/_static/fonts/RobotoSlab) by extension 'colcon_pkg'
[2.146s] Level 1:colcon.colcon_core.package_identification:_identify(src/aruco_ros2/readdoc/build/html/_static/fonts/RobotoSlab) by extensions ['colcon_meta']
[2.146s] Level 1:colcon.colcon_core.package_identification:_identify(src/aruco_ros2/readdoc/build/html/_static/fonts/RobotoSlab) by extension 'colcon_meta'
[2.146s] Level 1:colcon.colcon_core.package_identification:_identify(src/aruco_ros2/readdoc/build/html/_static/fonts/RobotoSlab) by extensions ['ros']
[2.146s] Level 1:colcon.colcon_core.package_identification:_identify(src/aruco_ros2/readdoc/build/html/_static/fonts/RobotoSlab) by extension 'ros'
[2.146s] Level 1:colcon.colcon_core.package_identification:_identify(src/aruco_ros2/readdoc/build/html/_static/fonts/RobotoSlab) by extensions ['cmake', 'python']
[2.147s] Level 1:colcon.colcon_core.package_identification:_identify(src/aruco_ros2/readdoc/build/html/_static/fonts/RobotoSlab) by extension 'cmake'
[2.147s] Level 1:colcon.colcon_core.package_identification:_identify(src/aruco_ros2/readdoc/build/html/_static/fonts/RobotoSlab) by extension 'python'
[2.147s] Level 1:colcon.colcon_core.package_identification:_identify(src/aruco_ros2/readdoc/build/html/_static/fonts/RobotoSlab) by extensions ['python_setup_py']
[2.147s] Level 1:colcon.colcon_core.package_identification:_identify(src/aruco_ros2/readdoc/build/html/_static/fonts/RobotoSlab) by extension 'python_setup_py'
[2.147s] Level 1:colcon.colcon_core.package_identification:_identify(src/aruco_ros2/readdoc/build/html/_static/js) by extensions ['ignore', 'ignore_ament_install']
[2.147s] Level 1:colcon.colcon_core.package_identification:_identify(src/aruco_ros2/readdoc/build/html/_static/js) by extension 'ignore'
[2.147s] Level 1:colcon.colcon_core.package_identification:_identify(src/aruco_ros2/readdoc/build/html/_static/js) by extension 'ignore_ament_install'
[2.147s] Level 1:colcon.colcon_core.package_identification:_identify(src/aruco_ros2/readdoc/build/html/_static/js) by extensions ['colcon_pkg']
[2.147s] Level 1:colcon.colcon_core.package_identification:_identify(src/aruco_ros2/readdoc/build/html/_static/js) by extension 'colcon_pkg'
[2.148s] Level 1:colcon.colcon_core.package_identification:_identify(src/aruco_ros2/readdoc/build/html/_static/js) by extensions ['colcon_meta']
[2.148s] Level 1:colcon.colcon_core.package_identification:_identify(src/aruco_ros2/readdoc/build/html/_static/js) by extension 'colcon_meta'
[2.148s] Level 1:colcon.colcon_core.package_identification:_identify(src/aruco_ros2/readdoc/build/html/_static/js) by extensions ['ros']
[2.148s] Level 1:colcon.colcon_core.package_identification:_identify(src/aruco_ros2/readdoc/build/html/_static/js) by extension 'ros'
[2.148s] Level 1:colcon.colcon_core.package_identification:_identify(src/aruco_ros2/readdoc/build/html/_static/js) by extensions ['cmake', 'python']
[2.148s] Level 1:colcon.colcon_core.package_identification:_identify(src/aruco_ros2/readdoc/build/html/_static/js) by extension 'cmake'
[2.148s] Level 1:colcon.colcon_core.package_identification:_identify(src/aruco_ros2/readdoc/build/html/_static/js) by extension 'python'
[2.148s] Level 1:colcon.colcon_core.package_identification:_identify(src/aruco_ros2/readdoc/build/html/_static/js) by extensions ['python_setup_py']
[2.148s] Level 1:colcon.colcon_core.package_identification:_identify(src/aruco_ros2/readdoc/build/html/_static/js) by extension 'python_setup_py'
[2.148s] Level 1:colcon.colcon_core.package_identification:_identify(src/aruco_ros2/readdoc/source) by extensions ['ignore', 'ignore_ament_install']
[2.149s] Level 1:colcon.colcon_core.package_identification:_identify(src/aruco_ros2/readdoc/source) by extension 'ignore'
[2.149s] Level 1:colcon.colcon_core.package_identification:_identify(src/aruco_ros2/readdoc/source) by extension 'ignore_ament_install'
[2.149s] Level 1:colcon.colcon_core.package_identification:_identify(src/aruco_ros2/readdoc/source) by extensions ['colcon_pkg']
[2.149s] Level 1:colcon.colcon_core.package_identification:_identify(src/aruco_ros2/readdoc/source) by extension 'colcon_pkg'
[2.149s] Level 1:colcon.colcon_core.package_identification:_identify(src/aruco_ros2/readdoc/source) by extensions ['colcon_meta']
[2.149s] Level 1:colcon.colcon_core.package_identification:_identify(src/aruco_ros2/readdoc/source) by extension 'colcon_meta'
[2.149s] Level 1:colcon.colcon_core.package_identification:_identify(src/aruco_ros2/readdoc/source) by extensions ['ros']
[2.149s] Level 1:colcon.colcon_core.package_identification:_identify(src/aruco_ros2/readdoc/source) by extension 'ros'
[2.149s] Level 1:colcon.colcon_core.package_identification:_identify(src/aruco_ros2/readdoc/source) by extensions ['cmake', 'python']
[2.150s] Level 1:colcon.colcon_core.package_identification:_identify(src/aruco_ros2/readdoc/source) by extension 'cmake'
[2.150s] Level 1:colcon.colcon_core.package_identification:_identify(src/aruco_ros2/readdoc/source) by extension 'python'
[2.150s] Level 1:colcon.colcon_core.package_identification:_identify(src/aruco_ros2/readdoc/source) by extensions ['python_setup_py']
[2.150s] Level 1:colcon.colcon_core.package_identification:_identify(src/aruco_ros2/readdoc/source) by extension 'python_setup_py'
[2.150s] Level 1:colcon.colcon_core.package_identification:_identify(src/aruco_ros2/results) by extensions ['ignore', 'ignore_ament_install']
[2.150s] Level 1:colcon.colcon_core.package_identification:_identify(src/aruco_ros2/results) by extension 'ignore'
[2.150s] Level 1:colcon.colcon_core.package_identification:_identify(src/aruco_ros2/results) by extension 'ignore_ament_install'
[2.150s] Level 1:colcon.colcon_core.package_identification:_identify(src/aruco_ros2/results) by extensions ['colcon_pkg']
[2.150s] Level 1:colcon.colcon_core.package_identification:_identify(src/aruco_ros2/results) by extension 'colcon_pkg'
[2.151s] Level 1:colcon.colcon_core.package_identification:_identify(src/aruco_ros2/results) by extensions ['colcon_meta']
[2.151s] Level 1:colcon.colcon_core.package_identification:_identify(src/aruco_ros2/results) by extension 'colcon_meta'
[2.151s] Level 1:colcon.colcon_core.package_identification:_identify(src/aruco_ros2/results) by extensions ['ros']
[2.151s] Level 1:colcon.colcon_core.package_identification:_identify(src/aruco_ros2/results) by extension 'ros'
[2.151s] Level 1:colcon.colcon_core.package_identification:_identify(src/aruco_ros2/results) by extensions ['cmake', 'python']
[2.151s] Level 1:colcon.colcon_core.package_identification:_identify(src/aruco_ros2/results) by extension 'cmake'
[2.151s] Level 1:colcon.colcon_core.package_identification:_identify(src/aruco_ros2/results) by extension 'python'
[2.151s] Level 1:colcon.colcon_core.package_identification:_identify(src/aruco_ros2/results) by extensions ['python_setup_py']
[2.151s] Level 1:colcon.colcon_core.package_identification:_identify(src/aruco_ros2/results) by extension 'python_setup_py'
[2.151s] Level 1:colcon.colcon_core.package_identification:_identify(src/image_processing) by extensions ['ignore', 'ignore_ament_install']
[2.152s] Level 1:colcon.colcon_core.package_identification:_identify(src/image_processing) by extension 'ignore'
[2.152s] Level 1:colcon.colcon_core.package_identification:_identify(src/image_processing) by extension 'ignore_ament_install'
[2.152s] Level 1:colcon.colcon_core.package_identification:_identify(src/image_processing) by extensions ['colcon_pkg']
[2.152s] Level 1:colcon.colcon_core.package_identification:_identify(src/image_processing) by extension 'colcon_pkg'
[2.152s] Level 1:colcon.colcon_core.package_identification:_identify(src/image_processing) by extensions ['colcon_meta']
[2.152s] Level 1:colcon.colcon_core.package_identification:_identify(src/image_processing) by extension 'colcon_meta'
[2.152s] Level 1:colcon.colcon_core.package_identification:_identify(src/image_processing) by extensions ['ros']
[2.152s] Level 1:colcon.colcon_core.package_identification:_identify(src/image_processing) by extension 'ros'
[2.154s] DEBUG:colcon.colcon_core.package_identification:Package 'src/image_processing' with type 'ros.ament_cmake' and name 'image_processing'
[2.154s] Level 1:colcon.colcon_core.package_identification:_identify(src/my_cpp_pkg) by extensions ['ignore', 'ignore_ament_install']
[2.154s] Level 1:colcon.colcon_core.package_identification:_identify(src/my_cpp_pkg) by extension 'ignore'
[2.155s] Level 1:colcon.colcon_core.package_identification:_identify(src/my_cpp_pkg) by extension 'ignore_ament_install'
[2.155s] Level 1:colcon.colcon_core.package_identification:_identify(src/my_cpp_pkg) by extensions ['colcon_pkg']
[2.155s] Level 1:colcon.colcon_core.package_identification:_identify(src/my_cpp_pkg) by extension 'colcon_pkg'
[2.155s] Level 1:colcon.colcon_core.package_identification:_identify(src/my_cpp_pkg) by extensions ['colcon_meta']
[2.155s] Level 1:colcon.colcon_core.package_identification:_identify(src/my_cpp_pkg) by extension 'colcon_meta'
[2.155s] Level 1:colcon.colcon_core.package_identification:_identify(src/my_cpp_pkg) by extensions ['ros']
[2.155s] Level 1:colcon.colcon_core.package_identification:_identify(src/my_cpp_pkg) by extension 'ros'
[2.157s] DEBUG:colcon.colcon_core.package_identification:Package 'src/my_cpp_pkg' with type 'ros.ament_cmake' and name 'my_cpp_pkg'
[2.157s] Level 1:colcon.colcon_core.package_identification:_identify(src/my_py_pkg) by extensions ['ignore', 'ignore_ament_install']
[2.157s] Level 1:colcon.colcon_core.package_identification:_identify(src/my_py_pkg) by extension 'ignore'
[2.157s] Level 1:colcon.colcon_core.package_identification:_identify(src/my_py_pkg) by extension 'ignore_ament_install'
[2.157s] Level 1:colcon.colcon_core.package_identification:_identify(src/my_py_pkg) by extensions ['colcon_pkg']
[2.157s] Level 1:colcon.colcon_core.package_identification:_identify(src/my_py_pkg) by extension 'colcon_pkg'
[2.157s] Level 1:colcon.colcon_core.package_identification:_identify(src/my_py_pkg) by extensions ['colcon_meta']
[2.157s] Level 1:colcon.colcon_core.package_identification:_identify(src/my_py_pkg) by extension 'colcon_meta'
[2.157s] Level 1:colcon.colcon_core.package_identification:_identify(src/my_py_pkg) by extensions ['ros']
[2.157s] Level 1:colcon.colcon_core.package_identification:_identify(src/my_py_pkg) by extension 'ros'
[2.159s] DEBUG:colcon.colcon_core.package_identification:Package 'src/my_py_pkg' with type 'ros.ament_python' and name 'my_py_pkg'
[2.159s] Level 1:colcon.colcon_core.package_discovery:discover_packages(recursive) using defaults
[2.159s] Level 1:colcon.colcon_core.package_discovery:discover_packages(ignore) discover
[2.159s] Level 1:colcon.colcon_core.package_discovery:discover_packages(ignore) using defaults
[2.159s] Level 1:colcon.colcon_core.package_discovery:discover_packages(path) discover
[2.159s] Level 1:colcon.colcon_core.package_discovery:discover_packages(path) using defaults
[2.336s] Level 1:colcon.colcon_core.package_discovery:discover_packages(prefix_path) check parameters
[2.337s] Level 1:colcon.colcon_core.package_discovery:discover_packages(prefix_path) discover
[2.398s] DEBUG:colcon.colcon_installed_package_information.package_discovery:Found 6 installed packages in /home/zerda/ros2_ws/install
[2.427s] DEBUG:colcon.colcon_installed_package_information.package_discovery:Found 266 installed packages in /opt/ros/humble
[2.430s] Level 1:colcon.colcon_core.package_discovery:discover_packages(prefix_path) using defaults
[2.622s] Level 5:colcon.colcon_core.verb:set package 'aruco' build argument 'cmake_args' from command line to 'None'
[2.623s] Level 5:colcon.colcon_core.verb:set package 'aruco' build argument 'cmake_target' from command line to 'None'
[2.623s] Level 5:colcon.colcon_core.verb:set package 'aruco' build argument 'cmake_target_skip_unavailable' from command line to 'False'
[2.623s] Level 5:colcon.colcon_core.verb:set package 'aruco' build argument 'cmake_clean_cache' from command line to 'False'
[2.623s] Level 5:colcon.colcon_core.verb:set package 'aruco' build argument 'cmake_clean_first' from command line to 'False'
[2.623s] Level 5:colcon.colcon_core.verb:set package 'aruco' build argument 'cmake_force_configure' from command line to 'False'
[2.623s] Level 5:colcon.colcon_core.verb:set package 'aruco' build argument 'ament_cmake_args' from command line to 'None'
[2.623s] Level 5:colcon.colcon_core.verb:set package 'aruco' build argument 'catkin_cmake_args' from command line to 'None'
[2.623s] Level 5:colcon.colcon_core.verb:set package 'aruco' build argument 'catkin_skip_building_tests' from command line to 'False'
[2.623s] DEBUG:colcon.colcon_core.verb:Building package 'aruco' with the following arguments: {'ament_cmake_args': None, 'build_base': '/home/zerda/ros2_ws/build/aruco', 'catkin_cmake_args': None, 'catkin_skip_building_tests': False, 'cmake_args': None, 'cmake_clean_cache': False, 'cmake_clean_first': False, 'cmake_force_configure': False, 'cmake_target': None, 'cmake_target_skip_unavailable': False, 'install_base': '/home/zerda/ros2_ws/install/aruco', 'merge_install': False, 'path': '/home/zerda/ros2_ws/src/aruco_ros2/aruco', 'symlink_install': False, 'test_result_base': None}
[2.658s] Level 5:colcon.colcon_core.verb:set package 'aruco_msgs' build argument 'cmake_args' from command line to 'None'
[2.658s] Level 5:colcon.colcon_core.verb:set package 'aruco_msgs' build argument 'cmake_target' from command line to 'None'
[2.658s] Level 5:colcon.colcon_core.verb:set package 'aruco_msgs' build argument 'cmake_target_skip_unavailable' from command line to 'False'
[2.658s] Level 5:colcon.colcon_core.verb:set package 'aruco_msgs' build argument 'cmake_clean_cache' from command line to 'False'
[2.658s] Level 5:colcon.colcon_core.verb:set package 'aruco_msgs' build argument 'cmake_clean_first' from command line to 'False'
[2.658s] Level 5:colcon.colcon_core.verb:set package 'aruco_msgs' build argument 'cmake_force_configure' from command line to 'False'
[2.659s] Level 5:colcon.colcon_core.verb:set package 'aruco_msgs' build argument 'ament_cmake_args' from command line to 'None'
[2.659s] Level 5:colcon.colcon_core.verb:set package 'aruco_msgs' build argument 'catkin_cmake_args' from command line to 'None'
[2.659s] Level 5:colcon.colcon_core.verb:set package 'aruco_msgs' build argument 'catkin_skip_building_tests' from command line to 'False'
[2.659s] DEBUG:colcon.colcon_core.verb:Building package 'aruco_msgs' with the following arguments: {'ament_cmake_args': None, 'build_base': '/home/zerda/ros2_ws/build/aruco_msgs', 'catkin_cmake_args': None, 'catkin_skip_building_tests': False, 'cmake_args': None, 'cmake_clean_cache': False, 'cmake_clean_first': False, 'cmake_force_configure': False, 'cmake_target': None, 'cmake_target_skip_unavailable': False, 'install_base': '/home/zerda/ros2_ws/install/aruco_msgs', 'merge_install': False, 'path': '/home/zerda/ros2_ws/src/aruco_ros2/aruco_msgs', 'symlink_install': False, 'test_result_base': None}
[2.693s] Level 5:colcon.colcon_core.verb:set package 'image_processing' build argument 'cmake_args' from command line to 'None'
[2.693s] Level 5:colcon.colcon_core.verb:set package 'image_processing' build argument 'cmake_target' from command line to 'None'
[2.693s] Level 5:colcon.colcon_core.verb:set package 'image_processing' build argument 'cmake_target_skip_unavailable' from command line to 'False'
[2.693s] Level 5:colcon.colcon_core.verb:set package 'image_processing' build argument 'cmake_clean_cache' from command line to 'False'
[2.693s] Level 5:colcon.colcon_core.verb:set package 'image_processing' build argument 'cmake_clean_first' from command line to 'False'
[2.693s] Level 5:colcon.colcon_core.verb:set package 'image_processing' build argument 'cmake_force_configure' from command line to 'False'
[2.693s] Level 5:colcon.colcon_core.verb:set package 'image_processing' build argument 'ament_cmake_args' from command line to 'None'
[2.694s] Level 5:colcon.colcon_core.verb:set package 'image_processing' build argument 'catkin_cmake_args' from command line to 'None'
[2.694s] Level 5:colcon.colcon_core.verb:set package 'image_processing' build argument 'catkin_skip_building_tests' from command line to 'False'
[2.694s] DEBUG:colcon.colcon_core.verb:Building package 'image_processing' with the following arguments: {'ament_cmake_args': None, 'build_base': '/home/zerda/ros2_ws/build/image_processing', 'catkin_cmake_args': None, 'catkin_skip_building_tests': False, 'cmake_args': None, 'cmake_clean_cache': False, 'cmake_clean_first': False, 'cmake_force_configure': False, 'cmake_target': None, 'cmake_target_skip_unavailable': False, 'install_base': '/home/zerda/ros2_ws/install/image_processing', 'merge_install': False, 'path': '/home/zerda/ros2_ws/src/image_processing', 'symlink_install': False, 'test_result_base': None}
[2.727s] Level 5:colcon.colcon_core.verb:set package 'my_cpp_pkg' build argument 'cmake_args' from command line to 'None'
[2.727s] Level 5:colcon.colcon_core.verb:set package 'my_cpp_pkg' build argument 'cmake_target' from command line to 'None'
[2.727s] Level 5:colcon.colcon_core.verb:set package 'my_cpp_pkg' build argument 'cmake_target_skip_unavailable' from command line to 'False'
[2.727s] Level 5:colcon.colcon_core.verb:set package 'my_cpp_pkg' build argument 'cmake_clean_cache' from command line to 'False'
[2.727s] Level 5:colcon.colcon_core.verb:set package 'my_cpp_pkg' build argument 'cmake_clean_first' from command line to 'False'
[2.727s] Level 5:colcon.colcon_core.verb:set package 'my_cpp_pkg' build argument 'cmake_force_configure' from command line to 'False'
[2.727s] Level 5:colcon.colcon_core.verb:set package 'my_cpp_pkg' build argument 'ament_cmake_args' from command line to 'None'
[2.727s] Level 5:colcon.colcon_core.verb:set package 'my_cpp_pkg' build argument 'catkin_cmake_args' from command line to 'None'
[2.728s] Level 5:colcon.colcon_core.verb:set package 'my_cpp_pkg' build argument 'catkin_skip_building_tests' from command line to 'False'
[2.728s] DEBUG:colcon.colcon_core.verb:Building package 'my_cpp_pkg' with the following arguments: {'ament_cmake_args': None, 'build_base': '/home/zerda/ros2_ws/build/my_cpp_pkg', 'catkin_cmake_args': None, 'catkin_skip_building_tests': False, 'cmake_args': None, 'cmake_clean_cache': False, 'cmake_clean_first': False, 'cmake_force_configure': False, 'cmake_target': None, 'cmake_target_skip_unavailable': False, 'install_base': '/home/zerda/ros2_ws/install/my_cpp_pkg', 'merge_install': False, 'path': '/home/zerda/ros2_ws/src/my_cpp_pkg', 'symlink_install': False, 'test_result_base': None}
[2.759s] Level 5:colcon.colcon_core.verb:set package 'my_py_pkg' build argument 'cmake_args' from command line to 'None'
[2.759s] Level 5:colcon.colcon_core.verb:set package 'my_py_pkg' build argument 'cmake_target' from command line to 'None'
[2.759s] Level 5:colcon.colcon_core.verb:set package 'my_py_pkg' build argument 'cmake_target_skip_unavailable' from command line to 'False'
[2.759s] Level 5:colcon.colcon_core.verb:set package 'my_py_pkg' build argument 'cmake_clean_cache' from command line to 'False'
[2.759s] Level 5:colcon.colcon_core.verb:set package 'my_py_pkg' build argument 'cmake_clean_first' from command line to 'False'
[2.759s] Level 5:colcon.colcon_core.verb:set package 'my_py_pkg' build argument 'cmake_force_configure' from command line to 'False'
[2.759s] Level 5:colcon.colcon_core.verb:set package 'my_py_pkg' build argument 'ament_cmake_args' from command line to 'None'
[2.759s] Level 5:colcon.colcon_core.verb:set package 'my_py_pkg' build argument 'catkin_cmake_args' from command line to 'None'
[2.759s] Level 5:colcon.colcon_core.verb:set package 'my_py_pkg' build argument 'catkin_skip_building_tests' from command line to 'False'
[2.759s] DEBUG:colcon.colcon_core.verb:Building package 'my_py_pkg' with the following arguments: {'ament_cmake_args': None, 'build_base': '/home/zerda/ros2_ws/build/my_py_pkg', 'catkin_cmake_args': None, 'catkin_skip_building_tests': False, 'cmake_args': None, 'cmake_clean_cache': False, 'cmake_clean_first': False, 'cmake_force_configure': False, 'cmake_target': None, 'cmake_target_skip_unavailable': False, 'install_base': '/home/zerda/ros2_ws/install/my_py_pkg', 'merge_install': False, 'path': '/home/zerda/ros2_ws/src/my_py_pkg', 'symlink_install': False, 'test_result_base': None}
[2.789s] Level 5:colcon.colcon_core.verb:set package 'aruco_ros2' build argument 'cmake_args' from command line to 'None'
[2.789s] Level 5:colcon.colcon_core.verb:set package 'aruco_ros2' build argument 'cmake_target' from command line to 'None'
[2.789s] Level 5:colcon.colcon_core.verb:set package 'aruco_ros2' build argument 'cmake_target_skip_unavailable' from command line to 'False'
[2.789s] Level 5:colcon.colcon_core.verb:set package 'aruco_ros2' build argument 'cmake_clean_cache' from command line to 'False'
[2.789s] Level 5:colcon.colcon_core.verb:set package 'aruco_ros2' build argument 'cmake_clean_first' from command line to 'False'
[2.789s] Level 5:colcon.colcon_core.verb:set package 'aruco_ros2' build argument 'cmake_force_configure' from command line to 'False'
[2.789s] Level 5:colcon.colcon_core.verb:set package 'aruco_ros2' build argument 'ament_cmake_args' from command line to 'None'
[2.790s] Level 5:colcon.colcon_core.verb:set package 'aruco_ros2' build argument 'catkin_cmake_args' from command line to 'None'
[2.790s] Level 5:colcon.colcon_core.verb:set package 'aruco_ros2' build argument 'catkin_skip_building_tests' from command line to 'False'
[2.790s] DEBUG:colcon.colcon_core.verb:Building package 'aruco_ros2' with the following arguments: {'ament_cmake_args': None, 'build_base': '/home/zerda/ros2_ws/build/aruco_ros2', 'catkin_cmake_args': None, 'catkin_skip_building_tests': False, 'cmake_args': None, 'cmake_clean_cache': False, 'cmake_clean_first': False, 'cmake_force_configure': False, 'cmake_target': None, 'cmake_target_skip_unavailable': False, 'install_base': '/home/zerda/ros2_ws/install/aruco_ros2', 'merge_install': False, 'path': '/home/zerda/ros2_ws/src/aruco_ros2/aruco_ros2', 'symlink_install': False, 'test_result_base': None}
[2.817s] INFO:colcon.colcon_core.executor:Executing jobs using 'parallel' executor
[2.844s] DEBUG:colcon.colcon_parallel_executor.executor.parallel:run_until_complete
[2.845s] INFO:colcon.colcon_ros.task.ament_cmake.build:Building ROS package in '/home/zerda/ros2_ws/src/aruco_ros2/aruco' with build type 'ament_cmake'
[2.845s] INFO:colcon.colcon_cmake.task.cmake.build:Building CMake package in '/home/zerda/ros2_ws/src/aruco_ros2/aruco'
[2.878s] INFO:colcon.colcon_core.plugin_system:Skipping extension 'colcon_core.shell.bat': Not used on non-Windows systems
[2.878s] INFO:colcon.colcon_core.shell:Skip shell extension 'powershell' for command environment: Not usable outside of PowerShell
[2.878s] DEBUG:colcon.colcon_core.shell:Skip shell extension 'dsv' for command environment
[2.967s] INFO:colcon.colcon_ros.task.ament_cmake.build:Building ROS package in '/home/zerda/ros2_ws/src/aruco_ros2/aruco_msgs' with build type 'ament_cmake'
[2.967s] INFO:colcon.colcon_cmake.task.cmake.build:Building CMake package in '/home/zerda/ros2_ws/src/aruco_ros2/aruco_msgs'
[2.998s] INFO:colcon.colcon_core.shell:Skip shell extension 'powershell' for command environment: Not usable outside of PowerShell
[2.998s] DEBUG:colcon.colcon_core.shell:Skip shell extension 'dsv' for command environment
[3.094s] INFO:colcon.colcon_ros.task.ament_cmake.build:Building ROS package in '/home/zerda/ros2_ws/src/image_processing' with build type 'ament_cmake'
[3.095s] INFO:colcon.colcon_cmake.task.cmake.build:Building CMake package in '/home/zerda/ros2_ws/src/image_processing'
[3.124s] INFO:colcon.colcon_core.shell:Skip shell extension 'powershell' for command environment: Not usable outside of PowerShell
[3.124s] DEBUG:colcon.colcon_core.shell:Skip shell extension 'dsv' for command environment
[3.216s] INFO:colcon.colcon_ros.task.ament_cmake.build:Building ROS package in '/home/zerda/ros2_ws/src/my_cpp_pkg' with build type 'ament_cmake'
[3.216s] INFO:colcon.colcon_cmake.task.cmake.build:Building CMake package in '/home/zerda/ros2_ws/src/my_cpp_pkg'
[3.244s] INFO:colcon.colcon_core.shell:Skip shell extension 'powershell' for command environment: Not usable outside of PowerShell
[3.245s] DEBUG:colcon.colcon_core.shell:Skip shell extension 'dsv' for command environment
[3.356s] INFO:colcon.colcon_ros.task.ament_python.build:Building ROS package in '/home/zerda/ros2_ws/src/my_py_pkg' with build type 'ament_python'
[3.357s] Level 1:colcon.colcon_core.shell:create_environment_hook('my_py_pkg', 'ament_prefix_path')
[3.386s] INFO:colcon.colcon_core.shell:Creating environment hook '/home/zerda/ros2_ws/install/my_py_pkg/share/my_py_pkg/hook/ament_prefix_path.ps1'
[3.387s] INFO:colcon.colcon_core.shell:Creating environment descriptor '/home/zerda/ros2_ws/install/my_py_pkg/share/my_py_pkg/hook/ament_prefix_path.dsv'
[3.388s] INFO:colcon.colcon_core.shell:Creating environment hook '/home/zerda/ros2_ws/install/my_py_pkg/share/my_py_pkg/hook/ament_prefix_path.sh'
[3.418s] INFO:colcon.colcon_core.shell:Skip shell extension 'powershell' for command environment: Not usable outside of PowerShell
[3.418s] DEBUG:colcon.colcon_core.shell:Skip shell extension 'dsv' for command environment
[3.525s] DEBUG:colcon.colcon_core.event_handler.log_command:Invoking command in '/home/zerda/ros2_ws/build/aruco': CMAKE_PREFIX_PATH=${CMAKE_PREFIX_PATH}:/home/zerda/ros2_ws/install/my_py_pkg:/home/zerda/ros2_ws/install/image_processing:/home/zerda/ros2_ws/install/challenge1:/opt/ros/humble /usr/bin/cmake /home/zerda/ros2_ws/src/aruco_ros2/aruco -DCMAKE_INSTALL_PREFIX=/home/zerda/ros2_ws/install/aruco
[3.532s] DEBUG:colcon.colcon_core.event_handler.log_command:Invoking command in '/home/zerda/ros2_ws/build/aruco_msgs': CMAKE_PREFIX_PATH=${CMAKE_PREFIX_PATH}:/home/zerda/ros2_ws/install/my_py_pkg:/home/zerda/ros2_ws/install/image_processing:/home/zerda/ros2_ws/install/challenge1:/opt/ros/humble /usr/bin/cmake --build /home/zerda/ros2_ws/build/aruco_msgs -- -j8 -l8
[3.539s] DEBUG:colcon.colcon_core.event_handler.log_command:Invoking command in '/home/zerda/ros2_ws/build/image_processing': CMAKE_PREFIX_PATH=${CMAKE_PREFIX_PATH}:/home/zerda/ros2_ws/install/my_py_pkg:/home/zerda/ros2_ws/install/image_processing:/home/zerda/ros2_ws/install/challenge1:/opt/ros/humble /usr/bin/cmake --build /home/zerda/ros2_ws/build/image_processing -- -j8 -l8
[3.547s] DEBUG:colcon.colcon_core.event_handler.log_command:Invoking command in '/home/zerda/ros2_ws/build/my_cpp_pkg': CMAKE_PREFIX_PATH=${CMAKE_PREFIX_PATH}:/home/zerda/ros2_ws/install/my_py_pkg:/home/zerda/ros2_ws/install/image_processing:/home/zerda/ros2_ws/install/challenge1:/opt/ros/humble /usr/bin/cmake --build /home/zerda/ros2_ws/build/my_cpp_pkg -- -j8 -l8
[4.511s] INFO:colcon.colcon_core.task.python.build:Building Python package in '/home/zerda/ros2_ws/src/my_py_pkg'
[4.572s] INFO:colcon.colcon_core.shell:Skip shell extension 'powershell' for command environment: Not usable outside of PowerShell
[4.573s] DEBUG:colcon.colcon_core.shell:Skip shell extension 'dsv' for command environment
[4.838s] DEBUG:colcon.colcon_core.event_handler.log_command:Invoked command in '/home/zerda/ros2_ws/build/aruco_msgs' returned '0': CMAKE_PREFIX_PATH=${CMAKE_PREFIX_PATH}:/home/zerda/ros2_ws/install/my_py_pkg:/home/zerda/ros2_ws/install/image_processing:/home/zerda/ros2_ws/install/challenge1:/opt/ros/humble /usr/bin/cmake --build /home/zerda/ros2_ws/build/aruco_msgs -- -j8 -l8
[5.082s] DEBUG:colcon.colcon_core.event_handler.log_command:Invoking command in '/home/zerda/ros2_ws/build/aruco_msgs': CMAKE_PREFIX_PATH=${CMAKE_PREFIX_PATH}:/home/zerda/ros2_ws/install/my_py_pkg:/home/zerda/ros2_ws/install/image_processing:/home/zerda/ros2_ws/install/challenge1:/opt/ros/humble /usr/bin/cmake --install /home/zerda/ros2_ws/build/aruco_msgs
[5.264s] Level 1:colcon.colcon_core.environment:create_environment_scripts_only(aruco_msgs)
[5.274s] DEBUG:colcon.colcon_core.event_handler.log_command:Invoked command in '/home/zerda/ros2_ws/build/aruco_msgs' returned '0': CMAKE_PREFIX_PATH=${CMAKE_PREFIX_PATH}:/home/zerda/ros2_ws/install/my_py_pkg:/home/zerda/ros2_ws/install/image_processing:/home/zerda/ros2_ws/install/challenge1:/opt/ros/humble /usr/bin/cmake --install /home/zerda/ros2_ws/build/aruco_msgs
[5.331s] Level 1:colcon.colcon_core.environment:checking '/home/zerda/ros2_ws/install/aruco_msgs' for CMake module files
[5.333s] Level 1:colcon.colcon_core.environment:checking '/home/zerda/ros2_ws/install/aruco_msgs' for CMake config files
[5.334s] Level 1:colcon.colcon_core.shell:create_environment_hook('aruco_msgs', 'cmake_prefix_path')
[5.398s] INFO:colcon.colcon_core.shell:Creating environment hook '/home/zerda/ros2_ws/install/aruco_msgs/share/aruco_msgs/hook/cmake_prefix_path.ps1'
[5.409s] INFO:colcon.colcon_core.shell:Creating environment descriptor '/home/zerda/ros2_ws/install/aruco_msgs/share/aruco_msgs/hook/cmake_prefix_path.dsv'
[5.410s] INFO:colcon.colcon_core.shell:Creating environment hook '/home/zerda/ros2_ws/install/aruco_msgs/share/aruco_msgs/hook/cmake_prefix_path.sh'
[5.412s] Level 1:colcon.colcon_core.environment:checking '/home/zerda/ros2_ws/install/aruco_msgs/lib'
[5.413s] Level 1:colcon.colcon_core.shell:create_environment_hook('aruco_msgs', 'ld_library_path_lib')
[5.472s] INFO:colcon.colcon_core.shell:Creating environment hook '/home/zerda/ros2_ws/install/aruco_msgs/share/aruco_msgs/hook/ld_library_path_lib.ps1'
[5.475s] INFO:colcon.colcon_core.shell:Creating environment descriptor '/home/zerda/ros2_ws/install/aruco_msgs/share/aruco_msgs/hook/ld_library_path_lib.dsv'
[5.476s] INFO:colcon.colcon_core.shell:Creating environment hook '/home/zerda/ros2_ws/install/aruco_msgs/share/aruco_msgs/hook/ld_library_path_lib.sh'
[5.478s] Level 1:colcon.colcon_core.environment:checking '/home/zerda/ros2_ws/install/aruco_msgs/bin'
[5.478s] Level 1:colcon.colcon_core.environment:checking '/home/zerda/ros2_ws/install/aruco_msgs/lib/pkgconfig/aruco_msgs.pc'
[5.479s] Level 1:colcon.colcon_core.environment:checking '/home/zerda/ros2_ws/install/aruco_msgs/lib/python3.10/site-packages'
[5.480s] Level 1:colcon.colcon_core.environment:checking '/home/zerda/ros2_ws/install/aruco_msgs/bin'
[5.538s] INFO:colcon.colcon_core.shell:Creating package script '/home/zerda/ros2_ws/install/aruco_msgs/share/aruco_msgs/package.ps1'
[5.541s] INFO:colcon.colcon_core.shell:Creating package descriptor '/home/zerda/ros2_ws/install/aruco_msgs/share/aruco_msgs/package.dsv'
[5.543s] INFO:colcon.colcon_core.shell:Creating package script '/home/zerda/ros2_ws/install/aruco_msgs/share/aruco_msgs/package.sh'
[5.548s] INFO:colcon.colcon_core.shell:Creating package script '/home/zerda/ros2_ws/install/aruco_msgs/share/aruco_msgs/package.bash'
[5.551s] INFO:colcon.colcon_core.shell:Creating package script '/home/zerda/ros2_ws/install/aruco_msgs/share/aruco_msgs/package.zsh'
[5.553s] Level 1:colcon.colcon_core.environment:create_file_with_runtime_dependencies(/home/zerda/ros2_ws/install/aruco_msgs/share/colcon-core/packages/aruco_msgs)
[5.804s] Level 1:colcon.colcon_core.environment:create_environment_scripts_only(aruco_msgs)
[5.865s] Level 1:colcon.colcon_core.environment:checking '/home/zerda/ros2_ws/install/aruco_msgs' for CMake module files
[5.867s] Level 1:colcon.colcon_core.environment:checking '/home/zerda/ros2_ws/install/aruco_msgs' for CMake config files
[5.869s] Level 1:colcon.colcon_core.shell:create_environment_hook('aruco_msgs', 'cmake_prefix_path')
[5.921s] INFO:colcon.colcon_core.shell:Creating environment hook '/home/zerda/ros2_ws/install/aruco_msgs/share/aruco_msgs/hook/cmake_prefix_path.ps1'
[5.922s] INFO:colcon.colcon_core.shell:Creating environment descriptor '/home/zerda/ros2_ws/install/aruco_msgs/share/aruco_msgs/hook/cmake_prefix_path.dsv'
[5.923s] INFO:colcon.colcon_core.shell:Creating environment hook '/home/zerda/ros2_ws/install/aruco_msgs/share/aruco_msgs/hook/cmake_prefix_path.sh'
[5.924s] Level 1:colcon.colcon_core.environment:checking '/home/zerda/ros2_ws/install/aruco_msgs/lib'
[5.925s] Level 1:colcon.colcon_core.shell:create_environment_hook('aruco_msgs', 'ld_library_path_lib')
[5.956s] INFO:colcon.colcon_core.shell:Creating environment hook '/home/zerda/ros2_ws/install/aruco_msgs/share/aruco_msgs/hook/ld_library_path_lib.ps1'
[5.957s] INFO:colcon.colcon_core.shell:Creating environment descriptor '/home/zerda/ros2_ws/install/aruco_msgs/share/aruco_msgs/hook/ld_library_path_lib.dsv'
[5.958s] INFO:colcon.colcon_core.shell:Creating environment hook '/home/zerda/ros2_ws/install/aruco_msgs/share/aruco_msgs/hook/ld_library_path_lib.sh'
[5.959s] Level 1:colcon.colcon_core.environment:checking '/home/zerda/ros2_ws/install/aruco_msgs/bin'
[5.959s] Level 1:colcon.colcon_core.environment:checking '/home/zerda/ros2_ws/install/aruco_msgs/lib/pkgconfig/aruco_msgs.pc'
[5.960s] Level 1:colcon.colcon_core.environment:checking '/home/zerda/ros2_ws/install/aruco_msgs/lib/python3.10/site-packages'
[5.960s] Level 1:colcon.colcon_core.environment:checking '/home/zerda/ros2_ws/install/aruco_msgs/bin'
[5.992s] INFO:colcon.colcon_core.shell:Creating package script '/home/zerda/ros2_ws/install/aruco_msgs/share/aruco_msgs/package.ps1'
[5.993s] INFO:colcon.colcon_core.shell:Creating package descriptor '/home/zerda/ros2_ws/install/aruco_msgs/share/aruco_msgs/package.dsv'
[5.995s] INFO:colcon.colcon_core.shell:Creating package script '/home/zerda/ros2_ws/install/aruco_msgs/share/aruco_msgs/package.sh'
[5.996s] INFO:colcon.colcon_core.shell:Creating package script '/home/zerda/ros2_ws/install/aruco_msgs/share/aruco_msgs/package.bash'
[5.996s] INFO:colcon.colcon_core.shell:Creating package script '/home/zerda/ros2_ws/install/aruco_msgs/share/aruco_msgs/package.zsh'
[5.997s] Level 1:colcon.colcon_core.environment:create_file_with_runtime_dependencies(/home/zerda/ros2_ws/install/aruco_msgs/share/colcon-core/packages/aruco_msgs)
[6.008s] DEBUG:colcon.colcon_core.event_handler.log_command:Invoking command in '/home/zerda/ros2_ws/src/my_py_pkg': PYTHONPATH=/home/zerda/ros2_ws/build/my_py_pkg/prefix_override:/home/zerda/ros2_ws/install/my_py_pkg/lib/python3.10/site-packages:${PYTHONPATH} /usr/bin/python3 setup.py egg_info --egg-base ../../build/my_py_pkg build --build-base /home/zerda/ros2_ws/build/my_py_pkg/build install --record /home/zerda/ros2_ws/build/my_py_pkg/install.log --single-version-externally-managed
[6.009s] DEBUG:colcon.colcon_core.event_handler.log_command:Invoked command in '/home/zerda/ros2_ws/build/aruco' returned '1': CMAKE_PREFIX_PATH=${CMAKE_PREFIX_PATH}:/home/zerda/ros2_ws/install/my_py_pkg:/home/zerda/ros2_ws/install/image_processing:/home/zerda/ros2_ws/install/challenge1:/opt/ros/humble /usr/bin/cmake /home/zerda/ros2_ws/src/aruco_ros2/aruco -DCMAKE_INSTALL_PREFIX=/home/zerda/ros2_ws/install/aruco
[6.029s] Level 1:colcon.colcon_core.environment:create_environment_scripts_only(aruco)
[6.064s] Level 1:colcon.colcon_core.environment:checking '/home/zerda/ros2_ws/install/aruco' for CMake module files
[6.065s] Level 1:colcon.colcon_core.environment:checking '/home/zerda/ros2_ws/install/aruco' for CMake config files
[6.066s] Level 1:colcon.colcon_core.environment:checking '/home/zerda/ros2_ws/install/aruco/bin'
[6.066s] Level 1:colcon.colcon_core.environment:checking '/home/zerda/ros2_ws/install/aruco/lib/pkgconfig/aruco.pc'
[6.066s] Level 1:colcon.colcon_core.environment:checking '/home/zerda/ros2_ws/install/aruco/lib/python3.10/site-packages'
[6.067s] Level 1:colcon.colcon_core.environment:checking '/home/zerda/ros2_ws/install/aruco/bin'
[6.101s] INFO:colcon.colcon_core.shell:Creating package script '/home/zerda/ros2_ws/install/aruco/share/aruco/package.ps1'
[6.102s] INFO:colcon.colcon_core.shell:Creating package descriptor '/home/zerda/ros2_ws/install/aruco/share/aruco/package.dsv'
[6.103s] INFO:colcon.colcon_core.shell:Creating package script '/home/zerda/ros2_ws/install/aruco/share/aruco/package.sh'
[6.104s] INFO:colcon.colcon_core.shell:Creating package script '/home/zerda/ros2_ws/install/aruco/share/aruco/package.bash'
[6.105s] INFO:colcon.colcon_core.shell:Creating package script '/home/zerda/ros2_ws/install/aruco/share/aruco/package.zsh'
[6.106s] Level 1:colcon.colcon_core.environment:create_file_with_runtime_dependencies(/home/zerda/ros2_ws/install/aruco/share/colcon-core/packages/aruco)
[6.840s] DEBUG:colcon.colcon_parallel_executor.executor.parallel:closing loop
[6.841s] DEBUG:colcon.colcon_parallel_executor.executor.parallel:loop closed
[6.841s] DEBUG:colcon.colcon_parallel_executor.executor.parallel:run_until_complete finished with '1'
[6.841s] DEBUG:colcon.colcon_core.event_reactor:joining thread
[6.888s] INFO:colcon.colcon_core.plugin_system:Skipping extension 'colcon_notification.desktop_notification.terminal_notifier': Not used on non-Darwin systems
[6.888s] INFO:colcon.colcon_core.plugin_system:Skipping extension 'colcon_notification.desktop_notification.win32': Not used on non-Windows systems
[6.888s] INFO:colcon.colcon_notification.desktop_notification:Sending desktop notification using 'notify2'
[6.912s] DEBUG:colcon.colcon_core.event_reactor:joined thread
[6.948s] INFO:colcon.colcon_core.shell:Creating prefix script '/home/zerda/ros2_ws/install/local_setup.ps1'
[6.950s] INFO:colcon.colcon_core.shell:Creating prefix util module '/home/zerda/ros2_ws/install/_local_setup_util_ps1.py'
[6.953s] INFO:colcon.colcon_core.shell:Creating prefix chain script '/home/zerda/ros2_ws/install/setup.ps1'
[6.987s] INFO:colcon.colcon_core.shell:Creating prefix script '/home/zerda/ros2_ws/install/local_setup.sh'
[6.988s] INFO:colcon.colcon_core.shell:Creating prefix util module '/home/zerda/ros2_ws/install/_local_setup_util_sh.py'
[6.989s] INFO:colcon.colcon_core.shell:Creating prefix chain script '/home/zerda/ros2_ws/install/setup.sh'
[7.025s] INFO:colcon.colcon_core.shell:Creating prefix script '/home/zerda/ros2_ws/install/local_setup.bash'
[7.026s] INFO:colcon.colcon_core.shell:Creating prefix chain script '/home/zerda/ros2_ws/install/setup.bash'
[7.061s] INFO:colcon.colcon_core.shell:Creating prefix script '/home/zerda/ros2_ws/install/local_setup.zsh'
[7.062s] INFO:colcon.colcon_core.shell:Creating prefix chain script '/home/zerda/ros2_ws/install/setup.zsh'
