[0.420s] Invoking command in '/home/zerda/ros2_ws/build/image_processing': CMAKE_PREFIX_PATH=${CMAKE_PREFIX_PATH}:/home/zerda/ros2_ws/install/my_py_pkg:/home/zerda/ros2_ws/install/challenge1:/opt/ros/humble /usr/bin/cmake --build /home/zerda/ros2_ws/build/image_processing -- -j8 -l8
[1.022s] -- Found ament_cmake: 1.3.8 (/opt/ros/humble/share/ament_cmake/cmake)
[1.471s] -- Found Python3: /usr/bin/python3 (found version "3.10.12") found components: Interpreter 
[1.641s] -- Found sensor_msgs: 4.2.3 (/opt/ros/humble/share/sensor_msgs/cmake)
[1.728s] -- Found rosidl_generator_c: 3.1.5 (/opt/ros/humble/share/rosidl_generator_c/cmake)
[1.737s] -- Found rosidl_adapter: 3.1.5 (/opt/ros/humble/share/rosidl_adapter/cmake)
[1.760s] -- Found rosidl_generator_cpp: 3.1.5 (/opt/ros/humble/share/rosidl_generator_cpp/cmake)
[1.805s] -- Using all available rosidl_typesupport_c: rosidl_typesupport_fastrtps_c;rosidl_typesupport_introspection_c
[1.868s] -- Using all available rosidl_typesupport_cpp: rosidl_typesupport_fastrtps_cpp;rosidl_typesupport_introspection_cpp
[2.575s] [31mCMake Error at CMakeLists.txt:11 (find_package):
[2.575s]   By not providing "Findcv_bridge.cmake" in CMAKE_MODULE_PATH this project
[2.576s]   has asked CMake to find a package configuration file provided by
[2.576s]   "cv_bridge", but CMake did not find one.
[2.576s] 
[2.576s]   Could not find a package configuration file provided by "cv_bridge" with
[2.577s]   any of the following names:
[2.577s] 
[2.577s]     cv_bridgeConfig.cmake
[2.577s]     cv_bridge-config.cmake
[2.578s] 
[2.578s]   Add the installation prefix of "cv_bridge" to CMAKE_PREFIX_PATH or set
[2.578s]   "cv_bridge_DIR" to a directory containing one of the above files.  If
[2.578s]   "cv_bridge" provides a separate development package or SDK, be sure it has
[2.578s]   been installed.
[2.579s] 
[2.579s] [0m
[2.579s] -- Configuring incomplete, errors occurred!
[2.579s] See also "/home/zerda/ros2_ws/build/image_processing/CMakeFiles/CMakeOutput.log".
[2.582s] gmake: *** [Makefile:267: cmake_check_build_system] Error 1
