[0.807s] Invoking command in '/home/zerda/ros2_ws/build/aruco_msgs': CMAKE_PREFIX_PATH=${CMAKE_PREFIX_PATH}:/home/zerda/ros2_ws/install/my_py_pkg:/home/zerda/ros2_ws/install/image_processing:/home/zerda/ros2_ws/install/challenge1:/opt/ros/humble /usr/bin/cmake --build /home/zerda/ros2_ws/build/aruco_msgs -- -j8 -l8
[0.963s] [ 10%] Built target aruco_msgs__rosidl_generator_c
[0.974s] [ 12%] Built target aruco_msgs__cpp
[1.039s] [ 12%] Built target ament_cmake_python_copy_aruco_msgs
[1.096s] [ 23%] Built target aruco_msgs__rosidl_typesupport_fastrtps_c
[1.096s] [ 33%] Built target aruco_msgs__rosidl_typesupport_introspection_c
[1.096s] [ 43%] Built target aruco_msgs__rosidl_typesupport_fastrtps_cpp
[1.109s] [ 53%] Built target aruco_msgs__rosidl_typesupport_c
[1.122s] [ 64%] Built target aruco_msgs__rosidl_typesupport_introspection_cpp
[1.143s] [ 74%] Built target aruco_msgs__rosidl_typesupport_cpp
[1.187s] [ 74%] Built target aruco_msgs
[1.229s] [ 76%] Built target aruco_msgs__py
[1.281s] [ 84%] Built target aruco_msgs__rosidl_generator_py
[1.360s] [ 94%] Built target aruco_msgs__rosidl_typesupport_c__pyext
[1.363s] [ 94%] Built target aruco_msgs__rosidl_typesupport_introspection_c__pyext
[1.382s] [100%] Built target aruco_msgs__rosidl_typesupport_fastrtps_c__pyext
[2.089s] running egg_info
[2.093s] writing aruco_msgs.egg-info/PKG-INFO
[2.094s] writing dependency_links to aruco_msgs.egg-info/dependency_links.txt
[2.094s] writing top-level names to aruco_msgs.egg-info/top_level.txt
[2.099s] reading manifest file 'aruco_msgs.egg-info/SOURCES.txt'
[2.101s] writing manifest file 'aruco_msgs.egg-info/SOURCES.txt'
[2.172s] [100%] Built target ament_cmake_python_build_aruco_msgs_egg
[2.200s] Invoked command in '/home/zerda/ros2_ws/build/aruco_msgs' returned '0': CMAKE_PREFIX_PATH=${CMAKE_PREFIX_PATH}:/home/zerda/ros2_ws/install/my_py_pkg:/home/zerda/ros2_ws/install/image_processing:/home/zerda/ros2_ws/install/challenge1:/opt/ros/humble /usr/bin/cmake --build /home/zerda/ros2_ws/build/aruco_msgs -- -j8 -l8
[2.578s] Invoking command in '/home/zerda/ros2_ws/build/aruco_msgs': CMAKE_PREFIX_PATH=${CMAKE_PREFIX_PATH}:/home/zerda/ros2_ws/install/my_py_pkg:/home/zerda/ros2_ws/install/image_processing:/home/zerda/ros2_ws/install/challenge1:/opt/ros/humble /usr/bin/cmake --install /home/zerda/ros2_ws/build/aruco_msgs
[2.603s] -- Install configuration: ""
[2.604s] -- Up-to-date: /home/zerda/ros2_ws/install/aruco_msgs/share/ament_index/resource_index/rosidl_interfaces/aruco_msgs
[2.604s] -- Up-to-date: /home/zerda/ros2_ws/install/aruco_msgs/include/aruco_msgs/aruco_msgs
[2.604s] -- Up-to-date: /home/zerda/ros2_ws/install/aruco_msgs/include/aruco_msgs/aruco_msgs/msg
[2.604s] -- Up-to-date: /home/zerda/ros2_ws/install/aruco_msgs/include/aruco_msgs/aruco_msgs/msg/marker_array.h
[2.605s] -- Up-to-date: /home/zerda/ros2_ws/install/aruco_msgs/include/aruco_msgs/aruco_msgs/msg/detail
[2.605s] -- Up-to-date: /home/zerda/ros2_ws/install/aruco_msgs/include/aruco_msgs/aruco_msgs/msg/detail/marker__functions.c
[2.605s] -- Up-to-date: /home/zerda/ros2_ws/install/aruco_msgs/include/aruco_msgs/aruco_msgs/msg/detail/marker_array__type_support.h
[2.605s] -- Up-to-date: /home/zerda/ros2_ws/install/aruco_msgs/include/aruco_msgs/aruco_msgs/msg/detail/marker__type_support.h
[2.606s] -- Up-to-date: /home/zerda/ros2_ws/install/aruco_msgs/include/aruco_msgs/aruco_msgs/msg/detail/marker__functions.h
[2.606s] -- Up-to-date: /home/zerda/ros2_ws/install/aruco_msgs/include/aruco_msgs/aruco_msgs/msg/detail/marker_array__struct.h
[2.606s] -- Up-to-date: /home/zerda/ros2_ws/install/aruco_msgs/include/aruco_msgs/aruco_msgs/msg/detail/marker_array__functions.c
[2.607s] -- Up-to-date: /home/zerda/ros2_ws/install/aruco_msgs/include/aruco_msgs/aruco_msgs/msg/detail/marker__struct.h
[2.607s] -- Up-to-date: /home/zerda/ros2_ws/install/aruco_msgs/include/aruco_msgs/aruco_msgs/msg/detail/marker_array__functions.h
[2.607s] -- Up-to-date: /home/zerda/ros2_ws/install/aruco_msgs/include/aruco_msgs/aruco_msgs/msg/marker.h
[2.607s] -- Up-to-date: /home/zerda/ros2_ws/install/aruco_msgs/include/aruco_msgs/aruco_msgs/msg/rosidl_generator_c__visibility_control.h
[2.608s] -- Up-to-date: /home/zerda/ros2_ws/install/aruco_msgs/share/aruco_msgs/environment/library_path.sh
[2.608s] -- Up-to-date: /home/zerda/ros2_ws/install/aruco_msgs/share/aruco_msgs/environment/library_path.dsv
[2.608s] -- Up-to-date: /home/zerda/ros2_ws/install/aruco_msgs/lib/libaruco_msgs__rosidl_generator_c.so
[2.611s] -- Up-to-date: /home/zerda/ros2_ws/install/aruco_msgs/include/aruco_msgs/aruco_msgs
[2.612s] -- Up-to-date: /home/zerda/ros2_ws/install/aruco_msgs/include/aruco_msgs/aruco_msgs/msg
[2.612s] -- Up-to-date: /home/zerda/ros2_ws/install/aruco_msgs/include/aruco_msgs/aruco_msgs/msg/detail
[2.613s] -- Up-to-date: /home/zerda/ros2_ws/install/aruco_msgs/include/aruco_msgs/aruco_msgs/msg/detail/marker_array__rosidl_typesupport_fastrtps_c.h
[2.614s] -- Up-to-date: /home/zerda/ros2_ws/install/aruco_msgs/include/aruco_msgs/aruco_msgs/msg/detail/marker__rosidl_typesupport_fastrtps_c.h
[2.614s] -- Up-to-date: /home/zerda/ros2_ws/install/aruco_msgs/include/aruco_msgs/aruco_msgs/msg/rosidl_typesupport_fastrtps_c__visibility_control.h
[2.614s] -- Up-to-date: /home/zerda/ros2_ws/install/aruco_msgs/lib/libaruco_msgs__rosidl_typesupport_fastrtps_c.so
[2.615s] -- Up-to-date: /home/zerda/ros2_ws/install/aruco_msgs/include/aruco_msgs/aruco_msgs
[2.616s] -- Up-to-date: /home/zerda/ros2_ws/install/aruco_msgs/include/aruco_msgs/aruco_msgs/msg
[2.616s] -- Up-to-date: /home/zerda/ros2_ws/install/aruco_msgs/include/aruco_msgs/aruco_msgs/msg/rosidl_typesupport_introspection_c__visibility_control.h
[2.617s] -- Up-to-date: /home/zerda/ros2_ws/install/aruco_msgs/include/aruco_msgs/aruco_msgs/msg/detail
[2.617s] -- Up-to-date: /home/zerda/ros2_ws/install/aruco_msgs/include/aruco_msgs/aruco_msgs/msg/detail/marker_array__rosidl_typesupport_introspection_c.h
[2.617s] -- Up-to-date: /home/zerda/ros2_ws/install/aruco_msgs/include/aruco_msgs/aruco_msgs/msg/detail/marker__type_support.c
[2.617s] -- Up-to-date: /home/zerda/ros2_ws/install/aruco_msgs/include/aruco_msgs/aruco_msgs/msg/detail/marker_array__type_support.c
[2.618s] -- Up-to-date: /home/zerda/ros2_ws/install/aruco_msgs/include/aruco_msgs/aruco_msgs/msg/detail/marker__rosidl_typesupport_introspection_c.h
[2.618s] -- Up-to-date: /home/zerda/ros2_ws/install/aruco_msgs/lib/libaruco_msgs__rosidl_typesupport_introspection_c.so
[2.619s] -- Up-to-date: /home/zerda/ros2_ws/install/aruco_msgs/lib/libaruco_msgs__rosidl_typesupport_c.so
[2.619s] -- Up-to-date: /home/zerda/ros2_ws/install/aruco_msgs/include/aruco_msgs/aruco_msgs
[2.619s] -- Up-to-date: /home/zerda/ros2_ws/install/aruco_msgs/include/aruco_msgs/aruco_msgs/msg
[2.620s] -- Up-to-date: /home/zerda/ros2_ws/install/aruco_msgs/include/aruco_msgs/aruco_msgs/msg/marker.hpp
[2.620s] -- Up-to-date: /home/zerda/ros2_ws/install/aruco_msgs/include/aruco_msgs/aruco_msgs/msg/marker_array.hpp
[2.620s] -- Up-to-date: /home/zerda/ros2_ws/install/aruco_msgs/include/aruco_msgs/aruco_msgs/msg/detail
[2.621s] -- Up-to-date: /home/zerda/ros2_ws/install/aruco_msgs/include/aruco_msgs/aruco_msgs/msg/detail/marker_array__builder.hpp
[2.621s] -- Up-to-date: /home/zerda/ros2_ws/install/aruco_msgs/include/aruco_msgs/aruco_msgs/msg/detail/marker__struct.hpp
[2.621s] -- Up-to-date: /home/zerda/ros2_ws/install/aruco_msgs/include/aruco_msgs/aruco_msgs/msg/detail/marker_array__struct.hpp
[2.622s] -- Up-to-date: /home/zerda/ros2_ws/install/aruco_msgs/include/aruco_msgs/aruco_msgs/msg/detail/marker__builder.hpp
[2.622s] -- Up-to-date: /home/zerda/ros2_ws/install/aruco_msgs/include/aruco_msgs/aruco_msgs/msg/detail/marker_array__traits.hpp
[2.623s] -- Up-to-date: /home/zerda/ros2_ws/install/aruco_msgs/include/aruco_msgs/aruco_msgs/msg/detail/marker__traits.hpp
[2.623s] -- Up-to-date: /home/zerda/ros2_ws/install/aruco_msgs/include/aruco_msgs/aruco_msgs
[2.623s] -- Up-to-date: /home/zerda/ros2_ws/install/aruco_msgs/include/aruco_msgs/aruco_msgs/msg
[2.624s] -- Up-to-date: /home/zerda/ros2_ws/install/aruco_msgs/include/aruco_msgs/aruco_msgs/msg/rosidl_typesupport_fastrtps_cpp__visibility_control.h
[2.624s] -- Up-to-date: /home/zerda/ros2_ws/install/aruco_msgs/include/aruco_msgs/aruco_msgs/msg/detail
[2.624s] -- Up-to-date: /home/zerda/ros2_ws/install/aruco_msgs/include/aruco_msgs/aruco_msgs/msg/detail/marker__rosidl_typesupport_fastrtps_cpp.hpp
[2.625s] -- Up-to-date: /home/zerda/ros2_ws/install/aruco_msgs/include/aruco_msgs/aruco_msgs/msg/detail/marker_array__rosidl_typesupport_fastrtps_cpp.hpp
[2.625s] -- Up-to-date: /home/zerda/ros2_ws/install/aruco_msgs/include/aruco_msgs/aruco_msgs/msg/detail/dds_fastrtps
[2.626s] -- Up-to-date: /home/zerda/ros2_ws/install/aruco_msgs/lib/libaruco_msgs__rosidl_typesupport_fastrtps_cpp.so
[2.626s] -- Up-to-date: /home/zerda/ros2_ws/install/aruco_msgs/include/aruco_msgs/aruco_msgs
[2.627s] -- Up-to-date: /home/zerda/ros2_ws/install/aruco_msgs/include/aruco_msgs/aruco_msgs/msg
[2.627s] -- Up-to-date: /home/zerda/ros2_ws/install/aruco_msgs/include/aruco_msgs/aruco_msgs/msg/detail
[2.627s] -- Up-to-date: /home/zerda/ros2_ws/install/aruco_msgs/include/aruco_msgs/aruco_msgs/msg/detail/marker_array__type_support.cpp
[2.627s] -- Up-to-date: /home/zerda/ros2_ws/install/aruco_msgs/include/aruco_msgs/aruco_msgs/msg/detail/marker__type_support.cpp
[2.628s] -- Up-to-date: /home/zerda/ros2_ws/install/aruco_msgs/include/aruco_msgs/aruco_msgs/msg/detail/marker_array__rosidl_typesupport_introspection_cpp.hpp
[2.628s] -- Up-to-date: /home/zerda/ros2_ws/install/aruco_msgs/include/aruco_msgs/aruco_msgs/msg/detail/marker__rosidl_typesupport_introspection_cpp.hpp
[2.628s] -- Up-to-date: /home/zerda/ros2_ws/install/aruco_msgs/lib/libaruco_msgs__rosidl_typesupport_introspection_cpp.so
[2.629s] -- Up-to-date: /home/zerda/ros2_ws/install/aruco_msgs/lib/libaruco_msgs__rosidl_typesupport_cpp.so
[2.629s] -- Up-to-date: /home/zerda/ros2_ws/install/aruco_msgs/share/aruco_msgs/environment/pythonpath.sh
[2.629s] -- Up-to-date: /home/zerda/ros2_ws/install/aruco_msgs/share/aruco_msgs/environment/pythonpath.dsv
[2.629s] -- Up-to-date: /home/zerda/ros2_ws/install/aruco_msgs/local/lib/python3.10/dist-packages/aruco_msgs-2.0.0-py3.10.egg-info
[2.630s] -- Installing: /home/zerda/ros2_ws/install/aruco_msgs/local/lib/python3.10/dist-packages/aruco_msgs-2.0.0-py3.10.egg-info/top_level.txt
[2.630s] -- Installing: /home/zerda/ros2_ws/install/aruco_msgs/local/lib/python3.10/dist-packages/aruco_msgs-2.0.0-py3.10.egg-info/dependency_links.txt
[2.630s] -- Installing: /home/zerda/ros2_ws/install/aruco_msgs/local/lib/python3.10/dist-packages/aruco_msgs-2.0.0-py3.10.egg-info/PKG-INFO
[2.631s] -- Installing: /home/zerda/ros2_ws/install/aruco_msgs/local/lib/python3.10/dist-packages/aruco_msgs-2.0.0-py3.10.egg-info/SOURCES.txt
[2.631s] -- Up-to-date: /home/zerda/ros2_ws/install/aruco_msgs/local/lib/python3.10/dist-packages/aruco_msgs
[2.631s] -- Up-to-date: /home/zerda/ros2_ws/install/aruco_msgs/local/lib/python3.10/dist-packages/aruco_msgs/_aruco_msgs_s.ep.rosidl_typesupport_fastrtps_c.c
[2.631s] -- Up-to-date: /home/zerda/ros2_ws/install/aruco_msgs/local/lib/python3.10/dist-packages/aruco_msgs/aruco_msgs_s__rosidl_typesupport_fastrtps_c.cpython-310-x86_64-linux-gnu.so
[2.631s] -- Up-to-date: /home/zerda/ros2_ws/install/aruco_msgs/local/lib/python3.10/dist-packages/aruco_msgs/__init__.py
[2.632s] -- Up-to-date: /home/zerda/ros2_ws/install/aruco_msgs/local/lib/python3.10/dist-packages/aruco_msgs/aruco_msgs_s__rosidl_typesupport_c.cpython-310-x86_64-linux-gnu.so
[2.632s] -- Up-to-date: /home/zerda/ros2_ws/install/aruco_msgs/local/lib/python3.10/dist-packages/aruco_msgs/_aruco_msgs_s.ep.rosidl_typesupport_introspection_c.c
[2.632s] -- Up-to-date: /home/zerda/ros2_ws/install/aruco_msgs/local/lib/python3.10/dist-packages/aruco_msgs/libaruco_msgs__rosidl_generator_py.so
[2.633s] -- Up-to-date: /home/zerda/ros2_ws/install/aruco_msgs/local/lib/python3.10/dist-packages/aruco_msgs/aruco_msgs_s__rosidl_typesupport_introspection_c.cpython-310-x86_64-linux-gnu.so
[2.633s] -- Up-to-date: /home/zerda/ros2_ws/install/aruco_msgs/local/lib/python3.10/dist-packages/aruco_msgs/_aruco_msgs_s.ep.rosidl_typesupport_c.c
[2.633s] -- Up-to-date: /home/zerda/ros2_ws/install/aruco_msgs/local/lib/python3.10/dist-packages/aruco_msgs/msg
[2.633s] -- Up-to-date: /home/zerda/ros2_ws/install/aruco_msgs/local/lib/python3.10/dist-packages/aruco_msgs/msg/__init__.py
[2.634s] -- Up-to-date: /home/zerda/ros2_ws/install/aruco_msgs/local/lib/python3.10/dist-packages/aruco_msgs/msg/_marker_array.py
[2.634s] -- Up-to-date: /home/zerda/ros2_ws/install/aruco_msgs/local/lib/python3.10/dist-packages/aruco_msgs/msg/_marker.py
[2.634s] -- Up-to-date: /home/zerda/ros2_ws/install/aruco_msgs/local/lib/python3.10/dist-packages/aruco_msgs/msg/_marker_s.c
[2.635s] -- Up-to-date: /home/zerda/ros2_ws/install/aruco_msgs/local/lib/python3.10/dist-packages/aruco_msgs/msg/_marker_array_s.c
[2.763s] Listing '/home/zerda/ros2_ws/install/aruco_msgs/local/lib/python3.10/dist-packages/aruco_msgs'...
[2.765s] Listing '/home/zerda/ros2_ws/install/aruco_msgs/local/lib/python3.10/dist-packages/aruco_msgs/msg'...
[2.794s] -- Up-to-date: /home/zerda/ros2_ws/install/aruco_msgs/local/lib/python3.10/dist-packages/aruco_msgs/aruco_msgs_s__rosidl_typesupport_fastrtps_c.cpython-310-x86_64-linux-gnu.so
[2.795s] -- Up-to-date: /home/zerda/ros2_ws/install/aruco_msgs/local/lib/python3.10/dist-packages/aruco_msgs/aruco_msgs_s__rosidl_typesupport_introspection_c.cpython-310-x86_64-linux-gnu.so
[2.795s] -- Up-to-date: /home/zerda/ros2_ws/install/aruco_msgs/local/lib/python3.10/dist-packages/aruco_msgs/aruco_msgs_s__rosidl_typesupport_c.cpython-310-x86_64-linux-gnu.so
[2.796s] -- Up-to-date: /home/zerda/ros2_ws/install/aruco_msgs/lib/libaruco_msgs__rosidl_generator_py.so
[2.796s] -- Up-to-date: /home/zerda/ros2_ws/install/aruco_msgs/share/aruco_msgs/msg/Marker.idl
[2.796s] -- Up-to-date: /home/zerda/ros2_ws/install/aruco_msgs/share/aruco_msgs/msg/MarkerArray.idl
[2.796s] -- Up-to-date: /home/zerda/ros2_ws/install/aruco_msgs/share/aruco_msgs/msg/Marker.msg
[2.797s] -- Up-to-date: /home/zerda/ros2_ws/install/aruco_msgs/share/aruco_msgs/msg/MarkerArray.msg
[2.797s] -- Up-to-date: /home/zerda/ros2_ws/install/aruco_msgs/share/ament_index/resource_index/package_run_dependencies/aruco_msgs
[2.797s] -- Up-to-date: /home/zerda/ros2_ws/install/aruco_msgs/share/ament_index/resource_index/parent_prefix_path/aruco_msgs
[2.797s] -- Up-to-date: /home/zerda/ros2_ws/install/aruco_msgs/share/aruco_msgs/environment/ament_prefix_path.sh
[2.798s] -- Up-to-date: /home/zerda/ros2_ws/install/aruco_msgs/share/aruco_msgs/environment/ament_prefix_path.dsv
[2.798s] -- Up-to-date: /home/zerda/ros2_ws/install/aruco_msgs/share/aruco_msgs/environment/path.sh
[2.798s] -- Up-to-date: /home/zerda/ros2_ws/install/aruco_msgs/share/aruco_msgs/environment/path.dsv
[2.799s] -- Up-to-date: /home/zerda/ros2_ws/install/aruco_msgs/share/aruco_msgs/local_setup.bash
[2.799s] -- Up-to-date: /home/zerda/ros2_ws/install/aruco_msgs/share/aruco_msgs/local_setup.sh
[2.799s] -- Up-to-date: /home/zerda/ros2_ws/install/aruco_msgs/share/aruco_msgs/local_setup.zsh
[2.799s] -- Up-to-date: /home/zerda/ros2_ws/install/aruco_msgs/share/aruco_msgs/local_setup.dsv
[2.800s] -- Installing: /home/zerda/ros2_ws/install/aruco_msgs/share/aruco_msgs/package.dsv
[2.800s] -- Up-to-date: /home/zerda/ros2_ws/install/aruco_msgs/share/ament_index/resource_index/packages/aruco_msgs
[2.800s] -- Up-to-date: /home/zerda/ros2_ws/install/aruco_msgs/share/aruco_msgs/cmake/export_aruco_msgs__rosidl_generator_cExport.cmake
[2.800s] -- Up-to-date: /home/zerda/ros2_ws/install/aruco_msgs/share/aruco_msgs/cmake/export_aruco_msgs__rosidl_generator_cExport-noconfig.cmake
[2.801s] -- Up-to-date: /home/zerda/ros2_ws/install/aruco_msgs/share/aruco_msgs/cmake/export_aruco_msgs__rosidl_typesupport_fastrtps_cExport.cmake
[2.801s] -- Up-to-date: /home/zerda/ros2_ws/install/aruco_msgs/share/aruco_msgs/cmake/export_aruco_msgs__rosidl_typesupport_fastrtps_cExport-noconfig.cmake
[2.801s] -- Up-to-date: /home/zerda/ros2_ws/install/aruco_msgs/share/aruco_msgs/cmake/aruco_msgs__rosidl_typesupport_introspection_cExport.cmake
[2.801s] -- Up-to-date: /home/zerda/ros2_ws/install/aruco_msgs/share/aruco_msgs/cmake/aruco_msgs__rosidl_typesupport_introspection_cExport-noconfig.cmake
[2.802s] -- Up-to-date: /home/zerda/ros2_ws/install/aruco_msgs/share/aruco_msgs/cmake/aruco_msgs__rosidl_typesupport_cExport.cmake
[2.802s] -- Up-to-date: /home/zerda/ros2_ws/install/aruco_msgs/share/aruco_msgs/cmake/aruco_msgs__rosidl_typesupport_cExport-noconfig.cmake
[2.816s] -- Up-to-date: /home/zerda/ros2_ws/install/aruco_msgs/share/aruco_msgs/cmake/export_aruco_msgs__rosidl_generator_cppExport.cmake
[2.816s] -- Up-to-date: /home/zerda/ros2_ws/install/aruco_msgs/share/aruco_msgs/cmake/export_aruco_msgs__rosidl_typesupport_fastrtps_cppExport.cmake
[2.817s] -- Up-to-date: /home/zerda/ros2_ws/install/aruco_msgs/share/aruco_msgs/cmake/export_aruco_msgs__rosidl_typesupport_fastrtps_cppExport-noconfig.cmake
[2.817s] -- Up-to-date: /home/zerda/ros2_ws/install/aruco_msgs/share/aruco_msgs/cmake/aruco_msgs__rosidl_typesupport_introspection_cppExport.cmake
[2.817s] -- Up-to-date: /home/zerda/ros2_ws/install/aruco_msgs/share/aruco_msgs/cmake/aruco_msgs__rosidl_typesupport_introspection_cppExport-noconfig.cmake
[2.817s] -- Up-to-date: /home/zerda/ros2_ws/install/aruco_msgs/share/aruco_msgs/cmake/aruco_msgs__rosidl_typesupport_cppExport.cmake
[2.818s] -- Up-to-date: /home/zerda/ros2_ws/install/aruco_msgs/share/aruco_msgs/cmake/aruco_msgs__rosidl_typesupport_cppExport-noconfig.cmake
[2.819s] -- Up-to-date: /home/zerda/ros2_ws/install/aruco_msgs/share/aruco_msgs/cmake/export_aruco_msgs__rosidl_generator_pyExport.cmake
[2.819s] -- Up-to-date: /home/zerda/ros2_ws/install/aruco_msgs/share/aruco_msgs/cmake/export_aruco_msgs__rosidl_generator_pyExport-noconfig.cmake
[2.820s] -- Up-to-date: /home/zerda/ros2_ws/install/aruco_msgs/share/aruco_msgs/cmake/rosidl_cmake-extras.cmake
[2.821s] -- Up-to-date: /home/zerda/ros2_ws/install/aruco_msgs/share/aruco_msgs/cmake/ament_cmake_export_dependencies-extras.cmake
[2.822s] -- Up-to-date: /home/zerda/ros2_ws/install/aruco_msgs/share/aruco_msgs/cmake/ament_cmake_export_include_directories-extras.cmake
[2.822s] -- Up-to-date: /home/zerda/ros2_ws/install/aruco_msgs/share/aruco_msgs/cmake/ament_cmake_export_libraries-extras.cmake
[2.822s] -- Up-to-date: /home/zerda/ros2_ws/install/aruco_msgs/share/aruco_msgs/cmake/ament_cmake_export_targets-extras.cmake
[2.822s] -- Up-to-date: /home/zerda/ros2_ws/install/aruco_msgs/share/aruco_msgs/cmake/rosidl_cmake_export_typesupport_targets-extras.cmake
[2.828s] -- Up-to-date: /home/zerda/ros2_ws/install/aruco_msgs/share/aruco_msgs/cmake/rosidl_cmake_export_typesupport_libraries-extras.cmake
[2.828s] -- Up-to-date: /home/zerda/ros2_ws/install/aruco_msgs/share/aruco_msgs/cmake/aruco_msgsConfig.cmake
[2.829s] -- Up-to-date: /home/zerda/ros2_ws/install/aruco_msgs/share/aruco_msgs/cmake/aruco_msgsConfig-version.cmake
[2.829s] -- Up-to-date: /home/zerda/ros2_ws/install/aruco_msgs/share/aruco_msgs/package.xml
[2.987s] Invoked command in '/home/zerda/ros2_ws/build/aruco_msgs' returned '0': CMAKE_PREFIX_PATH=${CMAKE_PREFIX_PATH}:/home/zerda/ros2_ws/install/my_py_pkg:/home/zerda/ros2_ws/install/image_processing:/home/zerda/ros2_ws/install/challenge1:/opt/ros/humble /usr/bin/cmake --install /home/zerda/ros2_ws/build/aruco_msgs
