[0.479s] Invoking command in '/home/zerda/ros2_ws/build/image_processing': CMAKE_PREFIX_PATH=/opt/ros/humble /usr/bin/cmake --build /home/zerda/ros2_ws/build/image_processing -- -j8 -l8
[0.507s] -- Found ament_cmake: 1.3.6 (/opt/ros/humble/share/ament_cmake/cmake)
[0.701s] -- Found sensor_msgs: 4.2.3 (/opt/ros/humble/share/sensor_msgs/cmake)
[0.726s] -- Found rosidl_generator_c: 3.1.5 (/opt/ros/humble/share/rosidl_generator_c/cmake)
[0.730s] -- Found rosidl_adapter: 3.1.5 (/opt/ros/humble/share/rosidl_adapter/cmake)
[0.736s] -- Found rosidl_generator_cpp: 3.1.5 (/opt/ros/humble/share/rosidl_generator_cpp/cmake)
[0.749s] -- Using all available rosidl_typesupport_c: rosidl_typesupport_fastrtps_c;rosidl_typesupport_introspection_c
[0.766s] -- Using all available rosidl_typesupport_cpp: rosidl_typesupport_fastrtps_cpp;rosidl_typesupport_introspection_cpp
[1.021s] -- Found cv_bridge: 3.2.1 (/opt/ros/humble/share/cv_bridge/cmake)
[1.038s] -- Found rclcpp: 16.0.7 (/opt/ros/humble/share/rclcpp/cmake)
[1.097s] -- Found rmw_implementation_cmake: 6.1.1 (/opt/ros/humble/share/rmw_implementation_cmake/cmake)
[1.098s] -- Found rmw_fastrtps_cpp: 6.2.5 (/opt/ros/humble/share/rmw_fastrtps_cpp/cmake)
[1.232s] -- Using RMW implementation 'rmw_fastrtps_cpp' as default
[1.399s] -- Found image_common: 3.1.7 (/opt/ros/humble/share/image_common/cmake)
[1.404s] -- Found image_transport: 3.1.7 (/opt/ros/humble/share/image_transport/cmake)
[1.440s] -- Found ament_lint_auto: 0.12.9 (/opt/ros/humble/share/ament_lint_auto/cmake)
[1.527s] -- Added test 'cppcheck' to perform static code analysis on C / C++ code
[1.527s] -- Configured cppcheck include dirs: /home/zerda/ros2_ws/src/image_processing/include
[1.527s] -- Configured cppcheck exclude dirs and/or files: 
[1.527s] -- Added test 'lint_cmake' to check CMake code style
[1.528s] -- Added test 'uncrustify' to check C / C++ code style
[1.528s] -- Configured uncrustify additional arguments: 
[1.528s] -- Added test 'xmllint' to check XML markup files
[1.529s] -- Configuring done
[1.542s] -- Generating done
[1.543s] -- Build files have been written to: /home/zerda/ros2_ws/build/image_processing
[1.573s] [35m[1mConsolidate compiler generated dependencies of target my_image_converter_node[0m
[1.594s] [ 50%] [32mBuilding CXX object CMakeFiles/my_image_converter_node.dir/src/image_converter_node.cpp.o[0m
[4.595s] [100%] [32m[1mLinking CXX executable my_image_converter_node[0m
[4.981s] [100%] Built target my_image_converter_node
[4.992s] Invoked command in '/home/zerda/ros2_ws/build/image_processing' returned '0': CMAKE_PREFIX_PATH=/opt/ros/humble /usr/bin/cmake --build /home/zerda/ros2_ws/build/image_processing -- -j8 -l8
[5.034s] Invoking command in '/home/zerda/ros2_ws/build/image_processing': CMAKE_PREFIX_PATH=/opt/ros/humble /usr/bin/cmake --install /home/zerda/ros2_ws/build/image_processing
[5.044s] -- Install configuration: ""
[5.044s] -- Installing: /home/zerda/ros2_ws/install/image_processing/lib/image_processing/my_image_converter_node
[5.044s] -- Set runtime path of "/home/zerda/ros2_ws/install/image_processing/lib/image_processing/my_image_converter_node" to ""
[5.044s] -- Up-to-date: /home/zerda/ros2_ws/install/image_processing/share/ament_index/resource_index/package_run_dependencies/image_processing
[5.044s] -- Up-to-date: /home/zerda/ros2_ws/install/image_processing/share/ament_index/resource_index/parent_prefix_path/image_processing
[5.044s] -- Up-to-date: /home/zerda/ros2_ws/install/image_processing/share/image_processing/environment/ament_prefix_path.sh
[5.045s] -- Installing: /home/zerda/ros2_ws/install/image_processing/share/image_processing/environment/ament_prefix_path.dsv
[5.045s] -- Up-to-date: /home/zerda/ros2_ws/install/image_processing/share/image_processing/environment/path.sh
[5.045s] -- Installing: /home/zerda/ros2_ws/install/image_processing/share/image_processing/environment/path.dsv
[5.045s] -- Up-to-date: /home/zerda/ros2_ws/install/image_processing/share/image_processing/local_setup.bash
[5.045s] -- Up-to-date: /home/zerda/ros2_ws/install/image_processing/share/image_processing/local_setup.sh
[5.045s] -- Up-to-date: /home/zerda/ros2_ws/install/image_processing/share/image_processing/local_setup.zsh
[5.045s] -- Installing: /home/zerda/ros2_ws/install/image_processing/share/image_processing/local_setup.dsv
[5.045s] -- Installing: /home/zerda/ros2_ws/install/image_processing/share/image_processing/package.dsv
[5.046s] -- Up-to-date: /home/zerda/ros2_ws/install/image_processing/share/ament_index/resource_index/packages/image_processing
[5.046s] -- Up-to-date: /home/zerda/ros2_ws/install/image_processing/share/image_processing/cmake/image_processingConfig.cmake
[5.046s] -- Up-to-date: /home/zerda/ros2_ws/install/image_processing/share/image_processing/cmake/image_processingConfig-version.cmake
[5.046s] -- Up-to-date: /home/zerda/ros2_ws/install/image_processing/share/image_processing/package.xml
[5.047s] Invoked command in '/home/zerda/ros2_ws/build/image_processing' returned '0': CMAKE_PREFIX_PATH=/opt/ros/humble /usr/bin/cmake --install /home/zerda/ros2_ws/build/image_processing
