[35m[1mConsolidate compiler generated dependencies of target my_image_converter_node[0m
[100%] Built target my_image_converter_node
-- Install configuration: ""
-- Installing: /home/zerda/ros2_ws/install/image_processing/lib/image_processing/my_image_converter_node
-- Set runtime path of "/home/zerda/ros2_ws/install/image_processing/lib/image_processing/my_image_converter_node" to ""
-- Up-to-date: /home/zerda/ros2_ws/install/image_processing/share/ament_index/resource_index/package_run_dependencies/image_processing
-- Up-to-date: /home/zerda/ros2_ws/install/image_processing/share/ament_index/resource_index/parent_prefix_path/image_processing
-- Up-to-date: /home/zerda/ros2_ws/install/image_processing/share/image_processing/environment/ament_prefix_path.sh
-- Up-to-date: /home/zerda/ros2_ws/install/image_processing/share/image_processing/environment/ament_prefix_path.dsv
-- Up-to-date: /home/zerda/ros2_ws/install/image_processing/share/image_processing/environment/path.sh
-- Up-to-date: /home/zerda/ros2_ws/install/image_processing/share/image_processing/environment/path.dsv
-- Up-to-date: /home/zerda/ros2_ws/install/image_processing/share/image_processing/local_setup.bash
-- Up-to-date: /home/zerda/ros2_ws/install/image_processing/share/image_processing/local_setup.sh
-- Up-to-date: /home/zerda/ros2_ws/install/image_processing/share/image_processing/local_setup.zsh
-- Up-to-date: /home/zerda/ros2_ws/install/image_processing/share/image_processing/local_setup.dsv
-- Installing: /home/zerda/ros2_ws/install/image_processing/share/image_processing/package.dsv
-- Up-to-date: /home/zerda/ros2_ws/install/image_processing/share/ament_index/resource_index/packages/image_processing
-- Up-to-date: /home/zerda/ros2_ws/install/image_processing/share/image_processing/cmake/image_processingConfig.cmake
-- Up-to-date: /home/zerda/ros2_ws/install/image_processing/share/image_processing/cmake/image_processingConfig-version.cmake
-- Up-to-date: /home/zerda/ros2_ws/install/image_processing/share/image_processing/package.xml
