[0.149s] Invoking command in '/home/zerda/ros2_ws/build/my_cpp_pkg': CMAKE_PREFIX_PATH=${CMAKE_PREFIX_PATH}:/home/zerda/ros2_ws/install/my_py_pkg:/home/zerda/ros2_ws/install/challenge1:/opt/ros/humble /usr/bin/cmake --build /home/zerda/ros2_ws/build/my_cpp_pkg -- -j8 -l8
[0.198s] -- Found ament_cmake: 1.3.6 (/opt/ros/humble/share/ament_cmake/cmake)
[0.512s] -- Found rclcpp: 16.0.7 (/opt/ros/humble/share/rclcpp/cmake)
[0.575s] -- Found rosidl_generator_c: 3.1.5 (/opt/ros/humble/share/rosidl_generator_c/cmake)
[0.580s] -- Found rosidl_adapter: 3.1.5 (/opt/ros/humble/share/rosidl_adapter/cmake)
[0.592s] -- Found rosidl_generator_cpp: 3.1.5 (/opt/ros/humble/share/rosidl_generator_cpp/cmake)
[0.615s] -- Using all available rosidl_typesupport_c: rosidl_typesupport_fastrtps_c;rosidl_typesupport_introspection_c
[0.649s] -- Using all available rosidl_typesupport_cpp: rosidl_typesupport_fastrtps_cpp;rosidl_typesupport_introspection_cpp
[0.773s] -- Found rmw_implementation_cmake: 6.1.1 (/opt/ros/humble/share/rmw_implementation_cmake/cmake)
[0.776s] -- Found rmw_fastrtps_cpp: 6.2.5 (/opt/ros/humble/share/rmw_fastrtps_cpp/cmake)
[1.023s] -- Using RMW implementation 'rmw_fastrtps_cpp' as default
[1.342s] -- Found sensor_msgs: 4.2.3 (/opt/ros/humble/share/sensor_msgs/cmake)
[1.594s] -- Found cv_bridge: 3.2.1 (/opt/ros/humble/share/cv_bridge/cmake)
[1.622s] -- Found image_transport: 3.1.7 (/opt/ros/humble/share/image_transport/cmake)
[1.699s] -- Found ament_lint_auto: 0.12.9 (/opt/ros/humble/share/ament_lint_auto/cmake)
[1.850s] -- Added test 'cppcheck' to perform static code analysis on C / C++ code
[1.850s] -- Configured cppcheck include dirs: 
[1.850s] -- Configured cppcheck exclude dirs and/or files: 
[1.852s] -- Added test 'lint_cmake' to check CMake code style
[1.854s] -- Added test 'uncrustify' to check C / C++ code style
[1.855s] -- Configured uncrustify additional arguments: 
[1.856s] -- Added test 'xmllint' to check XML markup files
[1.858s] -- Configuring done
[1.867s] -- Generating done
[1.870s] -- Build files have been written to: /home/zerda/ros2_ws/build/my_cpp_pkg
[1.919s] Invoked command in '/home/zerda/ros2_ws/build/my_cpp_pkg' returned '0': CMAKE_PREFIX_PATH=${CMAKE_PREFIX_PATH}:/home/zerda/ros2_ws/install/my_py_pkg:/home/zerda/ros2_ws/install/challenge1:/opt/ros/humble /usr/bin/cmake --build /home/zerda/ros2_ws/build/my_cpp_pkg -- -j8 -l8
[1.980s] Invoking command in '/home/zerda/ros2_ws/build/my_cpp_pkg': CMAKE_PREFIX_PATH=${CMAKE_PREFIX_PATH}:/home/zerda/ros2_ws/install/my_py_pkg:/home/zerda/ros2_ws/install/challenge1:/opt/ros/humble /usr/bin/cmake --install /home/zerda/ros2_ws/build/my_cpp_pkg
[1.994s] -- Install configuration: ""
[1.994s] -- Installing: /home/zerda/ros2_ws/install/my_cpp_pkg/share/ament_index/resource_index/package_run_dependencies/my_cpp_pkg
[1.994s] -- Installing: /home/zerda/ros2_ws/install/my_cpp_pkg/share/ament_index/resource_index/parent_prefix_path/my_cpp_pkg
[1.995s] -- Up-to-date: /home/zerda/ros2_ws/install/my_cpp_pkg/share/my_cpp_pkg/environment/ament_prefix_path.sh
[1.995s] -- Installing: /home/zerda/ros2_ws/install/my_cpp_pkg/share/my_cpp_pkg/environment/ament_prefix_path.dsv
[1.995s] -- Up-to-date: /home/zerda/ros2_ws/install/my_cpp_pkg/share/my_cpp_pkg/environment/path.sh
[1.995s] -- Installing: /home/zerda/ros2_ws/install/my_cpp_pkg/share/my_cpp_pkg/environment/path.dsv
[1.995s] -- Up-to-date: /home/zerda/ros2_ws/install/my_cpp_pkg/share/my_cpp_pkg/local_setup.bash
[1.995s] -- Up-to-date: /home/zerda/ros2_ws/install/my_cpp_pkg/share/my_cpp_pkg/local_setup.sh
[1.996s] -- Up-to-date: /home/zerda/ros2_ws/install/my_cpp_pkg/share/my_cpp_pkg/local_setup.zsh
[1.996s] -- Installing: /home/zerda/ros2_ws/install/my_cpp_pkg/share/my_cpp_pkg/local_setup.dsv
[1.996s] -- Installing: /home/zerda/ros2_ws/install/my_cpp_pkg/share/my_cpp_pkg/package.dsv
[1.996s] -- Up-to-date: /home/zerda/ros2_ws/install/my_cpp_pkg/share/ament_index/resource_index/packages/my_cpp_pkg
[1.996s] -- Up-to-date: /home/zerda/ros2_ws/install/my_cpp_pkg/share/my_cpp_pkg/cmake/my_cpp_pkgConfig.cmake
[1.997s] -- Up-to-date: /home/zerda/ros2_ws/install/my_cpp_pkg/share/my_cpp_pkg/cmake/my_cpp_pkgConfig-version.cmake
[1.997s] -- Installing: /home/zerda/ros2_ws/install/my_cpp_pkg/share/my_cpp_pkg/package.xml
[2.000s] Invoked command in '/home/zerda/ros2_ws/build/my_cpp_pkg' returned '0': CMAKE_PREFIX_PATH=${CMAKE_PREFIX_PATH}:/home/zerda/ros2_ws/install/my_py_pkg:/home/zerda/ros2_ws/install/challenge1:/opt/ros/humble /usr/bin/cmake --install /home/zerda/ros2_ws/build/my_cpp_pkg
