[35m[1mConsolidate compiler generated dependencies of target aruco_msgs__rosidl_generator_c[0m
[  2%] Built target aruco_msgs__cpp
[ 12%] Built target aruco_msgs__rosidl_generator_c
[35m[1mConsolidate compiler generated dependencies of target aruco_msgs__rosidl_typesupport_fastrtps_cpp[0m
[35m[1mConsolidate compiler generated dependencies of target aruco_msgs__rosidl_typesupport_cpp[0m
[35m[1mConsolidate compiler generated dependencies of target aruco_msgs__rosidl_typesupport_introspection_cpp[0m
[ 12%] Built target ament_cmake_python_copy_aruco_msgs
[35m[1mConsolidate compiler generated dependencies of target aruco_msgs__rosidl_typesupport_fastrtps_c[0m
[35m[1mConsolidate compiler generated dependencies of target aruco_msgs__rosidl_typesupport_introspection_c[0m
[ 23%] Built target aruco_msgs__rosidl_typesupport_cpp
[35m[1mConsolidate compiler generated dependencies of target aruco_msgs__rosidl_typesupport_c[0m
[ 33%] Built target aruco_msgs__rosidl_typesupport_fastrtps_cpp
[ 43%] Built target aruco_msgs__rosidl_typesupport_introspection_cpp
[ 53%] Built target aruco_msgs__rosidl_typesupport_fastrtps_c
[ 64%] Built target aruco_msgs__rosidl_typesupport_introspection_c
[ 74%] Built target aruco_msgs__rosidl_typesupport_c
[ 74%] Built target aruco_msgs
[ 76%] Built target aruco_msgs__py
[35m[1mConsolidate compiler generated dependencies of target aruco_msgs__rosidl_generator_py[0m
[ 84%] Built target aruco_msgs__rosidl_generator_py
[35m[1mConsolidate compiler generated dependencies of target aruco_msgs__rosidl_typesupport_introspection_c__pyext[0m
[35m[1mConsolidate compiler generated dependencies of target aruco_msgs__rosidl_typesupport_c__pyext[0m
[35m[1mConsolidate compiler generated dependencies of target aruco_msgs__rosidl_typesupport_fastrtps_c__pyext[0m
[ 94%] Built target aruco_msgs__rosidl_typesupport_c__pyext
[ 94%] Built target aruco_msgs__rosidl_typesupport_introspection_c__pyext
[100%] Built target aruco_msgs__rosidl_typesupport_fastrtps_c__pyext
running egg_info
writing aruco_msgs.egg-info/PKG-INFO
writing dependency_links to aruco_msgs.egg-info/dependency_links.txt
writing top-level names to aruco_msgs.egg-info/top_level.txt
reading manifest file 'aruco_msgs.egg-info/SOURCES.txt'
writing manifest file 'aruco_msgs.egg-info/SOURCES.txt'
[100%] Built target ament_cmake_python_build_aruco_msgs_egg
