[2.173s] DEBUG:colcon:Command line arguments: ['/usr/bin/colcon', 'build']
[2.173s] DEBUG:colcon:Parsed command line arguments: Namespace(log_base=None, log_level=None, verb_name='build', build_base='build', install_base='install', merge_install=False, symlink_install=False, test_result_base=None, continue_on_error=False, executor='parallel', parallel_workers=8, event_handlers=None, ignore_user_meta=False, metas=['./colcon.meta'], base_paths=['.'], packages_ignore=None, packages_ignore_regex=None, paths=None, packages_up_to=None, packages_up_to_regex=None, packages_above=None, packages_above_and_dependencies=None, packages_above_depth=None, packages_select_by_dep=None, packages_skip_by_dep=None, packages_skip_up_to=None, packages_select_build_failed=False, packages_skip_build_finished=False, packages_select_test_failures=False, packages_skip_test_passed=False, packages_select=None, packages_skip=None, packages_select_regex=None, packages_skip_regex=None, packages_start=None, packages_end=None, allow_overriding=[], cmake_args=None, cmake_target=None, cmake_target_skip_unavailable=False, cmake_clean_cache=False, cmake_clean_first=False, cmake_force_configure=False, ament_cmake_args=None, catkin_cmake_args=None, catkin_skip_building_tests=False, verb_parser=<colcon_defaults.argument_parser.defaults.DefaultArgumentsDecorator object at 0x7f3875d3fc10>, verb_extension=<colcon_core.verb.build.BuildVerb object at 0x7f38761cf850>, main=<bound method BuildVerb.main of <colcon_core.verb.build.BuildVerb object at 0x7f38761cf850>>)
[2.287s] Level 1:colcon.colcon_core.package_discovery:discover_packages(colcon_meta) check parameters
[2.287s] Level 1:colcon.colcon_core.package_discovery:discover_packages(recursive) check parameters
[2.287s] Level 1:colcon.colcon_core.package_discovery:discover_packages(ignore) check parameters
[2.287s] Level 1:colcon.colcon_core.package_discovery:discover_packages(path) check parameters
[2.287s] Level 1:colcon.colcon_core.package_discovery:discover_packages(colcon_meta) discover
[2.288s] Level 1:colcon.colcon_core.package_discovery:discover_packages(recursive) discover
[2.288s] INFO:colcon.colcon_core.package_discovery:Crawling recursively for packages in '/home/zerda/ros2_ws'
[2.288s] Level 1:colcon.colcon_core.package_identification:_identify(.) by extensions ['ignore', 'ignore_ament_install']
[2.288s] Level 1:colcon.colcon_core.package_identification:_identify(.) by extension 'ignore'
[2.289s] Level 1:colcon.colcon_core.package_identification:_identify(.) by extension 'ignore_ament_install'
[2.289s] Level 1:colcon.colcon_core.package_identification:_identify(.) by extensions ['colcon_pkg']
[2.289s] Level 1:colcon.colcon_core.package_identification:_identify(.) by extension 'colcon_pkg'
[2.289s] Level 1:colcon.colcon_core.package_identification:_identify(.) by extensions ['colcon_meta']
[2.289s] Level 1:colcon.colcon_core.package_identification:_identify(.) by extension 'colcon_meta'
[2.289s] Level 1:colcon.colcon_core.package_identification:_identify(.) by extensions ['ros']
[2.289s] Level 1:colcon.colcon_core.package_identification:_identify(.) by extension 'ros'
[2.315s] Level 1:colcon.colcon_core.package_identification:_identify(.) by extensions ['cmake', 'python']
[2.316s] Level 1:colcon.colcon_core.package_identification:_identify(.) by extension 'cmake'
[2.316s] Level 1:colcon.colcon_core.package_identification:_identify(.) by extension 'python'
[2.316s] Level 1:colcon.colcon_core.package_identification:_identify(.) by extensions ['python_setup_py']
[2.316s] Level 1:colcon.colcon_core.package_identification:_identify(.) by extension 'python_setup_py'
[2.316s] Level 1:colcon.colcon_core.package_identification:_identify(build) by extensions ['ignore', 'ignore_ament_install']
[2.316s] Level 1:colcon.colcon_core.package_identification:_identify(build) by extension 'ignore'
[2.316s] Level 1:colcon.colcon_core.package_identification:_identify(build) ignored
[2.317s] Level 1:colcon.colcon_core.package_identification:_identify(install) by extensions ['ignore', 'ignore_ament_install']
[2.317s] Level 1:colcon.colcon_core.package_identification:_identify(install) by extension 'ignore'
[2.317s] Level 1:colcon.colcon_core.package_identification:_identify(install) ignored
[2.317s] Level 1:colcon.colcon_core.package_identification:_identify(log) by extensions ['ignore', 'ignore_ament_install']
[2.317s] Level 1:colcon.colcon_core.package_identification:_identify(log) by extension 'ignore'
[2.317s] Level 1:colcon.colcon_core.package_identification:_identify(log) ignored
[2.318s] Level 1:colcon.colcon_core.package_identification:_identify(src) by extensions ['ignore', 'ignore_ament_install']
[2.318s] Level 1:colcon.colcon_core.package_identification:_identify(src) by extension 'ignore'
[2.318s] Level 1:colcon.colcon_core.package_identification:_identify(src) by extension 'ignore_ament_install'
[2.318s] Level 1:colcon.colcon_core.package_identification:_identify(src) by extensions ['colcon_pkg']
[2.318s] Level 1:colcon.colcon_core.package_identification:_identify(src) by extension 'colcon_pkg'
[2.318s] Level 1:colcon.colcon_core.package_identification:_identify(src) by extensions ['colcon_meta']
[2.318s] Level 1:colcon.colcon_core.package_identification:_identify(src) by extension 'colcon_meta'
[2.318s] Level 1:colcon.colcon_core.package_identification:_identify(src) by extensions ['ros']
[2.318s] Level 1:colcon.colcon_core.package_identification:_identify(src) by extension 'ros'
[2.319s] Level 1:colcon.colcon_core.package_identification:_identify(src) by extensions ['cmake', 'python']
[2.319s] Level 1:colcon.colcon_core.package_identification:_identify(src) by extension 'cmake'
[2.319s] Level 1:colcon.colcon_core.package_identification:_identify(src) by extension 'python'
[2.319s] Level 1:colcon.colcon_core.package_identification:_identify(src) by extensions ['python_setup_py']
[2.319s] Level 1:colcon.colcon_core.package_identification:_identify(src) by extension 'python_setup_py'
[2.319s] Level 1:colcon.colcon_core.package_identification:_identify(src/aruco_ros2) by extensions ['ignore', 'ignore_ament_install']
[2.319s] Level 1:colcon.colcon_core.package_identification:_identify(src/aruco_ros2) by extension 'ignore'
[2.319s] Level 1:colcon.colcon_core.package_identification:_identify(src/aruco_ros2) by extension 'ignore_ament_install'
[2.319s] Level 1:colcon.colcon_core.package_identification:_identify(src/aruco_ros2) by extensions ['colcon_pkg']
[2.320s] Level 1:colcon.colcon_core.package_identification:_identify(src/aruco_ros2) by extension 'colcon_pkg'
[2.320s] Level 1:colcon.colcon_core.package_identification:_identify(src/aruco_ros2) by extensions ['colcon_meta']
[2.320s] Level 1:colcon.colcon_core.package_identification:_identify(src/aruco_ros2) by extension 'colcon_meta'
[2.320s] Level 1:colcon.colcon_core.package_identification:_identify(src/aruco_ros2) by extensions ['ros']
[2.320s] Level 1:colcon.colcon_core.package_identification:_identify(src/aruco_ros2) by extension 'ros'
[2.320s] Level 1:colcon.colcon_core.package_identification:_identify(src/aruco_ros2) by extensions ['cmake', 'python']
[2.320s] Level 1:colcon.colcon_core.package_identification:_identify(src/aruco_ros2) by extension 'cmake'
[2.320s] Level 1:colcon.colcon_core.package_identification:_identify(src/aruco_ros2) by extension 'python'
[2.320s] Level 1:colcon.colcon_core.package_identification:_identify(src/aruco_ros2) by extensions ['python_setup_py']
[2.320s] Level 1:colcon.colcon_core.package_identification:_identify(src/aruco_ros2) by extension 'python_setup_py'
[2.321s] Level 1:colcon.colcon_core.package_identification:_identify(src/aruco_ros2/Docker) by extensions ['ignore', 'ignore_ament_install']
[2.321s] Level 1:colcon.colcon_core.package_identification:_identify(src/aruco_ros2/Docker) by extension 'ignore'
[2.321s] Level 1:colcon.colcon_core.package_identification:_identify(src/aruco_ros2/Docker) by extension 'ignore_ament_install'
[2.321s] Level 1:colcon.colcon_core.package_identification:_identify(src/aruco_ros2/Docker) by extensions ['colcon_pkg']
[2.321s] Level 1:colcon.colcon_core.package_identification:_identify(src/aruco_ros2/Docker) by extension 'colcon_pkg'
[2.321s] Level 1:colcon.colcon_core.package_identification:_identify(src/aruco_ros2/Docker) by extensions ['colcon_meta']
[2.321s] Level 1:colcon.colcon_core.package_identification:_identify(src/aruco_ros2/Docker) by extension 'colcon_meta'
[2.321s] Level 1:colcon.colcon_core.package_identification:_identify(src/aruco_ros2/Docker) by extensions ['ros']
[2.321s] Level 1:colcon.colcon_core.package_identification:_identify(src/aruco_ros2/Docker) by extension 'ros'
[2.322s] Level 1:colcon.colcon_core.package_identification:_identify(src/aruco_ros2/Docker) by extensions ['cmake', 'python']
[2.322s] Level 1:colcon.colcon_core.package_identification:_identify(src/aruco_ros2/Docker) by extension 'cmake'
[2.322s] Level 1:colcon.colcon_core.package_identification:_identify(src/aruco_ros2/Docker) by extension 'python'
[2.322s] Level 1:colcon.colcon_core.package_identification:_identify(src/aruco_ros2/Docker) by extensions ['python_setup_py']
[2.322s] Level 1:colcon.colcon_core.package_identification:_identify(src/aruco_ros2/Docker) by extension 'python_setup_py'
[2.322s] Level 1:colcon.colcon_core.package_identification:_identify(src/aruco_ros2/aruco) by extensions ['ignore', 'ignore_ament_install']
[2.322s] Level 1:colcon.colcon_core.package_identification:_identify(src/aruco_ros2/aruco) by extension 'ignore'
[2.322s] Level 1:colcon.colcon_core.package_identification:_identify(src/aruco_ros2/aruco) by extension 'ignore_ament_install'
[2.323s] Level 1:colcon.colcon_core.package_identification:_identify(src/aruco_ros2/aruco) by extensions ['colcon_pkg']
[2.323s] Level 1:colcon.colcon_core.package_identification:_identify(src/aruco_ros2/aruco) by extension 'colcon_pkg'
[2.323s] Level 1:colcon.colcon_core.package_identification:_identify(src/aruco_ros2/aruco) by extensions ['colcon_meta']
[2.323s] Level 1:colcon.colcon_core.package_identification:_identify(src/aruco_ros2/aruco) by extension 'colcon_meta'
[2.323s] Level 1:colcon.colcon_core.package_identification:_identify(src/aruco_ros2/aruco) by extensions ['ros']
[2.323s] Level 1:colcon.colcon_core.package_identification:_identify(src/aruco_ros2/aruco) by extension 'ros'
[2.331s] DEBUG:colcon.colcon_core.package_identification:Package 'src/aruco_ros2/aruco' with type 'ros.ament_cmake' and name 'aruco'
[2.331s] Level 1:colcon.colcon_core.package_identification:_identify(src/aruco_ros2/aruco_msgs) by extensions ['ignore', 'ignore_ament_install']
[2.331s] Level 1:colcon.colcon_core.package_identification:_identify(src/aruco_ros2/aruco_msgs) by extension 'ignore'
[2.331s] Level 1:colcon.colcon_core.package_identification:_identify(src/aruco_ros2/aruco_msgs) by extension 'ignore_ament_install'
[2.331s] Level 1:colcon.colcon_core.package_identification:_identify(src/aruco_ros2/aruco_msgs) by extensions ['colcon_pkg']
[2.332s] Level 1:colcon.colcon_core.package_identification:_identify(src/aruco_ros2/aruco_msgs) by extension 'colcon_pkg'
[2.332s] Level 1:colcon.colcon_core.package_identification:_identify(src/aruco_ros2/aruco_msgs) by extensions ['colcon_meta']
[2.332s] Level 1:colcon.colcon_core.package_identification:_identify(src/aruco_ros2/aruco_msgs) by extension 'colcon_meta'
[2.332s] Level 1:colcon.colcon_core.package_identification:_identify(src/aruco_ros2/aruco_msgs) by extensions ['ros']
[2.332s] Level 1:colcon.colcon_core.package_identification:_identify(src/aruco_ros2/aruco_msgs) by extension 'ros'
[2.341s] DEBUG:colcon.colcon_core.package_identification:Package 'src/aruco_ros2/aruco_msgs' with type 'ros.ament_cmake' and name 'aruco_msgs'
[2.341s] Level 1:colcon.colcon_core.package_identification:_identify(src/aruco_ros2/aruco_ros2) by extensions ['ignore', 'ignore_ament_install']
[2.342s] Level 1:colcon.colcon_core.package_identification:_identify(src/aruco_ros2/aruco_ros2) by extension 'ignore'
[2.342s] Level 1:colcon.colcon_core.package_identification:_identify(src/aruco_ros2/aruco_ros2) by extension 'ignore_ament_install'
[2.342s] Level 1:colcon.colcon_core.package_identification:_identify(src/aruco_ros2/aruco_ros2) by extensions ['colcon_pkg']
[2.342s] Level 1:colcon.colcon_core.package_identification:_identify(src/aruco_ros2/aruco_ros2) by extension 'colcon_pkg'
[2.342s] Level 1:colcon.colcon_core.package_identification:_identify(src/aruco_ros2/aruco_ros2) by extensions ['colcon_meta']
[2.342s] Level 1:colcon.colcon_core.package_identification:_identify(src/aruco_ros2/aruco_ros2) by extension 'colcon_meta'
[2.342s] Level 1:colcon.colcon_core.package_identification:_identify(src/aruco_ros2/aruco_ros2) by extensions ['ros']
[2.342s] Level 1:colcon.colcon_core.package_identification:_identify(src/aruco_ros2/aruco_ros2) by extension 'ros'
[2.345s] DEBUG:colcon.colcon_core.package_identification:Package 'src/aruco_ros2/aruco_ros2' with type 'ros.ament_cmake' and name 'aruco_ros2'
[2.346s] Level 1:colcon.colcon_core.package_identification:_identify(src/aruco_ros2/docs) by extensions ['ignore', 'ignore_ament_install']
[2.346s] Level 1:colcon.colcon_core.package_identification:_identify(src/aruco_ros2/docs) by extension 'ignore'
[2.346s] Level 1:colcon.colcon_core.package_identification:_identify(src/aruco_ros2/docs) by extension 'ignore_ament_install'
[2.346s] Level 1:colcon.colcon_core.package_identification:_identify(src/aruco_ros2/docs) by extensions ['colcon_pkg']
[2.346s] Level 1:colcon.colcon_core.package_identification:_identify(src/aruco_ros2/docs) by extension 'colcon_pkg'
[2.346s] Level 1:colcon.colcon_core.package_identification:_identify(src/aruco_ros2/docs) by extensions ['colcon_meta']
[2.346s] Level 1:colcon.colcon_core.package_identification:_identify(src/aruco_ros2/docs) by extension 'colcon_meta'
[2.346s] Level 1:colcon.colcon_core.package_identification:_identify(src/aruco_ros2/docs) by extensions ['ros']
[2.346s] Level 1:colcon.colcon_core.package_identification:_identify(src/aruco_ros2/docs) by extension 'ros'
[2.347s] Level 1:colcon.colcon_core.package_identification:_identify(src/aruco_ros2/docs) by extensions ['cmake', 'python']
[2.347s] Level 1:colcon.colcon_core.package_identification:_identify(src/aruco_ros2/docs) by extension 'cmake'
[2.347s] Level 1:colcon.colcon_core.package_identification:_identify(src/aruco_ros2/docs) by extension 'python'
[2.347s] Level 1:colcon.colcon_core.package_identification:_identify(src/aruco_ros2/docs) by extensions ['python_setup_py']
[2.347s] Level 1:colcon.colcon_core.package_identification:_identify(src/aruco_ros2/docs) by extension 'python_setup_py'
[2.348s] Level 1:colcon.colcon_core.package_identification:_identify(src/aruco_ros2/docs/html) by extensions ['ignore', 'ignore_ament_install']
[2.348s] Level 1:colcon.colcon_core.package_identification:_identify(src/aruco_ros2/docs/html) by extension 'ignore'
[2.348s] Level 1:colcon.colcon_core.package_identification:_identify(src/aruco_ros2/docs/html) by extension 'ignore_ament_install'
[2.348s] Level 1:colcon.colcon_core.package_identification:_identify(src/aruco_ros2/docs/html) by extensions ['colcon_pkg']
[2.349s] Level 1:colcon.colcon_core.package_identification:_identify(src/aruco_ros2/docs/html) by extension 'colcon_pkg'
[2.349s] Level 1:colcon.colcon_core.package_identification:_identify(src/aruco_ros2/docs/html) by extensions ['colcon_meta']
[2.349s] Level 1:colcon.colcon_core.package_identification:_identify(src/aruco_ros2/docs/html) by extension 'colcon_meta'
[2.349s] Level 1:colcon.colcon_core.package_identification:_identify(src/aruco_ros2/docs/html) by extensions ['ros']
[2.349s] Level 1:colcon.colcon_core.package_identification:_identify(src/aruco_ros2/docs/html) by extension 'ros'
[2.349s] Level 1:colcon.colcon_core.package_identification:_identify(src/aruco_ros2/docs/html) by extensions ['cmake', 'python']
[2.349s] Level 1:colcon.colcon_core.package_identification:_identify(src/aruco_ros2/docs/html) by extension 'cmake'
[2.349s] Level 1:colcon.colcon_core.package_identification:_identify(src/aruco_ros2/docs/html) by extension 'python'
[2.349s] Level 1:colcon.colcon_core.package_identification:_identify(src/aruco_ros2/docs/html) by extensions ['python_setup_py']
[2.349s] Level 1:colcon.colcon_core.package_identification:_identify(src/aruco_ros2/docs/html) by extension 'python_setup_py'
[2.350s] Level 1:colcon.colcon_core.package_identification:_identify(src/aruco_ros2/docs/html/search) by extensions ['ignore', 'ignore_ament_install']
[2.350s] Level 1:colcon.colcon_core.package_identification:_identify(src/aruco_ros2/docs/html/search) by extension 'ignore'
[2.350s] Level 1:colcon.colcon_core.package_identification:_identify(src/aruco_ros2/docs/html/search) by extension 'ignore_ament_install'
[2.350s] Level 1:colcon.colcon_core.package_identification:_identify(src/aruco_ros2/docs/html/search) by extensions ['colcon_pkg']
[2.351s] Level 1:colcon.colcon_core.package_identification:_identify(src/aruco_ros2/docs/html/search) by extension 'colcon_pkg'
[2.351s] Level 1:colcon.colcon_core.package_identification:_identify(src/aruco_ros2/docs/html/search) by extensions ['colcon_meta']
[2.351s] Level 1:colcon.colcon_core.package_identification:_identify(src/aruco_ros2/docs/html/search) by extension 'colcon_meta'
[2.351s] Level 1:colcon.colcon_core.package_identification:_identify(src/aruco_ros2/docs/html/search) by extensions ['ros']
[2.351s] Level 1:colcon.colcon_core.package_identification:_identify(src/aruco_ros2/docs/html/search) by extension 'ros'
[2.351s] Level 1:colcon.colcon_core.package_identification:_identify(src/aruco_ros2/docs/html/search) by extensions ['cmake', 'python']
[2.351s] Level 1:colcon.colcon_core.package_identification:_identify(src/aruco_ros2/docs/html/search) by extension 'cmake'
[2.351s] Level 1:colcon.colcon_core.package_identification:_identify(src/aruco_ros2/docs/html/search) by extension 'python'
[2.351s] Level 1:colcon.colcon_core.package_identification:_identify(src/aruco_ros2/docs/html/search) by extensions ['python_setup_py']
[2.351s] Level 1:colcon.colcon_core.package_identification:_identify(src/aruco_ros2/docs/html/search) by extension 'python_setup_py'
[2.352s] Level 1:colcon.colcon_core.package_identification:_identify(src/aruco_ros2/docs/latex) by extensions ['ignore', 'ignore_ament_install']
[2.352s] Level 1:colcon.colcon_core.package_identification:_identify(src/aruco_ros2/docs/latex) by extension 'ignore'
[2.352s] Level 1:colcon.colcon_core.package_identification:_identify(src/aruco_ros2/docs/latex) by extension 'ignore_ament_install'
[2.352s] Level 1:colcon.colcon_core.package_identification:_identify(src/aruco_ros2/docs/latex) by extensions ['colcon_pkg']
[2.353s] Level 1:colcon.colcon_core.package_identification:_identify(src/aruco_ros2/docs/latex) by extension 'colcon_pkg'
[2.353s] Level 1:colcon.colcon_core.package_identification:_identify(src/aruco_ros2/docs/latex) by extensions ['colcon_meta']
[2.353s] Level 1:colcon.colcon_core.package_identification:_identify(src/aruco_ros2/docs/latex) by extension 'colcon_meta'
[2.353s] Level 1:colcon.colcon_core.package_identification:_identify(src/aruco_ros2/docs/latex) by extensions ['ros']
[2.353s] Level 1:colcon.colcon_core.package_identification:_identify(src/aruco_ros2/docs/latex) by extension 'ros'
[2.353s] Level 1:colcon.colcon_core.package_identification:_identify(src/aruco_ros2/docs/latex) by extensions ['cmake', 'python']
[2.353s] Level 1:colcon.colcon_core.package_identification:_identify(src/aruco_ros2/docs/latex) by extension 'cmake'
[2.353s] Level 1:colcon.colcon_core.package_identification:_identify(src/aruco_ros2/docs/latex) by extension 'python'
[2.354s] Level 1:colcon.colcon_core.package_identification:_identify(src/aruco_ros2/docs/latex) by extensions ['python_setup_py']
[2.354s] Level 1:colcon.colcon_core.package_identification:_identify(src/aruco_ros2/docs/latex) by extension 'python_setup_py'
[2.354s] Level 1:colcon.colcon_core.package_identification:_identify(src/aruco_ros2/readdoc) by extensions ['ignore', 'ignore_ament_install']
[2.354s] Level 1:colcon.colcon_core.package_identification:_identify(src/aruco_ros2/readdoc) by extension 'ignore'
[2.354s] Level 1:colcon.colcon_core.package_identification:_identify(src/aruco_ros2/readdoc) by extension 'ignore_ament_install'
[2.354s] Level 1:colcon.colcon_core.package_identification:_identify(src/aruco_ros2/readdoc) by extensions ['colcon_pkg']
[2.354s] Level 1:colcon.colcon_core.package_identification:_identify(src/aruco_ros2/readdoc) by extension 'colcon_pkg'
[2.355s] Level 1:colcon.colcon_core.package_identification:_identify(src/aruco_ros2/readdoc) by extensions ['colcon_meta']
[2.355s] Level 1:colcon.colcon_core.package_identification:_identify(src/aruco_ros2/readdoc) by extension 'colcon_meta'
[2.355s] Level 1:colcon.colcon_core.package_identification:_identify(src/aruco_ros2/readdoc) by extensions ['ros']
[2.355s] Level 1:colcon.colcon_core.package_identification:_identify(src/aruco_ros2/readdoc) by extension 'ros'
[2.355s] Level 1:colcon.colcon_core.package_identification:_identify(src/aruco_ros2/readdoc) by extensions ['cmake', 'python']
[2.355s] Level 1:colcon.colcon_core.package_identification:_identify(src/aruco_ros2/readdoc) by extension 'cmake'
[2.355s] Level 1:colcon.colcon_core.package_identification:_identify(src/aruco_ros2/readdoc) by extension 'python'
[2.355s] Level 1:colcon.colcon_core.package_identification:_identify(src/aruco_ros2/readdoc) by extensions ['python_setup_py']
[2.355s] Level 1:colcon.colcon_core.package_identification:_identify(src/aruco_ros2/readdoc) by extension 'python_setup_py'
[2.356s] Level 1:colcon.colcon_core.package_identification:_identify(src/aruco_ros2/readdoc/build) by extensions ['ignore', 'ignore_ament_install']
[2.356s] Level 1:colcon.colcon_core.package_identification:_identify(src/aruco_ros2/readdoc/build) by extension 'ignore'
[2.356s] Level 1:colcon.colcon_core.package_identification:_identify(src/aruco_ros2/readdoc/build) by extension 'ignore_ament_install'
[2.356s] Level 1:colcon.colcon_core.package_identification:_identify(src/aruco_ros2/readdoc/build) by extensions ['colcon_pkg']
[2.356s] Level 1:colcon.colcon_core.package_identification:_identify(src/aruco_ros2/readdoc/build) by extension 'colcon_pkg'
[2.356s] Level 1:colcon.colcon_core.package_identification:_identify(src/aruco_ros2/readdoc/build) by extensions ['colcon_meta']
[2.356s] Level 1:colcon.colcon_core.package_identification:_identify(src/aruco_ros2/readdoc/build) by extension 'colcon_meta'
[2.356s] Level 1:colcon.colcon_core.package_identification:_identify(src/aruco_ros2/readdoc/build) by extensions ['ros']
[2.357s] Level 1:colcon.colcon_core.package_identification:_identify(src/aruco_ros2/readdoc/build) by extension 'ros'
[2.357s] Level 1:colcon.colcon_core.package_identification:_identify(src/aruco_ros2/readdoc/build) by extensions ['cmake', 'python']
[2.357s] Level 1:colcon.colcon_core.package_identification:_identify(src/aruco_ros2/readdoc/build) by extension 'cmake'
[2.357s] Level 1:colcon.colcon_core.package_identification:_identify(src/aruco_ros2/readdoc/build) by extension 'python'
[2.357s] Level 1:colcon.colcon_core.package_identification:_identify(src/aruco_ros2/readdoc/build) by extensions ['python_setup_py']
[2.357s] Level 1:colcon.colcon_core.package_identification:_identify(src/aruco_ros2/readdoc/build) by extension 'python_setup_py'
[2.357s] Level 1:colcon.colcon_core.package_identification:_identify(src/aruco_ros2/readdoc/build/doctrees) by extensions ['ignore', 'ignore_ament_install']
[2.357s] Level 1:colcon.colcon_core.package_identification:_identify(src/aruco_ros2/readdoc/build/doctrees) by extension 'ignore'
[2.358s] Level 1:colcon.colcon_core.package_identification:_identify(src/aruco_ros2/readdoc/build/doctrees) by extension 'ignore_ament_install'
[2.358s] Level 1:colcon.colcon_core.package_identification:_identify(src/aruco_ros2/readdoc/build/doctrees) by extensions ['colcon_pkg']
[2.358s] Level 1:colcon.colcon_core.package_identification:_identify(src/aruco_ros2/readdoc/build/doctrees) by extension 'colcon_pkg'
[2.358s] Level 1:colcon.colcon_core.package_identification:_identify(src/aruco_ros2/readdoc/build/doctrees) by extensions ['colcon_meta']
[2.358s] Level 1:colcon.colcon_core.package_identification:_identify(src/aruco_ros2/readdoc/build/doctrees) by extension 'colcon_meta'
[2.358s] Level 1:colcon.colcon_core.package_identification:_identify(src/aruco_ros2/readdoc/build/doctrees) by extensions ['ros']
[2.358s] Level 1:colcon.colcon_core.package_identification:_identify(src/aruco_ros2/readdoc/build/doctrees) by extension 'ros'
[2.358s] Level 1:colcon.colcon_core.package_identification:_identify(src/aruco_ros2/readdoc/build/doctrees) by extensions ['cmake', 'python']
[2.358s] Level 1:colcon.colcon_core.package_identification:_identify(src/aruco_ros2/readdoc/build/doctrees) by extension 'cmake'
[2.359s] Level 1:colcon.colcon_core.package_identification:_identify(src/aruco_ros2/readdoc/build/doctrees) by extension 'python'
[2.359s] Level 1:colcon.colcon_core.package_identification:_identify(src/aruco_ros2/readdoc/build/doctrees) by extensions ['python_setup_py']
[2.359s] Level 1:colcon.colcon_core.package_identification:_identify(src/aruco_ros2/readdoc/build/doctrees) by extension 'python_setup_py'
[2.359s] Level 1:colcon.colcon_core.package_identification:_identify(src/aruco_ros2/readdoc/build/html) by extensions ['ignore', 'ignore_ament_install']
[2.359s] Level 1:colcon.colcon_core.package_identification:_identify(src/aruco_ros2/readdoc/build/html) by extension 'ignore'
[2.359s] Level 1:colcon.colcon_core.package_identification:_identify(src/aruco_ros2/readdoc/build/html) by extension 'ignore_ament_install'
[2.359s] Level 1:colcon.colcon_core.package_identification:_identify(src/aruco_ros2/readdoc/build/html) by extensions ['colcon_pkg']
[2.359s] Level 1:colcon.colcon_core.package_identification:_identify(src/aruco_ros2/readdoc/build/html) by extension 'colcon_pkg'
[2.359s] Level 1:colcon.colcon_core.package_identification:_identify(src/aruco_ros2/readdoc/build/html) by extensions ['colcon_meta']
[2.360s] Level 1:colcon.colcon_core.package_identification:_identify(src/aruco_ros2/readdoc/build/html) by extension 'colcon_meta'
[2.360s] Level 1:colcon.colcon_core.package_identification:_identify(src/aruco_ros2/readdoc/build/html) by extensions ['ros']
[2.360s] Level 1:colcon.colcon_core.package_identification:_identify(src/aruco_ros2/readdoc/build/html) by extension 'ros'
[2.360s] Level 1:colcon.colcon_core.package_identification:_identify(src/aruco_ros2/readdoc/build/html) by extensions ['cmake', 'python']
[2.360s] Level 1:colcon.colcon_core.package_identification:_identify(src/aruco_ros2/readdoc/build/html) by extension 'cmake'
[2.360s] Level 1:colcon.colcon_core.package_identification:_identify(src/aruco_ros2/readdoc/build/html) by extension 'python'
[2.360s] Level 1:colcon.colcon_core.package_identification:_identify(src/aruco_ros2/readdoc/build/html) by extensions ['python_setup_py']
[2.360s] Level 1:colcon.colcon_core.package_identification:_identify(src/aruco_ros2/readdoc/build/html) by extension 'python_setup_py'
[2.360s] Level 1:colcon.colcon_core.package_identification:_identify(src/aruco_ros2/readdoc/build/html/_sources) by extensions ['ignore', 'ignore_ament_install']
[2.361s] Level 1:colcon.colcon_core.package_identification:_identify(src/aruco_ros2/readdoc/build/html/_sources) by extension 'ignore'
[2.361s] Level 1:colcon.colcon_core.package_identification:_identify(src/aruco_ros2/readdoc/build/html/_sources) by extension 'ignore_ament_install'
[2.361s] Level 1:colcon.colcon_core.package_identification:_identify(src/aruco_ros2/readdoc/build/html/_sources) by extensions ['colcon_pkg']
[2.361s] Level 1:colcon.colcon_core.package_identification:_identify(src/aruco_ros2/readdoc/build/html/_sources) by extension 'colcon_pkg'
[2.361s] Level 1:colcon.colcon_core.package_identification:_identify(src/aruco_ros2/readdoc/build/html/_sources) by extensions ['colcon_meta']
[2.361s] Level 1:colcon.colcon_core.package_identification:_identify(src/aruco_ros2/readdoc/build/html/_sources) by extension 'colcon_meta'
[2.361s] Level 1:colcon.colcon_core.package_identification:_identify(src/aruco_ros2/readdoc/build/html/_sources) by extensions ['ros']
[2.361s] Level 1:colcon.colcon_core.package_identification:_identify(src/aruco_ros2/readdoc/build/html/_sources) by extension 'ros'
[2.362s] Level 1:colcon.colcon_core.package_identification:_identify(src/aruco_ros2/readdoc/build/html/_sources) by extensions ['cmake', 'python']
[2.362s] Level 1:colcon.colcon_core.package_identification:_identify(src/aruco_ros2/readdoc/build/html/_sources) by extension 'cmake'
[2.362s] Level 1:colcon.colcon_core.package_identification:_identify(src/aruco_ros2/readdoc/build/html/_sources) by extension 'python'
[2.362s] Level 1:colcon.colcon_core.package_identification:_identify(src/aruco_ros2/readdoc/build/html/_sources) by extensions ['python_setup_py']
[2.362s] Level 1:colcon.colcon_core.package_identification:_identify(src/aruco_ros2/readdoc/build/html/_sources) by extension 'python_setup_py'
[2.362s] Level 1:colcon.colcon_core.package_identification:_identify(src/aruco_ros2/readdoc/build/html/_static) by extensions ['ignore', 'ignore_ament_install']
[2.362s] Level 1:colcon.colcon_core.package_identification:_identify(src/aruco_ros2/readdoc/build/html/_static) by extension 'ignore'
[2.363s] Level 1:colcon.colcon_core.package_identification:_identify(src/aruco_ros2/readdoc/build/html/_static) by extension 'ignore_ament_install'
[2.363s] Level 1:colcon.colcon_core.package_identification:_identify(src/aruco_ros2/readdoc/build/html/_static) by extensions ['colcon_pkg']
[2.363s] Level 1:colcon.colcon_core.package_identification:_identify(src/aruco_ros2/readdoc/build/html/_static) by extension 'colcon_pkg'
[2.363s] Level 1:colcon.colcon_core.package_identification:_identify(src/aruco_ros2/readdoc/build/html/_static) by extensions ['colcon_meta']
[2.363s] Level 1:colcon.colcon_core.package_identification:_identify(src/aruco_ros2/readdoc/build/html/_static) by extension 'colcon_meta'
[2.363s] Level 1:colcon.colcon_core.package_identification:_identify(src/aruco_ros2/readdoc/build/html/_static) by extensions ['ros']
[2.363s] Level 1:colcon.colcon_core.package_identification:_identify(src/aruco_ros2/readdoc/build/html/_static) by extension 'ros'
[2.363s] Level 1:colcon.colcon_core.package_identification:_identify(src/aruco_ros2/readdoc/build/html/_static) by extensions ['cmake', 'python']
[2.363s] Level 1:colcon.colcon_core.package_identification:_identify(src/aruco_ros2/readdoc/build/html/_static) by extension 'cmake'
[2.364s] Level 1:colcon.colcon_core.package_identification:_identify(src/aruco_ros2/readdoc/build/html/_static) by extension 'python'
[2.364s] Level 1:colcon.colcon_core.package_identification:_identify(src/aruco_ros2/readdoc/build/html/_static) by extensions ['python_setup_py']
[2.364s] Level 1:colcon.colcon_core.package_identification:_identify(src/aruco_ros2/readdoc/build/html/_static) by extension 'python_setup_py'
[2.364s] Level 1:colcon.colcon_core.package_identification:_identify(src/aruco_ros2/readdoc/build/html/_static/css) by extensions ['ignore', 'ignore_ament_install']
[2.364s] Level 1:colcon.colcon_core.package_identification:_identify(src/aruco_ros2/readdoc/build/html/_static/css) by extension 'ignore'
[2.364s] Level 1:colcon.colcon_core.package_identification:_identify(src/aruco_ros2/readdoc/build/html/_static/css) by extension 'ignore_ament_install'
[2.365s] Level 1:colcon.colcon_core.package_identification:_identify(src/aruco_ros2/readdoc/build/html/_static/css) by extensions ['colcon_pkg']
[2.365s] Level 1:colcon.colcon_core.package_identification:_identify(src/aruco_ros2/readdoc/build/html/_static/css) by extension 'colcon_pkg'
[2.365s] Level 1:colcon.colcon_core.package_identification:_identify(src/aruco_ros2/readdoc/build/html/_static/css) by extensions ['colcon_meta']
[2.365s] Level 1:colcon.colcon_core.package_identification:_identify(src/aruco_ros2/readdoc/build/html/_static/css) by extension 'colcon_meta'
[2.365s] Level 1:colcon.colcon_core.package_identification:_identify(src/aruco_ros2/readdoc/build/html/_static/css) by extensions ['ros']
[2.365s] Level 1:colcon.colcon_core.package_identification:_identify(src/aruco_ros2/readdoc/build/html/_static/css) by extension 'ros'
[2.365s] Level 1:colcon.colcon_core.package_identification:_identify(src/aruco_ros2/readdoc/build/html/_static/css) by extensions ['cmake', 'python']
[2.366s] Level 1:colcon.colcon_core.package_identification:_identify(src/aruco_ros2/readdoc/build/html/_static/css) by extension 'cmake'
[2.366s] Level 1:colcon.colcon_core.package_identification:_identify(src/aruco_ros2/readdoc/build/html/_static/css) by extension 'python'
[2.366s] Level 1:colcon.colcon_core.package_identification:_identify(src/aruco_ros2/readdoc/build/html/_static/css) by extensions ['python_setup_py']
[2.366s] Level 1:colcon.colcon_core.package_identification:_identify(src/aruco_ros2/readdoc/build/html/_static/css) by extension 'python_setup_py'
[2.367s] Level 1:colcon.colcon_core.package_identification:_identify(src/aruco_ros2/readdoc/build/html/_static/css/fonts) by extensions ['ignore', 'ignore_ament_install']
[2.367s] Level 1:colcon.colcon_core.package_identification:_identify(src/aruco_ros2/readdoc/build/html/_static/css/fonts) by extension 'ignore'
[2.367s] Level 1:colcon.colcon_core.package_identification:_identify(src/aruco_ros2/readdoc/build/html/_static/css/fonts) by extension 'ignore_ament_install'
[2.367s] Level 1:colcon.colcon_core.package_identification:_identify(src/aruco_ros2/readdoc/build/html/_static/css/fonts) by extensions ['colcon_pkg']
[2.367s] Level 1:colcon.colcon_core.package_identification:_identify(src/aruco_ros2/readdoc/build/html/_static/css/fonts) by extension 'colcon_pkg'
[2.368s] Level 1:colcon.colcon_core.package_identification:_identify(src/aruco_ros2/readdoc/build/html/_static/css/fonts) by extensions ['colcon_meta']
[2.368s] Level 1:colcon.colcon_core.package_identification:_identify(src/aruco_ros2/readdoc/build/html/_static/css/fonts) by extension 'colcon_meta'
[2.368s] Level 1:colcon.colcon_core.package_identification:_identify(src/aruco_ros2/readdoc/build/html/_static/css/fonts) by extensions ['ros']
[2.368s] Level 1:colcon.colcon_core.package_identification:_identify(src/aruco_ros2/readdoc/build/html/_static/css/fonts) by extension 'ros'
[2.368s] Level 1:colcon.colcon_core.package_identification:_identify(src/aruco_ros2/readdoc/build/html/_static/css/fonts) by extensions ['cmake', 'python']
[2.368s] Level 1:colcon.colcon_core.package_identification:_identify(src/aruco_ros2/readdoc/build/html/_static/css/fonts) by extension 'cmake'
[2.368s] Level 1:colcon.colcon_core.package_identification:_identify(src/aruco_ros2/readdoc/build/html/_static/css/fonts) by extension 'python'
[2.368s] Level 1:colcon.colcon_core.package_identification:_identify(src/aruco_ros2/readdoc/build/html/_static/css/fonts) by extensions ['python_setup_py']
[2.368s] Level 1:colcon.colcon_core.package_identification:_identify(src/aruco_ros2/readdoc/build/html/_static/css/fonts) by extension 'python_setup_py'
[2.369s] Level 1:colcon.colcon_core.package_identification:_identify(src/aruco_ros2/readdoc/build/html/_static/fonts) by extensions ['ignore', 'ignore_ament_install']
[2.369s] Level 1:colcon.colcon_core.package_identification:_identify(src/aruco_ros2/readdoc/build/html/_static/fonts) by extension 'ignore'
[2.369s] Level 1:colcon.colcon_core.package_identification:_identify(src/aruco_ros2/readdoc/build/html/_static/fonts) by extension 'ignore_ament_install'
[2.369s] Level 1:colcon.colcon_core.package_identification:_identify(src/aruco_ros2/readdoc/build/html/_static/fonts) by extensions ['colcon_pkg']
[2.369s] Level 1:colcon.colcon_core.package_identification:_identify(src/aruco_ros2/readdoc/build/html/_static/fonts) by extension 'colcon_pkg'
[2.369s] Level 1:colcon.colcon_core.package_identification:_identify(src/aruco_ros2/readdoc/build/html/_static/fonts) by extensions ['colcon_meta']
[2.369s] Level 1:colcon.colcon_core.package_identification:_identify(src/aruco_ros2/readdoc/build/html/_static/fonts) by extension 'colcon_meta'
[2.369s] Level 1:colcon.colcon_core.package_identification:_identify(src/aruco_ros2/readdoc/build/html/_static/fonts) by extensions ['ros']
[2.369s] Level 1:colcon.colcon_core.package_identification:_identify(src/aruco_ros2/readdoc/build/html/_static/fonts) by extension 'ros'
[2.370s] Level 1:colcon.colcon_core.package_identification:_identify(src/aruco_ros2/readdoc/build/html/_static/fonts) by extensions ['cmake', 'python']
[2.370s] Level 1:colcon.colcon_core.package_identification:_identify(src/aruco_ros2/readdoc/build/html/_static/fonts) by extension 'cmake'
[2.370s] Level 1:colcon.colcon_core.package_identification:_identify(src/aruco_ros2/readdoc/build/html/_static/fonts) by extension 'python'
[2.370s] Level 1:colcon.colcon_core.package_identification:_identify(src/aruco_ros2/readdoc/build/html/_static/fonts) by extensions ['python_setup_py']
[2.370s] Level 1:colcon.colcon_core.package_identification:_identify(src/aruco_ros2/readdoc/build/html/_static/fonts) by extension 'python_setup_py'
[2.370s] Level 1:colcon.colcon_core.package_identification:_identify(src/aruco_ros2/readdoc/build/html/_static/fonts/Lato) by extensions ['ignore', 'ignore_ament_install']
[2.371s] Level 1:colcon.colcon_core.package_identification:_identify(src/aruco_ros2/readdoc/build/html/_static/fonts/Lato) by extension 'ignore'
[2.371s] Level 1:colcon.colcon_core.package_identification:_identify(src/aruco_ros2/readdoc/build/html/_static/fonts/Lato) by extension 'ignore_ament_install'
[2.371s] Level 1:colcon.colcon_core.package_identification:_identify(src/aruco_ros2/readdoc/build/html/_static/fonts/Lato) by extensions ['colcon_pkg']
[2.371s] Level 1:colcon.colcon_core.package_identification:_identify(src/aruco_ros2/readdoc/build/html/_static/fonts/Lato) by extension 'colcon_pkg'
[2.371s] Level 1:colcon.colcon_core.package_identification:_identify(src/aruco_ros2/readdoc/build/html/_static/fonts/Lato) by extensions ['colcon_meta']
[2.371s] Level 1:colcon.colcon_core.package_identification:_identify(src/aruco_ros2/readdoc/build/html/_static/fonts/Lato) by extension 'colcon_meta'
[2.371s] Level 1:colcon.colcon_core.package_identification:_identify(src/aruco_ros2/readdoc/build/html/_static/fonts/Lato) by extensions ['ros']
[2.372s] Level 1:colcon.colcon_core.package_identification:_identify(src/aruco_ros2/readdoc/build/html/_static/fonts/Lato) by extension 'ros'
[2.372s] Level 1:colcon.colcon_core.package_identification:_identify(src/aruco_ros2/readdoc/build/html/_static/fonts/Lato) by extensions ['cmake', 'python']
[2.372s] Level 1:colcon.colcon_core.package_identification:_identify(src/aruco_ros2/readdoc/build/html/_static/fonts/Lato) by extension 'cmake'
[2.372s] Level 1:colcon.colcon_core.package_identification:_identify(src/aruco_ros2/readdoc/build/html/_static/fonts/Lato) by extension 'python'
[2.372s] Level 1:colcon.colcon_core.package_identification:_identify(src/aruco_ros2/readdoc/build/html/_static/fonts/Lato) by extensions ['python_setup_py']
[2.372s] Level 1:colcon.colcon_core.package_identification:_identify(src/aruco_ros2/readdoc/build/html/_static/fonts/Lato) by extension 'python_setup_py'
[2.372s] Level 1:colcon.colcon_core.package_identification:_identify(src/aruco_ros2/readdoc/build/html/_static/fonts/RobotoSlab) by extensions ['ignore', 'ignore_ament_install']
[2.373s] Level 1:colcon.colcon_core.package_identification:_identify(src/aruco_ros2/readdoc/build/html/_static/fonts/RobotoSlab) by extension 'ignore'
[2.373s] Level 1:colcon.colcon_core.package_identification:_identify(src/aruco_ros2/readdoc/build/html/_static/fonts/RobotoSlab) by extension 'ignore_ament_install'
[2.373s] Level 1:colcon.colcon_core.package_identification:_identify(src/aruco_ros2/readdoc/build/html/_static/fonts/RobotoSlab) by extensions ['colcon_pkg']
[2.373s] Level 1:colcon.colcon_core.package_identification:_identify(src/aruco_ros2/readdoc/build/html/_static/fonts/RobotoSlab) by extension 'colcon_pkg'
[2.373s] Level 1:colcon.colcon_core.package_identification:_identify(src/aruco_ros2/readdoc/build/html/_static/fonts/RobotoSlab) by extensions ['colcon_meta']
[2.373s] Level 1:colcon.colcon_core.package_identification:_identify(src/aruco_ros2/readdoc/build/html/_static/fonts/RobotoSlab) by extension 'colcon_meta'
[2.373s] Level 1:colcon.colcon_core.package_identification:_identify(src/aruco_ros2/readdoc/build/html/_static/fonts/RobotoSlab) by extensions ['ros']
[2.373s] Level 1:colcon.colcon_core.package_identification:_identify(src/aruco_ros2/readdoc/build/html/_static/fonts/RobotoSlab) by extension 'ros'
[2.374s] Level 1:colcon.colcon_core.package_identification:_identify(src/aruco_ros2/readdoc/build/html/_static/fonts/RobotoSlab) by extensions ['cmake', 'python']
[2.374s] Level 1:colcon.colcon_core.package_identification:_identify(src/aruco_ros2/readdoc/build/html/_static/fonts/RobotoSlab) by extension 'cmake'
[2.374s] Level 1:colcon.colcon_core.package_identification:_identify(src/aruco_ros2/readdoc/build/html/_static/fonts/RobotoSlab) by extension 'python'
[2.374s] Level 1:colcon.colcon_core.package_identification:_identify(src/aruco_ros2/readdoc/build/html/_static/fonts/RobotoSlab) by extensions ['python_setup_py']
[2.374s] Level 1:colcon.colcon_core.package_identification:_identify(src/aruco_ros2/readdoc/build/html/_static/fonts/RobotoSlab) by extension 'python_setup_py'
[2.374s] Level 1:colcon.colcon_core.package_identification:_identify(src/aruco_ros2/readdoc/build/html/_static/js) by extensions ['ignore', 'ignore_ament_install']
[2.374s] Level 1:colcon.colcon_core.package_identification:_identify(src/aruco_ros2/readdoc/build/html/_static/js) by extension 'ignore'
[2.375s] Level 1:colcon.colcon_core.package_identification:_identify(src/aruco_ros2/readdoc/build/html/_static/js) by extension 'ignore_ament_install'
[2.375s] Level 1:colcon.colcon_core.package_identification:_identify(src/aruco_ros2/readdoc/build/html/_static/js) by extensions ['colcon_pkg']
[2.375s] Level 1:colcon.colcon_core.package_identification:_identify(src/aruco_ros2/readdoc/build/html/_static/js) by extension 'colcon_pkg'
[2.375s] Level 1:colcon.colcon_core.package_identification:_identify(src/aruco_ros2/readdoc/build/html/_static/js) by extensions ['colcon_meta']
[2.375s] Level 1:colcon.colcon_core.package_identification:_identify(src/aruco_ros2/readdoc/build/html/_static/js) by extension 'colcon_meta'
[2.375s] Level 1:colcon.colcon_core.package_identification:_identify(src/aruco_ros2/readdoc/build/html/_static/js) by extensions ['ros']
[2.375s] Level 1:colcon.colcon_core.package_identification:_identify(src/aruco_ros2/readdoc/build/html/_static/js) by extension 'ros'
[2.375s] Level 1:colcon.colcon_core.package_identification:_identify(src/aruco_ros2/readdoc/build/html/_static/js) by extensions ['cmake', 'python']
[2.375s] Level 1:colcon.colcon_core.package_identification:_identify(src/aruco_ros2/readdoc/build/html/_static/js) by extension 'cmake'
[2.376s] Level 1:colcon.colcon_core.package_identification:_identify(src/aruco_ros2/readdoc/build/html/_static/js) by extension 'python'
[2.376s] Level 1:colcon.colcon_core.package_identification:_identify(src/aruco_ros2/readdoc/build/html/_static/js) by extensions ['python_setup_py']
[2.376s] Level 1:colcon.colcon_core.package_identification:_identify(src/aruco_ros2/readdoc/build/html/_static/js) by extension 'python_setup_py'
[2.376s] Level 1:colcon.colcon_core.package_identification:_identify(src/aruco_ros2/readdoc/source) by extensions ['ignore', 'ignore_ament_install']
[2.376s] Level 1:colcon.colcon_core.package_identification:_identify(src/aruco_ros2/readdoc/source) by extension 'ignore'
[2.376s] Level 1:colcon.colcon_core.package_identification:_identify(src/aruco_ros2/readdoc/source) by extension 'ignore_ament_install'
[2.376s] Level 1:colcon.colcon_core.package_identification:_identify(src/aruco_ros2/readdoc/source) by extensions ['colcon_pkg']
[2.377s] Level 1:colcon.colcon_core.package_identification:_identify(src/aruco_ros2/readdoc/source) by extension 'colcon_pkg'
[2.377s] Level 1:colcon.colcon_core.package_identification:_identify(src/aruco_ros2/readdoc/source) by extensions ['colcon_meta']
[2.377s] Level 1:colcon.colcon_core.package_identification:_identify(src/aruco_ros2/readdoc/source) by extension 'colcon_meta'
[2.377s] Level 1:colcon.colcon_core.package_identification:_identify(src/aruco_ros2/readdoc/source) by extensions ['ros']
[2.377s] Level 1:colcon.colcon_core.package_identification:_identify(src/aruco_ros2/readdoc/source) by extension 'ros'
[2.377s] Level 1:colcon.colcon_core.package_identification:_identify(src/aruco_ros2/readdoc/source) by extensions ['cmake', 'python']
[2.377s] Level 1:colcon.colcon_core.package_identification:_identify(src/aruco_ros2/readdoc/source) by extension 'cmake'
[2.377s] Level 1:colcon.colcon_core.package_identification:_identify(src/aruco_ros2/readdoc/source) by extension 'python'
[2.377s] Level 1:colcon.colcon_core.package_identification:_identify(src/aruco_ros2/readdoc/source) by extensions ['python_setup_py']
[2.377s] Level 1:colcon.colcon_core.package_identification:_identify(src/aruco_ros2/readdoc/source) by extension 'python_setup_py'
[2.378s] Level 1:colcon.colcon_core.package_identification:_identify(src/aruco_ros2/results) by extensions ['ignore', 'ignore_ament_install']
[2.378s] Level 1:colcon.colcon_core.package_identification:_identify(src/aruco_ros2/results) by extension 'ignore'
[2.378s] Level 1:colcon.colcon_core.package_identification:_identify(src/aruco_ros2/results) by extension 'ignore_ament_install'
[2.378s] Level 1:colcon.colcon_core.package_identification:_identify(src/aruco_ros2/results) by extensions ['colcon_pkg']
[2.378s] Level 1:colcon.colcon_core.package_identification:_identify(src/aruco_ros2/results) by extension 'colcon_pkg'
[2.378s] Level 1:colcon.colcon_core.package_identification:_identify(src/aruco_ros2/results) by extensions ['colcon_meta']
[2.378s] Level 1:colcon.colcon_core.package_identification:_identify(src/aruco_ros2/results) by extension 'colcon_meta'
[2.378s] Level 1:colcon.colcon_core.package_identification:_identify(src/aruco_ros2/results) by extensions ['ros']
[2.378s] Level 1:colcon.colcon_core.package_identification:_identify(src/aruco_ros2/results) by extension 'ros'
[2.379s] Level 1:colcon.colcon_core.package_identification:_identify(src/aruco_ros2/results) by extensions ['cmake', 'python']
[2.379s] Level 1:colcon.colcon_core.package_identification:_identify(src/aruco_ros2/results) by extension 'cmake'
[2.379s] Level 1:colcon.colcon_core.package_identification:_identify(src/aruco_ros2/results) by extension 'python'
[2.379s] Level 1:colcon.colcon_core.package_identification:_identify(src/aruco_ros2/results) by extensions ['python_setup_py']
[2.379s] Level 1:colcon.colcon_core.package_identification:_identify(src/aruco_ros2/results) by extension 'python_setup_py'
[2.379s] Level 1:colcon.colcon_core.package_identification:_identify(src/challenge1) by extensions ['ignore', 'ignore_ament_install']
[2.379s] Level 1:colcon.colcon_core.package_identification:_identify(src/challenge1) by extension 'ignore'
[2.379s] Level 1:colcon.colcon_core.package_identification:_identify(src/challenge1) by extension 'ignore_ament_install'
[2.379s] Level 1:colcon.colcon_core.package_identification:_identify(src/challenge1) by extensions ['colcon_pkg']
[2.380s] Level 1:colcon.colcon_core.package_identification:_identify(src/challenge1) by extension 'colcon_pkg'
[2.380s] Level 1:colcon.colcon_core.package_identification:_identify(src/challenge1) by extensions ['colcon_meta']
[2.380s] Level 1:colcon.colcon_core.package_identification:_identify(src/challenge1) by extension 'colcon_meta'
[2.380s] Level 1:colcon.colcon_core.package_identification:_identify(src/challenge1) by extensions ['ros']
[2.380s] Level 1:colcon.colcon_core.package_identification:_identify(src/challenge1) by extension 'ros'
[2.382s] DEBUG:colcon.colcon_core.package_identification:Package 'src/challenge1' with type 'ros.ament_python' and name 'challenge1'
[2.382s] Level 1:colcon.colcon_core.package_identification:_identify(src/image_processing) by extensions ['ignore', 'ignore_ament_install']
[2.383s] Level 1:colcon.colcon_core.package_identification:_identify(src/image_processing) by extension 'ignore'
[2.383s] Level 1:colcon.colcon_core.package_identification:_identify(src/image_processing) by extension 'ignore_ament_install'
[2.383s] Level 1:colcon.colcon_core.package_identification:_identify(src/image_processing) by extensions ['colcon_pkg']
[2.383s] Level 1:colcon.colcon_core.package_identification:_identify(src/image_processing) by extension 'colcon_pkg'
[2.383s] Level 1:colcon.colcon_core.package_identification:_identify(src/image_processing) by extensions ['colcon_meta']
[2.383s] Level 1:colcon.colcon_core.package_identification:_identify(src/image_processing) by extension 'colcon_meta'
[2.383s] Level 1:colcon.colcon_core.package_identification:_identify(src/image_processing) by extensions ['ros']
[2.384s] Level 1:colcon.colcon_core.package_identification:_identify(src/image_processing) by extension 'ros'
[2.385s] DEBUG:colcon.colcon_core.package_identification:Package 'src/image_processing' with type 'ros.ament_cmake' and name 'image_processing'
[2.385s] Level 1:colcon.colcon_core.package_identification:_identify(src/my_cpp_pkg) by extensions ['ignore', 'ignore_ament_install']
[2.386s] Level 1:colcon.colcon_core.package_identification:_identify(src/my_cpp_pkg) by extension 'ignore'
[2.386s] Level 1:colcon.colcon_core.package_identification:_identify(src/my_cpp_pkg) by extension 'ignore_ament_install'
[2.386s] Level 1:colcon.colcon_core.package_identification:_identify(src/my_cpp_pkg) by extensions ['colcon_pkg']
[2.386s] Level 1:colcon.colcon_core.package_identification:_identify(src/my_cpp_pkg) by extension 'colcon_pkg'
[2.386s] Level 1:colcon.colcon_core.package_identification:_identify(src/my_cpp_pkg) by extensions ['colcon_meta']
[2.386s] Level 1:colcon.colcon_core.package_identification:_identify(src/my_cpp_pkg) by extension 'colcon_meta'
[2.386s] Level 1:colcon.colcon_core.package_identification:_identify(src/my_cpp_pkg) by extensions ['ros']
[2.386s] Level 1:colcon.colcon_core.package_identification:_identify(src/my_cpp_pkg) by extension 'ros'
[2.391s] DEBUG:colcon.colcon_core.package_identification:Package 'src/my_cpp_pkg' with type 'ros.ament_cmake' and name 'my_cpp_pkg'
[2.391s] Level 1:colcon.colcon_core.package_identification:_identify(src/my_py_pkg) by extensions ['ignore', 'ignore_ament_install']
[2.391s] Level 1:colcon.colcon_core.package_identification:_identify(src/my_py_pkg) by extension 'ignore'
[2.392s] Level 1:colcon.colcon_core.package_identification:_identify(src/my_py_pkg) by extension 'ignore_ament_install'
[2.392s] Level 1:colcon.colcon_core.package_identification:_identify(src/my_py_pkg) by extensions ['colcon_pkg']
[2.392s] Level 1:colcon.colcon_core.package_identification:_identify(src/my_py_pkg) by extension 'colcon_pkg'
[2.392s] Level 1:colcon.colcon_core.package_identification:_identify(src/my_py_pkg) by extensions ['colcon_meta']
[2.392s] Level 1:colcon.colcon_core.package_identification:_identify(src/my_py_pkg) by extension 'colcon_meta'
[2.392s] Level 1:colcon.colcon_core.package_identification:_identify(src/my_py_pkg) by extensions ['ros']
[2.392s] Level 1:colcon.colcon_core.package_identification:_identify(src/my_py_pkg) by extension 'ros'
[2.393s] DEBUG:colcon.colcon_core.package_identification:Package 'src/my_py_pkg' with type 'ros.ament_python' and name 'my_py_pkg'
[2.393s] Level 1:colcon.colcon_core.package_discovery:discover_packages(recursive) using defaults
[2.393s] Level 1:colcon.colcon_core.package_discovery:discover_packages(ignore) discover
[2.394s] Level 1:colcon.colcon_core.package_discovery:discover_packages(ignore) using defaults
[2.394s] Level 1:colcon.colcon_core.package_discovery:discover_packages(path) discover
[2.394s] Level 1:colcon.colcon_core.package_discovery:discover_packages(path) using defaults
[2.737s] Level 1:colcon.colcon_core.package_discovery:discover_packages(prefix_path) check parameters
[2.737s] Level 1:colcon.colcon_core.package_discovery:discover_packages(prefix_path) discover
[2.803s] DEBUG:colcon.colcon_installed_package_information.package_discovery:Found 5 installed packages in /home/zerda/ros2_ws/install
[2.835s] DEBUG:colcon.colcon_installed_package_information.package_discovery:Found 274 installed packages in /opt/ros/humble
[2.838s] Level 1:colcon.colcon_core.package_discovery:discover_packages(prefix_path) using defaults
[3.040s] Level 5:colcon.colcon_core.verb:set package 'aruco' build argument 'cmake_args' from command line to 'None'
[3.041s] Level 5:colcon.colcon_core.verb:set package 'aruco' build argument 'cmake_target' from command line to 'None'
[3.041s] Level 5:colcon.colcon_core.verb:set package 'aruco' build argument 'cmake_target_skip_unavailable' from command line to 'False'
[3.041s] Level 5:colcon.colcon_core.verb:set package 'aruco' build argument 'cmake_clean_cache' from command line to 'False'
[3.041s] Level 5:colcon.colcon_core.verb:set package 'aruco' build argument 'cmake_clean_first' from command line to 'False'
[3.041s] Level 5:colcon.colcon_core.verb:set package 'aruco' build argument 'cmake_force_configure' from command line to 'False'
[3.041s] Level 5:colcon.colcon_core.verb:set package 'aruco' build argument 'ament_cmake_args' from command line to 'None'
[3.041s] Level 5:colcon.colcon_core.verb:set package 'aruco' build argument 'catkin_cmake_args' from command line to 'None'
[3.041s] Level 5:colcon.colcon_core.verb:set package 'aruco' build argument 'catkin_skip_building_tests' from command line to 'False'
[3.041s] DEBUG:colcon.colcon_core.verb:Building package 'aruco' with the following arguments: {'ament_cmake_args': None, 'build_base': '/home/zerda/ros2_ws/build/aruco', 'catkin_cmake_args': None, 'catkin_skip_building_tests': False, 'cmake_args': None, 'cmake_clean_cache': False, 'cmake_clean_first': False, 'cmake_force_configure': False, 'cmake_target': None, 'cmake_target_skip_unavailable': False, 'install_base': '/home/zerda/ros2_ws/install/aruco', 'merge_install': False, 'path': '/home/zerda/ros2_ws/src/aruco_ros2/aruco', 'symlink_install': False, 'test_result_base': None}
[3.072s] Level 5:colcon.colcon_core.verb:set package 'aruco_msgs' build argument 'cmake_args' from command line to 'None'
[3.073s] Level 5:colcon.colcon_core.verb:set package 'aruco_msgs' build argument 'cmake_target' from command line to 'None'
[3.073s] Level 5:colcon.colcon_core.verb:set package 'aruco_msgs' build argument 'cmake_target_skip_unavailable' from command line to 'False'
[3.073s] Level 5:colcon.colcon_core.verb:set package 'aruco_msgs' build argument 'cmake_clean_cache' from command line to 'False'
[3.073s] Level 5:colcon.colcon_core.verb:set package 'aruco_msgs' build argument 'cmake_clean_first' from command line to 'False'
[3.073s] Level 5:colcon.colcon_core.verb:set package 'aruco_msgs' build argument 'cmake_force_configure' from command line to 'False'
[3.073s] Level 5:colcon.colcon_core.verb:set package 'aruco_msgs' build argument 'ament_cmake_args' from command line to 'None'
[3.073s] Level 5:colcon.colcon_core.verb:set package 'aruco_msgs' build argument 'catkin_cmake_args' from command line to 'None'
[3.073s] Level 5:colcon.colcon_core.verb:set package 'aruco_msgs' build argument 'catkin_skip_building_tests' from command line to 'False'
[3.073s] DEBUG:colcon.colcon_core.verb:Building package 'aruco_msgs' with the following arguments: {'ament_cmake_args': None, 'build_base': '/home/zerda/ros2_ws/build/aruco_msgs', 'catkin_cmake_args': None, 'catkin_skip_building_tests': False, 'cmake_args': None, 'cmake_clean_cache': False, 'cmake_clean_first': False, 'cmake_force_configure': False, 'cmake_target': None, 'cmake_target_skip_unavailable': False, 'install_base': '/home/zerda/ros2_ws/install/aruco_msgs', 'merge_install': False, 'path': '/home/zerda/ros2_ws/src/aruco_ros2/aruco_msgs', 'symlink_install': False, 'test_result_base': None}
[3.102s] Level 5:colcon.colcon_core.verb:set package 'challenge1' build argument 'cmake_args' from command line to 'None'
[3.102s] Level 5:colcon.colcon_core.verb:set package 'challenge1' build argument 'cmake_target' from command line to 'None'
[3.102s] Level 5:colcon.colcon_core.verb:set package 'challenge1' build argument 'cmake_target_skip_unavailable' from command line to 'False'
[3.102s] Level 5:colcon.colcon_core.verb:set package 'challenge1' build argument 'cmake_clean_cache' from command line to 'False'
[3.102s] Level 5:colcon.colcon_core.verb:set package 'challenge1' build argument 'cmake_clean_first' from command line to 'False'
[3.102s] Level 5:colcon.colcon_core.verb:set package 'challenge1' build argument 'cmake_force_configure' from command line to 'False'
[3.102s] Level 5:colcon.colcon_core.verb:set package 'challenge1' build argument 'ament_cmake_args' from command line to 'None'
[3.102s] Level 5:colcon.colcon_core.verb:set package 'challenge1' build argument 'catkin_cmake_args' from command line to 'None'
[3.102s] Level 5:colcon.colcon_core.verb:set package 'challenge1' build argument 'catkin_skip_building_tests' from command line to 'False'
[3.103s] DEBUG:colcon.colcon_core.verb:Building package 'challenge1' with the following arguments: {'ament_cmake_args': None, 'build_base': '/home/zerda/ros2_ws/build/challenge1', 'catkin_cmake_args': None, 'catkin_skip_building_tests': False, 'cmake_args': None, 'cmake_clean_cache': False, 'cmake_clean_first': False, 'cmake_force_configure': False, 'cmake_target': None, 'cmake_target_skip_unavailable': False, 'install_base': '/home/zerda/ros2_ws/install/challenge1', 'merge_install': False, 'path': '/home/zerda/ros2_ws/src/challenge1', 'symlink_install': False, 'test_result_base': None}
[3.133s] Level 5:colcon.colcon_core.verb:set package 'image_processing' build argument 'cmake_args' from command line to 'None'
[3.133s] Level 5:colcon.colcon_core.verb:set package 'image_processing' build argument 'cmake_target' from command line to 'None'
[3.133s] Level 5:colcon.colcon_core.verb:set package 'image_processing' build argument 'cmake_target_skip_unavailable' from command line to 'False'
[3.133s] Level 5:colcon.colcon_core.verb:set package 'image_processing' build argument 'cmake_clean_cache' from command line to 'False'
[3.133s] Level 5:colcon.colcon_core.verb:set package 'image_processing' build argument 'cmake_clean_first' from command line to 'False'
[3.133s] Level 5:colcon.colcon_core.verb:set package 'image_processing' build argument 'cmake_force_configure' from command line to 'False'
[3.133s] Level 5:colcon.colcon_core.verb:set package 'image_processing' build argument 'ament_cmake_args' from command line to 'None'
[3.133s] Level 5:colcon.colcon_core.verb:set package 'image_processing' build argument 'catkin_cmake_args' from command line to 'None'
[3.133s] Level 5:colcon.colcon_core.verb:set package 'image_processing' build argument 'catkin_skip_building_tests' from command line to 'False'
[3.134s] DEBUG:colcon.colcon_core.verb:Building package 'image_processing' with the following arguments: {'ament_cmake_args': None, 'build_base': '/home/zerda/ros2_ws/build/image_processing', 'catkin_cmake_args': None, 'catkin_skip_building_tests': False, 'cmake_args': None, 'cmake_clean_cache': False, 'cmake_clean_first': False, 'cmake_force_configure': False, 'cmake_target': None, 'cmake_target_skip_unavailable': False, 'install_base': '/home/zerda/ros2_ws/install/image_processing', 'merge_install': False, 'path': '/home/zerda/ros2_ws/src/image_processing', 'symlink_install': False, 'test_result_base': None}
[3.162s] Level 5:colcon.colcon_core.verb:set package 'my_cpp_pkg' build argument 'cmake_args' from command line to 'None'
[3.163s] Level 5:colcon.colcon_core.verb:set package 'my_cpp_pkg' build argument 'cmake_target' from command line to 'None'
[3.163s] Level 5:colcon.colcon_core.verb:set package 'my_cpp_pkg' build argument 'cmake_target_skip_unavailable' from command line to 'False'
[3.163s] Level 5:colcon.colcon_core.verb:set package 'my_cpp_pkg' build argument 'cmake_clean_cache' from command line to 'False'
[3.163s] Level 5:colcon.colcon_core.verb:set package 'my_cpp_pkg' build argument 'cmake_clean_first' from command line to 'False'
[3.163s] Level 5:colcon.colcon_core.verb:set package 'my_cpp_pkg' build argument 'cmake_force_configure' from command line to 'False'
[3.163s] Level 5:colcon.colcon_core.verb:set package 'my_cpp_pkg' build argument 'ament_cmake_args' from command line to 'None'
[3.163s] Level 5:colcon.colcon_core.verb:set package 'my_cpp_pkg' build argument 'catkin_cmake_args' from command line to 'None'
[3.163s] Level 5:colcon.colcon_core.verb:set package 'my_cpp_pkg' build argument 'catkin_skip_building_tests' from command line to 'False'
[3.163s] DEBUG:colcon.colcon_core.verb:Building package 'my_cpp_pkg' with the following arguments: {'ament_cmake_args': None, 'build_base': '/home/zerda/ros2_ws/build/my_cpp_pkg', 'catkin_cmake_args': None, 'catkin_skip_building_tests': False, 'cmake_args': None, 'cmake_clean_cache': False, 'cmake_clean_first': False, 'cmake_force_configure': False, 'cmake_target': None, 'cmake_target_skip_unavailable': False, 'install_base': '/home/zerda/ros2_ws/install/my_cpp_pkg', 'merge_install': False, 'path': '/home/zerda/ros2_ws/src/my_cpp_pkg', 'symlink_install': False, 'test_result_base': None}
[3.192s] Level 5:colcon.colcon_core.verb:set package 'my_py_pkg' build argument 'cmake_args' from command line to 'None'
[3.192s] Level 5:colcon.colcon_core.verb:set package 'my_py_pkg' build argument 'cmake_target' from command line to 'None'
[3.192s] Level 5:colcon.colcon_core.verb:set package 'my_py_pkg' build argument 'cmake_target_skip_unavailable' from command line to 'False'
[3.193s] Level 5:colcon.colcon_core.verb:set package 'my_py_pkg' build argument 'cmake_clean_cache' from command line to 'False'
[3.193s] Level 5:colcon.colcon_core.verb:set package 'my_py_pkg' build argument 'cmake_clean_first' from command line to 'False'
[3.193s] Level 5:colcon.colcon_core.verb:set package 'my_py_pkg' build argument 'cmake_force_configure' from command line to 'False'
[3.193s] Level 5:colcon.colcon_core.verb:set package 'my_py_pkg' build argument 'ament_cmake_args' from command line to 'None'
[3.193s] Level 5:colcon.colcon_core.verb:set package 'my_py_pkg' build argument 'catkin_cmake_args' from command line to 'None'
[3.193s] Level 5:colcon.colcon_core.verb:set package 'my_py_pkg' build argument 'catkin_skip_building_tests' from command line to 'False'
[3.193s] DEBUG:colcon.colcon_core.verb:Building package 'my_py_pkg' with the following arguments: {'ament_cmake_args': None, 'build_base': '/home/zerda/ros2_ws/build/my_py_pkg', 'catkin_cmake_args': None, 'catkin_skip_building_tests': False, 'cmake_args': None, 'cmake_clean_cache': False, 'cmake_clean_first': False, 'cmake_force_configure': False, 'cmake_target': None, 'cmake_target_skip_unavailable': False, 'install_base': '/home/zerda/ros2_ws/install/my_py_pkg', 'merge_install': False, 'path': '/home/zerda/ros2_ws/src/my_py_pkg', 'symlink_install': False, 'test_result_base': None}
[3.224s] Level 5:colcon.colcon_core.verb:set package 'aruco_ros2' build argument 'cmake_args' from command line to 'None'
[3.225s] Level 5:colcon.colcon_core.verb:set package 'aruco_ros2' build argument 'cmake_target' from command line to 'None'
[3.225s] Level 5:colcon.colcon_core.verb:set package 'aruco_ros2' build argument 'cmake_target_skip_unavailable' from command line to 'False'
[3.225s] Level 5:colcon.colcon_core.verb:set package 'aruco_ros2' build argument 'cmake_clean_cache' from command line to 'False'
[3.225s] Level 5:colcon.colcon_core.verb:set package 'aruco_ros2' build argument 'cmake_clean_first' from command line to 'False'
[3.225s] Level 5:colcon.colcon_core.verb:set package 'aruco_ros2' build argument 'cmake_force_configure' from command line to 'False'
[3.225s] Level 5:colcon.colcon_core.verb:set package 'aruco_ros2' build argument 'ament_cmake_args' from command line to 'None'
[3.225s] Level 5:colcon.colcon_core.verb:set package 'aruco_ros2' build argument 'catkin_cmake_args' from command line to 'None'
[3.225s] Level 5:colcon.colcon_core.verb:set package 'aruco_ros2' build argument 'catkin_skip_building_tests' from command line to 'False'
[3.225s] DEBUG:colcon.colcon_core.verb:Building package 'aruco_ros2' with the following arguments: {'ament_cmake_args': None, 'build_base': '/home/zerda/ros2_ws/build/aruco_ros2', 'catkin_cmake_args': None, 'catkin_skip_building_tests': False, 'cmake_args': None, 'cmake_clean_cache': False, 'cmake_clean_first': False, 'cmake_force_configure': False, 'cmake_target': None, 'cmake_target_skip_unavailable': False, 'install_base': '/home/zerda/ros2_ws/install/aruco_ros2', 'merge_install': False, 'path': '/home/zerda/ros2_ws/src/aruco_ros2/aruco_ros2', 'symlink_install': False, 'test_result_base': None}
[3.254s] INFO:colcon.colcon_core.executor:Executing jobs using 'parallel' executor
[3.284s] DEBUG:colcon.colcon_parallel_executor.executor.parallel:run_until_complete
[3.285s] INFO:colcon.colcon_ros.task.ament_cmake.build:Building ROS package in '/home/zerda/ros2_ws/src/aruco_ros2/aruco' with build type 'ament_cmake'
[3.285s] INFO:colcon.colcon_cmake.task.cmake.build:Building CMake package in '/home/zerda/ros2_ws/src/aruco_ros2/aruco'
[3.320s] INFO:colcon.colcon_core.plugin_system:Skipping extension 'colcon_core.shell.bat': Not used on non-Windows systems
[3.320s] INFO:colcon.colcon_core.shell:Skip shell extension 'powershell' for command environment: Not usable outside of PowerShell
[3.320s] DEBUG:colcon.colcon_core.shell:Skip shell extension 'dsv' for command environment
[3.420s] INFO:colcon.colcon_ros.task.ament_cmake.build:Building ROS package in '/home/zerda/ros2_ws/src/aruco_ros2/aruco_msgs' with build type 'ament_cmake'
[3.421s] INFO:colcon.colcon_cmake.task.cmake.build:Building CMake package in '/home/zerda/ros2_ws/src/aruco_ros2/aruco_msgs'
[3.454s] INFO:colcon.colcon_core.shell:Skip shell extension 'powershell' for command environment: Not usable outside of PowerShell
[3.454s] DEBUG:colcon.colcon_core.shell:Skip shell extension 'dsv' for command environment
[3.552s] INFO:colcon.colcon_ros.task.ament_python.build:Building ROS package in '/home/zerda/ros2_ws/src/challenge1' with build type 'ament_python'
[3.553s] Level 1:colcon.colcon_core.shell:create_environment_hook('challenge1', 'ament_prefix_path')
[3.582s] INFO:colcon.colcon_core.shell:Creating environment hook '/home/zerda/ros2_ws/install/challenge1/share/challenge1/hook/ament_prefix_path.ps1'
[3.584s] INFO:colcon.colcon_core.shell:Creating environment descriptor '/home/zerda/ros2_ws/install/challenge1/share/challenge1/hook/ament_prefix_path.dsv'
[3.585s] INFO:colcon.colcon_core.shell:Creating environment hook '/home/zerda/ros2_ws/install/challenge1/share/challenge1/hook/ament_prefix_path.sh'
[3.621s] INFO:colcon.colcon_core.shell:Skip shell extension 'powershell' for command environment: Not usable outside of PowerShell
[3.621s] DEBUG:colcon.colcon_core.shell:Skip shell extension 'dsv' for command environment
[3.713s] INFO:colcon.colcon_ros.task.ament_cmake.build:Building ROS package in '/home/zerda/ros2_ws/src/image_processing' with build type 'ament_cmake'
[3.714s] INFO:colcon.colcon_cmake.task.cmake.build:Building CMake package in '/home/zerda/ros2_ws/src/image_processing'
[3.765s] INFO:colcon.colcon_core.shell:Skip shell extension 'powershell' for command environment: Not usable outside of PowerShell
[3.765s] DEBUG:colcon.colcon_core.shell:Skip shell extension 'dsv' for command environment
[3.866s] INFO:colcon.colcon_ros.task.ament_cmake.build:Building ROS package in '/home/zerda/ros2_ws/src/my_cpp_pkg' with build type 'ament_cmake'
[3.866s] INFO:colcon.colcon_cmake.task.cmake.build:Building CMake package in '/home/zerda/ros2_ws/src/my_cpp_pkg'
[3.896s] INFO:colcon.colcon_core.shell:Skip shell extension 'powershell' for command environment: Not usable outside of PowerShell
[3.896s] DEBUG:colcon.colcon_core.shell:Skip shell extension 'dsv' for command environment
[3.993s] INFO:colcon.colcon_ros.task.ament_python.build:Building ROS package in '/home/zerda/ros2_ws/src/my_py_pkg' with build type 'ament_python'
[3.993s] Level 1:colcon.colcon_core.shell:create_environment_hook('my_py_pkg', 'ament_prefix_path')
[4.025s] INFO:colcon.colcon_core.shell:Creating environment hook '/home/zerda/ros2_ws/install/my_py_pkg/share/my_py_pkg/hook/ament_prefix_path.ps1'
[4.027s] INFO:colcon.colcon_core.shell:Creating environment descriptor '/home/zerda/ros2_ws/install/my_py_pkg/share/my_py_pkg/hook/ament_prefix_path.dsv'
[4.027s] INFO:colcon.colcon_core.shell:Creating environment hook '/home/zerda/ros2_ws/install/my_py_pkg/share/my_py_pkg/hook/ament_prefix_path.sh'
[4.059s] INFO:colcon.colcon_core.shell:Skip shell extension 'powershell' for command environment: Not usable outside of PowerShell
[4.059s] DEBUG:colcon.colcon_core.shell:Skip shell extension 'dsv' for command environment
[4.172s] DEBUG:colcon.colcon_core.event_handler.log_command:Invoking command in '/home/zerda/ros2_ws/build/aruco': CMAKE_PREFIX_PATH=${CMAKE_PREFIX_PATH}:/home/zerda/ros2_ws/install/my_py_pkg:/home/zerda/ros2_ws/install/challenge1:/opt/ros/humble /usr/bin/cmake /home/zerda/ros2_ws/src/aruco_ros2/aruco -DCMAKE_INSTALL_PREFIX=/home/zerda/ros2_ws/install/aruco
[4.178s] DEBUG:colcon.colcon_core.event_handler.log_command:Invoking command in '/home/zerda/ros2_ws/build/aruco_msgs': CMAKE_PREFIX_PATH=${CMAKE_PREFIX_PATH}:/home/zerda/ros2_ws/install/my_py_pkg:/home/zerda/ros2_ws/install/challenge1:/opt/ros/humble /usr/bin/cmake --build /home/zerda/ros2_ws/build/aruco_msgs -- -j8 -l8
[5.027s] INFO:colcon.colcon_core.task.python.build:Building Python package in '/home/zerda/ros2_ws/src/challenge1'
[5.070s] INFO:colcon.colcon_core.shell:Skip shell extension 'powershell' for command environment: Not usable outside of PowerShell
[5.070s] DEBUG:colcon.colcon_core.shell:Skip shell extension 'dsv' for command environment
[5.209s] DEBUG:colcon.colcon_core.event_handler.log_command:Invoking command in '/home/zerda/ros2_ws/build/image_processing': CMAKE_PREFIX_PATH=${CMAKE_PREFIX_PATH}:/home/zerda/ros2_ws/install/my_py_pkg:/home/zerda/ros2_ws/install/challenge1:/opt/ros/humble /usr/bin/cmake --build /home/zerda/ros2_ws/build/image_processing -- -j8 -l8
[5.217s] DEBUG:colcon.colcon_core.event_handler.log_command:Invoking command in '/home/zerda/ros2_ws/build/my_cpp_pkg': CMAKE_PREFIX_PATH=${CMAKE_PREFIX_PATH}:/home/zerda/ros2_ws/install/my_py_pkg:/home/zerda/ros2_ws/install/challenge1:/opt/ros/humble /usr/bin/cmake --build /home/zerda/ros2_ws/build/my_cpp_pkg -- -j8 -l8
[6.205s] INFO:colcon.colcon_core.task.python.build:Building Python package in '/home/zerda/ros2_ws/src/my_py_pkg'
[6.253s] INFO:colcon.colcon_core.shell:Skip shell extension 'powershell' for command environment: Not usable outside of PowerShell
[6.253s] DEBUG:colcon.colcon_core.shell:Skip shell extension 'dsv' for command environment
[6.357s] DEBUG:colcon.colcon_core.event_handler.log_command:Invoked command in '/home/zerda/ros2_ws/build/image_processing' returned '0': CMAKE_PREFIX_PATH=${CMAKE_PREFIX_PATH}:/home/zerda/ros2_ws/install/my_py_pkg:/home/zerda/ros2_ws/install/challenge1:/opt/ros/humble /usr/bin/cmake --build /home/zerda/ros2_ws/build/image_processing -- -j8 -l8
[6.360s] DEBUG:colcon.colcon_core.event_handler.log_command:Invoked command in '/home/zerda/ros2_ws/build/aruco_msgs' returned '0': CMAKE_PREFIX_PATH=${CMAKE_PREFIX_PATH}:/home/zerda/ros2_ws/install/my_py_pkg:/home/zerda/ros2_ws/install/challenge1:/opt/ros/humble /usr/bin/cmake --build /home/zerda/ros2_ws/build/aruco_msgs -- -j8 -l8
[6.411s] DEBUG:colcon.colcon_core.event_handler.log_command:Invoked command in '/home/zerda/ros2_ws/build/aruco' returned '1': CMAKE_PREFIX_PATH=${CMAKE_PREFIX_PATH}:/home/zerda/ros2_ws/install/my_py_pkg:/home/zerda/ros2_ws/install/challenge1:/opt/ros/humble /usr/bin/cmake /home/zerda/ros2_ws/src/aruco_ros2/aruco -DCMAKE_INSTALL_PREFIX=/home/zerda/ros2_ws/install/aruco
[6.459s] DEBUG:colcon.colcon_core.event_handler.log_command:Invoking command in '/home/zerda/ros2_ws/build/image_processing': CMAKE_PREFIX_PATH=${CMAKE_PREFIX_PATH}:/home/zerda/ros2_ws/install/my_py_pkg:/home/zerda/ros2_ws/install/challenge1:/opt/ros/humble /usr/bin/cmake --install /home/zerda/ros2_ws/build/image_processing
[6.461s] Level 1:colcon.colcon_core.environment:create_environment_scripts_only(aruco)
[6.551s] Level 1:colcon.colcon_core.environment:checking '/home/zerda/ros2_ws/install/aruco' for CMake module files
[6.552s] Level 1:colcon.colcon_core.environment:checking '/home/zerda/ros2_ws/install/aruco' for CMake config files
[6.554s] Level 1:colcon.colcon_core.environment:checking '/home/zerda/ros2_ws/install/aruco/bin'
[6.554s] Level 1:colcon.colcon_core.environment:checking '/home/zerda/ros2_ws/install/aruco/lib/pkgconfig/aruco.pc'
[6.555s] Level 1:colcon.colcon_core.environment:checking '/home/zerda/ros2_ws/install/aruco/lib/python3.10/site-packages'
[6.555s] Level 1:colcon.colcon_core.environment:checking '/home/zerda/ros2_ws/install/aruco/bin'
[6.593s] INFO:colcon.colcon_core.shell:Creating package script '/home/zerda/ros2_ws/install/aruco/share/aruco/package.ps1'
[6.595s] INFO:colcon.colcon_core.shell:Creating package descriptor '/home/zerda/ros2_ws/install/aruco/share/aruco/package.dsv'
[6.596s] INFO:colcon.colcon_core.shell:Creating package script '/home/zerda/ros2_ws/install/aruco/share/aruco/package.sh'
[6.597s] INFO:colcon.colcon_core.shell:Creating package script '/home/zerda/ros2_ws/install/aruco/share/aruco/package.bash'
[6.599s] INFO:colcon.colcon_core.shell:Creating package script '/home/zerda/ros2_ws/install/aruco/share/aruco/package.zsh'
[6.600s] Level 1:colcon.colcon_core.environment:create_file_with_runtime_dependencies(/home/zerda/ros2_ws/install/aruco/share/colcon-core/packages/aruco)
[7.734s] DEBUG:colcon.colcon_parallel_executor.executor.parallel:closing loop
[7.735s] DEBUG:colcon.colcon_parallel_executor.executor.parallel:loop closed
[7.735s] DEBUG:colcon.colcon_parallel_executor.executor.parallel:run_until_complete finished with '1'
[7.735s] DEBUG:colcon.colcon_core.event_reactor:joining thread
[7.787s] INFO:colcon.colcon_core.plugin_system:Skipping extension 'colcon_notification.desktop_notification.terminal_notifier': Not used on non-Darwin systems
[7.787s] INFO:colcon.colcon_core.plugin_system:Skipping extension 'colcon_notification.desktop_notification.win32': Not used on non-Windows systems
[7.788s] INFO:colcon.colcon_notification.desktop_notification:Sending desktop notification using 'notify2'
[7.823s] DEBUG:colcon.colcon_core.event_reactor:joined thread
[7.887s] INFO:colcon.colcon_core.shell:Creating prefix script '/home/zerda/ros2_ws/install/local_setup.ps1'
[7.891s] INFO:colcon.colcon_core.shell:Creating prefix util module '/home/zerda/ros2_ws/install/_local_setup_util_ps1.py'
[7.897s] INFO:colcon.colcon_core.shell:Creating prefix chain script '/home/zerda/ros2_ws/install/setup.ps1'
[7.953s] INFO:colcon.colcon_core.shell:Creating prefix script '/home/zerda/ros2_ws/install/local_setup.sh'
[7.955s] INFO:colcon.colcon_core.shell:Creating prefix util module '/home/zerda/ros2_ws/install/_local_setup_util_sh.py'
[7.957s] INFO:colcon.colcon_core.shell:Creating prefix chain script '/home/zerda/ros2_ws/install/setup.sh'
[7.998s] INFO:colcon.colcon_core.shell:Creating prefix script '/home/zerda/ros2_ws/install/local_setup.bash'
[8.000s] INFO:colcon.colcon_core.shell:Creating prefix chain script '/home/zerda/ros2_ws/install/setup.bash'
[8.045s] INFO:colcon.colcon_core.shell:Creating prefix script '/home/zerda/ros2_ws/install/local_setup.zsh'
[8.046s] INFO:colcon.colcon_core.shell:Creating prefix chain script '/home/zerda/ros2_ws/install/setup.zsh'
