[0.362s] Invoking command in '/home/zerda/ros2_ws/build/my_cpp_pkg': CMAKE_PREFIX_PATH=${CMAKE_PREFIX_PATH}:/home/zerda/ros2_ws/install/my_py_pkg:/home/zerda/ros2_ws/install/image_processing:/home/zerda/ros2_ws/install/challenge1:/opt/ros/humble /usr/bin/cmake --build /home/zerda/ros2_ws/build/my_cpp_pkg -- -j8 -l8
[0.448s] -- Found ament_cmake: 1.3.6 (/opt/ros/humble/share/ament_cmake/cmake)
[1.157s] -- Found rclcpp: 16.0.7 (/opt/ros/humble/share/rclcpp/cmake)
[1.355s] -- Found rosidl_generator_c: 3.1.5 (/opt/ros/humble/share/rosidl_generator_c/cmake)
[1.363s] -- Found rosidl_adapter: 3.1.5 (/opt/ros/humble/share/rosidl_adapter/cmake)
[1.385s] -- Found rosidl_generator_cpp: 3.1.5 (/opt/ros/humble/share/rosidl_generator_cpp/cmake)
[1.430s] -- Using all available rosidl_typesupport_c: rosidl_typesupport_fastrtps_c;rosidl_typesupport_introspection_c
[1.495s] -- Using all available rosidl_typesupport_cpp: rosidl_typesupport_fastrtps_cpp;rosidl_typesupport_introspection_cpp
[1.742s] -- Found rmw_implementation_cmake: 6.1.1 (/opt/ros/humble/share/rmw_implementation_cmake/cmake)
[1.748s] -- Found rmw_fastrtps_cpp: 6.2.5 (/opt/ros/humble/share/rmw_fastrtps_cpp/cmake)
[2.284s] -- Using RMW implementation 'rmw_fastrtps_cpp' as default
[3.100s] -- Found sensor_msgs: 4.2.3 (/opt/ros/humble/share/sensor_msgs/cmake)
[3.701s] [31mCMake Error at CMakeLists.txt:12 (find_package):
[3.702s]   By not providing "Findcv_bridge.cmake" in CMAKE_MODULE_PATH this project
[3.702s]   has asked CMake to find a package configuration file provided by
[3.703s]   "cv_bridge", but CMake did not find one.
[3.703s] 
[3.703s]   Could not find a package configuration file provided by "cv_bridge" with
[3.704s]   any of the following names:
[3.704s] 
[3.704s]     cv_bridgeConfig.cmake
[3.705s]     cv_bridge-config.cmake
[3.705s] 
[3.705s]   Add the installation prefix of "cv_bridge" to CMAKE_PREFIX_PATH or set
[3.706s]   "cv_bridge_DIR" to a directory containing one of the above files.  If
[3.706s]   "cv_bridge" provides a separate development package or SDK, be sure it has
[3.706s]   been installed.
[3.707s] 
[3.707s] [0m
[3.707s] -- Configuring incomplete, errors occurred!
[3.708s] See also "/home/zerda/ros2_ws/build/my_cpp_pkg/CMakeFiles/CMakeOutput.log".
[3.721s] gmake: *** [Makefile:267: cmake_check_build_system] Error 1
