[0.429s] Invoking command in '/home/zerda/ros2_ws/build/image_processing': CMAKE_PREFIX_PATH=/opt/ros/humble /usr/bin/cmake --build /home/zerda/ros2_ws/build/image_processing -- -j8 -l8
[0.450s] -- Found ament_cmake: 1.3.6 (/opt/ros/humble/share/ament_cmake/cmake)
[0.609s] -- Found sensor_msgs: 4.2.3 (/opt/ros/humble/share/sensor_msgs/cmake)
[0.634s] -- Found rosidl_generator_c: 3.1.5 (/opt/ros/humble/share/rosidl_generator_c/cmake)
[0.637s] -- Found rosidl_adapter: 3.1.5 (/opt/ros/humble/share/rosidl_adapter/cmake)
[0.644s] -- Found rosidl_generator_cpp: 3.1.5 (/opt/ros/humble/share/rosidl_generator_cpp/cmake)
[0.655s] -- Using all available rosidl_typesupport_c: rosidl_typesupport_fastrtps_c;rosidl_typesupport_introspection_c
[0.673s] -- Using all available rosidl_typesupport_cpp: rosidl_typesupport_fastrtps_cpp;rosidl_typesupport_introspection_cpp
[0.898s] -- Found cv_bridge: 3.2.1 (/opt/ros/humble/share/cv_bridge/cmake)
[0.914s] -- Found rclcpp: 16.0.7 (/opt/ros/humble/share/rclcpp/cmake)
[0.981s] -- Found rmw_implementation_cmake: 6.1.1 (/opt/ros/humble/share/rmw_implementation_cmake/cmake)
[0.984s] -- Found rmw_fastrtps_cpp: 6.2.5 (/opt/ros/humble/share/rmw_fastrtps_cpp/cmake)
[1.155s] -- Using RMW implementation 'rmw_fastrtps_cpp' as default
[1.318s] -- Found image_common: 3.1.7 (/opt/ros/humble/share/image_common/cmake)
[1.324s] -- Found image_transport: 3.1.7 (/opt/ros/humble/share/image_transport/cmake)
[1.360s] -- Found ament_lint_auto: 0.12.9 (/opt/ros/humble/share/ament_lint_auto/cmake)
[1.464s] -- Added test 'cppcheck' to perform static code analysis on C / C++ code
[1.464s] -- Configured cppcheck include dirs: /home/zerda/ros2_ws/src/image_processing/include
[1.464s] -- Configured cppcheck exclude dirs and/or files: 
[1.465s] -- Added test 'lint_cmake' to check CMake code style
[1.466s] -- Added test 'uncrustify' to check C / C++ code style
[1.466s] -- Configured uncrustify additional arguments: 
[1.467s] -- Added test 'xmllint' to check XML markup files
[1.468s] -- Configuring done
[1.494s] -- Generating done
[1.497s] -- Build files have been written to: /home/zerda/ros2_ws/build/image_processing
[1.530s] [35m[1mConsolidate compiler generated dependencies of target my_image_converter_node[0m
[1.549s] [ 50%] [32m[1mLinking CXX executable my_image_converter_node[0m
[2.035s] [100%] Built target my_image_converter_node
[2.046s] Invoked command in '/home/zerda/ros2_ws/build/image_processing' returned '0': CMAKE_PREFIX_PATH=/opt/ros/humble /usr/bin/cmake --build /home/zerda/ros2_ws/build/image_processing -- -j8 -l8
[2.078s] Invoking command in '/home/zerda/ros2_ws/build/image_processing': CMAKE_PREFIX_PATH=/opt/ros/humble /usr/bin/cmake --install /home/zerda/ros2_ws/build/image_processing
[2.084s] -- Install configuration: ""
[2.084s] -- Installing: /home/zerda/ros2_ws/install/image_processing/lib/image_processing/my_image_converter_node
[2.084s] -- Set runtime path of "/home/zerda/ros2_ws/install/image_processing/lib/image_processing/my_image_converter_node" to ""
[2.085s] -- Installing: /home/zerda/ros2_ws/install/image_processing/share/ament_index/resource_index/package_run_dependencies/image_processing
[2.085s] -- Installing: /home/zerda/ros2_ws/install/image_processing/share/ament_index/resource_index/parent_prefix_path/image_processing
[2.085s] -- Installing: /home/zerda/ros2_ws/install/image_processing/share/image_processing/environment/ament_prefix_path.sh
[2.085s] -- Installing: /home/zerda/ros2_ws/install/image_processing/share/image_processing/environment/ament_prefix_path.dsv
[2.085s] -- Installing: /home/zerda/ros2_ws/install/image_processing/share/image_processing/environment/path.sh
[2.085s] -- Installing: /home/zerda/ros2_ws/install/image_processing/share/image_processing/environment/path.dsv
[2.085s] -- Installing: /home/zerda/ros2_ws/install/image_processing/share/image_processing/local_setup.bash
[2.085s] -- Installing: /home/zerda/ros2_ws/install/image_processing/share/image_processing/local_setup.sh
[2.085s] -- Installing: /home/zerda/ros2_ws/install/image_processing/share/image_processing/local_setup.zsh
[2.086s] -- Installing: /home/zerda/ros2_ws/install/image_processing/share/image_processing/local_setup.dsv
[2.086s] -- Installing: /home/zerda/ros2_ws/install/image_processing/share/image_processing/package.dsv
[2.086s] -- Installing: /home/zerda/ros2_ws/install/image_processing/share/ament_index/resource_index/packages/image_processing
[2.087s] -- Installing: /home/zerda/ros2_ws/install/image_processing/share/image_processing/cmake/image_processingConfig.cmake
[2.087s] -- Installing: /home/zerda/ros2_ws/install/image_processing/share/image_processing/cmake/image_processingConfig-version.cmake
[2.087s] -- Installing: /home/zerda/ros2_ws/install/image_processing/share/image_processing/package.xml
[2.089s] Invoked command in '/home/zerda/ros2_ws/build/image_processing' returned '0': CMAKE_PREFIX_PATH=/opt/ros/humble /usr/bin/cmake --install /home/zerda/ros2_ws/build/image_processing
