[1.702s] Invoking command in '/home/zerda/ros2_ws/src/yolov8_ros': PYTHONPATH=/home/zerda/ros2_ws/build/yolov8_ros/prefix_override:/home/zerda/ros2_ws/install/yolov8_ros/lib/python3.10/site-packages:${PYTHONPATH} /usr/bin/python3 -W ignore:setup.py install is deprecated setup.py egg_info --egg-base ../../build/yolov8_ros build --build-base /home/zerda/ros2_ws/build/yolov8_ros/build install --record /home/zerda/ros2_ws/build/yolov8_ros/install.log --single-version-externally-managed install_data
[2.250s] running egg_info
[2.251s] creating ../../build/yolov8_ros/yolov8_ros.egg-info
[2.286s] writing ../../build/yolov8_ros/yolov8_ros.egg-info/PKG-INFO
[2.287s] writing dependency_links to ../../build/yolov8_ros/yolov8_ros.egg-info/dependency_links.txt
[2.287s] writing entry points to ../../build/yolov8_ros/yolov8_ros.egg-info/entry_points.txt
[2.288s] writing requirements to ../../build/yolov8_ros/yolov8_ros.egg-info/requires.txt
[2.288s] writing top-level names to ../../build/yolov8_ros/yolov8_ros.egg-info/top_level.txt
[2.288s] writing manifest file '../../build/yolov8_ros/yolov8_ros.egg-info/SOURCES.txt'
[2.364s] reading manifest file '../../build/yolov8_ros/yolov8_ros.egg-info/SOURCES.txt'
[2.366s] writing manifest file '../../build/yolov8_ros/yolov8_ros.egg-info/SOURCES.txt'
[2.366s] running build
[2.366s] running build_py
[2.366s] creating /home/zerda/ros2_ws/build/yolov8_ros/build
[2.366s] creating /home/zerda/ros2_ws/build/yolov8_ros/build/lib
[2.367s] creating /home/zerda/ros2_ws/build/yolov8_ros/build/lib/yolov8_ros
[2.367s] copying yolov8_ros/__init__.py -> /home/zerda/ros2_ws/build/yolov8_ros/build/lib/yolov8_ros
[2.367s] copying yolov8_ros/debug_node.py -> /home/zerda/ros2_ws/build/yolov8_ros/build/lib/yolov8_ros
[2.367s] copying yolov8_ros/yolov8_node.py -> /home/zerda/ros2_ws/build/yolov8_ros/build/lib/yolov8_ros
[2.367s] copying yolov8_ros/tracking_node.py -> /home/zerda/ros2_ws/build/yolov8_ros/build/lib/yolov8_ros
[2.368s] copying yolov8_ros/detect_3d_node.py -> /home/zerda/ros2_ws/build/yolov8_ros/build/lib/yolov8_ros
[2.369s] running install
[2.382s] running install_lib
[2.419s] creating /home/zerda/ros2_ws/install/yolov8_ros/lib/python3.10/site-packages/yolov8_ros
[2.419s] copying /home/zerda/ros2_ws/build/yolov8_ros/build/lib/yolov8_ros/__init__.py -> /home/zerda/ros2_ws/install/yolov8_ros/lib/python3.10/site-packages/yolov8_ros
[2.420s] copying /home/zerda/ros2_ws/build/yolov8_ros/build/lib/yolov8_ros/debug_node.py -> /home/zerda/ros2_ws/install/yolov8_ros/lib/python3.10/site-packages/yolov8_ros
[2.420s] copying /home/zerda/ros2_ws/build/yolov8_ros/build/lib/yolov8_ros/yolov8_node.py -> /home/zerda/ros2_ws/install/yolov8_ros/lib/python3.10/site-packages/yolov8_ros
[2.420s] copying /home/zerda/ros2_ws/build/yolov8_ros/build/lib/yolov8_ros/tracking_node.py -> /home/zerda/ros2_ws/install/yolov8_ros/lib/python3.10/site-packages/yolov8_ros
[2.420s] copying /home/zerda/ros2_ws/build/yolov8_ros/build/lib/yolov8_ros/detect_3d_node.py -> /home/zerda/ros2_ws/install/yolov8_ros/lib/python3.10/site-packages/yolov8_ros
[2.422s] byte-compiling /home/zerda/ros2_ws/install/yolov8_ros/lib/python3.10/site-packages/yolov8_ros/__init__.py to __init__.cpython-310.pyc
[2.422s] byte-compiling /home/zerda/ros2_ws/install/yolov8_ros/lib/python3.10/site-packages/yolov8_ros/debug_node.py to debug_node.cpython-310.pyc
[2.426s] byte-compiling /home/zerda/ros2_ws/install/yolov8_ros/lib/python3.10/site-packages/yolov8_ros/yolov8_node.py to yolov8_node.cpython-310.pyc
[2.429s] byte-compiling /home/zerda/ros2_ws/install/yolov8_ros/lib/python3.10/site-packages/yolov8_ros/tracking_node.py to tracking_node.cpython-310.pyc
[2.432s] byte-compiling /home/zerda/ros2_ws/install/yolov8_ros/lib/python3.10/site-packages/yolov8_ros/detect_3d_node.py to detect_3d_node.cpython-310.pyc
[2.436s] running install_data
[2.437s] creating /home/zerda/ros2_ws/install/yolov8_ros/share/ament_index
[2.437s] creating /home/zerda/ros2_ws/install/yolov8_ros/share/ament_index/resource_index
[2.437s] creating /home/zerda/ros2_ws/install/yolov8_ros/share/ament_index/resource_index/packages
[2.437s] copying resource/yolov8_ros -> /home/zerda/ros2_ws/install/yolov8_ros/share/ament_index/resource_index/packages
[2.437s] copying package.xml -> /home/zerda/ros2_ws/install/yolov8_ros/share/yolov8_ros
[2.438s] running install_egg_info
[2.476s] Copying ../../build/yolov8_ros/yolov8_ros.egg-info to /home/zerda/ros2_ws/install/yolov8_ros/lib/python3.10/site-packages/yolov8_ros-0.0.0-py3.10.egg-info
[2.478s] running install_scripts
[2.802s] Installing debug_node script to /home/zerda/ros2_ws/install/yolov8_ros/lib/yolov8_ros
[2.802s] Installing detect_3d_node script to /home/zerda/ros2_ws/install/yolov8_ros/lib/yolov8_ros
[2.803s] Installing tracking_node script to /home/zerda/ros2_ws/install/yolov8_ros/lib/yolov8_ros
[2.803s] Installing yolov8_node script to /home/zerda/ros2_ws/install/yolov8_ros/lib/yolov8_ros
[2.804s] writing list of installed files to '/home/zerda/ros2_ws/build/yolov8_ros/install.log'
[2.858s] Invoked command in '/home/zerda/ros2_ws/src/yolov8_ros' returned '0': PYTHONPATH=/home/zerda/ros2_ws/build/yolov8_ros/prefix_override:/home/zerda/ros2_ws/install/yolov8_ros/lib/python3.10/site-packages:${PYTHONPATH} /usr/bin/python3 -W ignore:setup.py install is deprecated setup.py egg_info --egg-base ../../build/yolov8_ros build --build-base /home/zerda/ros2_ws/build/yolov8_ros/build install --record /home/zerda/ros2_ws/build/yolov8_ros/install.log --single-version-externally-managed install_data
