[2.088s] Invoking command in '/home/zerda/ros2_ws/src/car_detector': PYTHONPATH=/home/zerda/ros2_ws/build/car_detector/prefix_override:/home/zerda/ros2_ws/install/car_detector/lib/python3.10/site-packages:${PYTHONPATH} /usr/bin/python3 -W ignore:setup.py install is deprecated setup.py egg_info --egg-base ../../build/car_detector build --build-base /home/zerda/ros2_ws/build/car_detector/build install --record /home/zerda/ros2_ws/build/car_detector/install.log --single-version-externally-managed install_data
[2.733s] running egg_info
[2.780s] writing ../../build/car_detector/car_detector.egg-info/PKG-INFO
[2.781s] writing dependency_links to ../../build/car_detector/car_detector.egg-info/dependency_links.txt
[2.781s] writing entry points to ../../build/car_detector/car_detector.egg-info/entry_points.txt
[2.782s] writing requirements to ../../build/car_detector/car_detector.egg-info/requires.txt
[2.782s] writing top-level names to ../../build/car_detector/car_detector.egg-info/top_level.txt
[2.871s] reading manifest file '../../build/car_detector/car_detector.egg-info/SOURCES.txt'
[2.874s] writing manifest file '../../build/car_detector/car_detector.egg-info/SOURCES.txt'
[2.874s] running build
[2.874s] running build_py
[2.874s] copying car_detector/__init__.py -> /home/zerda/ros2_ws/build/car_detector/build/lib/car_detector
[2.875s] copying car_detector/camera_pub.py -> /home/zerda/ros2_ws/build/car_detector/build/lib/car_detector
[2.875s] copying car_detector/car_detection.py -> /home/zerda/ros2_ws/build/car_detector/build/lib/car_detector
[2.876s] running install
[2.892s] running install_lib
[2.946s] running install_data
[2.946s] copying resource/car_detector -> /home/zerda/ros2_ws/install/car_detector/share/ament_index/resource_index/packages
[2.946s] copying package.xml -> /home/zerda/ros2_ws/install/car_detector/share/car_detector
[2.947s] copying launch/camera_car_detection.launch.py -> /home/zerda/ros2_ws/install/car_detector/share/car_detector/launch
[2.948s] copying data/best.pt -> /home/zerda/ros2_ws/install/car_detector/share/car_detector/data
[3.147s] running install_egg_info
[3.194s] removing '/home/zerda/ros2_ws/install/car_detector/lib/python3.10/site-packages/car_detector-0.0.0-py3.10.egg-info' (and everything under it)
[3.194s] Copying ../../build/car_detector/car_detector.egg-info to /home/zerda/ros2_ws/install/car_detector/lib/python3.10/site-packages/car_detector-0.0.0-py3.10.egg-info
[3.196s] running install_scripts
[3.588s] Installing camera_publisher script to /home/zerda/ros2_ws/install/car_detector/lib/car_detector
[3.588s] Installing car_detection script to /home/zerda/ros2_ws/install/car_detector/lib/car_detector
[3.589s] writing list of installed files to '/home/zerda/ros2_ws/build/car_detector/install.log'
[3.648s] Invoked command in '/home/zerda/ros2_ws/src/car_detector' returned '0': PYTHONPATH=/home/zerda/ros2_ws/build/car_detector/prefix_override:/home/zerda/ros2_ws/install/car_detector/lib/python3.10/site-packages:${PYTHONPATH} /usr/bin/python3 -W ignore:setup.py install is deprecated setup.py egg_info --egg-base ../../build/car_detector build --build-base /home/zerda/ros2_ws/build/car_detector/build install --record /home/zerda/ros2_ws/build/car_detector/install.log --single-version-externally-managed install_data
