[0.320s] Invoking command in '/home/zerda/ros2_ws/build/my_cpp_pkg': CMAKE_PREFIX_PATH=${CMAKE_PREFIX_PATH}:/home/zerda/ros2_ws/install/my_py_pkg:/home/zerda/ros2_ws/install/challenge1:/opt/ros/humble /usr/bin/cmake --build /home/zerda/ros2_ws/build/my_cpp_pkg -- -j8 -l8
[0.809s] -- Found ament_cmake: 1.3.8 (/opt/ros/humble/share/ament_cmake/cmake)
[0.809s] -- Found rclcpp: 16.0.8 (/opt/ros/humble/share/rclcpp/cmake)
[0.809s] -- Found rosidl_generator_c: 3.1.5 (/opt/ros/humble/share/rosidl_generator_c/cmake)
[0.809s] -- Found rosidl_adapter: 3.1.5 (/opt/ros/humble/share/rosidl_adapter/cmake)
[0.810s] -- Found rosidl_generator_cpp: 3.1.5 (/opt/ros/humble/share/rosidl_generator_cpp/cmake)
[0.810s] -- Using all available rosidl_typesupport_c: rosidl_typesupport_fastrtps_c;rosidl_typesupport_introspection_c
[0.810s] -- Using all available rosidl_typesupport_cpp: rosidl_typesupport_fastrtps_cpp;rosidl_typesupport_introspection_cpp
[0.894s] -- Found rmw_implementation_cmake: 6.1.1 (/opt/ros/humble/share/rmw_implementation_cmake/cmake)
[0.897s] -- Found rmw_fastrtps_cpp: 6.2.6 (/opt/ros/humble/share/rmw_fastrtps_cpp/cmake)
[1.119s] -- Using RMW implementation 'rmw_fastrtps_cpp' as default
[1.491s] -- Found sensor_msgs: 4.2.3 (/opt/ros/humble/share/sensor_msgs/cmake)
[1.789s] [31mCMake Error at CMakeLists.txt:12 (find_package):
[1.789s]   By not providing "Findcv_bridge.cmake" in CMAKE_MODULE_PATH this project
[1.789s]   has asked CMake to find a package configuration file provided by
[1.790s]   "cv_bridge", but CMake did not find one.
[1.790s] 
[1.790s]   Could not find a package configuration file provided by "cv_bridge" with
[1.790s]   any of the following names:
[1.790s] 
[1.790s]     cv_bridgeConfig.cmake
[1.790s]     cv_bridge-config.cmake
[1.790s] 
[1.791s]   Add the installation prefix of "cv_bridge" to CMAKE_PREFIX_PATH or set
[1.791s]   "cv_bridge_DIR" to a directory containing one of the above files.  If
[1.791s]   "cv_bridge" provides a separate development package or SDK, be sure it has
[1.791s]   been installed.
[1.791s] 
[1.791s] [0m
[1.791s] -- Configuring incomplete, errors occurred!
[1.791s] See also "/home/zerda/ros2_ws/build/my_cpp_pkg/CMakeFiles/CMakeOutput.log".
[1.799s] gmake: *** [Makefile:267: cmake_check_build_system] Error 1
