[0.654s] Invoking command in '/home/zerda/ros2_ws/build/aruco_msgs': CMAKE_PREFIX_PATH=${CMAKE_PREFIX_PATH}:/home/zerda/ros2_ws/install/my_py_pkg:/home/zerda/ros2_ws/install/image_processing:/home/zerda/ros2_ws/install/challenge1:/opt/ros/humble /usr/bin/cmake --build /home/zerda/ros2_ws/build/aruco_msgs -- -j8 -l8
[0.871s] [  2%] Built target aruco_msgs__cpp
[0.899s] [ 12%] Built target aruco_msgs__rosidl_generator_c
[0.908s] [ 12%] Built target ament_cmake_python_copy_aruco_msgs
[1.033s] [ 23%] Built target aruco_msgs__rosidl_typesupport_fastrtps_cpp
[1.064s] [ 33%] Built target aruco_msgs__rosidl_typesupport_cpp
[1.079s] [ 48%] Built target aruco_msgs__rosidl_typesupport_introspection_c
[1.080s] [ 53%] Built target aruco_msgs__rosidl_typesupport_introspection_cpp
[1.091s] [ 64%] Built target aruco_msgs__rosidl_typesupport_fastrtps_c
[1.096s] [ 74%] Built target aruco_msgs__rosidl_typesupport_c
[1.162s] [ 74%] Built target aruco_msgs
[1.303s] [ 76%] Built target aruco_msgs__py
[1.461s] [ 84%] Built target aruco_msgs__rosidl_generator_py
[1.582s] [ 89%] Built target aruco_msgs__rosidl_typesupport_fastrtps_c__pyext
[1.623s] [ 97%] Built target aruco_msgs__rosidl_typesupport_c__pyext
[1.627s] [100%] Built target aruco_msgs__rosidl_typesupport_introspection_c__pyext
[2.128s] running egg_info
[2.129s] writing aruco_msgs.egg-info/PKG-INFO
[2.129s] writing dependency_links to aruco_msgs.egg-info/dependency_links.txt
[2.130s] writing top-level names to aruco_msgs.egg-info/top_level.txt
[2.138s] reading manifest file 'aruco_msgs.egg-info/SOURCES.txt'
[2.141s] writing manifest file 'aruco_msgs.egg-info/SOURCES.txt'
[2.256s] [100%] Built target ament_cmake_python_build_aruco_msgs_egg
[2.310s] Invoked command in '/home/zerda/ros2_ws/build/aruco_msgs' returned '0': CMAKE_PREFIX_PATH=${CMAKE_PREFIX_PATH}:/home/zerda/ros2_ws/install/my_py_pkg:/home/zerda/ros2_ws/install/image_processing:/home/zerda/ros2_ws/install/challenge1:/opt/ros/humble /usr/bin/cmake --build /home/zerda/ros2_ws/build/aruco_msgs -- -j8 -l8
[2.637s] Invoking command in '/home/zerda/ros2_ws/build/aruco_msgs': CMAKE_PREFIX_PATH=${CMAKE_PREFIX_PATH}:/home/zerda/ros2_ws/install/my_py_pkg:/home/zerda/ros2_ws/install/image_processing:/home/zerda/ros2_ws/install/challenge1:/opt/ros/humble /usr/bin/cmake --install /home/zerda/ros2_ws/build/aruco_msgs
[2.661s] -- Install configuration: ""
[2.662s] -- Installing: /home/zerda/ros2_ws/install/aruco_msgs/share/ament_index/resource_index/rosidl_interfaces/aruco_msgs
[2.663s] -- Installing: /home/zerda/ros2_ws/install/aruco_msgs/include/aruco_msgs/aruco_msgs
[2.663s] -- Installing: /home/zerda/ros2_ws/install/aruco_msgs/include/aruco_msgs/aruco_msgs/msg
[2.664s] -- Installing: /home/zerda/ros2_ws/install/aruco_msgs/include/aruco_msgs/aruco_msgs/msg/marker_array.h
[2.664s] -- Installing: /home/zerda/ros2_ws/install/aruco_msgs/include/aruco_msgs/aruco_msgs/msg/detail
[2.664s] -- Installing: /home/zerda/ros2_ws/install/aruco_msgs/include/aruco_msgs/aruco_msgs/msg/detail/marker__functions.c
[2.669s] -- Installing: /home/zerda/ros2_ws/install/aruco_msgs/include/aruco_msgs/aruco_msgs/msg/detail/marker_array__type_support.h
[2.670s] -- Installing: /home/zerda/ros2_ws/install/aruco_msgs/include/aruco_msgs/aruco_msgs/msg/detail/marker__type_support.h
[2.671s] -- Installing: /home/zerda/ros2_ws/install/aruco_msgs/include/aruco_msgs/aruco_msgs/msg/detail/marker__functions.h
[2.671s] -- Installing: /home/zerda/ros2_ws/install/aruco_msgs/include/aruco_msgs/aruco_msgs/msg/detail/marker_array__struct.h
[2.671s] -- Installing: /home/zerda/ros2_ws/install/aruco_msgs/include/aruco_msgs/aruco_msgs/msg/detail/marker_array__functions.c
[2.672s] -- Installing: /home/zerda/ros2_ws/install/aruco_msgs/include/aruco_msgs/aruco_msgs/msg/detail/marker__struct.h
[2.672s] -- Installing: /home/zerda/ros2_ws/install/aruco_msgs/include/aruco_msgs/aruco_msgs/msg/detail/marker_array__functions.h
[2.673s] -- Installing: /home/zerda/ros2_ws/install/aruco_msgs/include/aruco_msgs/aruco_msgs/msg/marker.h
[2.685s] -- Installing: /home/zerda/ros2_ws/install/aruco_msgs/include/aruco_msgs/aruco_msgs/msg/rosidl_generator_c__visibility_control.h
[2.685s] -- Installing: /home/zerda/ros2_ws/install/aruco_msgs/share/aruco_msgs/environment/library_path.sh
[2.686s] -- Installing: /home/zerda/ros2_ws/install/aruco_msgs/share/aruco_msgs/environment/library_path.dsv
[2.689s] -- Installing: /home/zerda/ros2_ws/install/aruco_msgs/lib/libaruco_msgs__rosidl_generator_c.so
[2.692s] -- Set runtime path of "/home/zerda/ros2_ws/install/aruco_msgs/lib/libaruco_msgs__rosidl_generator_c.so" to ""
[2.693s] -- Up-to-date: /home/zerda/ros2_ws/install/aruco_msgs/include/aruco_msgs/aruco_msgs
[2.693s] -- Up-to-date: /home/zerda/ros2_ws/install/aruco_msgs/include/aruco_msgs/aruco_msgs/msg
[2.694s] -- Up-to-date: /home/zerda/ros2_ws/install/aruco_msgs/include/aruco_msgs/aruco_msgs/msg/detail
[2.694s] -- Installing: /home/zerda/ros2_ws/install/aruco_msgs/include/aruco_msgs/aruco_msgs/msg/detail/marker_array__rosidl_typesupport_fastrtps_c.h
[2.696s] -- Installing: /home/zerda/ros2_ws/install/aruco_msgs/include/aruco_msgs/aruco_msgs/msg/detail/marker__rosidl_typesupport_fastrtps_c.h
[2.696s] -- Installing: /home/zerda/ros2_ws/install/aruco_msgs/include/aruco_msgs/aruco_msgs/msg/rosidl_typesupport_fastrtps_c__visibility_control.h
[2.696s] -- Installing: /home/zerda/ros2_ws/install/aruco_msgs/lib/libaruco_msgs__rosidl_typesupport_fastrtps_c.so
[2.701s] -- Set runtime path of "/home/zerda/ros2_ws/install/aruco_msgs/lib/libaruco_msgs__rosidl_typesupport_fastrtps_c.so" to ""
[2.701s] -- Up-to-date: /home/zerda/ros2_ws/install/aruco_msgs/include/aruco_msgs/aruco_msgs
[2.702s] -- Up-to-date: /home/zerda/ros2_ws/install/aruco_msgs/include/aruco_msgs/aruco_msgs/msg
[2.702s] -- Installing: /home/zerda/ros2_ws/install/aruco_msgs/include/aruco_msgs/aruco_msgs/msg/rosidl_typesupport_introspection_c__visibility_control.h
[2.703s] -- Up-to-date: /home/zerda/ros2_ws/install/aruco_msgs/include/aruco_msgs/aruco_msgs/msg/detail
[2.703s] -- Installing: /home/zerda/ros2_ws/install/aruco_msgs/include/aruco_msgs/aruco_msgs/msg/detail/marker_array__rosidl_typesupport_introspection_c.h
[2.703s] -- Installing: /home/zerda/ros2_ws/install/aruco_msgs/include/aruco_msgs/aruco_msgs/msg/detail/marker__type_support.c
[2.703s] -- Installing: /home/zerda/ros2_ws/install/aruco_msgs/include/aruco_msgs/aruco_msgs/msg/detail/marker_array__type_support.c
[2.705s] -- Installing: /home/zerda/ros2_ws/install/aruco_msgs/include/aruco_msgs/aruco_msgs/msg/detail/marker__rosidl_typesupport_introspection_c.h
[2.705s] -- Installing: /home/zerda/ros2_ws/install/aruco_msgs/lib/libaruco_msgs__rosidl_typesupport_introspection_c.so
[2.713s] -- Set runtime path of "/home/zerda/ros2_ws/install/aruco_msgs/lib/libaruco_msgs__rosidl_typesupport_introspection_c.so" to ""
[2.714s] -- Installing: /home/zerda/ros2_ws/install/aruco_msgs/lib/libaruco_msgs__rosidl_typesupport_c.so
[2.714s] -- Set runtime path of "/home/zerda/ros2_ws/install/aruco_msgs/lib/libaruco_msgs__rosidl_typesupport_c.so" to ""
[2.715s] -- Up-to-date: /home/zerda/ros2_ws/install/aruco_msgs/include/aruco_msgs/aruco_msgs
[2.715s] -- Up-to-date: /home/zerda/ros2_ws/install/aruco_msgs/include/aruco_msgs/aruco_msgs/msg
[2.716s] -- Installing: /home/zerda/ros2_ws/install/aruco_msgs/include/aruco_msgs/aruco_msgs/msg/marker.hpp
[2.716s] -- Installing: /home/zerda/ros2_ws/install/aruco_msgs/include/aruco_msgs/aruco_msgs/msg/marker_array.hpp
[2.716s] -- Up-to-date: /home/zerda/ros2_ws/install/aruco_msgs/include/aruco_msgs/aruco_msgs/msg/detail
[2.717s] -- Installing: /home/zerda/ros2_ws/install/aruco_msgs/include/aruco_msgs/aruco_msgs/msg/detail/marker_array__builder.hpp
[2.717s] -- Installing: /home/zerda/ros2_ws/install/aruco_msgs/include/aruco_msgs/aruco_msgs/msg/detail/marker__struct.hpp
[2.717s] -- Installing: /home/zerda/ros2_ws/install/aruco_msgs/include/aruco_msgs/aruco_msgs/msg/detail/marker_array__struct.hpp
[2.718s] -- Installing: /home/zerda/ros2_ws/install/aruco_msgs/include/aruco_msgs/aruco_msgs/msg/detail/marker__builder.hpp
[2.719s] -- Installing: /home/zerda/ros2_ws/install/aruco_msgs/include/aruco_msgs/aruco_msgs/msg/detail/marker_array__traits.hpp
[2.720s] -- Installing: /home/zerda/ros2_ws/install/aruco_msgs/include/aruco_msgs/aruco_msgs/msg/detail/marker__traits.hpp
[2.720s] -- Up-to-date: /home/zerda/ros2_ws/install/aruco_msgs/include/aruco_msgs/aruco_msgs
[2.721s] -- Up-to-date: /home/zerda/ros2_ws/install/aruco_msgs/include/aruco_msgs/aruco_msgs/msg
[2.721s] -- Installing: /home/zerda/ros2_ws/install/aruco_msgs/include/aruco_msgs/aruco_msgs/msg/rosidl_typesupport_fastrtps_cpp__visibility_control.h
[2.725s] -- Up-to-date: /home/zerda/ros2_ws/install/aruco_msgs/include/aruco_msgs/aruco_msgs/msg/detail
[2.726s] -- Installing: /home/zerda/ros2_ws/install/aruco_msgs/include/aruco_msgs/aruco_msgs/msg/detail/marker__rosidl_typesupport_fastrtps_cpp.hpp
[2.730s] -- Installing: /home/zerda/ros2_ws/install/aruco_msgs/include/aruco_msgs/aruco_msgs/msg/detail/marker_array__rosidl_typesupport_fastrtps_cpp.hpp
[2.731s] -- Installing: /home/zerda/ros2_ws/install/aruco_msgs/include/aruco_msgs/aruco_msgs/msg/detail/dds_fastrtps
[2.733s] -- Installing: /home/zerda/ros2_ws/install/aruco_msgs/lib/libaruco_msgs__rosidl_typesupport_fastrtps_cpp.so
[2.735s] -- Set runtime path of "/home/zerda/ros2_ws/install/aruco_msgs/lib/libaruco_msgs__rosidl_typesupport_fastrtps_cpp.so" to ""
[2.735s] -- Up-to-date: /home/zerda/ros2_ws/install/aruco_msgs/include/aruco_msgs/aruco_msgs
[2.735s] -- Up-to-date: /home/zerda/ros2_ws/install/aruco_msgs/include/aruco_msgs/aruco_msgs/msg
[2.736s] -- Up-to-date: /home/zerda/ros2_ws/install/aruco_msgs/include/aruco_msgs/aruco_msgs/msg/detail
[2.736s] -- Installing: /home/zerda/ros2_ws/install/aruco_msgs/include/aruco_msgs/aruco_msgs/msg/detail/marker_array__type_support.cpp
[2.736s] -- Installing: /home/zerda/ros2_ws/install/aruco_msgs/include/aruco_msgs/aruco_msgs/msg/detail/marker__type_support.cpp
[2.741s] -- Installing: /home/zerda/ros2_ws/install/aruco_msgs/include/aruco_msgs/aruco_msgs/msg/detail/marker_array__rosidl_typesupport_introspection_cpp.hpp
[2.741s] -- Installing: /home/zerda/ros2_ws/install/aruco_msgs/include/aruco_msgs/aruco_msgs/msg/detail/marker__rosidl_typesupport_introspection_cpp.hpp
[2.742s] -- Installing: /home/zerda/ros2_ws/install/aruco_msgs/lib/libaruco_msgs__rosidl_typesupport_introspection_cpp.so
[2.743s] -- Set runtime path of "/home/zerda/ros2_ws/install/aruco_msgs/lib/libaruco_msgs__rosidl_typesupport_introspection_cpp.so" to ""
[2.744s] -- Installing: /home/zerda/ros2_ws/install/aruco_msgs/lib/libaruco_msgs__rosidl_typesupport_cpp.so
[2.745s] -- Set runtime path of "/home/zerda/ros2_ws/install/aruco_msgs/lib/libaruco_msgs__rosidl_typesupport_cpp.so" to ""
[2.746s] -- Installing: /home/zerda/ros2_ws/install/aruco_msgs/share/aruco_msgs/environment/pythonpath.sh
[2.746s] -- Installing: /home/zerda/ros2_ws/install/aruco_msgs/share/aruco_msgs/environment/pythonpath.dsv
[2.746s] -- Installing: /home/zerda/ros2_ws/install/aruco_msgs/local/lib/python3.10/dist-packages/aruco_msgs-2.0.0-py3.10.egg-info
[2.747s] -- Installing: /home/zerda/ros2_ws/install/aruco_msgs/local/lib/python3.10/dist-packages/aruco_msgs-2.0.0-py3.10.egg-info/top_level.txt
[2.747s] -- Installing: /home/zerda/ros2_ws/install/aruco_msgs/local/lib/python3.10/dist-packages/aruco_msgs-2.0.0-py3.10.egg-info/dependency_links.txt
[2.747s] -- Installing: /home/zerda/ros2_ws/install/aruco_msgs/local/lib/python3.10/dist-packages/aruco_msgs-2.0.0-py3.10.egg-info/PKG-INFO
[2.748s] -- Installing: /home/zerda/ros2_ws/install/aruco_msgs/local/lib/python3.10/dist-packages/aruco_msgs-2.0.0-py3.10.egg-info/SOURCES.txt
[2.749s] -- Installing: /home/zerda/ros2_ws/install/aruco_msgs/local/lib/python3.10/dist-packages/aruco_msgs
[2.750s] -- Installing: /home/zerda/ros2_ws/install/aruco_msgs/local/lib/python3.10/dist-packages/aruco_msgs/_aruco_msgs_s.ep.rosidl_typesupport_fastrtps_c.c
[2.750s] -- Installing: /home/zerda/ros2_ws/install/aruco_msgs/local/lib/python3.10/dist-packages/aruco_msgs/aruco_msgs_s__rosidl_typesupport_fastrtps_c.cpython-310-x86_64-linux-gnu.so
[2.750s] -- Installing: /home/zerda/ros2_ws/install/aruco_msgs/local/lib/python3.10/dist-packages/aruco_msgs/__init__.py
[2.751s] -- Installing: /home/zerda/ros2_ws/install/aruco_msgs/local/lib/python3.10/dist-packages/aruco_msgs/aruco_msgs_s__rosidl_typesupport_c.cpython-310-x86_64-linux-gnu.so
[2.751s] -- Installing: /home/zerda/ros2_ws/install/aruco_msgs/local/lib/python3.10/dist-packages/aruco_msgs/_aruco_msgs_s.ep.rosidl_typesupport_introspection_c.c
[2.752s] -- Installing: /home/zerda/ros2_ws/install/aruco_msgs/local/lib/python3.10/dist-packages/aruco_msgs/libaruco_msgs__rosidl_generator_py.so
[2.752s] -- Installing: /home/zerda/ros2_ws/install/aruco_msgs/local/lib/python3.10/dist-packages/aruco_msgs/aruco_msgs_s__rosidl_typesupport_introspection_c.cpython-310-x86_64-linux-gnu.so
[2.752s] -- Installing: /home/zerda/ros2_ws/install/aruco_msgs/local/lib/python3.10/dist-packages/aruco_msgs/_aruco_msgs_s.ep.rosidl_typesupport_c.c
[2.758s] -- Installing: /home/zerda/ros2_ws/install/aruco_msgs/local/lib/python3.10/dist-packages/aruco_msgs/msg
[2.762s] -- Installing: /home/zerda/ros2_ws/install/aruco_msgs/local/lib/python3.10/dist-packages/aruco_msgs/msg/__init__.py
[2.762s] -- Installing: /home/zerda/ros2_ws/install/aruco_msgs/local/lib/python3.10/dist-packages/aruco_msgs/msg/_marker_array.py
[2.762s] -- Installing: /home/zerda/ros2_ws/install/aruco_msgs/local/lib/python3.10/dist-packages/aruco_msgs/msg/_marker.py
[2.762s] -- Installing: /home/zerda/ros2_ws/install/aruco_msgs/local/lib/python3.10/dist-packages/aruco_msgs/msg/_marker_s.c
[2.763s] -- Installing: /home/zerda/ros2_ws/install/aruco_msgs/local/lib/python3.10/dist-packages/aruco_msgs/msg/_marker_array_s.c
[2.930s] Listing '/home/zerda/ros2_ws/install/aruco_msgs/local/lib/python3.10/dist-packages/aruco_msgs'...
[2.930s] Compiling '/home/zerda/ros2_ws/install/aruco_msgs/local/lib/python3.10/dist-packages/aruco_msgs/__init__.py'...
[2.930s] Listing '/home/zerda/ros2_ws/install/aruco_msgs/local/lib/python3.10/dist-packages/aruco_msgs/msg'...
[2.931s] Compiling '/home/zerda/ros2_ws/install/aruco_msgs/local/lib/python3.10/dist-packages/aruco_msgs/msg/__init__.py'...
[2.931s] Compiling '/home/zerda/ros2_ws/install/aruco_msgs/local/lib/python3.10/dist-packages/aruco_msgs/msg/_marker.py'...
[2.931s] Compiling '/home/zerda/ros2_ws/install/aruco_msgs/local/lib/python3.10/dist-packages/aruco_msgs/msg/_marker_array.py'...
[2.945s] -- Installing: /home/zerda/ros2_ws/install/aruco_msgs/local/lib/python3.10/dist-packages/aruco_msgs/aruco_msgs_s__rosidl_typesupport_fastrtps_c.cpython-310-x86_64-linux-gnu.so
[2.947s] -- Set runtime path of "/home/zerda/ros2_ws/install/aruco_msgs/local/lib/python3.10/dist-packages/aruco_msgs/aruco_msgs_s__rosidl_typesupport_fastrtps_c.cpython-310-x86_64-linux-gnu.so" to ""
[2.947s] -- Installing: /home/zerda/ros2_ws/install/aruco_msgs/local/lib/python3.10/dist-packages/aruco_msgs/aruco_msgs_s__rosidl_typesupport_introspection_c.cpython-310-x86_64-linux-gnu.so
[2.949s] -- Set runtime path of "/home/zerda/ros2_ws/install/aruco_msgs/local/lib/python3.10/dist-packages/aruco_msgs/aruco_msgs_s__rosidl_typesupport_introspection_c.cpython-310-x86_64-linux-gnu.so" to ""
[2.950s] -- Installing: /home/zerda/ros2_ws/install/aruco_msgs/local/lib/python3.10/dist-packages/aruco_msgs/aruco_msgs_s__rosidl_typesupport_c.cpython-310-x86_64-linux-gnu.so
[2.950s] -- Set runtime path of "/home/zerda/ros2_ws/install/aruco_msgs/local/lib/python3.10/dist-packages/aruco_msgs/aruco_msgs_s__rosidl_typesupport_c.cpython-310-x86_64-linux-gnu.so" to ""
[2.950s] -- Installing: /home/zerda/ros2_ws/install/aruco_msgs/lib/libaruco_msgs__rosidl_generator_py.so
[2.957s] -- Set runtime path of "/home/zerda/ros2_ws/install/aruco_msgs/lib/libaruco_msgs__rosidl_generator_py.so" to ""
[2.957s] -- Installing: /home/zerda/ros2_ws/install/aruco_msgs/share/aruco_msgs/msg/Marker.idl
[2.957s] -- Installing: /home/zerda/ros2_ws/install/aruco_msgs/share/aruco_msgs/msg/MarkerArray.idl
[2.957s] -- Installing: /home/zerda/ros2_ws/install/aruco_msgs/share/aruco_msgs/msg/Marker.msg
[2.958s] -- Installing: /home/zerda/ros2_ws/install/aruco_msgs/share/aruco_msgs/msg/MarkerArray.msg
[2.958s] -- Installing: /home/zerda/ros2_ws/install/aruco_msgs/share/ament_index/resource_index/package_run_dependencies/aruco_msgs
[2.958s] -- Installing: /home/zerda/ros2_ws/install/aruco_msgs/share/ament_index/resource_index/parent_prefix_path/aruco_msgs
[2.958s] -- Installing: /home/zerda/ros2_ws/install/aruco_msgs/share/aruco_msgs/environment/ament_prefix_path.sh
[2.959s] -- Installing: /home/zerda/ros2_ws/install/aruco_msgs/share/aruco_msgs/environment/ament_prefix_path.dsv
[2.959s] -- Installing: /home/zerda/ros2_ws/install/aruco_msgs/share/aruco_msgs/environment/path.sh
[2.959s] -- Installing: /home/zerda/ros2_ws/install/aruco_msgs/share/aruco_msgs/environment/path.dsv
[2.960s] -- Installing: /home/zerda/ros2_ws/install/aruco_msgs/share/aruco_msgs/local_setup.bash
[2.960s] -- Installing: /home/zerda/ros2_ws/install/aruco_msgs/share/aruco_msgs/local_setup.sh
[2.960s] -- Installing: /home/zerda/ros2_ws/install/aruco_msgs/share/aruco_msgs/local_setup.zsh
[2.961s] -- Installing: /home/zerda/ros2_ws/install/aruco_msgs/share/aruco_msgs/local_setup.dsv
[2.961s] -- Installing: /home/zerda/ros2_ws/install/aruco_msgs/share/aruco_msgs/package.dsv
[2.961s] -- Installing: /home/zerda/ros2_ws/install/aruco_msgs/share/ament_index/resource_index/packages/aruco_msgs
[2.962s] -- Installing: /home/zerda/ros2_ws/install/aruco_msgs/share/aruco_msgs/cmake/export_aruco_msgs__rosidl_generator_cExport.cmake
[2.962s] -- Installing: /home/zerda/ros2_ws/install/aruco_msgs/share/aruco_msgs/cmake/export_aruco_msgs__rosidl_generator_cExport-noconfig.cmake
[2.962s] -- Installing: /home/zerda/ros2_ws/install/aruco_msgs/share/aruco_msgs/cmake/export_aruco_msgs__rosidl_typesupport_fastrtps_cExport.cmake
[2.965s] -- Installing: /home/zerda/ros2_ws/install/aruco_msgs/share/aruco_msgs/cmake/export_aruco_msgs__rosidl_typesupport_fastrtps_cExport-noconfig.cmake
[2.967s] -- Installing: /home/zerda/ros2_ws/install/aruco_msgs/share/aruco_msgs/cmake/aruco_msgs__rosidl_typesupport_introspection_cExport.cmake
[2.967s] -- Installing: /home/zerda/ros2_ws/install/aruco_msgs/share/aruco_msgs/cmake/aruco_msgs__rosidl_typesupport_introspection_cExport-noconfig.cmake
[2.968s] -- Installing: /home/zerda/ros2_ws/install/aruco_msgs/share/aruco_msgs/cmake/aruco_msgs__rosidl_typesupport_cExport.cmake
[2.968s] -- Installing: /home/zerda/ros2_ws/install/aruco_msgs/share/aruco_msgs/cmake/aruco_msgs__rosidl_typesupport_cExport-noconfig.cmake
[2.968s] -- Installing: /home/zerda/ros2_ws/install/aruco_msgs/share/aruco_msgs/cmake/export_aruco_msgs__rosidl_generator_cppExport.cmake
[2.969s] -- Installing: /home/zerda/ros2_ws/install/aruco_msgs/share/aruco_msgs/cmake/export_aruco_msgs__rosidl_typesupport_fastrtps_cppExport.cmake
[2.970s] -- Installing: /home/zerda/ros2_ws/install/aruco_msgs/share/aruco_msgs/cmake/export_aruco_msgs__rosidl_typesupport_fastrtps_cppExport-noconfig.cmake
[2.970s] -- Installing: /home/zerda/ros2_ws/install/aruco_msgs/share/aruco_msgs/cmake/aruco_msgs__rosidl_typesupport_introspection_cppExport.cmake
[2.971s] -- Installing: /home/zerda/ros2_ws/install/aruco_msgs/share/aruco_msgs/cmake/aruco_msgs__rosidl_typesupport_introspection_cppExport-noconfig.cmake
[2.971s] -- Installing: /home/zerda/ros2_ws/install/aruco_msgs/share/aruco_msgs/cmake/aruco_msgs__rosidl_typesupport_cppExport.cmake
[2.972s] -- Installing: /home/zerda/ros2_ws/install/aruco_msgs/share/aruco_msgs/cmake/aruco_msgs__rosidl_typesupport_cppExport-noconfig.cmake
[2.973s] -- Installing: /home/zerda/ros2_ws/install/aruco_msgs/share/aruco_msgs/cmake/export_aruco_msgs__rosidl_generator_pyExport.cmake
[2.974s] -- Installing: /home/zerda/ros2_ws/install/aruco_msgs/share/aruco_msgs/cmake/export_aruco_msgs__rosidl_generator_pyExport-noconfig.cmake
[2.974s] -- Installing: /home/zerda/ros2_ws/install/aruco_msgs/share/aruco_msgs/cmake/rosidl_cmake-extras.cmake
[2.975s] -- Installing: /home/zerda/ros2_ws/install/aruco_msgs/share/aruco_msgs/cmake/ament_cmake_export_dependencies-extras.cmake
[2.975s] -- Installing: /home/zerda/ros2_ws/install/aruco_msgs/share/aruco_msgs/cmake/ament_cmake_export_include_directories-extras.cmake
[2.977s] -- Installing: /home/zerda/ros2_ws/install/aruco_msgs/share/aruco_msgs/cmake/ament_cmake_export_libraries-extras.cmake
[2.978s] -- Installing: /home/zerda/ros2_ws/install/aruco_msgs/share/aruco_msgs/cmake/ament_cmake_export_targets-extras.cmake
[2.979s] -- Installing: /home/zerda/ros2_ws/install/aruco_msgs/share/aruco_msgs/cmake/rosidl_cmake_export_typesupport_targets-extras.cmake
[2.980s] -- Installing: /home/zerda/ros2_ws/install/aruco_msgs/share/aruco_msgs/cmake/rosidl_cmake_export_typesupport_libraries-extras.cmake
[2.981s] -- Installing: /home/zerda/ros2_ws/install/aruco_msgs/share/aruco_msgs/cmake/aruco_msgsConfig.cmake
[2.981s] -- Installing: /home/zerda/ros2_ws/install/aruco_msgs/share/aruco_msgs/cmake/aruco_msgsConfig-version.cmake
[2.981s] -- Installing: /home/zerda/ros2_ws/install/aruco_msgs/share/aruco_msgs/package.xml
[3.013s] Invoked command in '/home/zerda/ros2_ws/build/aruco_msgs' returned '0': CMAKE_PREFIX_PATH=${CMAKE_PREFIX_PATH}:/home/zerda/ros2_ws/install/my_py_pkg:/home/zerda/ros2_ws/install/image_processing:/home/zerda/ros2_ws/install/challenge1:/opt/ros/humble /usr/bin/cmake --install /home/zerda/ros2_ws/build/aruco_msgs
