[1.026s] Invoking command in '/home/zerda/ros2_ws/build/my_cpp_pkg': CMAKE_PREFIX_PATH=${CMAKE_PREFIX_PATH}:/home/zerda/ros2_ws/install/my_py_pkg:/home/zerda/ros2_ws/install/challenge1:/opt/ros/humble /usr/bin/cmake /home/zerda/ros2_ws/src/my_cpp_pkg -DCMAKE_INSTALL_PREFIX=/home/zerda/ros2_ws/install/my_cpp_pkg
[1.185s] -- The C compiler identification is GNU 11.4.0
[1.324s] -- The CXX compiler identification is GNU 11.4.0
[1.343s] -- Detecting C compiler ABI info
[1.496s] -- Detecting C compiler ABI info - done
[1.517s] -- Check for working C compiler: /usr/bin/cc - skipped
[1.518s] -- Detecting C compile features
[1.519s] -- Detecting C compile features - done
[1.528s] -- Detecting CXX compiler ABI info
[1.695s] -- Detecting CXX compiler ABI info - done
[1.723s] -- Check for working CXX compiler: /usr/bin/c++ - skipped
[1.723s] -- Detecting CXX compile features
[1.724s] -- Detecting CXX compile features - done
[1.731s] -- Found ament_cmake: 1.3.6 (/opt/ros/humble/share/ament_cmake/cmake)
[2.156s] -- Found Python3: /usr/bin/python3.10 (found version "3.10.12") found components: Interpreter 
[2.385s] -- Found rclcpp: 16.0.7 (/opt/ros/humble/share/rclcpp/cmake)
[2.505s] -- Found rosidl_generator_c: 3.1.5 (/opt/ros/humble/share/rosidl_generator_c/cmake)
[2.517s] -- Found rosidl_adapter: 3.1.5 (/opt/ros/humble/share/rosidl_adapter/cmake)
[2.543s] -- Found rosidl_generator_cpp: 3.1.5 (/opt/ros/humble/share/rosidl_generator_cpp/cmake)
[2.597s] -- Using all available rosidl_typesupport_c: rosidl_typesupport_fastrtps_c;rosidl_typesupport_introspection_c
[2.649s] -- Using all available rosidl_typesupport_cpp: rosidl_typesupport_fastrtps_cpp;rosidl_typesupport_introspection_cpp
[2.837s] -- Found rmw_implementation_cmake: 6.1.1 (/opt/ros/humble/share/rmw_implementation_cmake/cmake)
[2.844s] -- Found rmw_fastrtps_cpp: 6.2.5 (/opt/ros/humble/share/rmw_fastrtps_cpp/cmake)
[3.077s] -- Found OpenSSL: /usr/lib/x86_64-linux-gnu/libcrypto.so (found version "3.0.2")  
[3.145s] -- Found FastRTPS: /opt/ros/humble/include  
[3.256s] -- Using RMW implementation 'rmw_fastrtps_cpp' as default
[3.284s] -- Looking for pthread.h
[3.437s] -- Looking for pthread.h - found
[3.438s] -- Performing Test CMAKE_HAVE_LIBC_PTHREAD
[3.590s] -- Performing Test CMAKE_HAVE_LIBC_PTHREAD - Success
[3.593s] -- Found Threads: TRUE  
[3.986s] -- Found sensor_msgs: 4.2.3 (/opt/ros/humble/share/sensor_msgs/cmake)
[4.288s] -- Found cv_bridge: 3.2.1 (/opt/ros/humble/share/cv_bridge/cmake)
[4.343s] [31mCMake Error at CMakeLists.txt:13 (find_package):
[4.343s]   By not providing "Findroscpp.cmake" in CMAKE_MODULE_PATH this project has
[4.343s]   asked CMake to find a package configuration file provided by "roscpp", but
[4.343s]   CMake did not find one.
[4.344s] 
[4.344s]   Could not find a package configuration file provided by "roscpp" with any
[4.344s]   of the following names:
[4.344s] 
[4.344s]     roscppConfig.cmake
[4.344s]     roscpp-config.cmake
[4.344s] 
[4.344s]   Add the installation prefix of "roscpp" to CMAKE_PREFIX_PATH or set
[4.345s]   "roscpp_DIR" to a directory containing one of the above files.  If "roscpp"
[4.345s]   provides a separate development package or SDK, be sure it has been
[4.345s]   installed.
[4.345s] 
[4.345s] [0m
[4.345s] -- Configuring incomplete, errors occurred!
[4.345s] See also "/home/zerda/ros2_ws/build/my_cpp_pkg/CMakeFiles/CMakeOutput.log".
[4.359s] Invoked command in '/home/zerda/ros2_ws/build/my_cpp_pkg' returned '1': CMAKE_PREFIX_PATH=${CMAKE_PREFIX_PATH}:/home/zerda/ros2_ws/install/my_py_pkg:/home/zerda/ros2_ws/install/challenge1:/opt/ros/humble /usr/bin/cmake /home/zerda/ros2_ws/src/my_cpp_pkg -DCMAKE_INSTALL_PREFIX=/home/zerda/ros2_ws/install/my_cpp_pkg
