[0.245s] DEBUG:colcon:Command line arguments: ['/usr/bin/colcon', 'build']
[0.246s] DEBUG:colcon:Parsed command line arguments: Namespace(log_base=None, log_level=None, verb_name='build', build_base='build', install_base='install', merge_install=False, symlink_install=False, test_result_base=None, continue_on_error=False, executor='parallel', parallel_workers=8, event_handlers=None, ignore_user_meta=False, metas=['./colcon.meta'], base_paths=['.'], packages_ignore=None, packages_ignore_regex=None, paths=None, packages_up_to=None, packages_up_to_regex=None, packages_above=None, packages_above_and_dependencies=None, packages_above_depth=None, packages_select_by_dep=None, packages_skip_by_dep=None, packages_skip_up_to=None, packages_select_build_failed=False, packages_skip_build_finished=False, packages_select_test_failures=False, packages_skip_test_passed=False, packages_select=None, packages_skip=None, packages_select_regex=None, packages_skip_regex=None, packages_start=None, packages_end=None, allow_overriding=[], cmake_args=None, cmake_target=None, cmake_target_skip_unavailable=False, cmake_clean_cache=False, cmake_clean_first=False, cmake_force_configure=False, ament_cmake_args=None, catkin_cmake_args=None, catkin_skip_building_tests=False, verb_parser=<colcon_defaults.argument_parser.defaults.DefaultArgumentsDecorator object at 0x793b54e25ea0>, verb_extension=<colcon_core.verb.build.BuildVerb object at 0x793b54e25510>, main=<bound method BuildVerb.main of <colcon_core.verb.build.BuildVerb object at 0x793b54e25510>>)
[0.328s] Level 1:colcon.colcon_core.package_discovery:discover_packages(colcon_meta) check parameters
[0.328s] Level 1:colcon.colcon_core.package_discovery:discover_packages(recursive) check parameters
[0.329s] Level 1:colcon.colcon_core.package_discovery:discover_packages(ignore) check parameters
[0.329s] Level 1:colcon.colcon_core.package_discovery:discover_packages(path) check parameters
[0.329s] Level 1:colcon.colcon_core.package_discovery:discover_packages(colcon_meta) discover
[0.329s] Level 1:colcon.colcon_core.package_discovery:discover_packages(recursive) discover
[0.329s] INFO:colcon.colcon_core.package_discovery:Crawling recursively for packages in '/home/zerda/ros2_ws'
[0.329s] Level 1:colcon.colcon_core.package_identification:_identify(.) by extensions ['ignore', 'ignore_ament_install']
[0.330s] Level 1:colcon.colcon_core.package_identification:_identify(.) by extension 'ignore'
[0.330s] Level 1:colcon.colcon_core.package_identification:_identify(.) by extension 'ignore_ament_install'
[0.330s] Level 1:colcon.colcon_core.package_identification:_identify(.) by extensions ['colcon_pkg']
[0.330s] Level 1:colcon.colcon_core.package_identification:_identify(.) by extension 'colcon_pkg'
[0.330s] Level 1:colcon.colcon_core.package_identification:_identify(.) by extensions ['colcon_meta']
[0.330s] Level 1:colcon.colcon_core.package_identification:_identify(.) by extension 'colcon_meta'
[0.331s] Level 1:colcon.colcon_core.package_identification:_identify(.) by extensions ['ros']
[0.331s] Level 1:colcon.colcon_core.package_identification:_identify(.) by extension 'ros'
[0.364s] Level 1:colcon.colcon_core.package_identification:_identify(.) by extensions ['cmake', 'python']
[0.364s] Level 1:colcon.colcon_core.package_identification:_identify(.) by extension 'cmake'
[0.364s] Level 1:colcon.colcon_core.package_identification:_identify(.) by extension 'python'
[0.364s] Level 1:colcon.colcon_core.package_identification:_identify(.) by extensions ['python_setup_py']
[0.364s] Level 1:colcon.colcon_core.package_identification:_identify(.) by extension 'python_setup_py'
[0.365s] Level 1:colcon.colcon_core.package_identification:_identify(build) by extensions ['ignore', 'ignore_ament_install']
[0.365s] Level 1:colcon.colcon_core.package_identification:_identify(build) by extension 'ignore'
[0.365s] Level 1:colcon.colcon_core.package_identification:_identify(build) ignored
[0.366s] Level 1:colcon.colcon_core.package_identification:_identify(install) by extensions ['ignore', 'ignore_ament_install']
[0.366s] Level 1:colcon.colcon_core.package_identification:_identify(install) by extension 'ignore'
[0.366s] Level 1:colcon.colcon_core.package_identification:_identify(install) ignored
[0.367s] Level 1:colcon.colcon_core.package_identification:_identify(log) by extensions ['ignore', 'ignore_ament_install']
[0.367s] Level 1:colcon.colcon_core.package_identification:_identify(log) by extension 'ignore'
[0.367s] Level 1:colcon.colcon_core.package_identification:_identify(log) ignored
[0.367s] Level 1:colcon.colcon_core.package_identification:_identify(src) by extensions ['ignore', 'ignore_ament_install']
[0.368s] Level 1:colcon.colcon_core.package_identification:_identify(src) by extension 'ignore'
[0.368s] Level 1:colcon.colcon_core.package_identification:_identify(src) by extension 'ignore_ament_install'
[0.368s] Level 1:colcon.colcon_core.package_identification:_identify(src) by extensions ['colcon_pkg']
[0.368s] Level 1:colcon.colcon_core.package_identification:_identify(src) by extension 'colcon_pkg'
[0.368s] Level 1:colcon.colcon_core.package_identification:_identify(src) by extensions ['colcon_meta']
[0.368s] Level 1:colcon.colcon_core.package_identification:_identify(src) by extension 'colcon_meta'
[0.368s] Level 1:colcon.colcon_core.package_identification:_identify(src) by extensions ['ros']
[0.368s] Level 1:colcon.colcon_core.package_identification:_identify(src) by extension 'ros'
[0.369s] Level 1:colcon.colcon_core.package_identification:_identify(src) by extensions ['cmake', 'python']
[0.369s] Level 1:colcon.colcon_core.package_identification:_identify(src) by extension 'cmake'
[0.369s] Level 1:colcon.colcon_core.package_identification:_identify(src) by extension 'python'
[0.369s] Level 1:colcon.colcon_core.package_identification:_identify(src) by extensions ['python_setup_py']
[0.369s] Level 1:colcon.colcon_core.package_identification:_identify(src) by extension 'python_setup_py'
[0.369s] Level 1:colcon.colcon_core.package_identification:_identify(src/yolov8_detection) by extensions ['ignore', 'ignore_ament_install']
[0.370s] Level 1:colcon.colcon_core.package_identification:_identify(src/yolov8_detection) by extension 'ignore'
[0.370s] Level 1:colcon.colcon_core.package_identification:_identify(src/yolov8_detection) by extension 'ignore_ament_install'
[0.370s] Level 1:colcon.colcon_core.package_identification:_identify(src/yolov8_detection) by extensions ['colcon_pkg']
[0.370s] Level 1:colcon.colcon_core.package_identification:_identify(src/yolov8_detection) by extension 'colcon_pkg'
[0.370s] Level 1:colcon.colcon_core.package_identification:_identify(src/yolov8_detection) by extensions ['colcon_meta']
[0.370s] Level 1:colcon.colcon_core.package_identification:_identify(src/yolov8_detection) by extension 'colcon_meta'
[0.371s] Level 1:colcon.colcon_core.package_identification:_identify(src/yolov8_detection) by extensions ['ros']
[0.371s] Level 1:colcon.colcon_core.package_identification:_identify(src/yolov8_detection) by extension 'ros'
[0.376s] DEBUG:colcon.colcon_core.package_identification:Package 'src/yolov8_detection' with type 'ros.ament_python' and name 'yolov8_detection'
[0.376s] Level 1:colcon.colcon_core.package_identification:_identify(src/yolov8_msgs) by extensions ['ignore', 'ignore_ament_install']
[0.376s] Level 1:colcon.colcon_core.package_identification:_identify(src/yolov8_msgs) by extension 'ignore'
[0.377s] Level 1:colcon.colcon_core.package_identification:_identify(src/yolov8_msgs) by extension 'ignore_ament_install'
[0.377s] Level 1:colcon.colcon_core.package_identification:_identify(src/yolov8_msgs) by extensions ['colcon_pkg']
[0.377s] Level 1:colcon.colcon_core.package_identification:_identify(src/yolov8_msgs) by extension 'colcon_pkg'
[0.377s] Level 1:colcon.colcon_core.package_identification:_identify(src/yolov8_msgs) by extensions ['colcon_meta']
[0.377s] Level 1:colcon.colcon_core.package_identification:_identify(src/yolov8_msgs) by extension 'colcon_meta'
[0.377s] Level 1:colcon.colcon_core.package_identification:_identify(src/yolov8_msgs) by extensions ['ros']
[0.377s] Level 1:colcon.colcon_core.package_identification:_identify(src/yolov8_msgs) by extension 'ros'
[0.379s] DEBUG:colcon.colcon_core.package_identification:Package 'src/yolov8_msgs' with type 'ros.ament_cmake' and name 'yolov8_msgs'
[0.379s] Level 1:colcon.colcon_core.package_discovery:discover_packages(recursive) using defaults
[0.379s] Level 1:colcon.colcon_core.package_discovery:discover_packages(ignore) discover
[0.379s] Level 1:colcon.colcon_core.package_discovery:discover_packages(ignore) using defaults
[0.379s] Level 1:colcon.colcon_core.package_discovery:discover_packages(path) discover
[0.379s] Level 1:colcon.colcon_core.package_discovery:discover_packages(path) using defaults
[0.422s] Level 1:colcon.colcon_core.package_discovery:discover_packages(prefix_path) check parameters
[0.423s] Level 1:colcon.colcon_core.package_discovery:discover_packages(prefix_path) discover
[0.427s] DEBUG:colcon.colcon_installed_package_information.package_discovery:Found 12 installed packages in /home/zerda/ros2_ws/install
[0.430s] DEBUG:colcon.colcon_installed_package_information.package_discovery:Found 269 installed packages in /opt/ros/humble
[0.434s] Level 1:colcon.colcon_core.package_discovery:discover_packages(prefix_path) using defaults
[0.510s] Level 5:colcon.colcon_core.verb:set package 'yolov8_detection' build argument 'cmake_args' from command line to 'None'
[0.510s] Level 5:colcon.colcon_core.verb:set package 'yolov8_detection' build argument 'cmake_target' from command line to 'None'
[0.510s] Level 5:colcon.colcon_core.verb:set package 'yolov8_detection' build argument 'cmake_target_skip_unavailable' from command line to 'False'
[0.510s] Level 5:colcon.colcon_core.verb:set package 'yolov8_detection' build argument 'cmake_clean_cache' from command line to 'False'
[0.510s] Level 5:colcon.colcon_core.verb:set package 'yolov8_detection' build argument 'cmake_clean_first' from command line to 'False'
[0.510s] Level 5:colcon.colcon_core.verb:set package 'yolov8_detection' build argument 'cmake_force_configure' from command line to 'False'
[0.510s] Level 5:colcon.colcon_core.verb:set package 'yolov8_detection' build argument 'ament_cmake_args' from command line to 'None'
[0.510s] Level 5:colcon.colcon_core.verb:set package 'yolov8_detection' build argument 'catkin_cmake_args' from command line to 'None'
[0.510s] Level 5:colcon.colcon_core.verb:set package 'yolov8_detection' build argument 'catkin_skip_building_tests' from command line to 'False'
[0.510s] DEBUG:colcon.colcon_core.verb:Building package 'yolov8_detection' with the following arguments: {'ament_cmake_args': None, 'build_base': '/home/zerda/ros2_ws/build/yolov8_detection', 'catkin_cmake_args': None, 'catkin_skip_building_tests': False, 'cmake_args': None, 'cmake_clean_cache': False, 'cmake_clean_first': False, 'cmake_force_configure': False, 'cmake_target': None, 'cmake_target_skip_unavailable': False, 'install_base': '/home/zerda/ros2_ws/install/yolov8_detection', 'merge_install': False, 'path': '/home/zerda/ros2_ws/src/yolov8_detection', 'symlink_install': False, 'test_result_base': None}
[0.511s] Level 5:colcon.colcon_core.verb:set package 'yolov8_msgs' build argument 'cmake_args' from command line to 'None'
[0.511s] Level 5:colcon.colcon_core.verb:set package 'yolov8_msgs' build argument 'cmake_target' from command line to 'None'
[0.512s] Level 5:colcon.colcon_core.verb:set package 'yolov8_msgs' build argument 'cmake_target_skip_unavailable' from command line to 'False'
[0.512s] Level 5:colcon.colcon_core.verb:set package 'yolov8_msgs' build argument 'cmake_clean_cache' from command line to 'False'
[0.512s] Level 5:colcon.colcon_core.verb:set package 'yolov8_msgs' build argument 'cmake_clean_first' from command line to 'False'
[0.512s] Level 5:colcon.colcon_core.verb:set package 'yolov8_msgs' build argument 'cmake_force_configure' from command line to 'False'
[0.512s] Level 5:colcon.colcon_core.verb:set package 'yolov8_msgs' build argument 'ament_cmake_args' from command line to 'None'
[0.512s] Level 5:colcon.colcon_core.verb:set package 'yolov8_msgs' build argument 'catkin_cmake_args' from command line to 'None'
[0.512s] Level 5:colcon.colcon_core.verb:set package 'yolov8_msgs' build argument 'catkin_skip_building_tests' from command line to 'False'
[0.512s] DEBUG:colcon.colcon_core.verb:Building package 'yolov8_msgs' with the following arguments: {'ament_cmake_args': None, 'build_base': '/home/zerda/ros2_ws/build/yolov8_msgs', 'catkin_cmake_args': None, 'catkin_skip_building_tests': False, 'cmake_args': None, 'cmake_clean_cache': False, 'cmake_clean_first': False, 'cmake_force_configure': False, 'cmake_target': None, 'cmake_target_skip_unavailable': False, 'install_base': '/home/zerda/ros2_ws/install/yolov8_msgs', 'merge_install': False, 'path': '/home/zerda/ros2_ws/src/yolov8_msgs', 'symlink_install': False, 'test_result_base': None}
[0.513s] INFO:colcon.colcon_core.executor:Executing jobs using 'parallel' executor
[0.515s] DEBUG:colcon.colcon_parallel_executor.executor.parallel:run_until_complete
[0.515s] INFO:colcon.colcon_ros.task.ament_python.build:Building ROS package in '/home/zerda/ros2_ws/src/yolov8_detection' with build type 'ament_python'
[0.515s] Level 1:colcon.colcon_core.shell:create_environment_hook('yolov8_detection', 'ament_prefix_path')
[0.520s] INFO:colcon.colcon_core.plugin_system:Skipping extension 'colcon_core.shell.bat': Not used on non-Windows systems
[0.520s] INFO:colcon.colcon_core.shell:Creating environment hook '/home/zerda/ros2_ws/install/yolov8_detection/share/yolov8_detection/hook/ament_prefix_path.ps1'
[0.522s] INFO:colcon.colcon_core.shell:Creating environment descriptor '/home/zerda/ros2_ws/install/yolov8_detection/share/yolov8_detection/hook/ament_prefix_path.dsv'
[0.523s] INFO:colcon.colcon_core.shell:Creating environment hook '/home/zerda/ros2_ws/install/yolov8_detection/share/yolov8_detection/hook/ament_prefix_path.sh'
[0.524s] INFO:colcon.colcon_core.shell:Skip shell extension 'powershell' for command environment: Not usable outside of PowerShell
[0.524s] DEBUG:colcon.colcon_core.shell:Skip shell extension 'dsv' for command environment
[0.532s] INFO:colcon.colcon_ros.task.ament_cmake.build:Building ROS package in '/home/zerda/ros2_ws/src/yolov8_msgs' with build type 'ament_cmake'
[0.533s] INFO:colcon.colcon_cmake.task.cmake.build:Building CMake package in '/home/zerda/ros2_ws/src/yolov8_msgs'
[0.533s] INFO:colcon.colcon_core.shell:Skip shell extension 'powershell' for command environment: Not usable outside of PowerShell
[0.533s] DEBUG:colcon.colcon_core.shell:Skip shell extension 'dsv' for command environment
[1.025s] INFO:colcon.colcon_core.task.python.build:Building Python package in '/home/zerda/ros2_ws/src/yolov8_detection'
[1.026s] INFO:colcon.colcon_core.shell:Skip shell extension 'powershell' for command environment: Not usable outside of PowerShell
[1.026s] DEBUG:colcon.colcon_core.shell:Skip shell extension 'dsv' for command environment
[1.044s] DEBUG:colcon.colcon_core.event_handler.log_command:Invoking command in '/home/zerda/ros2_ws/build/yolov8_msgs': CMAKE_PREFIX_PATH=${CMAKE_PREFIX_PATH}:/home/zerda/ros2_ws/install/yolov8_detection:/home/zerda/ros2_ws/install/object_detection:/home/zerda/ros2_ws/install/my_py_pkg:/home/zerda/ros2_ws/install/my_object_detection_pkg:/home/zerda/ros2_ws/install/challenge1:/home/zerda/ros2_ws/install/car_detection:/opt/ros/humble /usr/bin/cmake --build /home/zerda/ros2_ws/build/yolov8_msgs -- -j8 -l8
[1.951s] DEBUG:colcon.colcon_core.event_handler.log_command:Invoked command in '/home/zerda/ros2_ws/build/yolov8_msgs' returned '0': CMAKE_PREFIX_PATH=${CMAKE_PREFIX_PATH}:/home/zerda/ros2_ws/install/yolov8_detection:/home/zerda/ros2_ws/install/object_detection:/home/zerda/ros2_ws/install/my_py_pkg:/home/zerda/ros2_ws/install/my_object_detection_pkg:/home/zerda/ros2_ws/install/challenge1:/home/zerda/ros2_ws/install/car_detection:/opt/ros/humble /usr/bin/cmake --build /home/zerda/ros2_ws/build/yolov8_msgs -- -j8 -l8
[2.130s] DEBUG:colcon.colcon_core.event_handler.log_command:Invoking command in '/home/zerda/ros2_ws/build/yolov8_msgs': CMAKE_PREFIX_PATH=${CMAKE_PREFIX_PATH}:/home/zerda/ros2_ws/install/yolov8_detection:/home/zerda/ros2_ws/install/object_detection:/home/zerda/ros2_ws/install/my_py_pkg:/home/zerda/ros2_ws/install/my_object_detection_pkg:/home/zerda/ros2_ws/install/challenge1:/home/zerda/ros2_ws/install/car_detection:/opt/ros/humble /usr/bin/cmake --install /home/zerda/ros2_ws/build/yolov8_msgs
[2.251s] Level 1:colcon.colcon_core.environment:create_environment_scripts_only(yolov8_msgs)
[2.261s] DEBUG:colcon.colcon_core.event_handler.log_command:Invoked command in '/home/zerda/ros2_ws/build/yolov8_msgs' returned '0': CMAKE_PREFIX_PATH=${CMAKE_PREFIX_PATH}:/home/zerda/ros2_ws/install/yolov8_detection:/home/zerda/ros2_ws/install/object_detection:/home/zerda/ros2_ws/install/my_py_pkg:/home/zerda/ros2_ws/install/my_object_detection_pkg:/home/zerda/ros2_ws/install/challenge1:/home/zerda/ros2_ws/install/car_detection:/opt/ros/humble /usr/bin/cmake --install /home/zerda/ros2_ws/build/yolov8_msgs
[2.265s] Level 1:colcon.colcon_core.environment:checking '/home/zerda/ros2_ws/install/yolov8_msgs' for CMake module files
[2.267s] Level 1:colcon.colcon_core.environment:checking '/home/zerda/ros2_ws/install/yolov8_msgs' for CMake config files
[2.268s] Level 1:colcon.colcon_core.shell:create_environment_hook('yolov8_msgs', 'cmake_prefix_path')
[2.269s] INFO:colcon.colcon_core.shell:Creating environment hook '/home/zerda/ros2_ws/install/yolov8_msgs/share/yolov8_msgs/hook/cmake_prefix_path.ps1'
[2.270s] INFO:colcon.colcon_core.shell:Creating environment descriptor '/home/zerda/ros2_ws/install/yolov8_msgs/share/yolov8_msgs/hook/cmake_prefix_path.dsv'
[2.271s] INFO:colcon.colcon_core.shell:Creating environment hook '/home/zerda/ros2_ws/install/yolov8_msgs/share/yolov8_msgs/hook/cmake_prefix_path.sh'
[2.273s] Level 1:colcon.colcon_core.environment:checking '/home/zerda/ros2_ws/install/yolov8_msgs/lib'
[2.274s] Level 1:colcon.colcon_core.shell:create_environment_hook('yolov8_msgs', 'ld_library_path_lib')
[2.275s] INFO:colcon.colcon_core.shell:Creating environment hook '/home/zerda/ros2_ws/install/yolov8_msgs/share/yolov8_msgs/hook/ld_library_path_lib.ps1'
[2.276s] INFO:colcon.colcon_core.shell:Creating environment descriptor '/home/zerda/ros2_ws/install/yolov8_msgs/share/yolov8_msgs/hook/ld_library_path_lib.dsv'
[2.277s] INFO:colcon.colcon_core.shell:Creating environment hook '/home/zerda/ros2_ws/install/yolov8_msgs/share/yolov8_msgs/hook/ld_library_path_lib.sh'
[2.278s] Level 1:colcon.colcon_core.environment:checking '/home/zerda/ros2_ws/install/yolov8_msgs/bin'
[2.279s] Level 1:colcon.colcon_core.environment:checking '/home/zerda/ros2_ws/install/yolov8_msgs/lib/pkgconfig/yolov8_msgs.pc'
[2.279s] Level 1:colcon.colcon_core.environment:checking '/home/zerda/ros2_ws/install/yolov8_msgs/lib/python3.10/site-packages'
[2.280s] Level 1:colcon.colcon_core.environment:checking '/home/zerda/ros2_ws/install/yolov8_msgs/bin'
[2.282s] INFO:colcon.colcon_core.shell:Creating package script '/home/zerda/ros2_ws/install/yolov8_msgs/share/yolov8_msgs/package.ps1'
[2.284s] INFO:colcon.colcon_core.shell:Creating package descriptor '/home/zerda/ros2_ws/install/yolov8_msgs/share/yolov8_msgs/package.dsv'
[2.286s] INFO:colcon.colcon_core.shell:Creating package script '/home/zerda/ros2_ws/install/yolov8_msgs/share/yolov8_msgs/package.sh'
[2.289s] INFO:colcon.colcon_core.shell:Creating package script '/home/zerda/ros2_ws/install/yolov8_msgs/share/yolov8_msgs/package.bash'
[2.291s] INFO:colcon.colcon_core.shell:Creating package script '/home/zerda/ros2_ws/install/yolov8_msgs/share/yolov8_msgs/package.zsh'
[2.294s] Level 1:colcon.colcon_core.environment:create_file_with_runtime_dependencies(/home/zerda/ros2_ws/install/yolov8_msgs/share/colcon-core/packages/yolov8_msgs)
[2.407s] DEBUG:colcon.colcon_core.event_handler.log_command:Invoking command in '/home/zerda/ros2_ws/src/yolov8_detection': PYTHONPATH=/home/zerda/ros2_ws/build/yolov8_detection/prefix_override:/home/zerda/ros2_ws/install/yolov8_detection/lib/python3.10/site-packages:${PYTHONPATH} /usr/bin/python3 -W ignore:setup.py install is deprecated setup.py egg_info --egg-base ../../build/yolov8_detection build --build-base /home/zerda/ros2_ws/build/yolov8_detection/build install --record /home/zerda/ros2_ws/build/yolov8_detection/install.log --single-version-externally-managed install_data
[2.463s] Level 1:colcon.colcon_core.environment:create_environment_scripts_only(yolov8_msgs)
[2.463s] Level 1:colcon.colcon_core.environment:checking '/home/zerda/ros2_ws/install/yolov8_msgs' for CMake module files
[2.465s] Level 1:colcon.colcon_core.environment:checking '/home/zerda/ros2_ws/install/yolov8_msgs' for CMake config files
[2.466s] Level 1:colcon.colcon_core.shell:create_environment_hook('yolov8_msgs', 'cmake_prefix_path')
[2.467s] INFO:colcon.colcon_core.shell:Creating environment hook '/home/zerda/ros2_ws/install/yolov8_msgs/share/yolov8_msgs/hook/cmake_prefix_path.ps1'
[2.468s] INFO:colcon.colcon_core.shell:Creating environment descriptor '/home/zerda/ros2_ws/install/yolov8_msgs/share/yolov8_msgs/hook/cmake_prefix_path.dsv'
[2.469s] INFO:colcon.colcon_core.shell:Creating environment hook '/home/zerda/ros2_ws/install/yolov8_msgs/share/yolov8_msgs/hook/cmake_prefix_path.sh'
[2.471s] Level 1:colcon.colcon_core.environment:checking '/home/zerda/ros2_ws/install/yolov8_msgs/lib'
[2.471s] Level 1:colcon.colcon_core.shell:create_environment_hook('yolov8_msgs', 'ld_library_path_lib')
[2.472s] INFO:colcon.colcon_core.shell:Creating environment hook '/home/zerda/ros2_ws/install/yolov8_msgs/share/yolov8_msgs/hook/ld_library_path_lib.ps1'
[2.473s] INFO:colcon.colcon_core.shell:Creating environment descriptor '/home/zerda/ros2_ws/install/yolov8_msgs/share/yolov8_msgs/hook/ld_library_path_lib.dsv'
[2.474s] INFO:colcon.colcon_core.shell:Creating environment hook '/home/zerda/ros2_ws/install/yolov8_msgs/share/yolov8_msgs/hook/ld_library_path_lib.sh'
[2.475s] Level 1:colcon.colcon_core.environment:checking '/home/zerda/ros2_ws/install/yolov8_msgs/bin'
[2.475s] Level 1:colcon.colcon_core.environment:checking '/home/zerda/ros2_ws/install/yolov8_msgs/lib/pkgconfig/yolov8_msgs.pc'
[2.476s] Level 1:colcon.colcon_core.environment:checking '/home/zerda/ros2_ws/install/yolov8_msgs/lib/python3.10/site-packages'
[2.477s] Level 1:colcon.colcon_core.environment:checking '/home/zerda/ros2_ws/install/yolov8_msgs/bin'
[2.478s] INFO:colcon.colcon_core.shell:Creating package script '/home/zerda/ros2_ws/install/yolov8_msgs/share/yolov8_msgs/package.ps1'
[2.479s] INFO:colcon.colcon_core.shell:Creating package descriptor '/home/zerda/ros2_ws/install/yolov8_msgs/share/yolov8_msgs/package.dsv'
[2.481s] INFO:colcon.colcon_core.shell:Creating package script '/home/zerda/ros2_ws/install/yolov8_msgs/share/yolov8_msgs/package.sh'
[2.482s] INFO:colcon.colcon_core.shell:Creating package script '/home/zerda/ros2_ws/install/yolov8_msgs/share/yolov8_msgs/package.bash'
[2.483s] INFO:colcon.colcon_core.shell:Creating package script '/home/zerda/ros2_ws/install/yolov8_msgs/share/yolov8_msgs/package.zsh'
[2.484s] Level 1:colcon.colcon_core.environment:create_file_with_runtime_dependencies(/home/zerda/ros2_ws/install/yolov8_msgs/share/colcon-core/packages/yolov8_msgs)
[3.601s] Level 1:colcon.colcon_core.environment:checking '/home/zerda/ros2_ws/install/yolov8_detection' for CMake module files
[3.603s] DEBUG:colcon.colcon_core.event_handler.log_command:Invoked command in '/home/zerda/ros2_ws/src/yolov8_detection' returned '0': PYTHONPATH=/home/zerda/ros2_ws/build/yolov8_detection/prefix_override:/home/zerda/ros2_ws/install/yolov8_detection/lib/python3.10/site-packages:${PYTHONPATH} /usr/bin/python3 -W ignore:setup.py install is deprecated setup.py egg_info --egg-base ../../build/yolov8_detection build --build-base /home/zerda/ros2_ws/build/yolov8_detection/build install --record /home/zerda/ros2_ws/build/yolov8_detection/install.log --single-version-externally-managed install_data
[3.603s] Level 1:colcon.colcon_core.environment:checking '/home/zerda/ros2_ws/install/yolov8_detection' for CMake config files
[3.604s] Level 1:colcon.colcon_core.environment:checking '/home/zerda/ros2_ws/install/yolov8_detection/lib'
[3.604s] Level 1:colcon.colcon_core.environment:checking '/home/zerda/ros2_ws/install/yolov8_detection/bin'
[3.605s] Level 1:colcon.colcon_core.environment:checking '/home/zerda/ros2_ws/install/yolov8_detection/lib/pkgconfig/yolov8_detection.pc'
[3.605s] Level 1:colcon.colcon_core.environment:checking '/home/zerda/ros2_ws/install/yolov8_detection/lib/python3.10/site-packages'
[3.605s] Level 1:colcon.colcon_core.shell:create_environment_hook('yolov8_detection', 'pythonpath')
[3.606s] INFO:colcon.colcon_core.shell:Creating environment hook '/home/zerda/ros2_ws/install/yolov8_detection/share/yolov8_detection/hook/pythonpath.ps1'
[3.607s] INFO:colcon.colcon_core.shell:Creating environment descriptor '/home/zerda/ros2_ws/install/yolov8_detection/share/yolov8_detection/hook/pythonpath.dsv'
[3.607s] INFO:colcon.colcon_core.shell:Creating environment hook '/home/zerda/ros2_ws/install/yolov8_detection/share/yolov8_detection/hook/pythonpath.sh'
[3.608s] Level 1:colcon.colcon_core.environment:checking '/home/zerda/ros2_ws/install/yolov8_detection/bin'
[3.608s] Level 1:colcon.colcon_core.environment:create_environment_scripts_only(yolov8_detection)
[3.609s] INFO:colcon.colcon_core.shell:Creating package script '/home/zerda/ros2_ws/install/yolov8_detection/share/yolov8_detection/package.ps1'
[3.610s] INFO:colcon.colcon_core.shell:Creating package descriptor '/home/zerda/ros2_ws/install/yolov8_detection/share/yolov8_detection/package.dsv'
[3.611s] INFO:colcon.colcon_core.shell:Creating package script '/home/zerda/ros2_ws/install/yolov8_detection/share/yolov8_detection/package.sh'
[3.611s] INFO:colcon.colcon_core.shell:Creating package script '/home/zerda/ros2_ws/install/yolov8_detection/share/yolov8_detection/package.bash'
[3.612s] INFO:colcon.colcon_core.shell:Creating package script '/home/zerda/ros2_ws/install/yolov8_detection/share/yolov8_detection/package.zsh'
[3.612s] Level 1:colcon.colcon_core.environment:create_file_with_runtime_dependencies(/home/zerda/ros2_ws/install/yolov8_detection/share/colcon-core/packages/yolov8_detection)
[3.613s] DEBUG:colcon.colcon_parallel_executor.executor.parallel:closing loop
[3.613s] DEBUG:colcon.colcon_parallel_executor.executor.parallel:loop closed
[3.614s] DEBUG:colcon.colcon_parallel_executor.executor.parallel:run_until_complete finished with '0'
[3.614s] DEBUG:colcon.colcon_core.event_reactor:joining thread
[3.624s] INFO:colcon.colcon_core.plugin_system:Skipping extension 'colcon_notification.desktop_notification.terminal_notifier': Not used on non-Darwin systems
[3.625s] INFO:colcon.colcon_core.plugin_system:Skipping extension 'colcon_notification.desktop_notification.win32': Not used on non-Windows systems
[3.625s] INFO:colcon.colcon_notification.desktop_notification:Sending desktop notification using 'notify2'
[3.650s] DEBUG:colcon.colcon_core.event_reactor:joined thread
[3.651s] INFO:colcon.colcon_core.shell:Creating prefix script '/home/zerda/ros2_ws/install/local_setup.ps1'
[3.654s] INFO:colcon.colcon_core.shell:Creating prefix util module '/home/zerda/ros2_ws/install/_local_setup_util_ps1.py'
[3.659s] INFO:colcon.colcon_core.shell:Creating prefix chain script '/home/zerda/ros2_ws/install/setup.ps1'
[3.664s] INFO:colcon.colcon_core.shell:Creating prefix script '/home/zerda/ros2_ws/install/local_setup.sh'
[3.666s] INFO:colcon.colcon_core.shell:Creating prefix util module '/home/zerda/ros2_ws/install/_local_setup_util_sh.py'
[3.667s] INFO:colcon.colcon_core.shell:Creating prefix chain script '/home/zerda/ros2_ws/install/setup.sh'
[3.672s] INFO:colcon.colcon_core.shell:Creating prefix script '/home/zerda/ros2_ws/install/local_setup.bash'
[3.674s] INFO:colcon.colcon_core.shell:Creating prefix chain script '/home/zerda/ros2_ws/install/setup.bash'
[3.678s] INFO:colcon.colcon_core.shell:Creating prefix script '/home/zerda/ros2_ws/install/local_setup.zsh'
[3.679s] INFO:colcon.colcon_core.shell:Creating prefix chain script '/home/zerda/ros2_ws/install/setup.zsh'
