[0.443s] Invoking command in '/home/zerda/ros2_ws/build/image_processing': CMAKE_PREFIX_PATH=${CMAKE_PREFIX_PATH}:/home/zerda/ros2_ws/install/my_py_pkg:/home/zerda/ros2_ws/install/image_processing:/home/zerda/ros2_ws/install/challenge1:/opt/ros/humble /usr/bin/cmake --build /home/zerda/ros2_ws/build/image_processing -- -j8 -l8
[0.504s] -- Found ament_cmake: 1.3.6 (/opt/ros/humble/share/ament_cmake/cmake)
[1.007s] -- Found sensor_msgs: 4.2.3 (/opt/ros/humble/share/sensor_msgs/cmake)
[1.079s] -- Found rosidl_generator_c: 3.1.5 (/opt/ros/humble/share/rosidl_generator_c/cmake)
[1.086s] -- Found rosidl_adapter: 3.1.5 (/opt/ros/humble/share/rosidl_adapter/cmake)
[1.101s] -- Found rosidl_generator_cpp: 3.1.5 (/opt/ros/humble/share/rosidl_generator_cpp/cmake)
[1.128s] -- Using all available rosidl_typesupport_c: rosidl_typesupport_fastrtps_c;rosidl_typesupport_introspection_c
[1.165s] -- Using all available rosidl_typesupport_cpp: rosidl_typesupport_fastrtps_cpp;rosidl_typesupport_introspection_cpp
[2.043s] -- Found cv_bridge: 3.2.1 (/opt/ros/humble/share/cv_bridge/cmake)
[2.084s] -- Found rclcpp: 16.0.7 (/opt/ros/humble/share/rclcpp/cmake)
[2.264s] -- Found rmw_implementation_cmake: 6.1.1 (/opt/ros/humble/share/rmw_implementation_cmake/cmake)
[2.269s] -- Found rmw_fastrtps_cpp: 6.2.5 (/opt/ros/humble/share/rmw_fastrtps_cpp/cmake)
[2.599s] -- Using RMW implementation 'rmw_fastrtps_cpp' as default
[2.947s] -- Found image_common: 3.1.7 (/opt/ros/humble/share/image_common/cmake)
[2.957s] -- Found image_transport: 3.1.7 (/opt/ros/humble/share/image_transport/cmake)
[3.048s] -- Found ament_lint_auto: 0.12.9 (/opt/ros/humble/share/ament_lint_auto/cmake)
[3.244s] -- Added test 'cppcheck' to perform static code analysis on C / C++ code
[3.245s] -- Configured cppcheck include dirs: /home/zerda/ros2_ws/src/image_processing/include
[3.245s] -- Configured cppcheck exclude dirs and/or files: 
[3.247s] -- Added test 'lint_cmake' to check CMake code style
[3.250s] -- Added test 'uncrustify' to check C / C++ code style
[3.250s] -- Configured uncrustify additional arguments: 
[3.251s] -- Added test 'xmllint' to check XML markup files
[3.254s] -- Configuring done
[3.291s] -- Generating done
[3.297s] -- Build files have been written to: /home/zerda/ros2_ws/build/image_processing
[3.368s] [35m[1mConsolidate compiler generated dependencies of target my_image_converter_node[0m
[3.416s] [100%] Built target my_image_converter_node
