[1.593s] Invoking command in '/home/zerda/ros2_ws/src/car_detection': PYTHONPATH=/home/zerda/ros2_ws/build/car_detection/prefix_override:/home/zerda/ros2_ws/install/car_detection/lib/python3.10/site-packages:${PYTHONPATH} /usr/bin/python3 -W ignore:setup.py install is deprecated setup.py egg_info --egg-base ../../build/car_detection build --build-base /home/zerda/ros2_ws/build/car_detection/build install --record /home/zerda/ros2_ws/build/car_detection/install.log --single-version-externally-managed install_data
[2.111s] running egg_info
[2.145s] writing ../../build/car_detection/car_detection.egg-info/PKG-INFO
[2.146s] writing dependency_links to ../../build/car_detection/car_detection.egg-info/dependency_links.txt
[2.146s] writing entry points to ../../build/car_detection/car_detection.egg-info/entry_points.txt
[2.146s] writing requirements to ../../build/car_detection/car_detection.egg-info/requires.txt
[2.147s] writing top-level names to ../../build/car_detection/car_detection.egg-info/top_level.txt
[2.213s] reading manifest file '../../build/car_detection/car_detection.egg-info/SOURCES.txt'
[2.215s] writing manifest file '../../build/car_detection/car_detection.egg-info/SOURCES.txt'
[2.215s] running build
[2.216s] running build_py
[2.216s] copying car_detection/__init__.py -> /home/zerda/ros2_ws/build/car_detection/build/lib/car_detection
[2.216s] copying car_detection/ros_detection_yolo.py -> /home/zerda/ros2_ws/build/car_detection/build/lib/car_detection
[2.217s] running install
[2.228s] running install_lib
[2.263s] copying /home/zerda/ros2_ws/build/car_detection/build/lib/car_detection/ros_detection_yolo.py -> /home/zerda/ros2_ws/install/car_detection/lib/python3.10/site-packages/car_detection
[2.266s] byte-compiling /home/zerda/ros2_ws/install/car_detection/lib/python3.10/site-packages/car_detection/ros_detection_yolo.py to ros_detection_yolo.cpython-310.pyc
[2.271s] running install_data
[2.272s] copying resource/car_detection -> /home/zerda/ros2_ws/install/car_detection/share/ament_index/resource_index/packages
[2.272s] copying package.xml -> /home/zerda/ros2_ws/install/car_detection/share/car_detection
[2.272s] running install_egg_info
[2.310s] removing '/home/zerda/ros2_ws/install/car_detection/lib/python3.10/site-packages/car_detection-0.0.0-py3.10.egg-info' (and everything under it)
[2.310s] Copying ../../build/car_detection/car_detection.egg-info to /home/zerda/ros2_ws/install/car_detection/lib/python3.10/site-packages/car_detection-0.0.0-py3.10.egg-info
[2.312s] running install_scripts
[2.607s] Installing ros_detection_yolo script to /home/zerda/ros2_ws/install/car_detection/lib/car_detection
[2.608s] writing list of installed files to '/home/zerda/ros2_ws/build/car_detection/install.log'
[2.659s] Invoked command in '/home/zerda/ros2_ws/src/car_detection' returned '0': PYTHONPATH=/home/zerda/ros2_ws/build/car_detection/prefix_override:/home/zerda/ros2_ws/install/car_detection/lib/python3.10/site-packages:${PYTHONPATH} /usr/bin/python3 -W ignore:setup.py install is deprecated setup.py egg_info --egg-base ../../build/car_detection build --build-base /home/zerda/ros2_ws/build/car_detection/build install --record /home/zerda/ros2_ws/build/car_detection/install.log --single-version-externally-managed install_data
