[1.914s] Invoking command in '/home/zerda/ros2_ws/src/people_detector': PYTHONPATH=/home/zerda/ros2_ws/build/people_detector/prefix_override:/home/zerda/ros2_ws/install/people_detector/lib/python3.10/site-packages:${PYTHONPATH} /usr/bin/python3 -W ignore:setup.py install is deprecated setup.py egg_info --egg-base ../../build/people_detector build --build-base /home/zerda/ros2_ws/build/people_detector/build install --record /home/zerda/ros2_ws/build/people_detector/install.log --single-version-externally-managed install_data
[2.479s] running egg_info
[2.514s] writing ../../build/people_detector/people_detector.egg-info/PKG-INFO
[2.514s] writing dependency_links to ../../build/people_detector/people_detector.egg-info/dependency_links.txt
[2.515s] writing entry points to ../../build/people_detector/people_detector.egg-info/entry_points.txt
[2.515s] writing requirements to ../../build/people_detector/people_detector.egg-info/requires.txt
[2.516s] writing top-level names to ../../build/people_detector/people_detector.egg-info/top_level.txt
[2.590s] reading manifest file '../../build/people_detector/people_detector.egg-info/SOURCES.txt'
[2.592s] writing manifest file '../../build/people_detector/people_detector.egg-info/SOURCES.txt'
[2.593s] running build
[2.593s] running build_py
[2.593s] copying people_detector/people_detect.py -> /home/zerda/ros2_ws/build/people_detector/build/lib/people_detector
[2.594s] copying people_detector/__init__.py -> /home/zerda/ros2_ws/build/people_detector/build/lib/people_detector
[2.594s] copying people_detector/video_pub.py -> /home/zerda/ros2_ws/build/people_detector/build/lib/people_detector
[2.594s] running install
[2.607s] running install_lib
[2.644s] running install_data
[2.644s] copying resource/people_detector -> /home/zerda/ros2_ws/install/people_detector/share/ament_index/resource_index/packages
[2.645s] copying package.xml -> /home/zerda/ros2_ws/install/people_detector/share/people_detector
[2.645s] copying launch/people_detection.py -> /home/zerda/ros2_ws/install/people_detector/share/people_detector
[2.645s] copying data/video.mp4 -> /home/zerda/ros2_ws/install/people_detector/share/people_detector
[2.684s] running install_egg_info
[2.723s] removing '/home/zerda/ros2_ws/install/people_detector/lib/python3.10/site-packages/people_detector-0.0.0-py3.10.egg-info' (and everything under it)
[2.723s] Copying ../../build/people_detector/people_detector.egg-info to /home/zerda/ros2_ws/install/people_detector/lib/python3.10/site-packages/people_detector-0.0.0-py3.10.egg-info
[2.725s] running install_scripts
[3.040s] Installing people_detect_subscriber script to /home/zerda/ros2_ws/install/people_detector/lib/people_detector
[3.040s] Installing video_publisher script to /home/zerda/ros2_ws/install/people_detector/lib/people_detector
[3.041s] writing list of installed files to '/home/zerda/ros2_ws/build/people_detector/install.log'
[3.092s] Invoked command in '/home/zerda/ros2_ws/src/people_detector' returned '0': PYTHONPATH=/home/zerda/ros2_ws/build/people_detector/prefix_override:/home/zerda/ros2_ws/install/people_detector/lib/python3.10/site-packages:${PYTHONPATH} /usr/bin/python3 -W ignore:setup.py install is deprecated setup.py egg_info --egg-base ../../build/people_detector build --build-base /home/zerda/ros2_ws/build/people_detector/build install --record /home/zerda/ros2_ws/build/people_detector/install.log --single-version-externally-managed install_data
