[1.868s] Invoking command in '/home/zerda/ros2_ws/src/people_detector': PYTHONPATH=/home/zerda/ros2_ws/build/people_detector/prefix_override:/home/zerda/ros2_ws/install/people_detector/lib/python3.10/site-packages:${PYTHONPATH} /usr/bin/python3 -W ignore:setup.py install is deprecated setup.py egg_info --egg-base ../../build/people_detector build --build-base /home/zerda/ros2_ws/build/people_detector/build install --record /home/zerda/ros2_ws/build/people_detector/install.log --single-version-externally-managed install_data
[2.408s] running egg_info
[2.444s] writing ../../build/people_detector/people_detector.egg-info/PKG-INFO
[2.453s] writing dependency_links to ../../build/people_detector/people_detector.egg-info/dependency_links.txt
[2.453s] writing entry points to ../../build/people_detector/people_detector.egg-info/entry_points.txt
[2.454s] writing requirements to ../../build/people_detector/people_detector.egg-info/requires.txt
[2.454s] writing top-level names to ../../build/people_detector/people_detector.egg-info/top_level.txt
[2.525s] reading manifest file '../../build/people_detector/people_detector.egg-info/SOURCES.txt'
[2.528s] writing manifest file '../../build/people_detector/people_detector.egg-info/SOURCES.txt'
[2.528s] running build
[2.528s] running build_py
[2.529s] copying people_detector/people_detect.py -> /home/zerda/ros2_ws/build/people_detector/build/lib/people_detector
[2.529s] copying people_detector/__init__.py -> /home/zerda/ros2_ws/build/people_detector/build/lib/people_detector
[2.529s] copying people_detector/video_pub.py -> /home/zerda/ros2_ws/build/people_detector/build/lib/people_detector
[2.530s] running install
[2.543s] running install_lib
[2.578s] copying /home/zerda/ros2_ws/build/people_detector/build/lib/people_detector/people_detect.py -> /home/zerda/ros2_ws/install/people_detector/lib/python3.10/site-packages/people_detector
[2.580s] byte-compiling /home/zerda/ros2_ws/install/people_detector/lib/python3.10/site-packages/people_detector/people_detect.py to people_detect.cpython-310.pyc
[2.581s] running install_data
[2.581s] copying resource/people_detector -> /home/zerda/ros2_ws/install/people_detector/share/ament_index/resource_index/packages
[2.582s] copying package.xml -> /home/zerda/ros2_ws/install/people_detector/share/people_detector
[2.582s] copying launch/people_detection.py -> /home/zerda/ros2_ws/install/people_detector/share/people_detector
[2.582s] error: can't copy 'data/yolov8n.pt': doesn't exist or not a regular file
[2.616s] Invoked command in '/home/zerda/ros2_ws/src/people_detector' returned '1': PYTHONPATH=/home/zerda/ros2_ws/build/people_detector/prefix_override:/home/zerda/ros2_ws/install/people_detector/lib/python3.10/site-packages:${PYTHONPATH} /usr/bin/python3 -W ignore:setup.py install is deprecated setup.py egg_info --egg-base ../../build/people_detector build --build-base /home/zerda/ros2_ws/build/people_detector/build install --record /home/zerda/ros2_ws/build/people_detector/install.log --single-version-externally-managed install_data
