[2.147s] Invoking command in '/home/zerda/ros2_ws/src/car_detector': PYTHONPATH=/home/zerda/ros2_ws/build/car_detector/prefix_override:/home/zerda/ros2_ws/install/car_detector/lib/python3.10/site-packages:${PYTHONPATH} /usr/bin/python3 -W ignore:setup.py install is deprecated setup.py egg_info --egg-base ../../build/car_detector build --build-base /home/zerda/ros2_ws/build/car_detector/build install --record /home/zerda/ros2_ws/build/car_detector/install.log --single-version-externally-managed install_data
[2.787s] running egg_info
[2.826s] writing ../../build/car_detector/car_detector.egg-info/PKG-INFO
[2.827s] writing dependency_links to ../../build/car_detector/car_detector.egg-info/dependency_links.txt
[2.827s] writing entry points to ../../build/car_detector/car_detector.egg-info/entry_points.txt
[2.828s] writing requirements to ../../build/car_detector/car_detector.egg-info/requires.txt
[2.828s] writing top-level names to ../../build/car_detector/car_detector.egg-info/top_level.txt
[2.906s] reading manifest file '../../build/car_detector/car_detector.egg-info/SOURCES.txt'
[2.908s] writing manifest file '../../build/car_detector/car_detector.egg-info/SOURCES.txt'
[2.909s] running build
[2.909s] running build_py
[2.909s] copying car_detector/__init__.py -> /home/zerda/ros2_ws/build/car_detector/build/lib/car_detector
[2.910s] copying car_detector/camera_pub.py -> /home/zerda/ros2_ws/build/car_detector/build/lib/car_detector
[2.910s] copying car_detector/car_detection.py -> /home/zerda/ros2_ws/build/car_detector/build/lib/car_detector
[2.911s] running install
[2.924s] running install_lib
[2.964s] copying /home/zerda/ros2_ws/build/car_detector/build/lib/car_detector/car_detection.py -> /home/zerda/ros2_ws/install/car_detector/lib/python3.10/site-packages/car_detector
[2.966s] byte-compiling /home/zerda/ros2_ws/install/car_detector/lib/python3.10/site-packages/car_detector/car_detection.py to car_detection.cpython-310.pyc
[2.967s] running install_data
[2.968s] copying resource/car_detector -> /home/zerda/ros2_ws/install/car_detector/share/ament_index/resource_index/packages
[2.968s] copying package.xml -> /home/zerda/ros2_ws/install/car_detector/share/car_detector
[2.968s] error: can't copy 'launch/car_detect.py': doesn't exist or not a regular file
[3.007s] Invoked command in '/home/zerda/ros2_ws/src/car_detector' returned '1': PYTHONPATH=/home/zerda/ros2_ws/build/car_detector/prefix_override:/home/zerda/ros2_ws/install/car_detector/lib/python3.10/site-packages:${PYTHONPATH} /usr/bin/python3 -W ignore:setup.py install is deprecated setup.py egg_info --egg-base ../../build/car_detector build --build-base /home/zerda/ros2_ws/build/car_detector/build install --record /home/zerda/ros2_ws/build/car_detector/install.log --single-version-externally-managed install_data
