[2.041s] Invoking command in '/home/zerda/ros2_ws/src/car_detector': PYTHONPATH=/home/zerda/ros2_ws/build/car_detector/prefix_override:/home/zerda/ros2_ws/install/car_detector/lib/python3.10/site-packages:${PYTHONPATH} /usr/bin/python3 -W ignore:setup.py install is deprecated setup.py egg_info --egg-base ../../build/car_detector build --build-base /home/zerda/ros2_ws/build/car_detector/build install --record /home/zerda/ros2_ws/build/car_detector/install.log --single-version-externally-managed install_data
[2.646s] running egg_info
[2.682s] writing ../../build/car_detector/car_detector.egg-info/PKG-INFO
[2.683s] writing dependency_links to ../../build/car_detector/car_detector.egg-info/dependency_links.txt
[2.683s] writing entry points to ../../build/car_detector/car_detector.egg-info/entry_points.txt
[2.684s] writing requirements to ../../build/car_detector/car_detector.egg-info/requires.txt
[2.684s] writing top-level names to ../../build/car_detector/car_detector.egg-info/top_level.txt
[2.759s] reading manifest file '../../build/car_detector/car_detector.egg-info/SOURCES.txt'
[2.761s] writing manifest file '../../build/car_detector/car_detector.egg-info/SOURCES.txt'
[2.761s] running build
[2.762s] running build_py
[2.762s] copying car_detector/__init__.py -> /home/zerda/ros2_ws/build/car_detector/build/lib/car_detector
[2.762s] copying car_detector/camera_pub.py -> /home/zerda/ros2_ws/build/car_detector/build/lib/car_detector
[2.762s] copying car_detector/car_detection.py -> /home/zerda/ros2_ws/build/car_detector/build/lib/car_detector
[2.763s] running install
[2.776s] running install_lib
[2.814s] running install_data
[2.814s] copying resource/car_detector -> /home/zerda/ros2_ws/install/car_detector/share/ament_index/resource_index/packages
[2.814s] copying package.xml -> /home/zerda/ros2_ws/install/car_detector/share/car_detector
[2.815s] copying launch/camera_car_detection.launch.py -> /home/zerda/ros2_ws/install/car_detector/share/car_detector/launch
[2.815s] copying data/best.pt -> /home/zerda/ros2_ws/install/car_detector/share/car_detector/data
[3.012s] running install_egg_info
[3.052s] removing '/home/zerda/ros2_ws/install/car_detector/lib/python3.10/site-packages/car_detector-0.0.0-py3.10.egg-info' (and everything under it)
[3.052s] Copying ../../build/car_detector/car_detector.egg-info to /home/zerda/ros2_ws/install/car_detector/lib/python3.10/site-packages/car_detector-0.0.0-py3.10.egg-info
[3.054s] running install_scripts
[3.375s] Installing camera_publisher script to /home/zerda/ros2_ws/install/car_detector/lib/car_detector
[3.376s] Installing car_detection script to /home/zerda/ros2_ws/install/car_detector/lib/car_detector
[3.377s] writing list of installed files to '/home/zerda/ros2_ws/build/car_detector/install.log'
[3.428s] Invoked command in '/home/zerda/ros2_ws/src/car_detector' returned '0': PYTHONPATH=/home/zerda/ros2_ws/build/car_detector/prefix_override:/home/zerda/ros2_ws/install/car_detector/lib/python3.10/site-packages:${PYTHONPATH} /usr/bin/python3 -W ignore:setup.py install is deprecated setup.py egg_info --egg-base ../../build/car_detector build --build-base /home/zerda/ros2_ws/build/car_detector/build install --record /home/zerda/ros2_ws/build/car_detector/install.log --single-version-externally-managed install_data
