[1.661s] Invoking command in '/home/zerda/ros2_ws/src/car_detection': PYTHONPATH=/home/zerda/ros2_ws/build/car_detection/prefix_override:/home/zerda/ros2_ws/install/car_detection/lib/python3.10/site-packages:${PYTHONPATH} /usr/bin/python3 -W ignore:setup.py install is deprecated setup.py egg_info --egg-base ../../build/car_detection build --build-base /home/zerda/ros2_ws/build/car_detection/build install --record /home/zerda/ros2_ws/build/car_detection/install.log --single-version-externally-managed install_data
[2.250s] running egg_info
[2.285s] writing ../../build/car_detection/car_detection.egg-info/PKG-INFO
[2.287s] writing dependency_links to ../../build/car_detection/car_detection.egg-info/dependency_links.txt
[2.287s] writing entry points to ../../build/car_detection/car_detection.egg-info/entry_points.txt
[2.288s] writing requirements to ../../build/car_detection/car_detection.egg-info/requires.txt
[2.288s] writing top-level names to ../../build/car_detection/car_detection.egg-info/top_level.txt
[2.363s] reading manifest file '../../build/car_detection/car_detection.egg-info/SOURCES.txt'
[2.366s] writing manifest file '../../build/car_detection/car_detection.egg-info/SOURCES.txt'
[2.366s] running build
[2.366s] running build_py
[2.367s] copying car_detection/__init__.py -> /home/zerda/ros2_ws/build/car_detection/build/lib/car_detection
[2.367s] copying car_detection/ros_detection_yolo.py -> /home/zerda/ros2_ws/build/car_detection/build/lib/car_detection
[2.368s] running install
[2.383s] running install_lib
[2.420s] copying /home/zerda/ros2_ws/build/car_detection/build/lib/car_detection/ros_detection_yolo.py -> /home/zerda/ros2_ws/install/car_detection/lib/python3.10/site-packages/car_detection
[2.425s] byte-compiling /home/zerda/ros2_ws/install/car_detection/lib/python3.10/site-packages/car_detection/ros_detection_yolo.py to ros_detection_yolo.cpython-310.pyc
[2.431s] running install_data
[2.432s] copying resource/car_detection -> /home/zerda/ros2_ws/install/car_detection/share/ament_index/resource_index/packages
[2.432s] copying package.xml -> /home/zerda/ros2_ws/install/car_detection/share/car_detection
[2.432s] running install_egg_info
[2.473s] removing '/home/zerda/ros2_ws/install/car_detection/lib/python3.10/site-packages/car_detection-0.0.0-py3.10.egg-info' (and everything under it)
[2.474s] Copying ../../build/car_detection/car_detection.egg-info to /home/zerda/ros2_ws/install/car_detection/lib/python3.10/site-packages/car_detection-0.0.0-py3.10.egg-info
[2.476s] running install_scripts
[2.797s] Installing ros_detection_yolo script to /home/zerda/ros2_ws/install/car_detection/lib/car_detection
[2.798s] writing list of installed files to '/home/zerda/ros2_ws/build/car_detection/install.log'
[2.849s] Invoked command in '/home/zerda/ros2_ws/src/car_detection' returned '0': PYTHONPATH=/home/zerda/ros2_ws/build/car_detection/prefix_override:/home/zerda/ros2_ws/install/car_detection/lib/python3.10/site-packages:${PYTHONPATH} /usr/bin/python3 -W ignore:setup.py install is deprecated setup.py egg_info --egg-base ../../build/car_detection build --build-base /home/zerda/ros2_ws/build/car_detection/build install --record /home/zerda/ros2_ws/build/car_detection/install.log --single-version-externally-managed install_data
