[1.813s] Invoking command in '/home/zerda/ros2_ws/src/car_detector': PYTHONPATH=/home/zerda/ros2_ws/build/car_detector/prefix_override:/home/zerda/ros2_ws/install/car_detector/lib/python3.10/site-packages:${PYTHONPATH} /usr/bin/python3 -W ignore:setup.py install is deprecated setup.py egg_info --egg-base ../../build/car_detector build --build-base /home/zerda/ros2_ws/build/car_detector/build install --record /home/zerda/ros2_ws/build/car_detector/install.log --single-version-externally-managed install_data
[2.348s] running egg_info
[2.384s] writing ../../build/car_detector/car_detector.egg-info/PKG-INFO
[2.385s] writing dependency_links to ../../build/car_detector/car_detector.egg-info/dependency_links.txt
[2.385s] writing entry points to ../../build/car_detector/car_detector.egg-info/entry_points.txt
[2.385s] writing requirements to ../../build/car_detector/car_detector.egg-info/requires.txt
[2.386s] writing top-level names to ../../build/car_detector/car_detector.egg-info/top_level.txt
[2.456s] reading manifest file '../../build/car_detector/car_detector.egg-info/SOURCES.txt'
[2.458s] writing manifest file '../../build/car_detector/car_detector.egg-info/SOURCES.txt'
[2.459s] running build
[2.459s] running build_py
[2.459s] copying car_detector/car_detect.py -> /home/zerda/ros2_ws/build/car_detector/build/lib/car_detector
[2.459s] copying car_detector/__init__.py -> /home/zerda/ros2_ws/build/car_detector/build/lib/car_detector
[2.460s] copying car_detector/camera_pub.py -> /home/zerda/ros2_ws/build/car_detector/build/lib/car_detector
[2.460s] running install
[2.473s] running install_lib
[2.508s] running install_data
[2.509s] copying resource/car_detector -> /home/zerda/ros2_ws/install/car_detector/share/ament_index/resource_index/packages
[2.509s] copying package.xml -> /home/zerda/ros2_ws/install/car_detector/share/car_detector
[2.509s] error: can't copy 'launch/car_detect.py': doesn't exist or not a regular file
[2.545s] Invoked command in '/home/zerda/ros2_ws/src/car_detector' returned '1': PYTHONPATH=/home/zerda/ros2_ws/build/car_detector/prefix_override:/home/zerda/ros2_ws/install/car_detector/lib/python3.10/site-packages:${PYTHONPATH} /usr/bin/python3 -W ignore:setup.py install is deprecated setup.py egg_info --egg-base ../../build/car_detector build --build-base /home/zerda/ros2_ws/build/car_detector/build install --record /home/zerda/ros2_ws/build/car_detector/install.log --single-version-externally-managed install_data
