[0.277s] DEBUG:colcon:Command line arguments: ['/usr/bin/colcon', 'build']
[0.277s] DEBUG:colcon:Parsed command line arguments: Namespace(log_base=None, log_level=None, verb_name='build', build_base='build', install_base='install', merge_install=False, symlink_install=False, test_result_base=None, continue_on_error=False, executor='parallel', parallel_workers=8, event_handlers=None, ignore_user_meta=False, metas=['./colcon.meta'], base_paths=['.'], packages_ignore=None, packages_ignore_regex=None, paths=None, packages_up_to=None, packages_up_to_regex=None, packages_above=None, packages_above_and_dependencies=None, packages_above_depth=None, packages_select_by_dep=None, packages_skip_by_dep=None, packages_skip_up_to=None, packages_select_build_failed=False, packages_skip_build_finished=False, packages_select_test_failures=False, packages_skip_test_passed=False, packages_select=None, packages_skip=None, packages_select_regex=None, packages_skip_regex=None, packages_start=None, packages_end=None, allow_overriding=[], cmake_args=None, cmake_target=None, cmake_target_skip_unavailable=False, cmake_clean_cache=False, cmake_clean_first=False, cmake_force_configure=False, ament_cmake_args=None, catkin_cmake_args=None, catkin_skip_building_tests=False, verb_parser=<colcon_defaults.argument_parser.defaults.DefaultArgumentsDecorator object at 0x73610e83e500>, verb_extension=<colcon_core.verb.build.BuildVerb object at 0x73610e83db70>, main=<bound method BuildVerb.main of <colcon_core.verb.build.BuildVerb object at 0x73610e83db70>>)
[0.378s] Level 1:colcon.colcon_core.package_discovery:discover_packages(colcon_meta) check parameters
[0.378s] Level 1:colcon.colcon_core.package_discovery:discover_packages(recursive) check parameters
[0.378s] Level 1:colcon.colcon_core.package_discovery:discover_packages(ignore) check parameters
[0.378s] Level 1:colcon.colcon_core.package_discovery:discover_packages(path) check parameters
[0.379s] Level 1:colcon.colcon_core.package_discovery:discover_packages(colcon_meta) discover
[0.379s] Level 1:colcon.colcon_core.package_discovery:discover_packages(recursive) discover
[0.379s] INFO:colcon.colcon_core.package_discovery:Crawling recursively for packages in '/home/zerda/ros2_ws'
[0.379s] Level 1:colcon.colcon_core.package_identification:_identify(.) by extensions ['ignore', 'ignore_ament_install']
[0.379s] Level 1:colcon.colcon_core.package_identification:_identify(.) by extension 'ignore'
[0.379s] Level 1:colcon.colcon_core.package_identification:_identify(.) by extension 'ignore_ament_install'
[0.380s] Level 1:colcon.colcon_core.package_identification:_identify(.) by extensions ['colcon_pkg']
[0.380s] Level 1:colcon.colcon_core.package_identification:_identify(.) by extension 'colcon_pkg'
[0.380s] Level 1:colcon.colcon_core.package_identification:_identify(.) by extensions ['colcon_meta']
[0.380s] Level 1:colcon.colcon_core.package_identification:_identify(.) by extension 'colcon_meta'
[0.380s] Level 1:colcon.colcon_core.package_identification:_identify(.) by extensions ['ros']
[0.380s] Level 1:colcon.colcon_core.package_identification:_identify(.) by extension 'ros'
[0.415s] Level 1:colcon.colcon_core.package_identification:_identify(.) by extensions ['cmake', 'python']
[0.415s] Level 1:colcon.colcon_core.package_identification:_identify(.) by extension 'cmake'
[0.415s] Level 1:colcon.colcon_core.package_identification:_identify(.) by extension 'python'
[0.415s] Level 1:colcon.colcon_core.package_identification:_identify(.) by extensions ['python_setup_py']
[0.416s] Level 1:colcon.colcon_core.package_identification:_identify(.) by extension 'python_setup_py'
[0.416s] Level 1:colcon.colcon_core.package_identification:_identify(build) by extensions ['ignore', 'ignore_ament_install']
[0.416s] Level 1:colcon.colcon_core.package_identification:_identify(build) by extension 'ignore'
[0.416s] Level 1:colcon.colcon_core.package_identification:_identify(build) ignored
[0.416s] Level 1:colcon.colcon_core.package_identification:_identify(install) by extensions ['ignore', 'ignore_ament_install']
[0.417s] Level 1:colcon.colcon_core.package_identification:_identify(install) by extension 'ignore'
[0.417s] Level 1:colcon.colcon_core.package_identification:_identify(install) ignored
[0.417s] Level 1:colcon.colcon_core.package_identification:_identify(log) by extensions ['ignore', 'ignore_ament_install']
[0.417s] Level 1:colcon.colcon_core.package_identification:_identify(log) by extension 'ignore'
[0.417s] Level 1:colcon.colcon_core.package_identification:_identify(log) ignored
[0.418s] Level 1:colcon.colcon_core.package_identification:_identify(runs) by extensions ['ignore', 'ignore_ament_install']
[0.418s] Level 1:colcon.colcon_core.package_identification:_identify(runs) by extension 'ignore'
[0.418s] Level 1:colcon.colcon_core.package_identification:_identify(runs) by extension 'ignore_ament_install'
[0.418s] Level 1:colcon.colcon_core.package_identification:_identify(runs) by extensions ['colcon_pkg']
[0.418s] Level 1:colcon.colcon_core.package_identification:_identify(runs) by extension 'colcon_pkg'
[0.418s] Level 1:colcon.colcon_core.package_identification:_identify(runs) by extensions ['colcon_meta']
[0.418s] Level 1:colcon.colcon_core.package_identification:_identify(runs) by extension 'colcon_meta'
[0.418s] Level 1:colcon.colcon_core.package_identification:_identify(runs) by extensions ['ros']
[0.418s] Level 1:colcon.colcon_core.package_identification:_identify(runs) by extension 'ros'
[0.419s] Level 1:colcon.colcon_core.package_identification:_identify(runs) by extensions ['cmake', 'python']
[0.419s] Level 1:colcon.colcon_core.package_identification:_identify(runs) by extension 'cmake'
[0.419s] Level 1:colcon.colcon_core.package_identification:_identify(runs) by extension 'python'
[0.419s] Level 1:colcon.colcon_core.package_identification:_identify(runs) by extensions ['python_setup_py']
[0.419s] Level 1:colcon.colcon_core.package_identification:_identify(runs) by extension 'python_setup_py'
[0.419s] Level 1:colcon.colcon_core.package_identification:_identify(runs/detect) by extensions ['ignore', 'ignore_ament_install']
[0.419s] Level 1:colcon.colcon_core.package_identification:_identify(runs/detect) by extension 'ignore'
[0.419s] Level 1:colcon.colcon_core.package_identification:_identify(runs/detect) by extension 'ignore_ament_install'
[0.419s] Level 1:colcon.colcon_core.package_identification:_identify(runs/detect) by extensions ['colcon_pkg']
[0.420s] Level 1:colcon.colcon_core.package_identification:_identify(runs/detect) by extension 'colcon_pkg'
[0.420s] Level 1:colcon.colcon_core.package_identification:_identify(runs/detect) by extensions ['colcon_meta']
[0.420s] Level 1:colcon.colcon_core.package_identification:_identify(runs/detect) by extension 'colcon_meta'
[0.420s] Level 1:colcon.colcon_core.package_identification:_identify(runs/detect) by extensions ['ros']
[0.420s] Level 1:colcon.colcon_core.package_identification:_identify(runs/detect) by extension 'ros'
[0.420s] Level 1:colcon.colcon_core.package_identification:_identify(runs/detect) by extensions ['cmake', 'python']
[0.420s] Level 1:colcon.colcon_core.package_identification:_identify(runs/detect) by extension 'cmake'
[0.420s] Level 1:colcon.colcon_core.package_identification:_identify(runs/detect) by extension 'python'
[0.420s] Level 1:colcon.colcon_core.package_identification:_identify(runs/detect) by extensions ['python_setup_py']
[0.420s] Level 1:colcon.colcon_core.package_identification:_identify(runs/detect) by extension 'python_setup_py'
[0.421s] Level 1:colcon.colcon_core.package_identification:_identify(runs/detect/predict) by extensions ['ignore', 'ignore_ament_install']
[0.421s] Level 1:colcon.colcon_core.package_identification:_identify(runs/detect/predict) by extension 'ignore'
[0.421s] Level 1:colcon.colcon_core.package_identification:_identify(runs/detect/predict) by extension 'ignore_ament_install'
[0.421s] Level 1:colcon.colcon_core.package_identification:_identify(runs/detect/predict) by extensions ['colcon_pkg']
[0.421s] Level 1:colcon.colcon_core.package_identification:_identify(runs/detect/predict) by extension 'colcon_pkg'
[0.421s] Level 1:colcon.colcon_core.package_identification:_identify(runs/detect/predict) by extensions ['colcon_meta']
[0.421s] Level 1:colcon.colcon_core.package_identification:_identify(runs/detect/predict) by extension 'colcon_meta'
[0.421s] Level 1:colcon.colcon_core.package_identification:_identify(runs/detect/predict) by extensions ['ros']
[0.421s] Level 1:colcon.colcon_core.package_identification:_identify(runs/detect/predict) by extension 'ros'
[0.422s] Level 1:colcon.colcon_core.package_identification:_identify(runs/detect/predict) by extensions ['cmake', 'python']
[0.422s] Level 1:colcon.colcon_core.package_identification:_identify(runs/detect/predict) by extension 'cmake'
[0.422s] Level 1:colcon.colcon_core.package_identification:_identify(runs/detect/predict) by extension 'python'
[0.422s] Level 1:colcon.colcon_core.package_identification:_identify(runs/detect/predict) by extensions ['python_setup_py']
[0.422s] Level 1:colcon.colcon_core.package_identification:_identify(runs/detect/predict) by extension 'python_setup_py'
[0.422s] Level 1:colcon.colcon_core.package_identification:_identify(runs/detect/predict/labels) by extensions ['ignore', 'ignore_ament_install']
[0.422s] Level 1:colcon.colcon_core.package_identification:_identify(runs/detect/predict/labels) by extension 'ignore'
[0.422s] Level 1:colcon.colcon_core.package_identification:_identify(runs/detect/predict/labels) by extension 'ignore_ament_install'
[0.422s] Level 1:colcon.colcon_core.package_identification:_identify(runs/detect/predict/labels) by extensions ['colcon_pkg']
[0.423s] Level 1:colcon.colcon_core.package_identification:_identify(runs/detect/predict/labels) by extension 'colcon_pkg'
[0.423s] Level 1:colcon.colcon_core.package_identification:_identify(runs/detect/predict/labels) by extensions ['colcon_meta']
[0.423s] Level 1:colcon.colcon_core.package_identification:_identify(runs/detect/predict/labels) by extension 'colcon_meta'
[0.423s] Level 1:colcon.colcon_core.package_identification:_identify(runs/detect/predict/labels) by extensions ['ros']
[0.423s] Level 1:colcon.colcon_core.package_identification:_identify(runs/detect/predict/labels) by extension 'ros'
[0.423s] Level 1:colcon.colcon_core.package_identification:_identify(runs/detect/predict/labels) by extensions ['cmake', 'python']
[0.423s] Level 1:colcon.colcon_core.package_identification:_identify(runs/detect/predict/labels) by extension 'cmake'
[0.423s] Level 1:colcon.colcon_core.package_identification:_identify(runs/detect/predict/labels) by extension 'python'
[0.423s] Level 1:colcon.colcon_core.package_identification:_identify(runs/detect/predict/labels) by extensions ['python_setup_py']
[0.423s] Level 1:colcon.colcon_core.package_identification:_identify(runs/detect/predict/labels) by extension 'python_setup_py'
[0.424s] Level 1:colcon.colcon_core.package_identification:_identify(runs/detect/predict2) by extensions ['ignore', 'ignore_ament_install']
[0.424s] Level 1:colcon.colcon_core.package_identification:_identify(runs/detect/predict2) by extension 'ignore'
[0.424s] Level 1:colcon.colcon_core.package_identification:_identify(runs/detect/predict2) by extension 'ignore_ament_install'
[0.424s] Level 1:colcon.colcon_core.package_identification:_identify(runs/detect/predict2) by extensions ['colcon_pkg']
[0.424s] Level 1:colcon.colcon_core.package_identification:_identify(runs/detect/predict2) by extension 'colcon_pkg'
[0.424s] Level 1:colcon.colcon_core.package_identification:_identify(runs/detect/predict2) by extensions ['colcon_meta']
[0.424s] Level 1:colcon.colcon_core.package_identification:_identify(runs/detect/predict2) by extension 'colcon_meta'
[0.424s] Level 1:colcon.colcon_core.package_identification:_identify(runs/detect/predict2) by extensions ['ros']
[0.424s] Level 1:colcon.colcon_core.package_identification:_identify(runs/detect/predict2) by extension 'ros'
[0.425s] Level 1:colcon.colcon_core.package_identification:_identify(runs/detect/predict2) by extensions ['cmake', 'python']
[0.425s] Level 1:colcon.colcon_core.package_identification:_identify(runs/detect/predict2) by extension 'cmake'
[0.425s] Level 1:colcon.colcon_core.package_identification:_identify(runs/detect/predict2) by extension 'python'
[0.425s] Level 1:colcon.colcon_core.package_identification:_identify(runs/detect/predict2) by extensions ['python_setup_py']
[0.425s] Level 1:colcon.colcon_core.package_identification:_identify(runs/detect/predict2) by extension 'python_setup_py'
[0.425s] Level 1:colcon.colcon_core.package_identification:_identify(runs/detect/predict2/labels) by extensions ['ignore', 'ignore_ament_install']
[0.425s] Level 1:colcon.colcon_core.package_identification:_identify(runs/detect/predict2/labels) by extension 'ignore'
[0.425s] Level 1:colcon.colcon_core.package_identification:_identify(runs/detect/predict2/labels) by extension 'ignore_ament_install'
[0.425s] Level 1:colcon.colcon_core.package_identification:_identify(runs/detect/predict2/labels) by extensions ['colcon_pkg']
[0.426s] Level 1:colcon.colcon_core.package_identification:_identify(runs/detect/predict2/labels) by extension 'colcon_pkg'
[0.426s] Level 1:colcon.colcon_core.package_identification:_identify(runs/detect/predict2/labels) by extensions ['colcon_meta']
[0.426s] Level 1:colcon.colcon_core.package_identification:_identify(runs/detect/predict2/labels) by extension 'colcon_meta'
[0.426s] Level 1:colcon.colcon_core.package_identification:_identify(runs/detect/predict2/labels) by extensions ['ros']
[0.426s] Level 1:colcon.colcon_core.package_identification:_identify(runs/detect/predict2/labels) by extension 'ros'
[0.426s] Level 1:colcon.colcon_core.package_identification:_identify(runs/detect/predict2/labels) by extensions ['cmake', 'python']
[0.426s] Level 1:colcon.colcon_core.package_identification:_identify(runs/detect/predict2/labels) by extension 'cmake'
[0.426s] Level 1:colcon.colcon_core.package_identification:_identify(runs/detect/predict2/labels) by extension 'python'
[0.426s] Level 1:colcon.colcon_core.package_identification:_identify(runs/detect/predict2/labels) by extensions ['python_setup_py']
[0.426s] Level 1:colcon.colcon_core.package_identification:_identify(runs/detect/predict2/labels) by extension 'python_setup_py'
[0.427s] Level 1:colcon.colcon_core.package_identification:_identify(runs/detect/predict3) by extensions ['ignore', 'ignore_ament_install']
[0.427s] Level 1:colcon.colcon_core.package_identification:_identify(runs/detect/predict3) by extension 'ignore'
[0.427s] Level 1:colcon.colcon_core.package_identification:_identify(runs/detect/predict3) by extension 'ignore_ament_install'
[0.427s] Level 1:colcon.colcon_core.package_identification:_identify(runs/detect/predict3) by extensions ['colcon_pkg']
[0.427s] Level 1:colcon.colcon_core.package_identification:_identify(runs/detect/predict3) by extension 'colcon_pkg'
[0.427s] Level 1:colcon.colcon_core.package_identification:_identify(runs/detect/predict3) by extensions ['colcon_meta']
[0.427s] Level 1:colcon.colcon_core.package_identification:_identify(runs/detect/predict3) by extension 'colcon_meta'
[0.427s] Level 1:colcon.colcon_core.package_identification:_identify(runs/detect/predict3) by extensions ['ros']
[0.427s] Level 1:colcon.colcon_core.package_identification:_identify(runs/detect/predict3) by extension 'ros'
[0.428s] Level 1:colcon.colcon_core.package_identification:_identify(runs/detect/predict3) by extensions ['cmake', 'python']
[0.428s] Level 1:colcon.colcon_core.package_identification:_identify(runs/detect/predict3) by extension 'cmake'
[0.428s] Level 1:colcon.colcon_core.package_identification:_identify(runs/detect/predict3) by extension 'python'
[0.428s] Level 1:colcon.colcon_core.package_identification:_identify(runs/detect/predict3) by extensions ['python_setup_py']
[0.428s] Level 1:colcon.colcon_core.package_identification:_identify(runs/detect/predict3) by extension 'python_setup_py'
[0.428s] Level 1:colcon.colcon_core.package_identification:_identify(runs/detect/predict3/labels) by extensions ['ignore', 'ignore_ament_install']
[0.428s] Level 1:colcon.colcon_core.package_identification:_identify(runs/detect/predict3/labels) by extension 'ignore'
[0.428s] Level 1:colcon.colcon_core.package_identification:_identify(runs/detect/predict3/labels) by extension 'ignore_ament_install'
[0.428s] Level 1:colcon.colcon_core.package_identification:_identify(runs/detect/predict3/labels) by extensions ['colcon_pkg']
[0.429s] Level 1:colcon.colcon_core.package_identification:_identify(runs/detect/predict3/labels) by extension 'colcon_pkg'
[0.429s] Level 1:colcon.colcon_core.package_identification:_identify(runs/detect/predict3/labels) by extensions ['colcon_meta']
[0.429s] Level 1:colcon.colcon_core.package_identification:_identify(runs/detect/predict3/labels) by extension 'colcon_meta'
[0.429s] Level 1:colcon.colcon_core.package_identification:_identify(runs/detect/predict3/labels) by extensions ['ros']
[0.429s] Level 1:colcon.colcon_core.package_identification:_identify(runs/detect/predict3/labels) by extension 'ros'
[0.429s] Level 1:colcon.colcon_core.package_identification:_identify(runs/detect/predict3/labels) by extensions ['cmake', 'python']
[0.429s] Level 1:colcon.colcon_core.package_identification:_identify(runs/detect/predict3/labels) by extension 'cmake'
[0.429s] Level 1:colcon.colcon_core.package_identification:_identify(runs/detect/predict3/labels) by extension 'python'
[0.429s] Level 1:colcon.colcon_core.package_identification:_identify(runs/detect/predict3/labels) by extensions ['python_setup_py']
[0.429s] Level 1:colcon.colcon_core.package_identification:_identify(runs/detect/predict3/labels) by extension 'python_setup_py'
[0.430s] Level 1:colcon.colcon_core.package_identification:_identify(runs/detect/predict4) by extensions ['ignore', 'ignore_ament_install']
[0.430s] Level 1:colcon.colcon_core.package_identification:_identify(runs/detect/predict4) by extension 'ignore'
[0.430s] Level 1:colcon.colcon_core.package_identification:_identify(runs/detect/predict4) by extension 'ignore_ament_install'
[0.430s] Level 1:colcon.colcon_core.package_identification:_identify(runs/detect/predict4) by extensions ['colcon_pkg']
[0.430s] Level 1:colcon.colcon_core.package_identification:_identify(runs/detect/predict4) by extension 'colcon_pkg'
[0.430s] Level 1:colcon.colcon_core.package_identification:_identify(runs/detect/predict4) by extensions ['colcon_meta']
[0.430s] Level 1:colcon.colcon_core.package_identification:_identify(runs/detect/predict4) by extension 'colcon_meta'
[0.430s] Level 1:colcon.colcon_core.package_identification:_identify(runs/detect/predict4) by extensions ['ros']
[0.431s] Level 1:colcon.colcon_core.package_identification:_identify(runs/detect/predict4) by extension 'ros'
[0.431s] Level 1:colcon.colcon_core.package_identification:_identify(runs/detect/predict4) by extensions ['cmake', 'python']
[0.431s] Level 1:colcon.colcon_core.package_identification:_identify(runs/detect/predict4) by extension 'cmake'
[0.431s] Level 1:colcon.colcon_core.package_identification:_identify(runs/detect/predict4) by extension 'python'
[0.431s] Level 1:colcon.colcon_core.package_identification:_identify(runs/detect/predict4) by extensions ['python_setup_py']
[0.431s] Level 1:colcon.colcon_core.package_identification:_identify(runs/detect/predict4) by extension 'python_setup_py'
[0.431s] Level 1:colcon.colcon_core.package_identification:_identify(runs/detect/predict4/labels) by extensions ['ignore', 'ignore_ament_install']
[0.431s] Level 1:colcon.colcon_core.package_identification:_identify(runs/detect/predict4/labels) by extension 'ignore'
[0.432s] Level 1:colcon.colcon_core.package_identification:_identify(runs/detect/predict4/labels) by extension 'ignore_ament_install'
[0.432s] Level 1:colcon.colcon_core.package_identification:_identify(runs/detect/predict4/labels) by extensions ['colcon_pkg']
[0.432s] Level 1:colcon.colcon_core.package_identification:_identify(runs/detect/predict4/labels) by extension 'colcon_pkg'
[0.432s] Level 1:colcon.colcon_core.package_identification:_identify(runs/detect/predict4/labels) by extensions ['colcon_meta']
[0.432s] Level 1:colcon.colcon_core.package_identification:_identify(runs/detect/predict4/labels) by extension 'colcon_meta'
[0.432s] Level 1:colcon.colcon_core.package_identification:_identify(runs/detect/predict4/labels) by extensions ['ros']
[0.432s] Level 1:colcon.colcon_core.package_identification:_identify(runs/detect/predict4/labels) by extension 'ros'
[0.432s] Level 1:colcon.colcon_core.package_identification:_identify(runs/detect/predict4/labels) by extensions ['cmake', 'python']
[0.432s] Level 1:colcon.colcon_core.package_identification:_identify(runs/detect/predict4/labels) by extension 'cmake'
[0.432s] Level 1:colcon.colcon_core.package_identification:_identify(runs/detect/predict4/labels) by extension 'python'
[0.433s] Level 1:colcon.colcon_core.package_identification:_identify(runs/detect/predict4/labels) by extensions ['python_setup_py']
[0.433s] Level 1:colcon.colcon_core.package_identification:_identify(runs/detect/predict4/labels) by extension 'python_setup_py'
[0.433s] Level 1:colcon.colcon_core.package_identification:_identify(runs/detect/predict5) by extensions ['ignore', 'ignore_ament_install']
[0.433s] Level 1:colcon.colcon_core.package_identification:_identify(runs/detect/predict5) by extension 'ignore'
[0.433s] Level 1:colcon.colcon_core.package_identification:_identify(runs/detect/predict5) by extension 'ignore_ament_install'
[0.433s] Level 1:colcon.colcon_core.package_identification:_identify(runs/detect/predict5) by extensions ['colcon_pkg']
[0.433s] Level 1:colcon.colcon_core.package_identification:_identify(runs/detect/predict5) by extension 'colcon_pkg'
[0.433s] Level 1:colcon.colcon_core.package_identification:_identify(runs/detect/predict5) by extensions ['colcon_meta']
[0.433s] Level 1:colcon.colcon_core.package_identification:_identify(runs/detect/predict5) by extension 'colcon_meta'
[0.434s] Level 1:colcon.colcon_core.package_identification:_identify(runs/detect/predict5) by extensions ['ros']
[0.434s] Level 1:colcon.colcon_core.package_identification:_identify(runs/detect/predict5) by extension 'ros'
[0.434s] Level 1:colcon.colcon_core.package_identification:_identify(runs/detect/predict5) by extensions ['cmake', 'python']
[0.434s] Level 1:colcon.colcon_core.package_identification:_identify(runs/detect/predict5) by extension 'cmake'
[0.434s] Level 1:colcon.colcon_core.package_identification:_identify(runs/detect/predict5) by extension 'python'
[0.434s] Level 1:colcon.colcon_core.package_identification:_identify(runs/detect/predict5) by extensions ['python_setup_py']
[0.434s] Level 1:colcon.colcon_core.package_identification:_identify(runs/detect/predict5) by extension 'python_setup_py'
[0.434s] Level 1:colcon.colcon_core.package_identification:_identify(runs/detect/predict5/labels) by extensions ['ignore', 'ignore_ament_install']
[0.434s] Level 1:colcon.colcon_core.package_identification:_identify(runs/detect/predict5/labels) by extension 'ignore'
[0.435s] Level 1:colcon.colcon_core.package_identification:_identify(runs/detect/predict5/labels) by extension 'ignore_ament_install'
[0.435s] Level 1:colcon.colcon_core.package_identification:_identify(runs/detect/predict5/labels) by extensions ['colcon_pkg']
[0.435s] Level 1:colcon.colcon_core.package_identification:_identify(runs/detect/predict5/labels) by extension 'colcon_pkg'
[0.435s] Level 1:colcon.colcon_core.package_identification:_identify(runs/detect/predict5/labels) by extensions ['colcon_meta']
[0.435s] Level 1:colcon.colcon_core.package_identification:_identify(runs/detect/predict5/labels) by extension 'colcon_meta'
[0.435s] Level 1:colcon.colcon_core.package_identification:_identify(runs/detect/predict5/labels) by extensions ['ros']
[0.435s] Level 1:colcon.colcon_core.package_identification:_identify(runs/detect/predict5/labels) by extension 'ros'
[0.435s] Level 1:colcon.colcon_core.package_identification:_identify(runs/detect/predict5/labels) by extensions ['cmake', 'python']
[0.435s] Level 1:colcon.colcon_core.package_identification:_identify(runs/detect/predict5/labels) by extension 'cmake'
[0.435s] Level 1:colcon.colcon_core.package_identification:_identify(runs/detect/predict5/labels) by extension 'python'
[0.436s] Level 1:colcon.colcon_core.package_identification:_identify(runs/detect/predict5/labels) by extensions ['python_setup_py']
[0.436s] Level 1:colcon.colcon_core.package_identification:_identify(runs/detect/predict5/labels) by extension 'python_setup_py'
[0.436s] Level 1:colcon.colcon_core.package_identification:_identify(runs/detect/predict6) by extensions ['ignore', 'ignore_ament_install']
[0.436s] Level 1:colcon.colcon_core.package_identification:_identify(runs/detect/predict6) by extension 'ignore'
[0.436s] Level 1:colcon.colcon_core.package_identification:_identify(runs/detect/predict6) by extension 'ignore_ament_install'
[0.436s] Level 1:colcon.colcon_core.package_identification:_identify(runs/detect/predict6) by extensions ['colcon_pkg']
[0.436s] Level 1:colcon.colcon_core.package_identification:_identify(runs/detect/predict6) by extension 'colcon_pkg'
[0.436s] Level 1:colcon.colcon_core.package_identification:_identify(runs/detect/predict6) by extensions ['colcon_meta']
[0.436s] Level 1:colcon.colcon_core.package_identification:_identify(runs/detect/predict6) by extension 'colcon_meta'
[0.437s] Level 1:colcon.colcon_core.package_identification:_identify(runs/detect/predict6) by extensions ['ros']
[0.437s] Level 1:colcon.colcon_core.package_identification:_identify(runs/detect/predict6) by extension 'ros'
[0.437s] Level 1:colcon.colcon_core.package_identification:_identify(runs/detect/predict6) by extensions ['cmake', 'python']
[0.437s] Level 1:colcon.colcon_core.package_identification:_identify(runs/detect/predict6) by extension 'cmake'
[0.437s] Level 1:colcon.colcon_core.package_identification:_identify(runs/detect/predict6) by extension 'python'
[0.437s] Level 1:colcon.colcon_core.package_identification:_identify(runs/detect/predict6) by extensions ['python_setup_py']
[0.437s] Level 1:colcon.colcon_core.package_identification:_identify(runs/detect/predict6) by extension 'python_setup_py'
[0.437s] Level 1:colcon.colcon_core.package_identification:_identify(runs/detect/predict6/labels) by extensions ['ignore', 'ignore_ament_install']
[0.438s] Level 1:colcon.colcon_core.package_identification:_identify(runs/detect/predict6/labels) by extension 'ignore'
[0.438s] Level 1:colcon.colcon_core.package_identification:_identify(runs/detect/predict6/labels) by extension 'ignore_ament_install'
[0.438s] Level 1:colcon.colcon_core.package_identification:_identify(runs/detect/predict6/labels) by extensions ['colcon_pkg']
[0.438s] Level 1:colcon.colcon_core.package_identification:_identify(runs/detect/predict6/labels) by extension 'colcon_pkg'
[0.438s] Level 1:colcon.colcon_core.package_identification:_identify(runs/detect/predict6/labels) by extensions ['colcon_meta']
[0.438s] Level 1:colcon.colcon_core.package_identification:_identify(runs/detect/predict6/labels) by extension 'colcon_meta'
[0.438s] Level 1:colcon.colcon_core.package_identification:_identify(runs/detect/predict6/labels) by extensions ['ros']
[0.438s] Level 1:colcon.colcon_core.package_identification:_identify(runs/detect/predict6/labels) by extension 'ros'
[0.438s] Level 1:colcon.colcon_core.package_identification:_identify(runs/detect/predict6/labels) by extensions ['cmake', 'python']
[0.438s] Level 1:colcon.colcon_core.package_identification:_identify(runs/detect/predict6/labels) by extension 'cmake'
[0.439s] Level 1:colcon.colcon_core.package_identification:_identify(runs/detect/predict6/labels) by extension 'python'
[0.439s] Level 1:colcon.colcon_core.package_identification:_identify(runs/detect/predict6/labels) by extensions ['python_setup_py']
[0.439s] Level 1:colcon.colcon_core.package_identification:_identify(runs/detect/predict6/labels) by extension 'python_setup_py'
[0.439s] Level 1:colcon.colcon_core.package_identification:_identify(runs/detect/predict7) by extensions ['ignore', 'ignore_ament_install']
[0.439s] Level 1:colcon.colcon_core.package_identification:_identify(runs/detect/predict7) by extension 'ignore'
[0.439s] Level 1:colcon.colcon_core.package_identification:_identify(runs/detect/predict7) by extension 'ignore_ament_install'
[0.439s] Level 1:colcon.colcon_core.package_identification:_identify(runs/detect/predict7) by extensions ['colcon_pkg']
[0.439s] Level 1:colcon.colcon_core.package_identification:_identify(runs/detect/predict7) by extension 'colcon_pkg'
[0.440s] Level 1:colcon.colcon_core.package_identification:_identify(runs/detect/predict7) by extensions ['colcon_meta']
[0.440s] Level 1:colcon.colcon_core.package_identification:_identify(runs/detect/predict7) by extension 'colcon_meta'
[0.440s] Level 1:colcon.colcon_core.package_identification:_identify(runs/detect/predict7) by extensions ['ros']
[0.440s] Level 1:colcon.colcon_core.package_identification:_identify(runs/detect/predict7) by extension 'ros'
[0.440s] Level 1:colcon.colcon_core.package_identification:_identify(runs/detect/predict7) by extensions ['cmake', 'python']
[0.440s] Level 1:colcon.colcon_core.package_identification:_identify(runs/detect/predict7) by extension 'cmake'
[0.440s] Level 1:colcon.colcon_core.package_identification:_identify(runs/detect/predict7) by extension 'python'
[0.440s] Level 1:colcon.colcon_core.package_identification:_identify(runs/detect/predict7) by extensions ['python_setup_py']
[0.440s] Level 1:colcon.colcon_core.package_identification:_identify(runs/detect/predict7) by extension 'python_setup_py'
[0.440s] Level 1:colcon.colcon_core.package_identification:_identify(runs/detect/predict7/labels) by extensions ['ignore', 'ignore_ament_install']
[0.441s] Level 1:colcon.colcon_core.package_identification:_identify(runs/detect/predict7/labels) by extension 'ignore'
[0.441s] Level 1:colcon.colcon_core.package_identification:_identify(runs/detect/predict7/labels) by extension 'ignore_ament_install'
[0.441s] Level 1:colcon.colcon_core.package_identification:_identify(runs/detect/predict7/labels) by extensions ['colcon_pkg']
[0.441s] Level 1:colcon.colcon_core.package_identification:_identify(runs/detect/predict7/labels) by extension 'colcon_pkg'
[0.441s] Level 1:colcon.colcon_core.package_identification:_identify(runs/detect/predict7/labels) by extensions ['colcon_meta']
[0.441s] Level 1:colcon.colcon_core.package_identification:_identify(runs/detect/predict7/labels) by extension 'colcon_meta'
[0.441s] Level 1:colcon.colcon_core.package_identification:_identify(runs/detect/predict7/labels) by extensions ['ros']
[0.441s] Level 1:colcon.colcon_core.package_identification:_identify(runs/detect/predict7/labels) by extension 'ros'
[0.441s] Level 1:colcon.colcon_core.package_identification:_identify(runs/detect/predict7/labels) by extensions ['cmake', 'python']
[0.441s] Level 1:colcon.colcon_core.package_identification:_identify(runs/detect/predict7/labels) by extension 'cmake'
[0.442s] Level 1:colcon.colcon_core.package_identification:_identify(runs/detect/predict7/labels) by extension 'python'
[0.442s] Level 1:colcon.colcon_core.package_identification:_identify(runs/detect/predict7/labels) by extensions ['python_setup_py']
[0.442s] Level 1:colcon.colcon_core.package_identification:_identify(runs/detect/predict7/labels) by extension 'python_setup_py'
[0.442s] Level 1:colcon.colcon_core.package_identification:_identify(runs/detect/predict8) by extensions ['ignore', 'ignore_ament_install']
[0.442s] Level 1:colcon.colcon_core.package_identification:_identify(runs/detect/predict8) by extension 'ignore'
[0.442s] Level 1:colcon.colcon_core.package_identification:_identify(runs/detect/predict8) by extension 'ignore_ament_install'
[0.442s] Level 1:colcon.colcon_core.package_identification:_identify(runs/detect/predict8) by extensions ['colcon_pkg']
[0.442s] Level 1:colcon.colcon_core.package_identification:_identify(runs/detect/predict8) by extension 'colcon_pkg'
[0.443s] Level 1:colcon.colcon_core.package_identification:_identify(runs/detect/predict8) by extensions ['colcon_meta']
[0.443s] Level 1:colcon.colcon_core.package_identification:_identify(runs/detect/predict8) by extension 'colcon_meta'
[0.443s] Level 1:colcon.colcon_core.package_identification:_identify(runs/detect/predict8) by extensions ['ros']
[0.443s] Level 1:colcon.colcon_core.package_identification:_identify(runs/detect/predict8) by extension 'ros'
[0.443s] Level 1:colcon.colcon_core.package_identification:_identify(runs/detect/predict8) by extensions ['cmake', 'python']
[0.443s] Level 1:colcon.colcon_core.package_identification:_identify(runs/detect/predict8) by extension 'cmake'
[0.443s] Level 1:colcon.colcon_core.package_identification:_identify(runs/detect/predict8) by extension 'python'
[0.443s] Level 1:colcon.colcon_core.package_identification:_identify(runs/detect/predict8) by extensions ['python_setup_py']
[0.443s] Level 1:colcon.colcon_core.package_identification:_identify(runs/detect/predict8) by extension 'python_setup_py'
[0.443s] Level 1:colcon.colcon_core.package_identification:_identify(runs/detect/predict8/labels) by extensions ['ignore', 'ignore_ament_install']
[0.444s] Level 1:colcon.colcon_core.package_identification:_identify(runs/detect/predict8/labels) by extension 'ignore'
[0.444s] Level 1:colcon.colcon_core.package_identification:_identify(runs/detect/predict8/labels) by extension 'ignore_ament_install'
[0.444s] Level 1:colcon.colcon_core.package_identification:_identify(runs/detect/predict8/labels) by extensions ['colcon_pkg']
[0.444s] Level 1:colcon.colcon_core.package_identification:_identify(runs/detect/predict8/labels) by extension 'colcon_pkg'
[0.444s] Level 1:colcon.colcon_core.package_identification:_identify(runs/detect/predict8/labels) by extensions ['colcon_meta']
[0.444s] Level 1:colcon.colcon_core.package_identification:_identify(runs/detect/predict8/labels) by extension 'colcon_meta'
[0.444s] Level 1:colcon.colcon_core.package_identification:_identify(runs/detect/predict8/labels) by extensions ['ros']
[0.444s] Level 1:colcon.colcon_core.package_identification:_identify(runs/detect/predict8/labels) by extension 'ros'
[0.444s] Level 1:colcon.colcon_core.package_identification:_identify(runs/detect/predict8/labels) by extensions ['cmake', 'python']
[0.445s] Level 1:colcon.colcon_core.package_identification:_identify(runs/detect/predict8/labels) by extension 'cmake'
[0.445s] Level 1:colcon.colcon_core.package_identification:_identify(runs/detect/predict8/labels) by extension 'python'
[0.445s] Level 1:colcon.colcon_core.package_identification:_identify(runs/detect/predict8/labels) by extensions ['python_setup_py']
[0.445s] Level 1:colcon.colcon_core.package_identification:_identify(runs/detect/predict8/labels) by extension 'python_setup_py'
[0.445s] Level 1:colcon.colcon_core.package_identification:_identify(src) by extensions ['ignore', 'ignore_ament_install']
[0.445s] Level 1:colcon.colcon_core.package_identification:_identify(src) by extension 'ignore'
[0.445s] Level 1:colcon.colcon_core.package_identification:_identify(src) by extension 'ignore_ament_install'
[0.445s] Level 1:colcon.colcon_core.package_identification:_identify(src) by extensions ['colcon_pkg']
[0.445s] Level 1:colcon.colcon_core.package_identification:_identify(src) by extension 'colcon_pkg'
[0.446s] Level 1:colcon.colcon_core.package_identification:_identify(src) by extensions ['colcon_meta']
[0.446s] Level 1:colcon.colcon_core.package_identification:_identify(src) by extension 'colcon_meta'
[0.446s] Level 1:colcon.colcon_core.package_identification:_identify(src) by extensions ['ros']
[0.446s] Level 1:colcon.colcon_core.package_identification:_identify(src) by extension 'ros'
[0.446s] Level 1:colcon.colcon_core.package_identification:_identify(src) by extensions ['cmake', 'python']
[0.446s] Level 1:colcon.colcon_core.package_identification:_identify(src) by extension 'cmake'
[0.446s] Level 1:colcon.colcon_core.package_identification:_identify(src) by extension 'python'
[0.446s] Level 1:colcon.colcon_core.package_identification:_identify(src) by extensions ['python_setup_py']
[0.446s] Level 1:colcon.colcon_core.package_identification:_identify(src) by extension 'python_setup_py'
[0.446s] Level 1:colcon.colcon_core.package_identification:_identify(src/people_detector) by extensions ['ignore', 'ignore_ament_install']
[0.447s] Level 1:colcon.colcon_core.package_identification:_identify(src/people_detector) by extension 'ignore'
[0.447s] Level 1:colcon.colcon_core.package_identification:_identify(src/people_detector) by extension 'ignore_ament_install'
[0.447s] Level 1:colcon.colcon_core.package_identification:_identify(src/people_detector) by extensions ['colcon_pkg']
[0.447s] Level 1:colcon.colcon_core.package_identification:_identify(src/people_detector) by extension 'colcon_pkg'
[0.447s] Level 1:colcon.colcon_core.package_identification:_identify(src/people_detector) by extensions ['colcon_meta']
[0.447s] Level 1:colcon.colcon_core.package_identification:_identify(src/people_detector) by extension 'colcon_meta'
[0.447s] Level 1:colcon.colcon_core.package_identification:_identify(src/people_detector) by extensions ['ros']
[0.447s] Level 1:colcon.colcon_core.package_identification:_identify(src/people_detector) by extension 'ros'
[0.454s] DEBUG:colcon.colcon_core.package_identification:Package 'src/people_detector' with type 'ros.ament_python' and name 'people_detector'
[0.455s] Level 1:colcon.colcon_core.package_discovery:discover_packages(recursive) using defaults
[0.455s] Level 1:colcon.colcon_core.package_discovery:discover_packages(ignore) discover
[0.455s] Level 1:colcon.colcon_core.package_discovery:discover_packages(ignore) using defaults
[0.455s] Level 1:colcon.colcon_core.package_discovery:discover_packages(path) discover
[0.455s] Level 1:colcon.colcon_core.package_discovery:discover_packages(path) using defaults
[0.504s] Level 1:colcon.colcon_core.package_discovery:discover_packages(prefix_path) check parameters
[0.505s] Level 1:colcon.colcon_core.package_discovery:discover_packages(prefix_path) discover
[0.510s] DEBUG:colcon.colcon_installed_package_information.package_discovery:Found 15 installed packages in /home/zerda/ros2_ws/install
[0.513s] DEBUG:colcon.colcon_installed_package_information.package_discovery:Found 269 installed packages in /opt/ros/humble
[0.517s] Level 1:colcon.colcon_core.package_discovery:discover_packages(prefix_path) using defaults
[0.595s] Level 5:colcon.colcon_core.verb:set package 'people_detector' build argument 'cmake_args' from command line to 'None'
[0.595s] Level 5:colcon.colcon_core.verb:set package 'people_detector' build argument 'cmake_target' from command line to 'None'
[0.595s] Level 5:colcon.colcon_core.verb:set package 'people_detector' build argument 'cmake_target_skip_unavailable' from command line to 'False'
[0.596s] Level 5:colcon.colcon_core.verb:set package 'people_detector' build argument 'cmake_clean_cache' from command line to 'False'
[0.596s] Level 5:colcon.colcon_core.verb:set package 'people_detector' build argument 'cmake_clean_first' from command line to 'False'
[0.596s] Level 5:colcon.colcon_core.verb:set package 'people_detector' build argument 'cmake_force_configure' from command line to 'False'
[0.596s] Level 5:colcon.colcon_core.verb:set package 'people_detector' build argument 'ament_cmake_args' from command line to 'None'
[0.596s] Level 5:colcon.colcon_core.verb:set package 'people_detector' build argument 'catkin_cmake_args' from command line to 'None'
[0.596s] Level 5:colcon.colcon_core.verb:set package 'people_detector' build argument 'catkin_skip_building_tests' from command line to 'False'
[0.596s] DEBUG:colcon.colcon_core.verb:Building package 'people_detector' with the following arguments: {'ament_cmake_args': None, 'build_base': '/home/zerda/ros2_ws/build/people_detector', 'catkin_cmake_args': None, 'catkin_skip_building_tests': False, 'cmake_args': None, 'cmake_clean_cache': False, 'cmake_clean_first': False, 'cmake_force_configure': False, 'cmake_target': None, 'cmake_target_skip_unavailable': False, 'install_base': '/home/zerda/ros2_ws/install/people_detector', 'merge_install': False, 'path': '/home/zerda/ros2_ws/src/people_detector', 'symlink_install': False, 'test_result_base': None}
[0.596s] INFO:colcon.colcon_core.executor:Executing jobs using 'parallel' executor
[0.598s] DEBUG:colcon.colcon_parallel_executor.executor.parallel:run_until_complete
[0.598s] INFO:colcon.colcon_ros.task.ament_python.build:Building ROS package in '/home/zerda/ros2_ws/src/people_detector' with build type 'ament_python'
[0.599s] Level 1:colcon.colcon_core.shell:create_environment_hook('people_detector', 'ament_prefix_path')
[0.604s] INFO:colcon.colcon_core.plugin_system:Skipping extension 'colcon_core.shell.bat': Not used on non-Windows systems
[0.605s] INFO:colcon.colcon_core.shell:Creating environment hook '/home/zerda/ros2_ws/install/people_detector/share/people_detector/hook/ament_prefix_path.ps1'
[0.606s] INFO:colcon.colcon_core.shell:Creating environment descriptor '/home/zerda/ros2_ws/install/people_detector/share/people_detector/hook/ament_prefix_path.dsv'
[0.607s] INFO:colcon.colcon_core.shell:Creating environment hook '/home/zerda/ros2_ws/install/people_detector/share/people_detector/hook/ament_prefix_path.sh'
[0.609s] INFO:colcon.colcon_core.shell:Skip shell extension 'powershell' for command environment: Not usable outside of PowerShell
[0.609s] DEBUG:colcon.colcon_core.shell:Skip shell extension 'dsv' for command environment
[1.111s] INFO:colcon.colcon_core.task.python.build:Building Python package in '/home/zerda/ros2_ws/src/people_detector'
[1.112s] INFO:colcon.colcon_core.shell:Skip shell extension 'powershell' for command environment: Not usable outside of PowerShell
[1.112s] DEBUG:colcon.colcon_core.shell:Skip shell extension 'dsv' for command environment
[2.503s] DEBUG:colcon.colcon_core.event_handler.log_command:Invoking command in '/home/zerda/ros2_ws/src/people_detector': PYTHONPATH=/home/zerda/ros2_ws/build/people_detector/prefix_override:/home/zerda/ros2_ws/install/people_detector/lib/python3.10/site-packages:${PYTHONPATH} /usr/bin/python3 -W ignore:setup.py install is deprecated setup.py egg_info --egg-base ../../build/people_detector build --build-base /home/zerda/ros2_ws/build/people_detector/build install --record /home/zerda/ros2_ws/build/people_detector/install.log --single-version-externally-managed install_data
[3.847s] DEBUG:colcon.colcon_core.event_handler.log_command:Invoked command in '/home/zerda/ros2_ws/src/people_detector' returned '0': PYTHONPATH=/home/zerda/ros2_ws/build/people_detector/prefix_override:/home/zerda/ros2_ws/install/people_detector/lib/python3.10/site-packages:${PYTHONPATH} /usr/bin/python3 -W ignore:setup.py install is deprecated setup.py egg_info --egg-base ../../build/people_detector build --build-base /home/zerda/ros2_ws/build/people_detector/build install --record /home/zerda/ros2_ws/build/people_detector/install.log --single-version-externally-managed install_data
[3.853s] Level 1:colcon.colcon_core.environment:checking '/home/zerda/ros2_ws/install/people_detector' for CMake module files
[3.854s] Level 1:colcon.colcon_core.environment:checking '/home/zerda/ros2_ws/install/people_detector' for CMake config files
[3.855s] Level 1:colcon.colcon_core.environment:checking '/home/zerda/ros2_ws/install/people_detector/lib'
[3.856s] Level 1:colcon.colcon_core.environment:checking '/home/zerda/ros2_ws/install/people_detector/bin'
[3.856s] Level 1:colcon.colcon_core.environment:checking '/home/zerda/ros2_ws/install/people_detector/lib/pkgconfig/people_detector.pc'
[3.856s] Level 1:colcon.colcon_core.environment:checking '/home/zerda/ros2_ws/install/people_detector/lib/python3.10/site-packages'
[3.856s] Level 1:colcon.colcon_core.shell:create_environment_hook('people_detector', 'pythonpath')
[3.857s] INFO:colcon.colcon_core.shell:Creating environment hook '/home/zerda/ros2_ws/install/people_detector/share/people_detector/hook/pythonpath.ps1'
[3.858s] INFO:colcon.colcon_core.shell:Creating environment descriptor '/home/zerda/ros2_ws/install/people_detector/share/people_detector/hook/pythonpath.dsv'
[3.858s] INFO:colcon.colcon_core.shell:Creating environment hook '/home/zerda/ros2_ws/install/people_detector/share/people_detector/hook/pythonpath.sh'
[3.859s] Level 1:colcon.colcon_core.environment:checking '/home/zerda/ros2_ws/install/people_detector/bin'
[3.859s] Level 1:colcon.colcon_core.environment:create_environment_scripts_only(people_detector)
[3.860s] INFO:colcon.colcon_core.shell:Creating package script '/home/zerda/ros2_ws/install/people_detector/share/people_detector/package.ps1'
[3.862s] INFO:colcon.colcon_core.shell:Creating package descriptor '/home/zerda/ros2_ws/install/people_detector/share/people_detector/package.dsv'
[3.863s] INFO:colcon.colcon_core.shell:Creating package script '/home/zerda/ros2_ws/install/people_detector/share/people_detector/package.sh'
[3.865s] INFO:colcon.colcon_core.shell:Creating package script '/home/zerda/ros2_ws/install/people_detector/share/people_detector/package.bash'
[3.867s] INFO:colcon.colcon_core.shell:Creating package script '/home/zerda/ros2_ws/install/people_detector/share/people_detector/package.zsh'
[3.868s] Level 1:colcon.colcon_core.environment:create_file_with_runtime_dependencies(/home/zerda/ros2_ws/install/people_detector/share/colcon-core/packages/people_detector)
[3.869s] DEBUG:colcon.colcon_parallel_executor.executor.parallel:closing loop
[3.870s] DEBUG:colcon.colcon_parallel_executor.executor.parallel:loop closed
[3.870s] DEBUG:colcon.colcon_parallel_executor.executor.parallel:run_until_complete finished with '0'
[3.870s] DEBUG:colcon.colcon_core.event_reactor:joining thread
[3.883s] INFO:colcon.colcon_core.plugin_system:Skipping extension 'colcon_notification.desktop_notification.terminal_notifier': Not used on non-Darwin systems
[3.883s] INFO:colcon.colcon_core.plugin_system:Skipping extension 'colcon_notification.desktop_notification.win32': Not used on non-Windows systems
[3.883s] INFO:colcon.colcon_notification.desktop_notification:Sending desktop notification using 'notify2'
[3.907s] DEBUG:colcon.colcon_core.event_reactor:joined thread
[3.908s] INFO:colcon.colcon_core.shell:Creating prefix script '/home/zerda/ros2_ws/install/local_setup.ps1'
[3.910s] INFO:colcon.colcon_core.shell:Creating prefix util module '/home/zerda/ros2_ws/install/_local_setup_util_ps1.py'
[3.914s] INFO:colcon.colcon_core.shell:Creating prefix chain script '/home/zerda/ros2_ws/install/setup.ps1'
[3.917s] INFO:colcon.colcon_core.shell:Creating prefix script '/home/zerda/ros2_ws/install/local_setup.sh'
[3.918s] INFO:colcon.colcon_core.shell:Creating prefix util module '/home/zerda/ros2_ws/install/_local_setup_util_sh.py'
[3.919s] INFO:colcon.colcon_core.shell:Creating prefix chain script '/home/zerda/ros2_ws/install/setup.sh'
[3.923s] INFO:colcon.colcon_core.shell:Creating prefix script '/home/zerda/ros2_ws/install/local_setup.bash'
[3.925s] INFO:colcon.colcon_core.shell:Creating prefix chain script '/home/zerda/ros2_ws/install/setup.bash'
[3.929s] INFO:colcon.colcon_core.shell:Creating prefix script '/home/zerda/ros2_ws/install/local_setup.zsh'
[3.930s] INFO:colcon.colcon_core.shell:Creating prefix chain script '/home/zerda/ros2_ws/install/setup.zsh'
