running egg_info
writing ../../build/car_detector/car_detector.egg-info/PKG-INFO
writing dependency_links to ../../build/car_detector/car_detector.egg-info/dependency_links.txt
writing entry points to ../../build/car_detector/car_detector.egg-info/entry_points.txt
writing requirements to ../../build/car_detector/car_detector.egg-info/requires.txt
writing top-level names to ../../build/car_detector/car_detector.egg-info/top_level.txt
reading manifest file '../../build/car_detector/car_detector.egg-info/SOURCES.txt'
writing manifest file '../../build/car_detector/car_detector.egg-info/SOURCES.txt'
running build
running build_py
copying car_detector/__init__.py -> /home/zerda/ros2_ws/build/car_detector/build/lib/car_detector
copying car_detector/camera_pub.py -> /home/zerda/ros2_ws/build/car_detector/build/lib/car_detector
copying car_detector/car_detection.py -> /home/zerda/ros2_ws/build/car_detector/build/lib/car_detector
running install
running install_lib
copying /home/zerda/ros2_ws/build/car_detector/build/lib/car_detector/camera_pub.py -> /home/zerda/ros2_ws/install/car_detector/lib/python3.10/site-packages/car_detector
copying /home/zerda/ros2_ws/build/car_detector/build/lib/car_detector/car_detection.py -> /home/zerda/ros2_ws/install/car_detector/lib/python3.10/site-packages/car_detector
byte-compiling /home/zerda/ros2_ws/install/car_detector/lib/python3.10/site-packages/car_detector/camera_pub.py to camera_pub.cpython-310.pyc
byte-compiling /home/zerda/ros2_ws/install/car_detector/lib/python3.10/site-packages/car_detector/car_detection.py to car_detection.cpython-310.pyc
running install_data
