[1.748s] Invoking command in '/home/zerda/ros2_ws/src/car_detector': PYTHONPATH=/home/zerda/ros2_ws/build/car_detector/prefix_override:/home/zerda/ros2_ws/install/car_detector/lib/python3.10/site-packages:${PYTHONPATH} /usr/bin/python3 -W ignore:setup.py install is deprecated setup.py egg_info --egg-base ../../build/car_detector build --build-base /home/zerda/ros2_ws/build/car_detector/build install --record /home/zerda/ros2_ws/build/car_detector/install.log --single-version-externally-managed install_data
[2.279s] running egg_info
[2.313s] writing ../../build/car_detector/car_detector.egg-info/PKG-INFO
[2.314s] writing dependency_links to ../../build/car_detector/car_detector.egg-info/dependency_links.txt
[2.314s] writing entry points to ../../build/car_detector/car_detector.egg-info/entry_points.txt
[2.315s] writing requirements to ../../build/car_detector/car_detector.egg-info/requires.txt
[2.315s] writing top-level names to ../../build/car_detector/car_detector.egg-info/top_level.txt
[2.386s] reading manifest file '../../build/car_detector/car_detector.egg-info/SOURCES.txt'
[2.388s] writing manifest file '../../build/car_detector/car_detector.egg-info/SOURCES.txt'
[2.388s] running build
[2.388s] running build_py
[2.389s] copying car_detector/__init__.py -> /home/zerda/ros2_ws/build/car_detector/build/lib/car_detector
[2.389s] copying car_detector/camera_pub.py -> /home/zerda/ros2_ws/build/car_detector/build/lib/car_detector
[2.389s] copying car_detector/car_detection.py -> /home/zerda/ros2_ws/build/car_detector/build/lib/car_detector
[2.390s] running install
[2.402s] running install_lib
[2.437s] copying /home/zerda/ros2_ws/build/car_detector/build/lib/car_detector/camera_pub.py -> /home/zerda/ros2_ws/install/car_detector/lib/python3.10/site-packages/car_detector
[2.438s] copying /home/zerda/ros2_ws/build/car_detector/build/lib/car_detector/car_detection.py -> /home/zerda/ros2_ws/install/car_detector/lib/python3.10/site-packages/car_detector
[2.439s] byte-compiling /home/zerda/ros2_ws/install/car_detector/lib/python3.10/site-packages/car_detector/camera_pub.py to camera_pub.cpython-310.pyc
[2.440s] byte-compiling /home/zerda/ros2_ws/install/car_detector/lib/python3.10/site-packages/car_detector/car_detection.py to car_detection.cpython-310.pyc
[2.442s] running install_data
[2.442s] error: can't copy 'resource/car_detector': doesn't exist or not a regular file
[2.478s] Invoked command in '/home/zerda/ros2_ws/src/car_detector' returned '1': PYTHONPATH=/home/zerda/ros2_ws/build/car_detector/prefix_override:/home/zerda/ros2_ws/install/car_detector/lib/python3.10/site-packages:${PYTHONPATH} /usr/bin/python3 -W ignore:setup.py install is deprecated setup.py egg_info --egg-base ../../build/car_detector build --build-base /home/zerda/ros2_ws/build/car_detector/build install --record /home/zerda/ros2_ws/build/car_detector/install.log --single-version-externally-managed install_data
