[2.226s] Invoking command in '/home/zerda/ros2_ws/src/car_detector': PYTHONPATH=/home/zerda/ros2_ws/build/car_detector/prefix_override:/home/zerda/ros2_ws/install/car_detector/lib/python3.10/site-packages:${PYTHONPATH} /usr/bin/python3 -W ignore:setup.py install is deprecated setup.py egg_info --egg-base ../../build/car_detector build --build-base /home/zerda/ros2_ws/build/car_detector/build install --record /home/zerda/ros2_ws/build/car_detector/install.log --single-version-externally-managed install_data
[2.913s] running egg_info
[2.960s] writing ../../build/car_detector/car_detector.egg-info/PKG-INFO
[2.961s] writing dependency_links to ../../build/car_detector/car_detector.egg-info/dependency_links.txt
[2.962s] writing entry points to ../../build/car_detector/car_detector.egg-info/entry_points.txt
[2.963s] writing requirements to ../../build/car_detector/car_detector.egg-info/requires.txt
[2.963s] writing top-level names to ../../build/car_detector/car_detector.egg-info/top_level.txt
[3.054s] reading manifest file '../../build/car_detector/car_detector.egg-info/SOURCES.txt'
[3.058s] writing manifest file '../../build/car_detector/car_detector.egg-info/SOURCES.txt'
[3.058s] running build
[3.058s] running build_py
[3.059s] copying car_detector/__init__.py -> /home/zerda/ros2_ws/build/car_detector/build/lib/car_detector
[3.059s] copying car_detector/camera_pub.py -> /home/zerda/ros2_ws/build/car_detector/build/lib/car_detector
[3.059s] copying car_detector/car_detection.py -> /home/zerda/ros2_ws/build/car_detector/build/lib/car_detector
[3.061s] running install
[3.075s] running install_lib
[3.121s] copying /home/zerda/ros2_ws/build/car_detector/build/lib/car_detector/car_detection.py -> /home/zerda/ros2_ws/install/car_detector/lib/python3.10/site-packages/car_detector
[3.124s] byte-compiling /home/zerda/ros2_ws/install/car_detector/lib/python3.10/site-packages/car_detector/car_detection.py to car_detection.cpython-310.pyc
[3.126s] running install_data
[3.127s] copying resource/car_detector -> /home/zerda/ros2_ws/install/car_detector/share/ament_index/resource_index/packages
[3.127s] copying package.xml -> /home/zerda/ros2_ws/install/car_detector/share/car_detector
[3.127s] copying launch/camera_car_detection.launch.py -> /home/zerda/ros2_ws/install/car_detector/share/car_detector/launch
[3.128s] copying data/best.pt -> /home/zerda/ros2_ws/install/car_detector/share/car_detector/data
[3.330s] running install_egg_info
[3.373s] removing '/home/zerda/ros2_ws/install/car_detector/lib/python3.10/site-packages/car_detector-0.0.0-py3.10.egg-info' (and everything under it)
[3.373s] Copying ../../build/car_detector/car_detector.egg-info to /home/zerda/ros2_ws/install/car_detector/lib/python3.10/site-packages/car_detector-0.0.0-py3.10.egg-info
[3.375s] running install_scripts
[3.796s] Installing camera_publisher script to /home/zerda/ros2_ws/install/car_detector/lib/car_detector
[3.796s] Installing car_detection script to /home/zerda/ros2_ws/install/car_detector/lib/car_detector
[3.798s] writing list of installed files to '/home/zerda/ros2_ws/build/car_detector/install.log'
[3.867s] Invoked command in '/home/zerda/ros2_ws/src/car_detector' returned '0': PYTHONPATH=/home/zerda/ros2_ws/build/car_detector/prefix_override:/home/zerda/ros2_ws/install/car_detector/lib/python3.10/site-packages:${PYTHONPATH} /usr/bin/python3 -W ignore:setup.py install is deprecated setup.py egg_info --egg-base ../../build/car_detector build --build-base /home/zerda/ros2_ws/build/car_detector/build install --record /home/zerda/ros2_ws/build/car_detector/install.log --single-version-externally-managed install_data
