[0.761s] Invoking command in '/home/zerda/ros2_ws/build/aruco_msgs': CMAKE_PREFIX_PATH=${CMAKE_PREFIX_PATH}:/home/zerda/ros2_ws/install/my_py_pkg:/home/zerda/ros2_ws/install/challenge1:/opt/ros/humble /usr/bin/cmake --build /home/zerda/ros2_ws/build/aruco_msgs -- -j8 -l8
[1.615s] [  2%] [34m[1mGenerating C code for ROS interfaces[0m
[1.615s] [  5%] [34m[1mGenerating C++ code for ROS interfaces[0m
[1.616s] [  5%] Built target ament_cmake_python_copy_aruco_msgs
[1.616s] running egg_info
[1.616s] creating aruco_msgs.egg-info
[1.616s] writing aruco_msgs.egg-info/PKG-INFO
[1.617s] writing dependency_links to aruco_msgs.egg-info/dependency_links.txt
[1.617s] writing top-level names to aruco_msgs.egg-info/top_level.txt
[1.617s] writing manifest file 'aruco_msgs.egg-info/SOURCES.txt'
[1.617s] reading manifest file 'aruco_msgs.egg-info/SOURCES.txt'
[1.618s] writing manifest file 'aruco_msgs.egg-info/SOURCES.txt'
[1.618s] [  5%] Built target ament_cmake_python_build_aruco_msgs_egg
[1.797s] [  5%] Built target aruco_msgs__cpp
[1.798s] [  7%] [32mBuilding C object CMakeFiles/aruco_msgs__rosidl_generator_c.dir/rosidl_generator_c/aruco_msgs/msg/detail/marker__functions.c.o[0m
[1.798s] [ 10%] [32mBuilding C object CMakeFiles/aruco_msgs__rosidl_generator_c.dir/rosidl_generator_c/aruco_msgs/msg/detail/marker_array__functions.c.o[0m
[1.824s] [ 12%] [34m[1mGenerating C++ type support for eProsima Fast-RTPS[0m
[1.826s] [ 15%] [34m[1mGenerating C++ type support dispatch for ROS interfaces[0m
[1.827s] [ 17%] [34m[1mGenerating C++ introspection for ROS interfaces[0m
[1.963s] [ 20%] [32m[1mLinking C shared library libaruco_msgs__rosidl_generator_c.so[0m
[2.073s] [ 20%] Built target aruco_msgs__rosidl_generator_c
[2.102s] [ 23%] [34m[1mGenerating C introspection for ROS interfaces[0m
[2.104s] [ 25%] [34m[1mGenerating C type support dispatch for ROS interfaces[0m
[2.131s] [ 28%] [34m[1mGenerating C type support for eProsima Fast-RTPS[0m
[2.835s] [ 30%] [32mBuilding CXX object CMakeFiles/aruco_msgs__rosidl_typesupport_introspection_cpp.dir/rosidl_typesupport_introspection_cpp/aruco_msgs/msg/detail/marker_array__type_support.cpp.o[0m
[2.836s] [ 33%] [32mBuilding CXX object CMakeFiles/aruco_msgs__rosidl_typesupport_cpp.dir/rosidl_typesupport_cpp/aruco_msgs/msg/marker__type_support.cpp.o[0m
[2.848s] [ 35%] [32mBuilding CXX object CMakeFiles/aruco_msgs__rosidl_typesupport_introspection_cpp.dir/rosidl_typesupport_introspection_cpp/aruco_msgs/msg/detail/marker__type_support.cpp.o[0m
[2.862s] [ 38%] [32mBuilding CXX object CMakeFiles/aruco_msgs__rosidl_typesupport_cpp.dir/rosidl_typesupport_cpp/aruco_msgs/msg/marker_array__type_support.cpp.o[0m
[3.163s] [ 41%] [32mBuilding CXX object CMakeFiles/aruco_msgs__rosidl_typesupport_fastrtps_cpp.dir/rosidl_typesupport_fastrtps_cpp/aruco_msgs/msg/detail/dds_fastrtps/marker__type_support.cpp.o[0m
[3.442s] [ 43%] [32mBuilding CXX object CMakeFiles/aruco_msgs__rosidl_typesupport_c.dir/rosidl_typesupport_c/aruco_msgs/msg/marker__type_support.cpp.o[0m
[3.449s] [ 46%] [32mBuilding C object CMakeFiles/aruco_msgs__rosidl_typesupport_introspection_c.dir/rosidl_typesupport_introspection_c/aruco_msgs/msg/detail/marker__type_support.c.o[0m
[3.461s] [ 48%] [32mBuilding CXX object CMakeFiles/aruco_msgs__rosidl_typesupport_fastrtps_c.dir/rosidl_typesupport_fastrtps_c/aruco_msgs/msg/detail/marker__type_support_c.cpp.o[0m
[3.566s] [ 51%] [32mBuilding CXX object CMakeFiles/aruco_msgs__rosidl_typesupport_c.dir/rosidl_typesupport_c/aruco_msgs/msg/marker_array__type_support.cpp.o[0m
[3.671s] [ 53%] [32m[1mLinking CXX shared library libaruco_msgs__rosidl_typesupport_c.so[0m
[3.720s] [ 56%] [32mBuilding C object CMakeFiles/aruco_msgs__rosidl_typesupport_introspection_c.dir/rosidl_typesupport_introspection_c/aruco_msgs/msg/detail/marker_array__type_support.c.o[0m
[3.897s] [ 58%] [32m[1mLinking C shared library libaruco_msgs__rosidl_typesupport_introspection_c.so[0m
[3.920s] [ 58%] Built target aruco_msgs__rosidl_typesupport_c
[3.957s] [ 61%] [32mBuilding CXX object CMakeFiles/aruco_msgs__rosidl_typesupport_fastrtps_c.dir/rosidl_typesupport_fastrtps_c/aruco_msgs/msg/detail/marker_array__type_support_c.cpp.o[0m
[4.101s] [ 61%] Built target aruco_msgs__rosidl_typesupport_introspection_c
[4.212s] [ 64%] [32mBuilding CXX object CMakeFiles/aruco_msgs__rosidl_typesupport_fastrtps_cpp.dir/rosidl_typesupport_fastrtps_cpp/aruco_msgs/msg/detail/dds_fastrtps/marker_array__type_support.cpp.o[0m
[4.618s] [ 66%] [32m[1mLinking CXX shared library libaruco_msgs__rosidl_typesupport_cpp.so[0m
[4.745s] [ 66%] Built target aruco_msgs__rosidl_typesupport_cpp
[4.811s] [ 69%] [32m[1mLinking CXX shared library libaruco_msgs__rosidl_typesupport_introspection_cpp.so[0m
[4.973s] [ 69%] Built target aruco_msgs__rosidl_typesupport_introspection_cpp
[5.119s] [ 71%] [32m[1mLinking CXX shared library libaruco_msgs__rosidl_typesupport_fastrtps_c.so[0m
[5.283s] [ 71%] Built target aruco_msgs__rosidl_typesupport_fastrtps_c
[5.503s] [ 74%] [32m[1mLinking CXX shared library libaruco_msgs__rosidl_typesupport_fastrtps_cpp.so[0m
[5.652s] [ 74%] Built target aruco_msgs__rosidl_typesupport_fastrtps_cpp
[5.689s] [ 74%] Built target aruco_msgs
[5.727s] [ 76%] [34m[1mGenerating Python code for ROS interfaces[0m
[6.529s] [ 76%] Built target aruco_msgs__py
[6.567s] [ 82%] [32mBuilding C object CMakeFiles/aruco_msgs__rosidl_generator_py.dir/rosidl_generator_py/aruco_msgs/msg/_marker_s.c.o[0m
[6.567s] [ 82%] [32mBuilding C object CMakeFiles/aruco_msgs__rosidl_generator_py.dir/rosidl_generator_py/aruco_msgs/msg/_marker_array_s.c.o[0m
[6.796s] [ 84%] [32m[1mLinking C shared library rosidl_generator_py/aruco_msgs/libaruco_msgs__rosidl_generator_py.so[0m
[6.876s] [ 84%] Built target aruco_msgs__rosidl_generator_py
[6.914s] [ 89%] [32mBuilding C object CMakeFiles/aruco_msgs__rosidl_typesupport_fastrtps_c__pyext.dir/rosidl_generator_py/aruco_msgs/_aruco_msgs_s.ep.rosidl_typesupport_fastrtps_c.c.o[0m
[6.915s] [ 89%] [32mBuilding C object CMakeFiles/aruco_msgs__rosidl_typesupport_introspection_c__pyext.dir/rosidl_generator_py/aruco_msgs/_aruco_msgs_s.ep.rosidl_typesupport_introspection_c.c.o[0m
[6.915s] [ 92%] [32mBuilding C object CMakeFiles/aruco_msgs__rosidl_typesupport_c__pyext.dir/rosidl_generator_py/aruco_msgs/_aruco_msgs_s.ep.rosidl_typesupport_c.c.o[0m
[7.125s] [100%] [32m[1mLinking C shared library rosidl_generator_py/aruco_msgs/aruco_msgs_s__rosidl_typesupport_introspection_c.cpython-310-x86_64-linux-gnu.so[0m
[7.125s] [100%] [32m[1mLinking C shared library rosidl_generator_py/aruco_msgs/aruco_msgs_s__rosidl_typesupport_c.cpython-310-x86_64-linux-gnu.so[0m
[7.126s] [100%] [32m[1mLinking C shared library rosidl_generator_py/aruco_msgs/aruco_msgs_s__rosidl_typesupport_fastrtps_c.cpython-310-x86_64-linux-gnu.so[0m
[7.204s] [100%] Built target aruco_msgs__rosidl_typesupport_introspection_c__pyext
[7.204s] [100%] Built target aruco_msgs__rosidl_typesupport_fastrtps_c__pyext
[7.204s] [100%] Built target aruco_msgs__rosidl_typesupport_c__pyext
