[1.504s] DEBUG:colcon:Command line arguments: ['/usr/bin/colcon', 'build']
[1.504s] DEBUG:colcon:Parsed command line arguments: Namespace(log_base=None, log_level=None, verb_name='build', build_base='build', install_base='install', merge_install=False, symlink_install=False, test_result_base=None, continue_on_error=False, executor='parallel', parallel_workers=8, event_handlers=None, ignore_user_meta=False, metas=['./colcon.meta'], base_paths=['.'], packages_ignore=None, packages_ignore_regex=None, paths=None, packages_up_to=None, packages_up_to_regex=None, packages_above=None, packages_above_and_dependencies=None, packages_above_depth=None, packages_select_by_dep=None, packages_skip_by_dep=None, packages_skip_up_to=None, packages_select_build_failed=False, packages_skip_build_finished=False, packages_select_test_failures=False, packages_skip_test_passed=False, packages_select=None, packages_skip=None, packages_select_regex=None, packages_skip_regex=None, packages_start=None, packages_end=None, allow_overriding=[], cmake_args=None, cmake_target=None, cmake_target_skip_unavailable=False, cmake_clean_cache=False, cmake_clean_first=False, cmake_force_configure=False, ament_cmake_args=None, catkin_cmake_args=None, catkin_skip_building_tests=False, verb_parser=<colcon_defaults.argument_parser.defaults.DefaultArgumentsDecorator object at 0x73dc5ea991b0>, verb_extension=<colcon_core.verb.build.BuildVerb object at 0x73dc5ea98880>, main=<bound method BuildVerb.main of <colcon_core.verb.build.BuildVerb object at 0x73dc5ea98880>>)
[1.613s] Level 1:colcon.colcon_core.package_discovery:discover_packages(colcon_meta) check parameters
[1.613s] Level 1:colcon.colcon_core.package_discovery:discover_packages(recursive) check parameters
[1.613s] Level 1:colcon.colcon_core.package_discovery:discover_packages(ignore) check parameters
[1.613s] Level 1:colcon.colcon_core.package_discovery:discover_packages(path) check parameters
[1.613s] Level 1:colcon.colcon_core.package_discovery:discover_packages(colcon_meta) discover
[1.613s] Level 1:colcon.colcon_core.package_discovery:discover_packages(recursive) discover
[1.613s] INFO:colcon.colcon_core.package_discovery:Crawling recursively for packages in '/home/zerda/ros2_ws'
[1.613s] Level 1:colcon.colcon_core.package_identification:_identify(.) by extensions ['ignore', 'ignore_ament_install']
[1.614s] Level 1:colcon.colcon_core.package_identification:_identify(.) by extension 'ignore'
[1.614s] Level 1:colcon.colcon_core.package_identification:_identify(.) by extension 'ignore_ament_install'
[1.614s] Level 1:colcon.colcon_core.package_identification:_identify(.) by extensions ['colcon_pkg']
[1.614s] Level 1:colcon.colcon_core.package_identification:_identify(.) by extension 'colcon_pkg'
[1.614s] Level 1:colcon.colcon_core.package_identification:_identify(.) by extensions ['colcon_meta']
[1.614s] Level 1:colcon.colcon_core.package_identification:_identify(.) by extension 'colcon_meta'
[1.614s] Level 1:colcon.colcon_core.package_identification:_identify(.) by extensions ['ros']
[1.614s] Level 1:colcon.colcon_core.package_identification:_identify(.) by extension 'ros'
[1.647s] Level 1:colcon.colcon_core.package_identification:_identify(.) by extensions ['cmake', 'python']
[1.647s] Level 1:colcon.colcon_core.package_identification:_identify(.) by extension 'cmake'
[1.647s] Level 1:colcon.colcon_core.package_identification:_identify(.) by extension 'python'
[1.647s] Level 1:colcon.colcon_core.package_identification:_identify(.) by extensions ['python_setup_py']
[1.647s] Level 1:colcon.colcon_core.package_identification:_identify(.) by extension 'python_setup_py'
[1.647s] Level 1:colcon.colcon_core.package_identification:_identify(build) by extensions ['ignore', 'ignore_ament_install']
[1.648s] Level 1:colcon.colcon_core.package_identification:_identify(build) by extension 'ignore'
[1.648s] Level 1:colcon.colcon_core.package_identification:_identify(build) ignored
[1.648s] Level 1:colcon.colcon_core.package_identification:_identify(install) by extensions ['ignore', 'ignore_ament_install']
[1.648s] Level 1:colcon.colcon_core.package_identification:_identify(install) by extension 'ignore'
[1.649s] Level 1:colcon.colcon_core.package_identification:_identify(install) ignored
[1.649s] Level 1:colcon.colcon_core.package_identification:_identify(log) by extensions ['ignore', 'ignore_ament_install']
[1.649s] Level 1:colcon.colcon_core.package_identification:_identify(log) by extension 'ignore'
[1.649s] Level 1:colcon.colcon_core.package_identification:_identify(log) ignored
[1.649s] Level 1:colcon.colcon_core.package_identification:_identify(src) by extensions ['ignore', 'ignore_ament_install']
[1.650s] Level 1:colcon.colcon_core.package_identification:_identify(src) by extension 'ignore'
[1.650s] Level 1:colcon.colcon_core.package_identification:_identify(src) by extension 'ignore_ament_install'
[1.650s] Level 1:colcon.colcon_core.package_identification:_identify(src) by extensions ['colcon_pkg']
[1.650s] Level 1:colcon.colcon_core.package_identification:_identify(src) by extension 'colcon_pkg'
[1.650s] Level 1:colcon.colcon_core.package_identification:_identify(src) by extensions ['colcon_meta']
[1.650s] Level 1:colcon.colcon_core.package_identification:_identify(src) by extension 'colcon_meta'
[1.650s] Level 1:colcon.colcon_core.package_identification:_identify(src) by extensions ['ros']
[1.650s] Level 1:colcon.colcon_core.package_identification:_identify(src) by extension 'ros'
[1.650s] Level 1:colcon.colcon_core.package_identification:_identify(src) by extensions ['cmake', 'python']
[1.650s] Level 1:colcon.colcon_core.package_identification:_identify(src) by extension 'cmake'
[1.650s] Level 1:colcon.colcon_core.package_identification:_identify(src) by extension 'python'
[1.651s] Level 1:colcon.colcon_core.package_identification:_identify(src) by extensions ['python_setup_py']
[1.651s] Level 1:colcon.colcon_core.package_identification:_identify(src) by extension 'python_setup_py'
[1.651s] Level 1:colcon.colcon_core.package_identification:_identify(src/YOLOv7_ROS2) by extensions ['ignore', 'ignore_ament_install']
[1.651s] Level 1:colcon.colcon_core.package_identification:_identify(src/YOLOv7_ROS2) by extension 'ignore'
[1.651s] Level 1:colcon.colcon_core.package_identification:_identify(src/YOLOv7_ROS2) by extension 'ignore_ament_install'
[1.651s] Level 1:colcon.colcon_core.package_identification:_identify(src/YOLOv7_ROS2) by extensions ['colcon_pkg']
[1.651s] Level 1:colcon.colcon_core.package_identification:_identify(src/YOLOv7_ROS2) by extension 'colcon_pkg'
[1.651s] Level 1:colcon.colcon_core.package_identification:_identify(src/YOLOv7_ROS2) by extensions ['colcon_meta']
[1.651s] Level 1:colcon.colcon_core.package_identification:_identify(src/YOLOv7_ROS2) by extension 'colcon_meta'
[1.652s] Level 1:colcon.colcon_core.package_identification:_identify(src/YOLOv7_ROS2) by extensions ['ros']
[1.652s] Level 1:colcon.colcon_core.package_identification:_identify(src/YOLOv7_ROS2) by extension 'ros'
[1.652s] Level 1:colcon.colcon_core.package_identification:_identify(src/YOLOv7_ROS2) by extensions ['cmake', 'python']
[1.652s] Level 1:colcon.colcon_core.package_identification:_identify(src/YOLOv7_ROS2) by extension 'cmake'
[1.652s] Level 1:colcon.colcon_core.package_identification:_identify(src/YOLOv7_ROS2) by extension 'python'
[1.652s] Level 1:colcon.colcon_core.package_identification:_identify(src/YOLOv7_ROS2) by extensions ['python_setup_py']
[1.652s] Level 1:colcon.colcon_core.package_identification:_identify(src/YOLOv7_ROS2) by extension 'python_setup_py'
[1.652s] Level 1:colcon.colcon_core.package_identification:_identify(src/YOLOv7_ROS2/object_detection) by extensions ['ignore', 'ignore_ament_install']
[1.652s] Level 1:colcon.colcon_core.package_identification:_identify(src/YOLOv7_ROS2/object_detection) by extension 'ignore'
[1.653s] Level 1:colcon.colcon_core.package_identification:_identify(src/YOLOv7_ROS2/object_detection) by extension 'ignore_ament_install'
[1.653s] Level 1:colcon.colcon_core.package_identification:_identify(src/YOLOv7_ROS2/object_detection) by extensions ['colcon_pkg']
[1.653s] Level 1:colcon.colcon_core.package_identification:_identify(src/YOLOv7_ROS2/object_detection) by extension 'colcon_pkg'
[1.653s] Level 1:colcon.colcon_core.package_identification:_identify(src/YOLOv7_ROS2/object_detection) by extensions ['colcon_meta']
[1.653s] Level 1:colcon.colcon_core.package_identification:_identify(src/YOLOv7_ROS2/object_detection) by extension 'colcon_meta'
[1.653s] Level 1:colcon.colcon_core.package_identification:_identify(src/YOLOv7_ROS2/object_detection) by extensions ['ros']
[1.653s] Level 1:colcon.colcon_core.package_identification:_identify(src/YOLOv7_ROS2/object_detection) by extension 'ros'
[1.658s] DEBUG:colcon.colcon_core.package_identification:Package 'src/YOLOv7_ROS2/object_detection' with type 'ros.ament_python' and name 'object_detection'
[1.658s] Level 1:colcon.colcon_core.package_identification:_identify(src/my_cpp_pkg) by extensions ['ignore', 'ignore_ament_install']
[1.658s] Level 1:colcon.colcon_core.package_identification:_identify(src/my_cpp_pkg) by extension 'ignore'
[1.659s] Level 1:colcon.colcon_core.package_identification:_identify(src/my_cpp_pkg) by extension 'ignore_ament_install'
[1.659s] Level 1:colcon.colcon_core.package_identification:_identify(src/my_cpp_pkg) by extensions ['colcon_pkg']
[1.659s] Level 1:colcon.colcon_core.package_identification:_identify(src/my_cpp_pkg) by extension 'colcon_pkg'
[1.659s] Level 1:colcon.colcon_core.package_identification:_identify(src/my_cpp_pkg) by extensions ['colcon_meta']
[1.659s] Level 1:colcon.colcon_core.package_identification:_identify(src/my_cpp_pkg) by extension 'colcon_meta'
[1.659s] Level 1:colcon.colcon_core.package_identification:_identify(src/my_cpp_pkg) by extensions ['ros']
[1.659s] Level 1:colcon.colcon_core.package_identification:_identify(src/my_cpp_pkg) by extension 'ros'
[1.661s] DEBUG:colcon.colcon_core.package_identification:Package 'src/my_cpp_pkg' with type 'ros.ament_cmake' and name 'my_cpp_pkg'
[1.661s] Level 1:colcon.colcon_core.package_identification:_identify(src/my_py_pkg) by extensions ['ignore', 'ignore_ament_install']
[1.662s] Level 1:colcon.colcon_core.package_identification:_identify(src/my_py_pkg) by extension 'ignore'
[1.662s] Level 1:colcon.colcon_core.package_identification:_identify(src/my_py_pkg) by extension 'ignore_ament_install'
[1.662s] Level 1:colcon.colcon_core.package_identification:_identify(src/my_py_pkg) by extensions ['colcon_pkg']
[1.662s] Level 1:colcon.colcon_core.package_identification:_identify(src/my_py_pkg) by extension 'colcon_pkg'
[1.662s] Level 1:colcon.colcon_core.package_identification:_identify(src/my_py_pkg) by extensions ['colcon_meta']
[1.662s] Level 1:colcon.colcon_core.package_identification:_identify(src/my_py_pkg) by extension 'colcon_meta'
[1.662s] Level 1:colcon.colcon_core.package_identification:_identify(src/my_py_pkg) by extensions ['ros']
[1.662s] Level 1:colcon.colcon_core.package_identification:_identify(src/my_py_pkg) by extension 'ros'
[1.663s] DEBUG:colcon.colcon_core.package_identification:Package 'src/my_py_pkg' with type 'ros.ament_python' and name 'my_py_pkg'
[1.663s] Level 1:colcon.colcon_core.package_discovery:discover_packages(recursive) using defaults
[1.664s] Level 1:colcon.colcon_core.package_discovery:discover_packages(ignore) discover
[1.664s] Level 1:colcon.colcon_core.package_discovery:discover_packages(ignore) using defaults
[1.664s] Level 1:colcon.colcon_core.package_discovery:discover_packages(path) discover
[1.664s] Level 1:colcon.colcon_core.package_discovery:discover_packages(path) using defaults
[1.807s] Level 1:colcon.colcon_core.package_discovery:discover_packages(prefix_path) check parameters
[1.807s] Level 1:colcon.colcon_core.package_discovery:discover_packages(prefix_path) discover
[1.848s] DEBUG:colcon.colcon_installed_package_information.package_discovery:Found 6 installed packages in /home/zerda/ros2_ws/install
[1.869s] DEBUG:colcon.colcon_installed_package_information.package_discovery:Found 88 installed packages in /opt/ros/humble
[1.870s] Level 1:colcon.colcon_core.package_discovery:discover_packages(prefix_path) using defaults
[1.936s] Level 5:colcon.colcon_core.verb:set package 'my_cpp_pkg' build argument 'cmake_args' from command line to 'None'
[1.936s] Level 5:colcon.colcon_core.verb:set package 'my_cpp_pkg' build argument 'cmake_target' from command line to 'None'
[1.936s] Level 5:colcon.colcon_core.verb:set package 'my_cpp_pkg' build argument 'cmake_target_skip_unavailable' from command line to 'False'
[1.936s] Level 5:colcon.colcon_core.verb:set package 'my_cpp_pkg' build argument 'cmake_clean_cache' from command line to 'False'
[1.936s] Level 5:colcon.colcon_core.verb:set package 'my_cpp_pkg' build argument 'cmake_clean_first' from command line to 'False'
[1.936s] Level 5:colcon.colcon_core.verb:set package 'my_cpp_pkg' build argument 'cmake_force_configure' from command line to 'False'
[1.936s] Level 5:colcon.colcon_core.verb:set package 'my_cpp_pkg' build argument 'ament_cmake_args' from command line to 'None'
[1.936s] Level 5:colcon.colcon_core.verb:set package 'my_cpp_pkg' build argument 'catkin_cmake_args' from command line to 'None'
[1.936s] Level 5:colcon.colcon_core.verb:set package 'my_cpp_pkg' build argument 'catkin_skip_building_tests' from command line to 'False'
[1.936s] DEBUG:colcon.colcon_core.verb:Building package 'my_cpp_pkg' with the following arguments: {'ament_cmake_args': None, 'build_base': '/home/zerda/ros2_ws/build/my_cpp_pkg', 'catkin_cmake_args': None, 'catkin_skip_building_tests': False, 'cmake_args': None, 'cmake_clean_cache': False, 'cmake_clean_first': False, 'cmake_force_configure': False, 'cmake_target': None, 'cmake_target_skip_unavailable': False, 'install_base': '/home/zerda/ros2_ws/install/my_cpp_pkg', 'merge_install': False, 'path': '/home/zerda/ros2_ws/src/my_cpp_pkg', 'symlink_install': False, 'test_result_base': None}
[1.956s] Level 5:colcon.colcon_core.verb:set package 'my_py_pkg' build argument 'cmake_args' from command line to 'None'
[1.956s] Level 5:colcon.colcon_core.verb:set package 'my_py_pkg' build argument 'cmake_target' from command line to 'None'
[1.956s] Level 5:colcon.colcon_core.verb:set package 'my_py_pkg' build argument 'cmake_target_skip_unavailable' from command line to 'False'
[1.956s] Level 5:colcon.colcon_core.verb:set package 'my_py_pkg' build argument 'cmake_clean_cache' from command line to 'False'
[1.956s] Level 5:colcon.colcon_core.verb:set package 'my_py_pkg' build argument 'cmake_clean_first' from command line to 'False'
[1.956s] Level 5:colcon.colcon_core.verb:set package 'my_py_pkg' build argument 'cmake_force_configure' from command line to 'False'
[1.956s] Level 5:colcon.colcon_core.verb:set package 'my_py_pkg' build argument 'ament_cmake_args' from command line to 'None'
[1.956s] Level 5:colcon.colcon_core.verb:set package 'my_py_pkg' build argument 'catkin_cmake_args' from command line to 'None'
[1.957s] Level 5:colcon.colcon_core.verb:set package 'my_py_pkg' build argument 'catkin_skip_building_tests' from command line to 'False'
[1.957s] DEBUG:colcon.colcon_core.verb:Building package 'my_py_pkg' with the following arguments: {'ament_cmake_args': None, 'build_base': '/home/zerda/ros2_ws/build/my_py_pkg', 'catkin_cmake_args': None, 'catkin_skip_building_tests': False, 'cmake_args': None, 'cmake_clean_cache': False, 'cmake_clean_first': False, 'cmake_force_configure': False, 'cmake_target': None, 'cmake_target_skip_unavailable': False, 'install_base': '/home/zerda/ros2_ws/install/my_py_pkg', 'merge_install': False, 'path': '/home/zerda/ros2_ws/src/my_py_pkg', 'symlink_install': False, 'test_result_base': None}
[1.976s] Level 5:colcon.colcon_core.verb:set package 'object_detection' build argument 'cmake_args' from command line to 'None'
[1.976s] Level 5:colcon.colcon_core.verb:set package 'object_detection' build argument 'cmake_target' from command line to 'None'
[1.976s] Level 5:colcon.colcon_core.verb:set package 'object_detection' build argument 'cmake_target_skip_unavailable' from command line to 'False'
[1.976s] Level 5:colcon.colcon_core.verb:set package 'object_detection' build argument 'cmake_clean_cache' from command line to 'False'
[1.976s] Level 5:colcon.colcon_core.verb:set package 'object_detection' build argument 'cmake_clean_first' from command line to 'False'
[1.976s] Level 5:colcon.colcon_core.verb:set package 'object_detection' build argument 'cmake_force_configure' from command line to 'False'
[1.976s] Level 5:colcon.colcon_core.verb:set package 'object_detection' build argument 'ament_cmake_args' from command line to 'None'
[1.976s] Level 5:colcon.colcon_core.verb:set package 'object_detection' build argument 'catkin_cmake_args' from command line to 'None'
[1.976s] Level 5:colcon.colcon_core.verb:set package 'object_detection' build argument 'catkin_skip_building_tests' from command line to 'False'
[1.976s] DEBUG:colcon.colcon_core.verb:Building package 'object_detection' with the following arguments: {'ament_cmake_args': None, 'build_base': '/home/zerda/ros2_ws/build/object_detection', 'catkin_cmake_args': None, 'catkin_skip_building_tests': False, 'cmake_args': None, 'cmake_clean_cache': False, 'cmake_clean_first': False, 'cmake_force_configure': False, 'cmake_target': None, 'cmake_target_skip_unavailable': False, 'install_base': '/home/zerda/ros2_ws/install/object_detection', 'merge_install': False, 'path': '/home/zerda/ros2_ws/src/YOLOv7_ROS2/object_detection', 'symlink_install': False, 'test_result_base': None}
[1.995s] INFO:colcon.colcon_core.executor:Executing jobs using 'parallel' executor
[2.016s] DEBUG:colcon.colcon_parallel_executor.executor.parallel:run_until_complete
[2.017s] INFO:colcon.colcon_ros.task.ament_cmake.build:Building ROS package in '/home/zerda/ros2_ws/src/my_cpp_pkg' with build type 'ament_cmake'
[2.017s] INFO:colcon.colcon_cmake.task.cmake.build:Building CMake package in '/home/zerda/ros2_ws/src/my_cpp_pkg'
[2.040s] INFO:colcon.colcon_core.plugin_system:Skipping extension 'colcon_core.shell.bat': Not used on non-Windows systems
[2.040s] INFO:colcon.colcon_core.shell:Skip shell extension 'powershell' for command environment: Not usable outside of PowerShell
[2.040s] DEBUG:colcon.colcon_core.shell:Skip shell extension 'dsv' for command environment
[2.115s] INFO:colcon.colcon_ros.task.ament_python.build:Building ROS package in '/home/zerda/ros2_ws/src/my_py_pkg' with build type 'ament_python'
[2.115s] Level 1:colcon.colcon_core.shell:create_environment_hook('my_py_pkg', 'ament_prefix_path')
[2.140s] INFO:colcon.colcon_core.shell:Creating environment hook '/home/zerda/ros2_ws/install/my_py_pkg/share/my_py_pkg/hook/ament_prefix_path.ps1'
[2.142s] INFO:colcon.colcon_core.shell:Creating environment descriptor '/home/zerda/ros2_ws/install/my_py_pkg/share/my_py_pkg/hook/ament_prefix_path.dsv'
[2.144s] INFO:colcon.colcon_core.shell:Creating environment hook '/home/zerda/ros2_ws/install/my_py_pkg/share/my_py_pkg/hook/ament_prefix_path.sh'
[2.168s] INFO:colcon.colcon_core.shell:Skip shell extension 'powershell' for command environment: Not usable outside of PowerShell
[2.168s] DEBUG:colcon.colcon_core.shell:Skip shell extension 'dsv' for command environment
[2.240s] INFO:colcon.colcon_ros.task.ament_python.build:Building ROS package in '/home/zerda/ros2_ws/src/YOLOv7_ROS2/object_detection' with build type 'ament_python'
[2.240s] Level 1:colcon.colcon_core.shell:create_environment_hook('object_detection', 'ament_prefix_path')
[2.264s] INFO:colcon.colcon_core.shell:Creating environment hook '/home/zerda/ros2_ws/install/object_detection/share/object_detection/hook/ament_prefix_path.ps1'
[2.265s] INFO:colcon.colcon_core.shell:Creating environment descriptor '/home/zerda/ros2_ws/install/object_detection/share/object_detection/hook/ament_prefix_path.dsv'
[2.266s] INFO:colcon.colcon_core.shell:Creating environment hook '/home/zerda/ros2_ws/install/object_detection/share/object_detection/hook/ament_prefix_path.sh'
[2.288s] INFO:colcon.colcon_core.shell:Skip shell extension 'powershell' for command environment: Not usable outside of PowerShell
[2.288s] DEBUG:colcon.colcon_core.shell:Skip shell extension 'dsv' for command environment
[2.372s] DEBUG:colcon.colcon_core.event_handler.log_command:Invoking command in '/home/zerda/ros2_ws/build/my_cpp_pkg': CMAKE_PREFIX_PATH=${CMAKE_PREFIX_PATH}:/home/zerda/ros2_ws/install/my_py_pkg:/home/zerda/ros2_ws/install/challenge1:/opt/ros/humble /usr/bin/cmake --build /home/zerda/ros2_ws/build/my_cpp_pkg -- -j8 -l8
[2.807s] INFO:colcon.colcon_core.task.python.build:Building Python package in '/home/zerda/ros2_ws/src/my_py_pkg'
[2.843s] INFO:colcon.colcon_core.shell:Skip shell extension 'powershell' for command environment: Not usable outside of PowerShell
[2.843s] DEBUG:colcon.colcon_core.shell:Skip shell extension 'dsv' for command environment
[3.326s] INFO:colcon.colcon_core.task.python.build:Building Python package in '/home/zerda/ros2_ws/src/YOLOv7_ROS2/object_detection'
[3.350s] INFO:colcon.colcon_core.shell:Skip shell extension 'powershell' for command environment: Not usable outside of PowerShell
[3.350s] DEBUG:colcon.colcon_core.shell:Skip shell extension 'dsv' for command environment
[4.070s] DEBUG:colcon.colcon_core.event_handler.log_command:Invoked command in '/home/zerda/ros2_ws/build/my_cpp_pkg' returned '2': CMAKE_PREFIX_PATH=${CMAKE_PREFIX_PATH}:/home/zerda/ros2_ws/install/my_py_pkg:/home/zerda/ros2_ws/install/challenge1:/opt/ros/humble /usr/bin/cmake --build /home/zerda/ros2_ws/build/my_cpp_pkg -- -j8 -l8
[4.145s] Level 1:colcon.colcon_core.environment:create_environment_scripts_only(my_cpp_pkg)
[4.175s] Level 1:colcon.colcon_core.environment:checking '/home/zerda/ros2_ws/install/my_cpp_pkg' for CMake module files
[4.186s] Level 1:colcon.colcon_core.environment:checking '/home/zerda/ros2_ws/install/my_cpp_pkg' for CMake config files
[4.187s] Level 1:colcon.colcon_core.shell:create_environment_hook('my_cpp_pkg', 'cmake_prefix_path')
[4.212s] INFO:colcon.colcon_core.shell:Creating environment hook '/home/zerda/ros2_ws/install/my_cpp_pkg/share/my_cpp_pkg/hook/cmake_prefix_path.ps1'
[4.213s] INFO:colcon.colcon_core.shell:Creating environment descriptor '/home/zerda/ros2_ws/install/my_cpp_pkg/share/my_cpp_pkg/hook/cmake_prefix_path.dsv'
[4.214s] INFO:colcon.colcon_core.shell:Creating environment hook '/home/zerda/ros2_ws/install/my_cpp_pkg/share/my_cpp_pkg/hook/cmake_prefix_path.sh'
[4.215s] Level 1:colcon.colcon_core.environment:checking '/home/zerda/ros2_ws/install/my_cpp_pkg/lib'
[4.216s] Level 1:colcon.colcon_core.environment:checking '/home/zerda/ros2_ws/install/my_cpp_pkg/bin'
[4.216s] Level 1:colcon.colcon_core.environment:checking '/home/zerda/ros2_ws/install/my_cpp_pkg/lib/pkgconfig/my_cpp_pkg.pc'
[4.217s] Level 1:colcon.colcon_core.environment:checking '/home/zerda/ros2_ws/install/my_cpp_pkg/lib/python3.10/site-packages'
[4.218s] Level 1:colcon.colcon_core.environment:checking '/home/zerda/ros2_ws/install/my_cpp_pkg/bin'
[4.243s] INFO:colcon.colcon_core.shell:Creating package script '/home/zerda/ros2_ws/install/my_cpp_pkg/share/my_cpp_pkg/package.ps1'
[4.245s] INFO:colcon.colcon_core.shell:Creating package descriptor '/home/zerda/ros2_ws/install/my_cpp_pkg/share/my_cpp_pkg/package.dsv'
[4.247s] INFO:colcon.colcon_core.shell:Creating package script '/home/zerda/ros2_ws/install/my_cpp_pkg/share/my_cpp_pkg/package.sh'
[4.248s] INFO:colcon.colcon_core.shell:Creating package script '/home/zerda/ros2_ws/install/my_cpp_pkg/share/my_cpp_pkg/package.bash'
[4.250s] INFO:colcon.colcon_core.shell:Creating package script '/home/zerda/ros2_ws/install/my_cpp_pkg/share/my_cpp_pkg/package.zsh'
[4.252s] Level 1:colcon.colcon_core.environment:create_file_with_runtime_dependencies(/home/zerda/ros2_ws/install/my_cpp_pkg/share/colcon-core/packages/my_cpp_pkg)
[4.441s] DEBUG:colcon.colcon_parallel_executor.executor.parallel:closing loop
[4.441s] DEBUG:colcon.colcon_parallel_executor.executor.parallel:loop closed
[4.441s] DEBUG:colcon.colcon_parallel_executor.executor.parallel:run_until_complete finished with '2'
[4.442s] DEBUG:colcon.colcon_core.event_reactor:joining thread
[4.474s] INFO:colcon.colcon_core.plugin_system:Skipping extension 'colcon_notification.desktop_notification.terminal_notifier': Not used on non-Darwin systems
[4.474s] INFO:colcon.colcon_core.plugin_system:Skipping extension 'colcon_notification.desktop_notification.win32': Not used on non-Windows systems
[4.474s] INFO:colcon.colcon_notification.desktop_notification:Sending desktop notification using 'notify2'
[4.497s] DEBUG:colcon.colcon_core.event_reactor:joined thread
[4.519s] INFO:colcon.colcon_core.shell:Creating prefix script '/home/zerda/ros2_ws/install/local_setup.ps1'
[4.521s] INFO:colcon.colcon_core.shell:Creating prefix util module '/home/zerda/ros2_ws/install/_local_setup_util_ps1.py'
[4.524s] INFO:colcon.colcon_core.shell:Creating prefix chain script '/home/zerda/ros2_ws/install/setup.ps1'
[4.548s] INFO:colcon.colcon_core.shell:Creating prefix script '/home/zerda/ros2_ws/install/local_setup.sh'
[4.550s] INFO:colcon.colcon_core.shell:Creating prefix util module '/home/zerda/ros2_ws/install/_local_setup_util_sh.py'
[4.551s] INFO:colcon.colcon_core.shell:Creating prefix chain script '/home/zerda/ros2_ws/install/setup.sh'
[4.575s] INFO:colcon.colcon_core.shell:Creating prefix script '/home/zerda/ros2_ws/install/local_setup.bash'
[4.576s] INFO:colcon.colcon_core.shell:Creating prefix chain script '/home/zerda/ros2_ws/install/setup.bash'
[4.599s] INFO:colcon.colcon_core.shell:Creating prefix script '/home/zerda/ros2_ws/install/local_setup.zsh'
[4.600s] INFO:colcon.colcon_core.shell:Creating prefix chain script '/home/zerda/ros2_ws/install/setup.zsh'
