[1.886s] Invoking command in '/home/zerda/ros2_ws/src/car_detector': PYTHONPATH=/home/zerda/ros2_ws/build/car_detector/prefix_override:/home/zerda/ros2_ws/install/car_detector/lib/python3.10/site-packages:${PYTHONPATH} /usr/bin/python3 -W ignore:setup.py install is deprecated setup.py egg_info --egg-base ../../build/car_detector build --build-base /home/zerda/ros2_ws/build/car_detector/build install --record /home/zerda/ros2_ws/build/car_detector/install.log --single-version-externally-managed install_data
[2.404s] running egg_info
[2.438s] writing ../../build/car_detector/car_detector.egg-info/PKG-INFO
[2.439s] writing dependency_links to ../../build/car_detector/car_detector.egg-info/dependency_links.txt
[2.439s] writing entry points to ../../build/car_detector/car_detector.egg-info/entry_points.txt
[2.439s] writing requirements to ../../build/car_detector/car_detector.egg-info/requires.txt
[2.439s] writing top-level names to ../../build/car_detector/car_detector.egg-info/top_level.txt
[2.507s] reading manifest file '../../build/car_detector/car_detector.egg-info/SOURCES.txt'
[2.509s] writing manifest file '../../build/car_detector/car_detector.egg-info/SOURCES.txt'
[2.509s] running build
[2.509s] running build_py
[2.510s] copying car_detector/__init__.py -> /home/zerda/ros2_ws/build/car_detector/build/lib/car_detector
[2.510s] copying car_detector/camera_pub.py -> /home/zerda/ros2_ws/build/car_detector/build/lib/car_detector
[2.510s] copying car_detector/car_detection.py -> /home/zerda/ros2_ws/build/car_detector/build/lib/car_detector
[2.511s] running install
[2.522s] running install_lib
[2.556s] copying /home/zerda/ros2_ws/build/car_detector/build/lib/car_detector/camera_pub.py -> /home/zerda/ros2_ws/install/car_detector/lib/python3.10/site-packages/car_detector
[2.558s] byte-compiling /home/zerda/ros2_ws/install/car_detector/lib/python3.10/site-packages/car_detector/camera_pub.py to camera_pub.cpython-310.pyc
[2.559s] running install_data
[2.559s] copying resource/car_detector -> /home/zerda/ros2_ws/install/car_detector/share/ament_index/resource_index/packages
[2.559s] copying package.xml -> /home/zerda/ros2_ws/install/car_detector/share/car_detector
[2.560s] copying launch/camera_car_detection.launch.py -> /home/zerda/ros2_ws/install/car_detector/share/car_detector/launch
[2.560s] copying data/best.pt -> /home/zerda/ros2_ws/install/car_detector/share/car_detector/data
[2.788s] running install_egg_info
[2.825s] removing '/home/zerda/ros2_ws/install/car_detector/lib/python3.10/site-packages/car_detector-0.0.0-py3.10.egg-info' (and everything under it)
[2.825s] Copying ../../build/car_detector/car_detector.egg-info to /home/zerda/ros2_ws/install/car_detector/lib/python3.10/site-packages/car_detector-0.0.0-py3.10.egg-info
[2.827s] running install_scripts
[3.134s] Installing camera_publisher script to /home/zerda/ros2_ws/install/car_detector/lib/car_detector
[3.134s] Installing car_detection script to /home/zerda/ros2_ws/install/car_detector/lib/car_detector
[3.135s] writing list of installed files to '/home/zerda/ros2_ws/build/car_detector/install.log'
[3.186s] Invoked command in '/home/zerda/ros2_ws/src/car_detector' returned '0': PYTHONPATH=/home/zerda/ros2_ws/build/car_detector/prefix_override:/home/zerda/ros2_ws/install/car_detector/lib/python3.10/site-packages:${PYTHONPATH} /usr/bin/python3 -W ignore:setup.py install is deprecated setup.py egg_info --egg-base ../../build/car_detector build --build-base /home/zerda/ros2_ws/build/car_detector/build install --record /home/zerda/ros2_ws/build/car_detector/install.log --single-version-externally-managed install_data
