[0.028s] Invoking command in '/home/zerda/ros2_ws/build/yolov8_msgs': CMAKE_PREFIX_PATH=${CMAKE_PREFIX_PATH}:/home/zerda/ros2_ws/install/yolov8_detection:/home/zerda/ros2_ws/install/object_detection:/home/zerda/ros2_ws/install/my_py_pkg:/home/zerda/ros2_ws/install/my_object_detection_pkg:/home/zerda/ros2_ws/install/challenge1:/home/zerda/ros2_ws/install/car_detection:/opt/ros/humble /usr/bin/cmake --build /home/zerda/ros2_ws/build/yolov8_msgs -- -j8 -l8
[0.127s] [  2%] Built target yolov8_msgs__cpp
[0.132s] [ 12%] Built target yolov8_msgs__rosidl_generator_c
[0.166s] [ 12%] Built target ament_cmake_python_copy_yolov8_msgs
[0.201s] [ 23%] Built target yolov8_msgs__rosidl_typesupport_cpp
[0.204s] [ 33%] Built target yolov8_msgs__rosidl_typesupport_fastrtps_cpp
[0.205s] [ 43%] Built target yolov8_msgs__rosidl_typesupport_c
[0.208s] [ 53%] Built target yolov8_msgs__rosidl_typesupport_introspection_c
[0.211s] [ 64%] Built target yolov8_msgs__rosidl_typesupport_fastrtps_c
[0.215s] [ 74%] Built target yolov8_msgs__rosidl_typesupport_introspection_cpp
[0.266s] [ 74%] Built target yolov8_msgs
[0.312s] [ 76%] Built target yolov8_msgs__py
[0.360s] [ 84%] Built target yolov8_msgs__rosidl_generator_py
[0.412s] [ 89%] Built target yolov8_msgs__rosidl_typesupport_c__pyext
[0.419s] [ 94%] Built target yolov8_msgs__rosidl_typesupport_introspection_c__pyext
[0.424s] [100%] Built target yolov8_msgs__rosidl_typesupport_fastrtps_c__pyext
[0.676s] running egg_info
[0.711s] writing yolov8_msgs.egg-info/PKG-INFO
[0.712s] writing dependency_links to yolov8_msgs.egg-info/dependency_links.txt
[0.713s] writing top-level names to yolov8_msgs.egg-info/top_level.txt
[0.819s] reading manifest file 'yolov8_msgs.egg-info/SOURCES.txt'
[0.820s] writing manifest file 'yolov8_msgs.egg-info/SOURCES.txt'
[0.872s] [100%] Built target ament_cmake_python_build_yolov8_msgs_egg
[0.897s] Invoked command in '/home/zerda/ros2_ws/build/yolov8_msgs' returned '0': CMAKE_PREFIX_PATH=${CMAKE_PREFIX_PATH}:/home/zerda/ros2_ws/install/yolov8_detection:/home/zerda/ros2_ws/install/object_detection:/home/zerda/ros2_ws/install/my_py_pkg:/home/zerda/ros2_ws/install/my_object_detection_pkg:/home/zerda/ros2_ws/install/challenge1:/home/zerda/ros2_ws/install/car_detection:/opt/ros/humble /usr/bin/cmake --build /home/zerda/ros2_ws/build/yolov8_msgs -- -j8 -l8
[1.059s] Invoking command in '/home/zerda/ros2_ws/build/yolov8_msgs': CMAKE_PREFIX_PATH=${CMAKE_PREFIX_PATH}:/home/zerda/ros2_ws/install/yolov8_detection:/home/zerda/ros2_ws/install/object_detection:/home/zerda/ros2_ws/install/my_py_pkg:/home/zerda/ros2_ws/install/my_object_detection_pkg:/home/zerda/ros2_ws/install/challenge1:/home/zerda/ros2_ws/install/car_detection:/opt/ros/humble /usr/bin/cmake --install /home/zerda/ros2_ws/build/yolov8_msgs
[1.074s] -- Install configuration: ""
[1.075s] -- Up-to-date: /home/zerda/ros2_ws/install/yolov8_msgs/share/ament_index/resource_index/rosidl_interfaces/yolov8_msgs
[1.075s] -- Up-to-date: /home/zerda/ros2_ws/install/yolov8_msgs/include/yolov8_msgs/yolov8_msgs
[1.076s] -- Up-to-date: /home/zerda/ros2_ws/install/yolov8_msgs/include/yolov8_msgs/yolov8_msgs/msg
[1.076s] -- Up-to-date: /home/zerda/ros2_ws/install/yolov8_msgs/include/yolov8_msgs/yolov8_msgs/msg/inference_result.h
[1.076s] -- Up-to-date: /home/zerda/ros2_ws/install/yolov8_msgs/include/yolov8_msgs/yolov8_msgs/msg/detail
[1.076s] -- Up-to-date: /home/zerda/ros2_ws/install/yolov8_msgs/include/yolov8_msgs/yolov8_msgs/msg/detail/inference_result__functions.h
[1.077s] -- Up-to-date: /home/zerda/ros2_ws/install/yolov8_msgs/include/yolov8_msgs/yolov8_msgs/msg/detail/inference_result__type_support.h
[1.077s] -- Up-to-date: /home/zerda/ros2_ws/install/yolov8_msgs/include/yolov8_msgs/yolov8_msgs/msg/detail/inference_result__struct.h
[1.077s] -- Up-to-date: /home/zerda/ros2_ws/install/yolov8_msgs/include/yolov8_msgs/yolov8_msgs/msg/detail/yolov8_inference__type_support.h
[1.077s] -- Up-to-date: /home/zerda/ros2_ws/install/yolov8_msgs/include/yolov8_msgs/yolov8_msgs/msg/detail/yolov8_inference__struct.h
[1.078s] -- Up-to-date: /home/zerda/ros2_ws/install/yolov8_msgs/include/yolov8_msgs/yolov8_msgs/msg/detail/yolov8_inference__functions.c
[1.078s] -- Up-to-date: /home/zerda/ros2_ws/install/yolov8_msgs/include/yolov8_msgs/yolov8_msgs/msg/detail/inference_result__functions.c
[1.078s] -- Up-to-date: /home/zerda/ros2_ws/install/yolov8_msgs/include/yolov8_msgs/yolov8_msgs/msg/detail/yolov8_inference__functions.h
[1.079s] -- Up-to-date: /home/zerda/ros2_ws/install/yolov8_msgs/include/yolov8_msgs/yolov8_msgs/msg/yolov8_inference.h
[1.079s] -- Up-to-date: /home/zerda/ros2_ws/install/yolov8_msgs/include/yolov8_msgs/yolov8_msgs/msg/rosidl_generator_c__visibility_control.h
[1.079s] -- Up-to-date: /home/zerda/ros2_ws/install/yolov8_msgs/share/yolov8_msgs/environment/library_path.sh
[1.080s] -- Up-to-date: /home/zerda/ros2_ws/install/yolov8_msgs/share/yolov8_msgs/environment/library_path.dsv
[1.080s] -- Up-to-date: /home/zerda/ros2_ws/install/yolov8_msgs/lib/libyolov8_msgs__rosidl_generator_c.so
[1.080s] -- Up-to-date: /home/zerda/ros2_ws/install/yolov8_msgs/include/yolov8_msgs/yolov8_msgs
[1.080s] -- Up-to-date: /home/zerda/ros2_ws/install/yolov8_msgs/include/yolov8_msgs/yolov8_msgs/msg
[1.081s] -- Up-to-date: /home/zerda/ros2_ws/install/yolov8_msgs/include/yolov8_msgs/yolov8_msgs/msg/detail
[1.081s] -- Up-to-date: /home/zerda/ros2_ws/install/yolov8_msgs/include/yolov8_msgs/yolov8_msgs/msg/detail/yolov8_inference__rosidl_typesupport_fastrtps_c.h
[1.081s] -- Up-to-date: /home/zerda/ros2_ws/install/yolov8_msgs/include/yolov8_msgs/yolov8_msgs/msg/detail/inference_result__rosidl_typesupport_fastrtps_c.h
[1.081s] -- Up-to-date: /home/zerda/ros2_ws/install/yolov8_msgs/include/yolov8_msgs/yolov8_msgs/msg/rosidl_typesupport_fastrtps_c__visibility_control.h
[1.082s] -- Up-to-date: /home/zerda/ros2_ws/install/yolov8_msgs/lib/libyolov8_msgs__rosidl_typesupport_fastrtps_c.so
[1.082s] -- Up-to-date: /home/zerda/ros2_ws/install/yolov8_msgs/include/yolov8_msgs/yolov8_msgs
[1.082s] -- Up-to-date: /home/zerda/ros2_ws/install/yolov8_msgs/include/yolov8_msgs/yolov8_msgs/msg
[1.083s] -- Up-to-date: /home/zerda/ros2_ws/install/yolov8_msgs/include/yolov8_msgs/yolov8_msgs/msg/yolov8_inference.hpp
[1.083s] -- Up-to-date: /home/zerda/ros2_ws/install/yolov8_msgs/include/yolov8_msgs/yolov8_msgs/msg/detail
[1.083s] -- Up-to-date: /home/zerda/ros2_ws/install/yolov8_msgs/include/yolov8_msgs/yolov8_msgs/msg/detail/yolov8_inference__traits.hpp
[1.083s] -- Up-to-date: /home/zerda/ros2_ws/install/yolov8_msgs/include/yolov8_msgs/yolov8_msgs/msg/detail/inference_result__builder.hpp
[1.084s] -- Up-to-date: /home/zerda/ros2_ws/install/yolov8_msgs/include/yolov8_msgs/yolov8_msgs/msg/detail/inference_result__traits.hpp
[1.084s] -- Up-to-date: /home/zerda/ros2_ws/install/yolov8_msgs/include/yolov8_msgs/yolov8_msgs/msg/detail/yolov8_inference__builder.hpp
[1.084s] -- Up-to-date: /home/zerda/ros2_ws/install/yolov8_msgs/include/yolov8_msgs/yolov8_msgs/msg/detail/yolov8_inference__struct.hpp
[1.084s] -- Up-to-date: /home/zerda/ros2_ws/install/yolov8_msgs/include/yolov8_msgs/yolov8_msgs/msg/detail/inference_result__struct.hpp
[1.085s] -- Up-to-date: /home/zerda/ros2_ws/install/yolov8_msgs/include/yolov8_msgs/yolov8_msgs/msg/inference_result.hpp
[1.085s] -- Up-to-date: /home/zerda/ros2_ws/install/yolov8_msgs/include/yolov8_msgs/yolov8_msgs
[1.085s] -- Up-to-date: /home/zerda/ros2_ws/install/yolov8_msgs/include/yolov8_msgs/yolov8_msgs/msg
[1.086s] -- Up-to-date: /home/zerda/ros2_ws/install/yolov8_msgs/include/yolov8_msgs/yolov8_msgs/msg/rosidl_typesupport_fastrtps_cpp__visibility_control.h
[1.086s] -- Up-to-date: /home/zerda/ros2_ws/install/yolov8_msgs/include/yolov8_msgs/yolov8_msgs/msg/detail
[1.086s] -- Up-to-date: /home/zerda/ros2_ws/install/yolov8_msgs/include/yolov8_msgs/yolov8_msgs/msg/detail/yolov8_inference__rosidl_typesupport_fastrtps_cpp.hpp
[1.086s] -- Up-to-date: /home/zerda/ros2_ws/install/yolov8_msgs/include/yolov8_msgs/yolov8_msgs/msg/detail/inference_result__rosidl_typesupport_fastrtps_cpp.hpp
[1.087s] -- Up-to-date: /home/zerda/ros2_ws/install/yolov8_msgs/include/yolov8_msgs/yolov8_msgs/msg/detail/dds_fastrtps
[1.087s] -- Up-to-date: /home/zerda/ros2_ws/install/yolov8_msgs/lib/libyolov8_msgs__rosidl_typesupport_fastrtps_cpp.so
[1.087s] -- Up-to-date: /home/zerda/ros2_ws/install/yolov8_msgs/include/yolov8_msgs/yolov8_msgs
[1.088s] -- Up-to-date: /home/zerda/ros2_ws/install/yolov8_msgs/include/yolov8_msgs/yolov8_msgs/msg
[1.088s] -- Up-to-date: /home/zerda/ros2_ws/install/yolov8_msgs/include/yolov8_msgs/yolov8_msgs/msg/rosidl_typesupport_introspection_c__visibility_control.h
[1.088s] -- Up-to-date: /home/zerda/ros2_ws/install/yolov8_msgs/include/yolov8_msgs/yolov8_msgs/msg/detail
[1.089s] -- Up-to-date: /home/zerda/ros2_ws/install/yolov8_msgs/include/yolov8_msgs/yolov8_msgs/msg/detail/yolov8_inference__rosidl_typesupport_introspection_c.h
[1.089s] -- Up-to-date: /home/zerda/ros2_ws/install/yolov8_msgs/include/yolov8_msgs/yolov8_msgs/msg/detail/inference_result__rosidl_typesupport_introspection_c.h
[1.089s] -- Up-to-date: /home/zerda/ros2_ws/install/yolov8_msgs/include/yolov8_msgs/yolov8_msgs/msg/detail/inference_result__type_support.c
[1.089s] -- Up-to-date: /home/zerda/ros2_ws/install/yolov8_msgs/include/yolov8_msgs/yolov8_msgs/msg/detail/yolov8_inference__type_support.c
[1.090s] -- Up-to-date: /home/zerda/ros2_ws/install/yolov8_msgs/lib/libyolov8_msgs__rosidl_typesupport_introspection_c.so
[1.090s] -- Up-to-date: /home/zerda/ros2_ws/install/yolov8_msgs/lib/libyolov8_msgs__rosidl_typesupport_c.so
[1.090s] -- Up-to-date: /home/zerda/ros2_ws/install/yolov8_msgs/include/yolov8_msgs/yolov8_msgs
[1.090s] -- Up-to-date: /home/zerda/ros2_ws/install/yolov8_msgs/include/yolov8_msgs/yolov8_msgs/msg
[1.090s] -- Up-to-date: /home/zerda/ros2_ws/install/yolov8_msgs/include/yolov8_msgs/yolov8_msgs/msg/detail
[1.090s] -- Up-to-date: /home/zerda/ros2_ws/install/yolov8_msgs/include/yolov8_msgs/yolov8_msgs/msg/detail/inference_result__rosidl_typesupport_introspection_cpp.hpp
[1.090s] -- Up-to-date: /home/zerda/ros2_ws/install/yolov8_msgs/include/yolov8_msgs/yolov8_msgs/msg/detail/yolov8_inference__type_support.cpp
[1.090s] -- Up-to-date: /home/zerda/ros2_ws/install/yolov8_msgs/include/yolov8_msgs/yolov8_msgs/msg/detail/inference_result__type_support.cpp
[1.091s] -- Up-to-date: /home/zerda/ros2_ws/install/yolov8_msgs/include/yolov8_msgs/yolov8_msgs/msg/detail/yolov8_inference__rosidl_typesupport_introspection_cpp.hpp
[1.091s] -- Up-to-date: /home/zerda/ros2_ws/install/yolov8_msgs/lib/libyolov8_msgs__rosidl_typesupport_introspection_cpp.so
[1.091s] -- Up-to-date: /home/zerda/ros2_ws/install/yolov8_msgs/lib/libyolov8_msgs__rosidl_typesupport_cpp.so
[1.091s] -- Up-to-date: /home/zerda/ros2_ws/install/yolov8_msgs/share/yolov8_msgs/environment/pythonpath.sh
[1.091s] -- Up-to-date: /home/zerda/ros2_ws/install/yolov8_msgs/share/yolov8_msgs/environment/pythonpath.dsv
[1.091s] -- Up-to-date: /home/zerda/ros2_ws/install/yolov8_msgs/local/lib/python3.10/dist-packages/yolov8_msgs-0.0.0-py3.10.egg-info
[1.091s] -- Installing: /home/zerda/ros2_ws/install/yolov8_msgs/local/lib/python3.10/dist-packages/yolov8_msgs-0.0.0-py3.10.egg-info/top_level.txt
[1.091s] -- Installing: /home/zerda/ros2_ws/install/yolov8_msgs/local/lib/python3.10/dist-packages/yolov8_msgs-0.0.0-py3.10.egg-info/dependency_links.txt
[1.092s] -- Installing: /home/zerda/ros2_ws/install/yolov8_msgs/local/lib/python3.10/dist-packages/yolov8_msgs-0.0.0-py3.10.egg-info/PKG-INFO
[1.092s] -- Installing: /home/zerda/ros2_ws/install/yolov8_msgs/local/lib/python3.10/dist-packages/yolov8_msgs-0.0.0-py3.10.egg-info/SOURCES.txt
[1.092s] -- Up-to-date: /home/zerda/ros2_ws/install/yolov8_msgs/local/lib/python3.10/dist-packages/yolov8_msgs
[1.092s] -- Up-to-date: /home/zerda/ros2_ws/install/yolov8_msgs/local/lib/python3.10/dist-packages/yolov8_msgs/yolov8_msgs_s__rosidl_typesupport_c.cpython-310-x86_64-linux-gnu.so
[1.092s] -- Up-to-date: /home/zerda/ros2_ws/install/yolov8_msgs/local/lib/python3.10/dist-packages/yolov8_msgs/__init__.py
[1.092s] -- Up-to-date: /home/zerda/ros2_ws/install/yolov8_msgs/local/lib/python3.10/dist-packages/yolov8_msgs/_yolov8_msgs_s.ep.rosidl_typesupport_c.c
[1.092s] -- Up-to-date: /home/zerda/ros2_ws/install/yolov8_msgs/local/lib/python3.10/dist-packages/yolov8_msgs/yolov8_msgs_s__rosidl_typesupport_fastrtps_c.cpython-310-x86_64-linux-gnu.so
[1.092s] -- Up-to-date: /home/zerda/ros2_ws/install/yolov8_msgs/local/lib/python3.10/dist-packages/yolov8_msgs/libyolov8_msgs__rosidl_generator_py.so
[1.093s] -- Up-to-date: /home/zerda/ros2_ws/install/yolov8_msgs/local/lib/python3.10/dist-packages/yolov8_msgs/_yolov8_msgs_s.ep.rosidl_typesupport_fastrtps_c.c
[1.093s] -- Up-to-date: /home/zerda/ros2_ws/install/yolov8_msgs/local/lib/python3.10/dist-packages/yolov8_msgs/_yolov8_msgs_s.ep.rosidl_typesupport_introspection_c.c
[1.093s] -- Up-to-date: /home/zerda/ros2_ws/install/yolov8_msgs/local/lib/python3.10/dist-packages/yolov8_msgs/yolov8_msgs_s__rosidl_typesupport_introspection_c.cpython-310-x86_64-linux-gnu.so
[1.093s] -- Up-to-date: /home/zerda/ros2_ws/install/yolov8_msgs/local/lib/python3.10/dist-packages/yolov8_msgs/msg
[1.093s] -- Up-to-date: /home/zerda/ros2_ws/install/yolov8_msgs/local/lib/python3.10/dist-packages/yolov8_msgs/msg/__init__.py
[1.093s] -- Up-to-date: /home/zerda/ros2_ws/install/yolov8_msgs/local/lib/python3.10/dist-packages/yolov8_msgs/msg/_yolov8_inference.py
[1.093s] -- Up-to-date: /home/zerda/ros2_ws/install/yolov8_msgs/local/lib/python3.10/dist-packages/yolov8_msgs/msg/_inference_result.py
[1.093s] -- Up-to-date: /home/zerda/ros2_ws/install/yolov8_msgs/local/lib/python3.10/dist-packages/yolov8_msgs/msg/_yolov8_inference_s.c
[1.094s] -- Up-to-date: /home/zerda/ros2_ws/install/yolov8_msgs/local/lib/python3.10/dist-packages/yolov8_msgs/msg/_inference_result_s.c
[1.178s] Listing '/home/zerda/ros2_ws/install/yolov8_msgs/local/lib/python3.10/dist-packages/yolov8_msgs'...
[1.178s] Listing '/home/zerda/ros2_ws/install/yolov8_msgs/local/lib/python3.10/dist-packages/yolov8_msgs/msg'...
[1.187s] -- Up-to-date: /home/zerda/ros2_ws/install/yolov8_msgs/local/lib/python3.10/dist-packages/yolov8_msgs/yolov8_msgs_s__rosidl_typesupport_fastrtps_c.cpython-310-x86_64-linux-gnu.so
[1.188s] -- Up-to-date: /home/zerda/ros2_ws/install/yolov8_msgs/local/lib/python3.10/dist-packages/yolov8_msgs/yolov8_msgs_s__rosidl_typesupport_introspection_c.cpython-310-x86_64-linux-gnu.so
[1.188s] -- Up-to-date: /home/zerda/ros2_ws/install/yolov8_msgs/local/lib/python3.10/dist-packages/yolov8_msgs/yolov8_msgs_s__rosidl_typesupport_c.cpython-310-x86_64-linux-gnu.so
[1.189s] -- Up-to-date: /home/zerda/ros2_ws/install/yolov8_msgs/lib/libyolov8_msgs__rosidl_generator_py.so
[1.189s] -- Up-to-date: /home/zerda/ros2_ws/install/yolov8_msgs/share/yolov8_msgs/msg/InferenceResult.idl
[1.190s] -- Up-to-date: /home/zerda/ros2_ws/install/yolov8_msgs/share/yolov8_msgs/msg/Yolov8Inference.idl
[1.190s] -- Up-to-date: /home/zerda/ros2_ws/install/yolov8_msgs/share/yolov8_msgs/msg/InferenceResult.msg
[1.190s] -- Up-to-date: /home/zerda/ros2_ws/install/yolov8_msgs/share/yolov8_msgs/msg/Yolov8Inference.msg
[1.191s] -- Up-to-date: /home/zerda/ros2_ws/install/yolov8_msgs/share/ament_index/resource_index/package_run_dependencies/yolov8_msgs
[1.191s] -- Up-to-date: /home/zerda/ros2_ws/install/yolov8_msgs/share/ament_index/resource_index/parent_prefix_path/yolov8_msgs
[1.191s] -- Up-to-date: /home/zerda/ros2_ws/install/yolov8_msgs/share/yolov8_msgs/environment/ament_prefix_path.sh
[1.191s] -- Up-to-date: /home/zerda/ros2_ws/install/yolov8_msgs/share/yolov8_msgs/environment/ament_prefix_path.dsv
[1.192s] -- Up-to-date: /home/zerda/ros2_ws/install/yolov8_msgs/share/yolov8_msgs/environment/path.sh
[1.192s] -- Up-to-date: /home/zerda/ros2_ws/install/yolov8_msgs/share/yolov8_msgs/environment/path.dsv
[1.192s] -- Up-to-date: /home/zerda/ros2_ws/install/yolov8_msgs/share/yolov8_msgs/local_setup.bash
[1.193s] -- Up-to-date: /home/zerda/ros2_ws/install/yolov8_msgs/share/yolov8_msgs/local_setup.sh
[1.193s] -- Up-to-date: /home/zerda/ros2_ws/install/yolov8_msgs/share/yolov8_msgs/local_setup.zsh
[1.193s] -- Up-to-date: /home/zerda/ros2_ws/install/yolov8_msgs/share/yolov8_msgs/local_setup.dsv
[1.193s] -- Installing: /home/zerda/ros2_ws/install/yolov8_msgs/share/yolov8_msgs/package.dsv
[1.194s] -- Up-to-date: /home/zerda/ros2_ws/install/yolov8_msgs/share/ament_index/resource_index/packages/yolov8_msgs
[1.194s] -- Up-to-date: /home/zerda/ros2_ws/install/yolov8_msgs/share/yolov8_msgs/cmake/export_yolov8_msgs__rosidl_generator_cExport.cmake
[1.194s] -- Up-to-date: /home/zerda/ros2_ws/install/yolov8_msgs/share/yolov8_msgs/cmake/export_yolov8_msgs__rosidl_generator_cExport-noconfig.cmake
[1.194s] -- Up-to-date: /home/zerda/ros2_ws/install/yolov8_msgs/share/yolov8_msgs/cmake/export_yolov8_msgs__rosidl_typesupport_fastrtps_cExport.cmake
[1.194s] -- Up-to-date: /home/zerda/ros2_ws/install/yolov8_msgs/share/yolov8_msgs/cmake/export_yolov8_msgs__rosidl_typesupport_fastrtps_cExport-noconfig.cmake
[1.195s] -- Up-to-date: /home/zerda/ros2_ws/install/yolov8_msgs/share/yolov8_msgs/cmake/export_yolov8_msgs__rosidl_generator_cppExport.cmake
[1.195s] -- Up-to-date: /home/zerda/ros2_ws/install/yolov8_msgs/share/yolov8_msgs/cmake/export_yolov8_msgs__rosidl_typesupport_fastrtps_cppExport.cmake
[1.195s] -- Up-to-date: /home/zerda/ros2_ws/install/yolov8_msgs/share/yolov8_msgs/cmake/export_yolov8_msgs__rosidl_typesupport_fastrtps_cppExport-noconfig.cmake
[1.195s] -- Up-to-date: /home/zerda/ros2_ws/install/yolov8_msgs/share/yolov8_msgs/cmake/yolov8_msgs__rosidl_typesupport_introspection_cExport.cmake
[1.196s] -- Up-to-date: /home/zerda/ros2_ws/install/yolov8_msgs/share/yolov8_msgs/cmake/yolov8_msgs__rosidl_typesupport_introspection_cExport-noconfig.cmake
[1.197s] -- Up-to-date: /home/zerda/ros2_ws/install/yolov8_msgs/share/yolov8_msgs/cmake/yolov8_msgs__rosidl_typesupport_cExport.cmake
[1.198s] -- Up-to-date: /home/zerda/ros2_ws/install/yolov8_msgs/share/yolov8_msgs/cmake/yolov8_msgs__rosidl_typesupport_cExport-noconfig.cmake
[1.198s] -- Up-to-date: /home/zerda/ros2_ws/install/yolov8_msgs/share/yolov8_msgs/cmake/yolov8_msgs__rosidl_typesupport_introspection_cppExport.cmake
[1.199s] -- Up-to-date: /home/zerda/ros2_ws/install/yolov8_msgs/share/yolov8_msgs/cmake/yolov8_msgs__rosidl_typesupport_introspection_cppExport-noconfig.cmake
[1.199s] -- Up-to-date: /home/zerda/ros2_ws/install/yolov8_msgs/share/yolov8_msgs/cmake/yolov8_msgs__rosidl_typesupport_cppExport.cmake
[1.200s] -- Up-to-date: /home/zerda/ros2_ws/install/yolov8_msgs/share/yolov8_msgs/cmake/yolov8_msgs__rosidl_typesupport_cppExport-noconfig.cmake
[1.200s] -- Up-to-date: /home/zerda/ros2_ws/install/yolov8_msgs/share/yolov8_msgs/cmake/export_yolov8_msgs__rosidl_generator_pyExport.cmake
[1.201s] -- Up-to-date: /home/zerda/ros2_ws/install/yolov8_msgs/share/yolov8_msgs/cmake/export_yolov8_msgs__rosidl_generator_pyExport-noconfig.cmake
[1.201s] -- Up-to-date: /home/zerda/ros2_ws/install/yolov8_msgs/share/yolov8_msgs/cmake/rosidl_cmake-extras.cmake
[1.201s] -- Up-to-date: /home/zerda/ros2_ws/install/yolov8_msgs/share/yolov8_msgs/cmake/ament_cmake_export_dependencies-extras.cmake
[1.201s] -- Up-to-date: /home/zerda/ros2_ws/install/yolov8_msgs/share/yolov8_msgs/cmake/ament_cmake_export_include_directories-extras.cmake
[1.202s] -- Up-to-date: /home/zerda/ros2_ws/install/yolov8_msgs/share/yolov8_msgs/cmake/ament_cmake_export_libraries-extras.cmake
[1.202s] -- Up-to-date: /home/zerda/ros2_ws/install/yolov8_msgs/share/yolov8_msgs/cmake/ament_cmake_export_targets-extras.cmake
[1.202s] -- Up-to-date: /home/zerda/ros2_ws/install/yolov8_msgs/share/yolov8_msgs/cmake/rosidl_cmake_export_typesupport_targets-extras.cmake
[1.203s] -- Up-to-date: /home/zerda/ros2_ws/install/yolov8_msgs/share/yolov8_msgs/cmake/rosidl_cmake_export_typesupport_libraries-extras.cmake
[1.203s] -- Up-to-date: /home/zerda/ros2_ws/install/yolov8_msgs/share/yolov8_msgs/cmake/yolov8_msgsConfig.cmake
[1.203s] -- Up-to-date: /home/zerda/ros2_ws/install/yolov8_msgs/share/yolov8_msgs/cmake/yolov8_msgsConfig-version.cmake
[1.203s] -- Up-to-date: /home/zerda/ros2_ws/install/yolov8_msgs/share/yolov8_msgs/package.xml
[1.204s] Invoked command in '/home/zerda/ros2_ws/build/yolov8_msgs' returned '0': CMAKE_PREFIX_PATH=${CMAKE_PREFIX_PATH}:/home/zerda/ros2_ws/install/yolov8_detection:/home/zerda/ros2_ws/install/object_detection:/home/zerda/ros2_ws/install/my_py_pkg:/home/zerda/ros2_ws/install/my_object_detection_pkg:/home/zerda/ros2_ws/install/challenge1:/home/zerda/ros2_ws/install/car_detection:/opt/ros/humble /usr/bin/cmake --install /home/zerda/ros2_ws/build/yolov8_msgs
