[0.250s] DEBUG:colcon:Command line arguments: ['/usr/bin/colcon', 'build']
[0.251s] DEBUG:colcon:Parsed command line arguments: Namespace(log_base=None, log_level=None, verb_name='build', build_base='build', install_base='install', merge_install=False, symlink_install=False, test_result_base=None, continue_on_error=False, executor='parallel', parallel_workers=8, event_handlers=None, ignore_user_meta=False, metas=['./colcon.meta'], base_paths=['.'], packages_ignore=None, packages_ignore_regex=None, paths=None, packages_up_to=None, packages_up_to_regex=None, packages_above=None, packages_above_and_dependencies=None, packages_above_depth=None, packages_select_by_dep=None, packages_skip_by_dep=None, packages_skip_up_to=None, packages_select_build_failed=False, packages_skip_build_finished=False, packages_select_test_failures=False, packages_skip_test_passed=False, packages_select=None, packages_skip=None, packages_select_regex=None, packages_skip_regex=None, packages_start=None, packages_end=None, allow_overriding=[], cmake_args=None, cmake_target=None, cmake_target_skip_unavailable=False, cmake_clean_cache=False, cmake_clean_first=False, cmake_force_configure=False, ament_cmake_args=None, catkin_cmake_args=None, catkin_skip_building_tests=False, verb_parser=<colcon_defaults.argument_parser.defaults.DefaultArgumentsDecorator object at 0x7a2a89ab1ea0>, verb_extension=<colcon_core.verb.build.BuildVerb object at 0x7a2a89ab1510>, main=<bound method BuildVerb.main of <colcon_core.verb.build.BuildVerb object at 0x7a2a89ab1510>>)
[0.334s] Level 1:colcon.colcon_core.package_discovery:discover_packages(colcon_meta) check parameters
[0.334s] Level 1:colcon.colcon_core.package_discovery:discover_packages(recursive) check parameters
[0.334s] Level 1:colcon.colcon_core.package_discovery:discover_packages(ignore) check parameters
[0.335s] Level 1:colcon.colcon_core.package_discovery:discover_packages(path) check parameters
[0.335s] Level 1:colcon.colcon_core.package_discovery:discover_packages(colcon_meta) discover
[0.335s] Level 1:colcon.colcon_core.package_discovery:discover_packages(recursive) discover
[0.335s] INFO:colcon.colcon_core.package_discovery:Crawling recursively for packages in '/home/zerda/ros2_ws'
[0.335s] Level 1:colcon.colcon_core.package_identification:_identify(.) by extensions ['ignore', 'ignore_ament_install']
[0.335s] Level 1:colcon.colcon_core.package_identification:_identify(.) by extension 'ignore'
[0.336s] Level 1:colcon.colcon_core.package_identification:_identify(.) by extension 'ignore_ament_install'
[0.336s] Level 1:colcon.colcon_core.package_identification:_identify(.) by extensions ['colcon_pkg']
[0.336s] Level 1:colcon.colcon_core.package_identification:_identify(.) by extension 'colcon_pkg'
[0.336s] Level 1:colcon.colcon_core.package_identification:_identify(.) by extensions ['colcon_meta']
[0.336s] Level 1:colcon.colcon_core.package_identification:_identify(.) by extension 'colcon_meta'
[0.336s] Level 1:colcon.colcon_core.package_identification:_identify(.) by extensions ['ros']
[0.336s] Level 1:colcon.colcon_core.package_identification:_identify(.) by extension 'ros'
[0.370s] Level 1:colcon.colcon_core.package_identification:_identify(.) by extensions ['cmake', 'python']
[0.370s] Level 1:colcon.colcon_core.package_identification:_identify(.) by extension 'cmake'
[0.370s] Level 1:colcon.colcon_core.package_identification:_identify(.) by extension 'python'
[0.371s] Level 1:colcon.colcon_core.package_identification:_identify(.) by extensions ['python_setup_py']
[0.371s] Level 1:colcon.colcon_core.package_identification:_identify(.) by extension 'python_setup_py'
[0.371s] Level 1:colcon.colcon_core.package_identification:_identify(build) by extensions ['ignore', 'ignore_ament_install']
[0.371s] Level 1:colcon.colcon_core.package_identification:_identify(build) by extension 'ignore'
[0.371s] Level 1:colcon.colcon_core.package_identification:_identify(build) ignored
[0.371s] Level 1:colcon.colcon_core.package_identification:_identify(install) by extensions ['ignore', 'ignore_ament_install']
[0.372s] Level 1:colcon.colcon_core.package_identification:_identify(install) by extension 'ignore'
[0.372s] Level 1:colcon.colcon_core.package_identification:_identify(install) ignored
[0.372s] Level 1:colcon.colcon_core.package_identification:_identify(log) by extensions ['ignore', 'ignore_ament_install']
[0.372s] Level 1:colcon.colcon_core.package_identification:_identify(log) by extension 'ignore'
[0.373s] Level 1:colcon.colcon_core.package_identification:_identify(log) ignored
[0.373s] Level 1:colcon.colcon_core.package_identification:_identify(src) by extensions ['ignore', 'ignore_ament_install']
[0.373s] Level 1:colcon.colcon_core.package_identification:_identify(src) by extension 'ignore'
[0.373s] Level 1:colcon.colcon_core.package_identification:_identify(src) by extension 'ignore_ament_install'
[0.373s] Level 1:colcon.colcon_core.package_identification:_identify(src) by extensions ['colcon_pkg']
[0.373s] Level 1:colcon.colcon_core.package_identification:_identify(src) by extension 'colcon_pkg'
[0.373s] Level 1:colcon.colcon_core.package_identification:_identify(src) by extensions ['colcon_meta']
[0.373s] Level 1:colcon.colcon_core.package_identification:_identify(src) by extension 'colcon_meta'
[0.373s] Level 1:colcon.colcon_core.package_identification:_identify(src) by extensions ['ros']
[0.374s] Level 1:colcon.colcon_core.package_identification:_identify(src) by extension 'ros'
[0.374s] Level 1:colcon.colcon_core.package_identification:_identify(src) by extensions ['cmake', 'python']
[0.374s] Level 1:colcon.colcon_core.package_identification:_identify(src) by extension 'cmake'
[0.374s] Level 1:colcon.colcon_core.package_identification:_identify(src) by extension 'python'
[0.374s] Level 1:colcon.colcon_core.package_identification:_identify(src) by extensions ['python_setup_py']
[0.374s] Level 1:colcon.colcon_core.package_identification:_identify(src) by extension 'python_setup_py'
[0.374s] Level 1:colcon.colcon_core.package_identification:_identify(src/yolov8_detection) by extensions ['ignore', 'ignore_ament_install']
[0.374s] Level 1:colcon.colcon_core.package_identification:_identify(src/yolov8_detection) by extension 'ignore'
[0.375s] Level 1:colcon.colcon_core.package_identification:_identify(src/yolov8_detection) by extension 'ignore_ament_install'
[0.375s] Level 1:colcon.colcon_core.package_identification:_identify(src/yolov8_detection) by extensions ['colcon_pkg']
[0.375s] Level 1:colcon.colcon_core.package_identification:_identify(src/yolov8_detection) by extension 'colcon_pkg'
[0.375s] Level 1:colcon.colcon_core.package_identification:_identify(src/yolov8_detection) by extensions ['colcon_meta']
[0.375s] Level 1:colcon.colcon_core.package_identification:_identify(src/yolov8_detection) by extension 'colcon_meta'
[0.375s] Level 1:colcon.colcon_core.package_identification:_identify(src/yolov8_detection) by extensions ['ros']
[0.375s] Level 1:colcon.colcon_core.package_identification:_identify(src/yolov8_detection) by extension 'ros'
[0.380s] DEBUG:colcon.colcon_core.package_identification:Package 'src/yolov8_detection' with type 'ros.ament_python' and name 'yolov8_detection'
[0.380s] Level 1:colcon.colcon_core.package_identification:_identify(src/yolov8_msgs) by extensions ['ignore', 'ignore_ament_install']
[0.381s] Level 1:colcon.colcon_core.package_identification:_identify(src/yolov8_msgs) by extension 'ignore'
[0.381s] Level 1:colcon.colcon_core.package_identification:_identify(src/yolov8_msgs) by extension 'ignore_ament_install'
[0.381s] Level 1:colcon.colcon_core.package_identification:_identify(src/yolov8_msgs) by extensions ['colcon_pkg']
[0.381s] Level 1:colcon.colcon_core.package_identification:_identify(src/yolov8_msgs) by extension 'colcon_pkg'
[0.381s] Level 1:colcon.colcon_core.package_identification:_identify(src/yolov8_msgs) by extensions ['colcon_meta']
[0.381s] Level 1:colcon.colcon_core.package_identification:_identify(src/yolov8_msgs) by extension 'colcon_meta'
[0.381s] Level 1:colcon.colcon_core.package_identification:_identify(src/yolov8_msgs) by extensions ['ros']
[0.381s] Level 1:colcon.colcon_core.package_identification:_identify(src/yolov8_msgs) by extension 'ros'
[0.383s] DEBUG:colcon.colcon_core.package_identification:Package 'src/yolov8_msgs' with type 'ros.ament_cmake' and name 'yolov8_msgs'
[0.383s] Level 1:colcon.colcon_core.package_discovery:discover_packages(recursive) using defaults
[0.383s] Level 1:colcon.colcon_core.package_discovery:discover_packages(ignore) discover
[0.383s] Level 1:colcon.colcon_core.package_discovery:discover_packages(ignore) using defaults
[0.383s] Level 1:colcon.colcon_core.package_discovery:discover_packages(path) discover
[0.383s] Level 1:colcon.colcon_core.package_discovery:discover_packages(path) using defaults
[0.426s] Level 1:colcon.colcon_core.package_discovery:discover_packages(prefix_path) check parameters
[0.426s] Level 1:colcon.colcon_core.package_discovery:discover_packages(prefix_path) discover
[0.430s] DEBUG:colcon.colcon_installed_package_information.package_discovery:Found 12 installed packages in /home/zerda/ros2_ws/install
[0.433s] DEBUG:colcon.colcon_installed_package_information.package_discovery:Found 269 installed packages in /opt/ros/humble
[0.437s] Level 1:colcon.colcon_core.package_discovery:discover_packages(prefix_path) using defaults
[0.513s] Level 5:colcon.colcon_core.verb:set package 'yolov8_detection' build argument 'cmake_args' from command line to 'None'
[0.513s] Level 5:colcon.colcon_core.verb:set package 'yolov8_detection' build argument 'cmake_target' from command line to 'None'
[0.514s] Level 5:colcon.colcon_core.verb:set package 'yolov8_detection' build argument 'cmake_target_skip_unavailable' from command line to 'False'
[0.514s] Level 5:colcon.colcon_core.verb:set package 'yolov8_detection' build argument 'cmake_clean_cache' from command line to 'False'
[0.514s] Level 5:colcon.colcon_core.verb:set package 'yolov8_detection' build argument 'cmake_clean_first' from command line to 'False'
[0.514s] Level 5:colcon.colcon_core.verb:set package 'yolov8_detection' build argument 'cmake_force_configure' from command line to 'False'
[0.514s] Level 5:colcon.colcon_core.verb:set package 'yolov8_detection' build argument 'ament_cmake_args' from command line to 'None'
[0.514s] Level 5:colcon.colcon_core.verb:set package 'yolov8_detection' build argument 'catkin_cmake_args' from command line to 'None'
[0.514s] Level 5:colcon.colcon_core.verb:set package 'yolov8_detection' build argument 'catkin_skip_building_tests' from command line to 'False'
[0.514s] DEBUG:colcon.colcon_core.verb:Building package 'yolov8_detection' with the following arguments: {'ament_cmake_args': None, 'build_base': '/home/zerda/ros2_ws/build/yolov8_detection', 'catkin_cmake_args': None, 'catkin_skip_building_tests': False, 'cmake_args': None, 'cmake_clean_cache': False, 'cmake_clean_first': False, 'cmake_force_configure': False, 'cmake_target': None, 'cmake_target_skip_unavailable': False, 'install_base': '/home/zerda/ros2_ws/install/yolov8_detection', 'merge_install': False, 'path': '/home/zerda/ros2_ws/src/yolov8_detection', 'symlink_install': False, 'test_result_base': None}
[0.515s] Level 5:colcon.colcon_core.verb:set package 'yolov8_msgs' build argument 'cmake_args' from command line to 'None'
[0.515s] Level 5:colcon.colcon_core.verb:set package 'yolov8_msgs' build argument 'cmake_target' from command line to 'None'
[0.515s] Level 5:colcon.colcon_core.verb:set package 'yolov8_msgs' build argument 'cmake_target_skip_unavailable' from command line to 'False'
[0.515s] Level 5:colcon.colcon_core.verb:set package 'yolov8_msgs' build argument 'cmake_clean_cache' from command line to 'False'
[0.515s] Level 5:colcon.colcon_core.verb:set package 'yolov8_msgs' build argument 'cmake_clean_first' from command line to 'False'
[0.515s] Level 5:colcon.colcon_core.verb:set package 'yolov8_msgs' build argument 'cmake_force_configure' from command line to 'False'
[0.515s] Level 5:colcon.colcon_core.verb:set package 'yolov8_msgs' build argument 'ament_cmake_args' from command line to 'None'
[0.515s] Level 5:colcon.colcon_core.verb:set package 'yolov8_msgs' build argument 'catkin_cmake_args' from command line to 'None'
[0.515s] Level 5:colcon.colcon_core.verb:set package 'yolov8_msgs' build argument 'catkin_skip_building_tests' from command line to 'False'
[0.515s] DEBUG:colcon.colcon_core.verb:Building package 'yolov8_msgs' with the following arguments: {'ament_cmake_args': None, 'build_base': '/home/zerda/ros2_ws/build/yolov8_msgs', 'catkin_cmake_args': None, 'catkin_skip_building_tests': False, 'cmake_args': None, 'cmake_clean_cache': False, 'cmake_clean_first': False, 'cmake_force_configure': False, 'cmake_target': None, 'cmake_target_skip_unavailable': False, 'install_base': '/home/zerda/ros2_ws/install/yolov8_msgs', 'merge_install': False, 'path': '/home/zerda/ros2_ws/src/yolov8_msgs', 'symlink_install': False, 'test_result_base': None}
[0.516s] INFO:colcon.colcon_core.executor:Executing jobs using 'parallel' executor
[0.517s] DEBUG:colcon.colcon_parallel_executor.executor.parallel:run_until_complete
[0.518s] INFO:colcon.colcon_ros.task.ament_python.build:Building ROS package in '/home/zerda/ros2_ws/src/yolov8_detection' with build type 'ament_python'
[0.518s] Level 1:colcon.colcon_core.shell:create_environment_hook('yolov8_detection', 'ament_prefix_path')
[0.523s] INFO:colcon.colcon_core.plugin_system:Skipping extension 'colcon_core.shell.bat': Not used on non-Windows systems
[0.523s] INFO:colcon.colcon_core.shell:Creating environment hook '/home/zerda/ros2_ws/install/yolov8_detection/share/yolov8_detection/hook/ament_prefix_path.ps1'
[0.524s] INFO:colcon.colcon_core.shell:Creating environment descriptor '/home/zerda/ros2_ws/install/yolov8_detection/share/yolov8_detection/hook/ament_prefix_path.dsv'
[0.525s] INFO:colcon.colcon_core.shell:Creating environment hook '/home/zerda/ros2_ws/install/yolov8_detection/share/yolov8_detection/hook/ament_prefix_path.sh'
[0.527s] INFO:colcon.colcon_core.shell:Skip shell extension 'powershell' for command environment: Not usable outside of PowerShell
[0.527s] DEBUG:colcon.colcon_core.shell:Skip shell extension 'dsv' for command environment
[0.534s] INFO:colcon.colcon_ros.task.ament_cmake.build:Building ROS package in '/home/zerda/ros2_ws/src/yolov8_msgs' with build type 'ament_cmake'
[0.535s] INFO:colcon.colcon_cmake.task.cmake.build:Building CMake package in '/home/zerda/ros2_ws/src/yolov8_msgs'
[0.535s] INFO:colcon.colcon_core.shell:Skip shell extension 'powershell' for command environment: Not usable outside of PowerShell
[0.536s] DEBUG:colcon.colcon_core.shell:Skip shell extension 'dsv' for command environment
[0.997s] INFO:colcon.colcon_core.task.python.build:Building Python package in '/home/zerda/ros2_ws/src/yolov8_detection'
[0.998s] INFO:colcon.colcon_core.shell:Skip shell extension 'powershell' for command environment: Not usable outside of PowerShell
[0.998s] DEBUG:colcon.colcon_core.shell:Skip shell extension 'dsv' for command environment
[1.015s] DEBUG:colcon.colcon_core.event_handler.log_command:Invoking command in '/home/zerda/ros2_ws/build/yolov8_msgs': CMAKE_PREFIX_PATH=${CMAKE_PREFIX_PATH}:/home/zerda/ros2_ws/install/yolov8_detection:/home/zerda/ros2_ws/install/object_detection:/home/zerda/ros2_ws/install/my_py_pkg:/home/zerda/ros2_ws/install/my_object_detection_pkg:/home/zerda/ros2_ws/install/challenge1:/home/zerda/ros2_ws/install/car_detection:/opt/ros/humble /usr/bin/cmake --build /home/zerda/ros2_ws/build/yolov8_msgs -- -j8 -l8
[1.899s] DEBUG:colcon.colcon_core.event_handler.log_command:Invoked command in '/home/zerda/ros2_ws/build/yolov8_msgs' returned '0': CMAKE_PREFIX_PATH=${CMAKE_PREFIX_PATH}:/home/zerda/ros2_ws/install/yolov8_detection:/home/zerda/ros2_ws/install/object_detection:/home/zerda/ros2_ws/install/my_py_pkg:/home/zerda/ros2_ws/install/my_object_detection_pkg:/home/zerda/ros2_ws/install/challenge1:/home/zerda/ros2_ws/install/car_detection:/opt/ros/humble /usr/bin/cmake --build /home/zerda/ros2_ws/build/yolov8_msgs -- -j8 -l8
[2.076s] DEBUG:colcon.colcon_core.event_handler.log_command:Invoking command in '/home/zerda/ros2_ws/build/yolov8_msgs': CMAKE_PREFIX_PATH=${CMAKE_PREFIX_PATH}:/home/zerda/ros2_ws/install/yolov8_detection:/home/zerda/ros2_ws/install/object_detection:/home/zerda/ros2_ws/install/my_py_pkg:/home/zerda/ros2_ws/install/my_object_detection_pkg:/home/zerda/ros2_ws/install/challenge1:/home/zerda/ros2_ws/install/car_detection:/opt/ros/humble /usr/bin/cmake --install /home/zerda/ros2_ws/build/yolov8_msgs
[2.195s] Level 1:colcon.colcon_core.environment:create_environment_scripts_only(yolov8_msgs)
[2.200s] DEBUG:colcon.colcon_core.event_handler.log_command:Invoked command in '/home/zerda/ros2_ws/build/yolov8_msgs' returned '0': CMAKE_PREFIX_PATH=${CMAKE_PREFIX_PATH}:/home/zerda/ros2_ws/install/yolov8_detection:/home/zerda/ros2_ws/install/object_detection:/home/zerda/ros2_ws/install/my_py_pkg:/home/zerda/ros2_ws/install/my_object_detection_pkg:/home/zerda/ros2_ws/install/challenge1:/home/zerda/ros2_ws/install/car_detection:/opt/ros/humble /usr/bin/cmake --install /home/zerda/ros2_ws/build/yolov8_msgs
[2.204s] Level 1:colcon.colcon_core.environment:checking '/home/zerda/ros2_ws/install/yolov8_msgs' for CMake module files
[2.205s] Level 1:colcon.colcon_core.environment:checking '/home/zerda/ros2_ws/install/yolov8_msgs' for CMake config files
[2.206s] Level 1:colcon.colcon_core.shell:create_environment_hook('yolov8_msgs', 'cmake_prefix_path')
[2.206s] INFO:colcon.colcon_core.shell:Creating environment hook '/home/zerda/ros2_ws/install/yolov8_msgs/share/yolov8_msgs/hook/cmake_prefix_path.ps1'
[2.207s] INFO:colcon.colcon_core.shell:Creating environment descriptor '/home/zerda/ros2_ws/install/yolov8_msgs/share/yolov8_msgs/hook/cmake_prefix_path.dsv'
[2.208s] INFO:colcon.colcon_core.shell:Creating environment hook '/home/zerda/ros2_ws/install/yolov8_msgs/share/yolov8_msgs/hook/cmake_prefix_path.sh'
[2.211s] Level 1:colcon.colcon_core.environment:checking '/home/zerda/ros2_ws/install/yolov8_msgs/lib'
[2.211s] Level 1:colcon.colcon_core.shell:create_environment_hook('yolov8_msgs', 'ld_library_path_lib')
[2.212s] INFO:colcon.colcon_core.shell:Creating environment hook '/home/zerda/ros2_ws/install/yolov8_msgs/share/yolov8_msgs/hook/ld_library_path_lib.ps1'
[2.213s] INFO:colcon.colcon_core.shell:Creating environment descriptor '/home/zerda/ros2_ws/install/yolov8_msgs/share/yolov8_msgs/hook/ld_library_path_lib.dsv'
[2.214s] INFO:colcon.colcon_core.shell:Creating environment hook '/home/zerda/ros2_ws/install/yolov8_msgs/share/yolov8_msgs/hook/ld_library_path_lib.sh'
[2.215s] Level 1:colcon.colcon_core.environment:checking '/home/zerda/ros2_ws/install/yolov8_msgs/bin'
[2.216s] Level 1:colcon.colcon_core.environment:checking '/home/zerda/ros2_ws/install/yolov8_msgs/lib/pkgconfig/yolov8_msgs.pc'
[2.216s] Level 1:colcon.colcon_core.environment:checking '/home/zerda/ros2_ws/install/yolov8_msgs/lib/python3.10/site-packages'
[2.217s] Level 1:colcon.colcon_core.environment:checking '/home/zerda/ros2_ws/install/yolov8_msgs/bin'
[2.218s] INFO:colcon.colcon_core.shell:Creating package script '/home/zerda/ros2_ws/install/yolov8_msgs/share/yolov8_msgs/package.ps1'
[2.221s] INFO:colcon.colcon_core.shell:Creating package descriptor '/home/zerda/ros2_ws/install/yolov8_msgs/share/yolov8_msgs/package.dsv'
[2.223s] INFO:colcon.colcon_core.shell:Creating package script '/home/zerda/ros2_ws/install/yolov8_msgs/share/yolov8_msgs/package.sh'
[2.226s] INFO:colcon.colcon_core.shell:Creating package script '/home/zerda/ros2_ws/install/yolov8_msgs/share/yolov8_msgs/package.bash'
[2.228s] INFO:colcon.colcon_core.shell:Creating package script '/home/zerda/ros2_ws/install/yolov8_msgs/share/yolov8_msgs/package.zsh'
[2.229s] Level 1:colcon.colcon_core.environment:create_file_with_runtime_dependencies(/home/zerda/ros2_ws/install/yolov8_msgs/share/colcon-core/packages/yolov8_msgs)
[2.404s] Level 1:colcon.colcon_core.environment:create_environment_scripts_only(yolov8_msgs)
[2.405s] Level 1:colcon.colcon_core.environment:checking '/home/zerda/ros2_ws/install/yolov8_msgs' for CMake module files
[2.407s] DEBUG:colcon.colcon_core.event_handler.log_command:Invoking command in '/home/zerda/ros2_ws/src/yolov8_detection': PYTHONPATH=/home/zerda/ros2_ws/build/yolov8_detection/prefix_override:/home/zerda/ros2_ws/install/yolov8_detection/lib/python3.10/site-packages:${PYTHONPATH} /usr/bin/python3 -W ignore:setup.py install is deprecated setup.py egg_info --egg-base ../../build/yolov8_detection build --build-base /home/zerda/ros2_ws/build/yolov8_detection/build install --record /home/zerda/ros2_ws/build/yolov8_detection/install.log --single-version-externally-managed install_data
[2.409s] Level 1:colcon.colcon_core.environment:checking '/home/zerda/ros2_ws/install/yolov8_msgs' for CMake config files
[2.410s] Level 1:colcon.colcon_core.shell:create_environment_hook('yolov8_msgs', 'cmake_prefix_path')
[2.410s] INFO:colcon.colcon_core.shell:Creating environment hook '/home/zerda/ros2_ws/install/yolov8_msgs/share/yolov8_msgs/hook/cmake_prefix_path.ps1'
[2.412s] INFO:colcon.colcon_core.shell:Creating environment descriptor '/home/zerda/ros2_ws/install/yolov8_msgs/share/yolov8_msgs/hook/cmake_prefix_path.dsv'
[2.413s] INFO:colcon.colcon_core.shell:Creating environment hook '/home/zerda/ros2_ws/install/yolov8_msgs/share/yolov8_msgs/hook/cmake_prefix_path.sh'
[2.415s] Level 1:colcon.colcon_core.environment:checking '/home/zerda/ros2_ws/install/yolov8_msgs/lib'
[2.415s] Level 1:colcon.colcon_core.shell:create_environment_hook('yolov8_msgs', 'ld_library_path_lib')
[2.416s] INFO:colcon.colcon_core.shell:Creating environment hook '/home/zerda/ros2_ws/install/yolov8_msgs/share/yolov8_msgs/hook/ld_library_path_lib.ps1'
[2.417s] INFO:colcon.colcon_core.shell:Creating environment descriptor '/home/zerda/ros2_ws/install/yolov8_msgs/share/yolov8_msgs/hook/ld_library_path_lib.dsv'
[2.418s] INFO:colcon.colcon_core.shell:Creating environment hook '/home/zerda/ros2_ws/install/yolov8_msgs/share/yolov8_msgs/hook/ld_library_path_lib.sh'
[2.419s] Level 1:colcon.colcon_core.environment:checking '/home/zerda/ros2_ws/install/yolov8_msgs/bin'
[2.419s] Level 1:colcon.colcon_core.environment:checking '/home/zerda/ros2_ws/install/yolov8_msgs/lib/pkgconfig/yolov8_msgs.pc'
[2.420s] Level 1:colcon.colcon_core.environment:checking '/home/zerda/ros2_ws/install/yolov8_msgs/lib/python3.10/site-packages'
[2.421s] Level 1:colcon.colcon_core.environment:checking '/home/zerda/ros2_ws/install/yolov8_msgs/bin'
[2.422s] INFO:colcon.colcon_core.shell:Creating package script '/home/zerda/ros2_ws/install/yolov8_msgs/share/yolov8_msgs/package.ps1'
[2.424s] INFO:colcon.colcon_core.shell:Creating package descriptor '/home/zerda/ros2_ws/install/yolov8_msgs/share/yolov8_msgs/package.dsv'
[2.425s] INFO:colcon.colcon_core.shell:Creating package script '/home/zerda/ros2_ws/install/yolov8_msgs/share/yolov8_msgs/package.sh'
[2.426s] INFO:colcon.colcon_core.shell:Creating package script '/home/zerda/ros2_ws/install/yolov8_msgs/share/yolov8_msgs/package.bash'
[2.426s] INFO:colcon.colcon_core.shell:Creating package script '/home/zerda/ros2_ws/install/yolov8_msgs/share/yolov8_msgs/package.zsh'
[2.427s] Level 1:colcon.colcon_core.environment:create_file_with_runtime_dependencies(/home/zerda/ros2_ws/install/yolov8_msgs/share/colcon-core/packages/yolov8_msgs)
[3.578s] Level 1:colcon.colcon_core.environment:checking '/home/zerda/ros2_ws/install/yolov8_detection' for CMake module files
[3.580s] DEBUG:colcon.colcon_core.event_handler.log_command:Invoked command in '/home/zerda/ros2_ws/src/yolov8_detection' returned '0': PYTHONPATH=/home/zerda/ros2_ws/build/yolov8_detection/prefix_override:/home/zerda/ros2_ws/install/yolov8_detection/lib/python3.10/site-packages:${PYTHONPATH} /usr/bin/python3 -W ignore:setup.py install is deprecated setup.py egg_info --egg-base ../../build/yolov8_detection build --build-base /home/zerda/ros2_ws/build/yolov8_detection/build install --record /home/zerda/ros2_ws/build/yolov8_detection/install.log --single-version-externally-managed install_data
[3.580s] Level 1:colcon.colcon_core.environment:checking '/home/zerda/ros2_ws/install/yolov8_detection' for CMake config files
[3.581s] Level 1:colcon.colcon_core.environment:checking '/home/zerda/ros2_ws/install/yolov8_detection/lib'
[3.581s] Level 1:colcon.colcon_core.environment:checking '/home/zerda/ros2_ws/install/yolov8_detection/bin'
[3.581s] Level 1:colcon.colcon_core.environment:checking '/home/zerda/ros2_ws/install/yolov8_detection/lib/pkgconfig/yolov8_detection.pc'
[3.582s] Level 1:colcon.colcon_core.environment:checking '/home/zerda/ros2_ws/install/yolov8_detection/lib/python3.10/site-packages'
[3.582s] Level 1:colcon.colcon_core.shell:create_environment_hook('yolov8_detection', 'pythonpath')
[3.582s] INFO:colcon.colcon_core.shell:Creating environment hook '/home/zerda/ros2_ws/install/yolov8_detection/share/yolov8_detection/hook/pythonpath.ps1'
[3.583s] INFO:colcon.colcon_core.shell:Creating environment descriptor '/home/zerda/ros2_ws/install/yolov8_detection/share/yolov8_detection/hook/pythonpath.dsv'
[3.584s] INFO:colcon.colcon_core.shell:Creating environment hook '/home/zerda/ros2_ws/install/yolov8_detection/share/yolov8_detection/hook/pythonpath.sh'
[3.585s] Level 1:colcon.colcon_core.environment:checking '/home/zerda/ros2_ws/install/yolov8_detection/bin'
[3.585s] Level 1:colcon.colcon_core.environment:create_environment_scripts_only(yolov8_detection)
[3.586s] INFO:colcon.colcon_core.shell:Creating package script '/home/zerda/ros2_ws/install/yolov8_detection/share/yolov8_detection/package.ps1'
[3.587s] INFO:colcon.colcon_core.shell:Creating package descriptor '/home/zerda/ros2_ws/install/yolov8_detection/share/yolov8_detection/package.dsv'
[3.587s] INFO:colcon.colcon_core.shell:Creating package script '/home/zerda/ros2_ws/install/yolov8_detection/share/yolov8_detection/package.sh'
[3.588s] INFO:colcon.colcon_core.shell:Creating package script '/home/zerda/ros2_ws/install/yolov8_detection/share/yolov8_detection/package.bash'
[3.589s] INFO:colcon.colcon_core.shell:Creating package script '/home/zerda/ros2_ws/install/yolov8_detection/share/yolov8_detection/package.zsh'
[3.589s] Level 1:colcon.colcon_core.environment:create_file_with_runtime_dependencies(/home/zerda/ros2_ws/install/yolov8_detection/share/colcon-core/packages/yolov8_detection)
[3.590s] DEBUG:colcon.colcon_parallel_executor.executor.parallel:closing loop
[3.590s] DEBUG:colcon.colcon_parallel_executor.executor.parallel:loop closed
[3.590s] DEBUG:colcon.colcon_parallel_executor.executor.parallel:run_until_complete finished with '0'
[3.591s] DEBUG:colcon.colcon_core.event_reactor:joining thread
[3.601s] INFO:colcon.colcon_core.plugin_system:Skipping extension 'colcon_notification.desktop_notification.terminal_notifier': Not used on non-Darwin systems
[3.601s] INFO:colcon.colcon_core.plugin_system:Skipping extension 'colcon_notification.desktop_notification.win32': Not used on non-Windows systems
[3.601s] INFO:colcon.colcon_notification.desktop_notification:Sending desktop notification using 'notify2'
[3.626s] DEBUG:colcon.colcon_core.event_reactor:joined thread
[3.626s] INFO:colcon.colcon_core.shell:Creating prefix script '/home/zerda/ros2_ws/install/local_setup.ps1'
[3.628s] INFO:colcon.colcon_core.shell:Creating prefix util module '/home/zerda/ros2_ws/install/_local_setup_util_ps1.py'
[3.632s] INFO:colcon.colcon_core.shell:Creating prefix chain script '/home/zerda/ros2_ws/install/setup.ps1'
[3.635s] INFO:colcon.colcon_core.shell:Creating prefix script '/home/zerda/ros2_ws/install/local_setup.sh'
[3.637s] INFO:colcon.colcon_core.shell:Creating prefix util module '/home/zerda/ros2_ws/install/_local_setup_util_sh.py'
[3.638s] INFO:colcon.colcon_core.shell:Creating prefix chain script '/home/zerda/ros2_ws/install/setup.sh'
[3.641s] INFO:colcon.colcon_core.shell:Creating prefix script '/home/zerda/ros2_ws/install/local_setup.bash'
[3.642s] INFO:colcon.colcon_core.shell:Creating prefix chain script '/home/zerda/ros2_ws/install/setup.bash'
[3.645s] INFO:colcon.colcon_core.shell:Creating prefix script '/home/zerda/ros2_ws/install/local_setup.zsh'
[3.646s] INFO:colcon.colcon_core.shell:Creating prefix chain script '/home/zerda/ros2_ws/install/setup.zsh'
