[0.209s] Invoking command in '/home/zerda/ros2_ws/build/my_cpp_pkg': CMAKE_PREFIX_PATH=${CMAKE_PREFIX_PATH}:/home/zerda/ros2_ws/install/my_py_pkg:/home/zerda/ros2_ws/install/challenge1:/opt/ros/humble /usr/bin/cmake --build /home/zerda/ros2_ws/build/my_cpp_pkg -- -j8 -l8
[0.361s] [35m[1mConsolidate compiler generated dependencies of target image_converter_node[0m
[0.407s] [ 50%] [32mBuilding CXX object CMakeFiles/image_converter_node.dir/src/image_converter.cpp.o[0m
[8.304s] [100%] [32m[1mLinking CXX executable image_converter_node[0m
[9.425s] [100%] Built target image_converter_node
[9.449s] Invoked command in '/home/zerda/ros2_ws/build/my_cpp_pkg' returned '0': CMAKE_PREFIX_PATH=${CMAKE_PREFIX_PATH}:/home/zerda/ros2_ws/install/my_py_pkg:/home/zerda/ros2_ws/install/challenge1:/opt/ros/humble /usr/bin/cmake --build /home/zerda/ros2_ws/build/my_cpp_pkg -- -j8 -l8
[9.549s] Invoking command in '/home/zerda/ros2_ws/build/my_cpp_pkg': CMAKE_PREFIX_PATH=${CMAKE_PREFIX_PATH}:/home/zerda/ros2_ws/install/my_py_pkg:/home/zerda/ros2_ws/install/challenge1:/opt/ros/humble /usr/bin/cmake --install /home/zerda/ros2_ws/build/my_cpp_pkg
[9.571s] -- Install configuration: ""
[9.573s] -- Installing: /home/zerda/ros2_ws/install/my_cpp_pkg/lib/my_cpp_pkg/image_converter_node
[9.575s] -- Set runtime path of "/home/zerda/ros2_ws/install/my_cpp_pkg/lib/my_cpp_pkg/image_converter_node" to ""
[9.575s] -- Up-to-date: /home/zerda/ros2_ws/install/my_cpp_pkg/share/ament_index/resource_index/package_run_dependencies/my_cpp_pkg
[9.576s] -- Up-to-date: /home/zerda/ros2_ws/install/my_cpp_pkg/share/ament_index/resource_index/parent_prefix_path/my_cpp_pkg
[9.576s] -- Up-to-date: /home/zerda/ros2_ws/install/my_cpp_pkg/share/my_cpp_pkg/environment/ament_prefix_path.sh
[9.576s] -- Installing: /home/zerda/ros2_ws/install/my_cpp_pkg/share/my_cpp_pkg/environment/ament_prefix_path.dsv
[9.577s] -- Up-to-date: /home/zerda/ros2_ws/install/my_cpp_pkg/share/my_cpp_pkg/environment/path.sh
[9.578s] -- Installing: /home/zerda/ros2_ws/install/my_cpp_pkg/share/my_cpp_pkg/environment/path.dsv
[9.579s] -- Up-to-date: /home/zerda/ros2_ws/install/my_cpp_pkg/share/my_cpp_pkg/local_setup.bash
[9.579s] -- Up-to-date: /home/zerda/ros2_ws/install/my_cpp_pkg/share/my_cpp_pkg/local_setup.sh
[9.579s] -- Up-to-date: /home/zerda/ros2_ws/install/my_cpp_pkg/share/my_cpp_pkg/local_setup.zsh
[9.580s] -- Installing: /home/zerda/ros2_ws/install/my_cpp_pkg/share/my_cpp_pkg/local_setup.dsv
[9.580s] -- Installing: /home/zerda/ros2_ws/install/my_cpp_pkg/share/my_cpp_pkg/package.dsv
[9.580s] -- Up-to-date: /home/zerda/ros2_ws/install/my_cpp_pkg/share/ament_index/resource_index/packages/my_cpp_pkg
[9.581s] -- Up-to-date: /home/zerda/ros2_ws/install/my_cpp_pkg/share/my_cpp_pkg/cmake/my_cpp_pkgConfig.cmake
[9.581s] -- Up-to-date: /home/zerda/ros2_ws/install/my_cpp_pkg/share/my_cpp_pkg/cmake/my_cpp_pkgConfig-version.cmake
[9.581s] -- Installing: /home/zerda/ros2_ws/install/my_cpp_pkg/share/my_cpp_pkg/package.xml
[9.585s] Invoked command in '/home/zerda/ros2_ws/build/my_cpp_pkg' returned '0': CMAKE_PREFIX_PATH=${CMAKE_PREFIX_PATH}:/home/zerda/ros2_ws/install/my_py_pkg:/home/zerda/ros2_ws/install/challenge1:/opt/ros/humble /usr/bin/cmake --install /home/zerda/ros2_ws/build/my_cpp_pkg
