[2.108s] Invoking command in '/home/zerda/ros2_ws/src/car_detector': PYTHONPATH=/home/zerda/ros2_ws/build/car_detector/prefix_override:/home/zerda/ros2_ws/install/car_detector/lib/python3.10/site-packages:${PYTHONPATH} /usr/bin/python3 -W ignore:setup.py install is deprecated setup.py egg_info --egg-base ../../build/car_detector build --build-base /home/zerda/ros2_ws/build/car_detector/build install --record /home/zerda/ros2_ws/build/car_detector/install.log --single-version-externally-managed install_data
[2.716s] running egg_info
[2.755s] writing ../../build/car_detector/car_detector.egg-info/PKG-INFO
[2.757s] writing dependency_links to ../../build/car_detector/car_detector.egg-info/dependency_links.txt
[2.757s] writing entry points to ../../build/car_detector/car_detector.egg-info/entry_points.txt
[2.758s] writing requirements to ../../build/car_detector/car_detector.egg-info/requires.txt
[2.758s] writing top-level names to ../../build/car_detector/car_detector.egg-info/top_level.txt
[2.844s] reading manifest file '../../build/car_detector/car_detector.egg-info/SOURCES.txt'
[2.847s] writing manifest file '../../build/car_detector/car_detector.egg-info/SOURCES.txt'
[2.847s] running build
[2.847s] running build_py
[2.847s] copying car_detector/__init__.py -> /home/zerda/ros2_ws/build/car_detector/build/lib/car_detector
[2.847s] copying car_detector/camera_pub.py -> /home/zerda/ros2_ws/build/car_detector/build/lib/car_detector
[2.848s] copying car_detector/car_detection.py -> /home/zerda/ros2_ws/build/car_detector/build/lib/car_detector
[2.848s] running install
[2.864s] running install_lib
[2.905s] copying /home/zerda/ros2_ws/build/car_detector/build/lib/car_detector/camera_pub.py -> /home/zerda/ros2_ws/install/car_detector/lib/python3.10/site-packages/car_detector
[2.906s] copying /home/zerda/ros2_ws/build/car_detector/build/lib/car_detector/car_detection.py -> /home/zerda/ros2_ws/install/car_detector/lib/python3.10/site-packages/car_detector
[2.907s] byte-compiling /home/zerda/ros2_ws/install/car_detector/lib/python3.10/site-packages/car_detector/camera_pub.py to camera_pub.cpython-310.pyc
[2.909s] byte-compiling /home/zerda/ros2_ws/install/car_detector/lib/python3.10/site-packages/car_detector/car_detection.py to car_detection.cpython-310.pyc
[2.910s] running install_data
[2.911s] copying resource/car_detector -> /home/zerda/ros2_ws/install/car_detector/share/ament_index/resource_index/packages
[2.911s] copying package.xml -> /home/zerda/ros2_ws/install/car_detector/share/car_detector
[2.911s] creating /home/zerda/ros2_ws/install/car_detector/share/car_detector/launch
[2.911s] copying launch/car_detection.py -> /home/zerda/ros2_ws/install/car_detector/share/car_detector/launch
[2.912s] creating /home/zerda/ros2_ws/install/car_detector/share/car_detector/config
[2.912s] creating /home/zerda/ros2_ws/install/car_detector/share/car_detector/data
[2.912s] copying data/best.pt -> /home/zerda/ros2_ws/install/car_detector/share/car_detector/data
[3.111s] running install_egg_info
[3.156s] removing '/home/zerda/ros2_ws/install/car_detector/lib/python3.10/site-packages/car_detector-0.0.0-py3.10.egg-info' (and everything under it)
[3.157s] Copying ../../build/car_detector/car_detector.egg-info to /home/zerda/ros2_ws/install/car_detector/lib/python3.10/site-packages/car_detector-0.0.0-py3.10.egg-info
[3.159s] running install_scripts
[3.528s] Installing camera_publisher script to /home/zerda/ros2_ws/install/car_detector/lib/car_detector
[3.528s] Installing car_detect_subscriber script to /home/zerda/ros2_ws/install/car_detector/lib/car_detector
[3.529s] writing list of installed files to '/home/zerda/ros2_ws/build/car_detector/install.log'
[3.587s] Invoked command in '/home/zerda/ros2_ws/src/car_detector' returned '0': PYTHONPATH=/home/zerda/ros2_ws/build/car_detector/prefix_override:/home/zerda/ros2_ws/install/car_detector/lib/python3.10/site-packages:${PYTHONPATH} /usr/bin/python3 -W ignore:setup.py install is deprecated setup.py egg_info --egg-base ../../build/car_detector build --build-base /home/zerda/ros2_ws/build/car_detector/build install --record /home/zerda/ros2_ws/build/car_detector/install.log --single-version-externally-managed install_data
