[1.854s] Invoking command in '/home/zerda/ros2_ws/src/yolov8_ros': PYTHONPATH=/home/zerda/ros2_ws/build/yolov8_ros/prefix_override:/home/zerda/ros2_ws/install/yolov8_ros/lib/python3.10/site-packages:${PYTHONPATH} /usr/bin/python3 -W ignore:setup.py install is deprecated setup.py egg_info --egg-base ../../build/yolov8_ros build --build-base /home/zerda/ros2_ws/build/yolov8_ros/build install --record /home/zerda/ros2_ws/build/yolov8_ros/install.log --single-version-externally-managed install_data
[2.420s] running egg_info
[2.458s] writing ../../build/yolov8_ros/yolov8_ros.egg-info/PKG-INFO
[2.459s] writing dependency_links to ../../build/yolov8_ros/yolov8_ros.egg-info/dependency_links.txt
[2.459s] writing entry points to ../../build/yolov8_ros/yolov8_ros.egg-info/entry_points.txt
[2.460s] writing requirements to ../../build/yolov8_ros/yolov8_ros.egg-info/requires.txt
[2.460s] writing top-level names to ../../build/yolov8_ros/yolov8_ros.egg-info/top_level.txt
[2.537s] reading manifest file '../../build/yolov8_ros/yolov8_ros.egg-info/SOURCES.txt'
[2.539s] writing manifest file '../../build/yolov8_ros/yolov8_ros.egg-info/SOURCES.txt'
[2.539s] running build
[2.540s] running build_py
[2.540s] copying yolov8_ros/__init__.py -> /home/zerda/ros2_ws/build/yolov8_ros/build/lib/yolov8_ros
[2.540s] copying yolov8_ros/debug_node.py -> /home/zerda/ros2_ws/build/yolov8_ros/build/lib/yolov8_ros
[2.541s] copying yolov8_ros/yolov8_node.py -> /home/zerda/ros2_ws/build/yolov8_ros/build/lib/yolov8_ros
[2.542s] copying yolov8_ros/tracking_node.py -> /home/zerda/ros2_ws/build/yolov8_ros/build/lib/yolov8_ros
[2.542s] copying yolov8_ros/detect_3d_node.py -> /home/zerda/ros2_ws/build/yolov8_ros/build/lib/yolov8_ros
[2.543s] running install
[2.556s] running install_lib
[2.594s] running install_data
[2.594s] copying resource/yolov8_ros -> /home/zerda/ros2_ws/install/yolov8_ros/share/ament_index/resource_index/packages
[2.595s] copying package.xml -> /home/zerda/ros2_ws/install/yolov8_ros/share/yolov8_ros
[2.595s] running install_egg_info
[2.635s] removing '/home/zerda/ros2_ws/install/yolov8_ros/lib/python3.10/site-packages/yolov8_ros-0.0.0-py3.10.egg-info' (and everything under it)
[2.636s] Copying ../../build/yolov8_ros/yolov8_ros.egg-info to /home/zerda/ros2_ws/install/yolov8_ros/lib/python3.10/site-packages/yolov8_ros-0.0.0-py3.10.egg-info
[2.638s] running install_scripts
[2.961s] Installing debug_node script to /home/zerda/ros2_ws/install/yolov8_ros/lib/yolov8_ros
[2.961s] Installing detect_3d_node script to /home/zerda/ros2_ws/install/yolov8_ros/lib/yolov8_ros
[2.961s] Installing tracking_node script to /home/zerda/ros2_ws/install/yolov8_ros/lib/yolov8_ros
[2.962s] Installing yolov8_node script to /home/zerda/ros2_ws/install/yolov8_ros/lib/yolov8_ros
[2.963s] writing list of installed files to '/home/zerda/ros2_ws/build/yolov8_ros/install.log'
[3.015s] Invoked command in '/home/zerda/ros2_ws/src/yolov8_ros' returned '0': PYTHONPATH=/home/zerda/ros2_ws/build/yolov8_ros/prefix_override:/home/zerda/ros2_ws/install/yolov8_ros/lib/python3.10/site-packages:${PYTHONPATH} /usr/bin/python3 -W ignore:setup.py install is deprecated setup.py egg_info --egg-base ../../build/yolov8_ros build --build-base /home/zerda/ros2_ws/build/yolov8_ros/build install --record /home/zerda/ros2_ws/build/yolov8_ros/install.log --single-version-externally-managed install_data
