[1.350s] Invoking command in '/home/zerda/ros2_ws/build/my_cpp_pkg': CMAKE_PREFIX_PATH=${CMAKE_PREFIX_PATH}:/home/zerda/ros2_ws/install/my_py_pkg:/home/zerda/ros2_ws/install/challenge1:/opt/ros/humble /usr/bin/cmake --build /home/zerda/ros2_ws/build/my_cpp_pkg -- -j8 -l8
[1.439s] -- Found ament_cmake: 1.3.6 (/opt/ros/humble/share/ament_cmake/cmake)
[1.939s] -- Found rclcpp: 16.0.7 (/opt/ros/humble/share/rclcpp/cmake)
[2.008s] -- Found rosidl_generator_c: 3.1.5 (/opt/ros/humble/share/rosidl_generator_c/cmake)
[2.016s] -- Found rosidl_adapter: 3.1.5 (/opt/ros/humble/share/rosidl_adapter/cmake)
[2.031s] -- Found rosidl_generator_cpp: 3.1.5 (/opt/ros/humble/share/rosidl_generator_cpp/cmake)
[2.063s] -- Using all available rosidl_typesupport_c: rosidl_typesupport_fastrtps_c;rosidl_typesupport_introspection_c
[2.109s] -- Using all available rosidl_typesupport_cpp: rosidl_typesupport_fastrtps_cpp;rosidl_typesupport_introspection_cpp
[2.285s] -- Found rmw_implementation_cmake: 6.1.1 (/opt/ros/humble/share/rmw_implementation_cmake/cmake)
[2.290s] -- Found rmw_fastrtps_cpp: 6.2.5 (/opt/ros/humble/share/rmw_fastrtps_cpp/cmake)
[2.578s] -- Using RMW implementation 'rmw_fastrtps_cpp' as default
[2.997s] -- Found sensor_msgs: 4.2.3 (/opt/ros/humble/share/sensor_msgs/cmake)
[3.277s] -- Found cv_bridge: 3.2.1 (/opt/ros/humble/share/cv_bridge/cmake)
[3.341s] -- Found image_transport: 3.1.7 (/opt/ros/humble/share/image_transport/cmake)
[3.454s] -- Found OpenCV: /usr (found suitable version "4.5.4", minimum required is "4") 
[3.468s] -- Found ament_lint_auto: 0.12.9 (/opt/ros/humble/share/ament_lint_auto/cmake)
[3.681s] -- Added test 'cppcheck' to perform static code analysis on C / C++ code
[3.681s] -- Configured cppcheck include dirs: 
[3.682s] -- Configured cppcheck exclude dirs and/or files: 
[3.684s] -- Added test 'lint_cmake' to check CMake code style
[3.686s] -- Added test 'uncrustify' to check C / C++ code style
[3.686s] -- Configured uncrustify additional arguments: 
[3.687s] -- Added test 'xmllint' to check XML markup files
[3.690s] -- Configuring done
[3.726s] -- Generating done
[3.730s] -- Build files have been written to: /home/zerda/ros2_ws/build/my_cpp_pkg
[3.788s] [35m[1mConsolidate compiler generated dependencies of target image_converter_node[0m
[3.830s] [100%] Built target image_converter_node
