[0.030s] Invoking command in '/home/zerda/ros2_ws/build/yolobot_recognition': CMAKE_PREFIX_PATH=${CMAKE_PREFIX_PATH}:/home/zerda/ros2_ws/install/object_detection:/home/zerda/ros2_ws/install/my_py_pkg:/home/zerda/ros2_ws/install/my_object_detection_pkg:/home/zerda/ros2_ws/install/challenge1:/home/zerda/ros2_ws/install/car_detection:/opt/ros/humble /usr/bin/cmake --build /home/zerda/ros2_ws/build/yolobot_recognition -- -j8 -l8
[0.078s] -- Found ament_cmake: 1.3.8 (/opt/ros/humble/share/ament_cmake/cmake)
[0.418s] -- Found ament_lint_auto: 0.12.10 (/opt/ros/humble/share/ament_lint_auto/cmake)
[0.576s] -- Added test 'copyright' to check source files copyright and LICENSE
[0.584s] -- Added test 'flake8' to check Python code syntax and style conventions
[0.585s] -- Added test 'lint_cmake' to check CMake code style
[0.586s] -- Added test 'pep257' to check Python code against some of the docstring style conventions in PEP 257
[0.590s] -- Added test 'xmllint' to check XML markup files
[0.592s] -- Configuring done
[0.599s] -- Generating done
[0.601s] -- Build files have been written to: /home/zerda/ros2_ws/build/yolobot_recognition
[0.642s] Invoked command in '/home/zerda/ros2_ws/build/yolobot_recognition' returned '0': CMAKE_PREFIX_PATH=${CMAKE_PREFIX_PATH}:/home/zerda/ros2_ws/install/object_detection:/home/zerda/ros2_ws/install/my_py_pkg:/home/zerda/ros2_ws/install/my_object_detection_pkg:/home/zerda/ros2_ws/install/challenge1:/home/zerda/ros2_ws/install/car_detection:/opt/ros/humble /usr/bin/cmake --build /home/zerda/ros2_ws/build/yolobot_recognition -- -j8 -l8
[0.703s] Invoking command in '/home/zerda/ros2_ws/build/yolobot_recognition': CMAKE_PREFIX_PATH=${CMAKE_PREFIX_PATH}:/home/zerda/ros2_ws/install/object_detection:/home/zerda/ros2_ws/install/my_py_pkg:/home/zerda/ros2_ws/install/my_object_detection_pkg:/home/zerda/ros2_ws/install/challenge1:/home/zerda/ros2_ws/install/car_detection:/opt/ros/humble /usr/bin/cmake --install /home/zerda/ros2_ws/build/yolobot_recognition
[0.716s] -- Install configuration: ""
[0.716s] -- Up-to-date: /home/zerda/ros2_ws/install/yolobot_recognition/share/yolobot_recognition//scripts
[0.716s] -- Up-to-date: /home/zerda/ros2_ws/install/yolobot_recognition/share/yolobot_recognition//scripts/best.pt
[0.717s] -- Up-to-date: /home/zerda/ros2_ws/install/yolobot_recognition/share/yolobot_recognition//scripts/yolov8_ros2_pt.py
[0.717s] -- Up-to-date: /home/zerda/ros2_ws/install/yolobot_recognition/share/yolobot_recognition//scripts/.dockerignore
[0.717s] -- Up-to-date: /home/zerda/ros2_ws/install/yolobot_recognition/share/yolobot_recognition//scripts/.gitattributes
[0.717s] -- Up-to-date: /home/zerda/ros2_ws/install/yolobot_recognition/share/yolobot_recognition//scripts/.gitignore
[0.717s] -- Up-to-date: /home/zerda/ros2_ws/install/yolobot_recognition/share/yolobot_recognition//launch
[0.717s] -- Up-to-date: /home/zerda/ros2_ws/install/yolobot_recognition/share/yolobot_recognition//launch/launch_yolov8.launch.py
[0.718s] -- Up-to-date: /home/zerda/ros2_ws/install/yolobot_recognition/lib/yolobot_recognition/yolov8_ros2_pt.py
[0.718s] -- Installing: /home/zerda/ros2_ws/install/yolobot_recognition/lib/yolobot_recognition/launch_yolov8.launch.py
[0.718s] -- Up-to-date: /home/zerda/ros2_ws/install/yolobot_recognition/share/ament_index/resource_index/package_run_dependencies/yolobot_recognition
[0.718s] -- Installing: /home/zerda/ros2_ws/install/yolobot_recognition/share/ament_index/resource_index/parent_prefix_path/yolobot_recognition
[0.718s] -- Up-to-date: /home/zerda/ros2_ws/install/yolobot_recognition/share/yolobot_recognition/environment/ament_prefix_path.sh
[0.719s] -- Installing: /home/zerda/ros2_ws/install/yolobot_recognition/share/yolobot_recognition/environment/ament_prefix_path.dsv
[0.719s] -- Up-to-date: /home/zerda/ros2_ws/install/yolobot_recognition/share/yolobot_recognition/environment/path.sh
[0.719s] -- Installing: /home/zerda/ros2_ws/install/yolobot_recognition/share/yolobot_recognition/environment/path.dsv
[0.719s] -- Up-to-date: /home/zerda/ros2_ws/install/yolobot_recognition/share/yolobot_recognition/local_setup.bash
[0.719s] -- Up-to-date: /home/zerda/ros2_ws/install/yolobot_recognition/share/yolobot_recognition/local_setup.sh
[0.719s] -- Up-to-date: /home/zerda/ros2_ws/install/yolobot_recognition/share/yolobot_recognition/local_setup.zsh
[0.719s] -- Installing: /home/zerda/ros2_ws/install/yolobot_recognition/share/yolobot_recognition/local_setup.dsv
[0.719s] -- Installing: /home/zerda/ros2_ws/install/yolobot_recognition/share/yolobot_recognition/package.dsv
[0.720s] -- Up-to-date: /home/zerda/ros2_ws/install/yolobot_recognition/share/ament_index/resource_index/packages/yolobot_recognition
[0.720s] -- Up-to-date: /home/zerda/ros2_ws/install/yolobot_recognition/share/yolobot_recognition/cmake/yolobot_recognitionConfig.cmake
[0.720s] -- Up-to-date: /home/zerda/ros2_ws/install/yolobot_recognition/share/yolobot_recognition/cmake/yolobot_recognitionConfig-version.cmake
[0.720s] -- Up-to-date: /home/zerda/ros2_ws/install/yolobot_recognition/share/yolobot_recognition/package.xml
[0.722s] Invoked command in '/home/zerda/ros2_ws/build/yolobot_recognition' returned '0': CMAKE_PREFIX_PATH=${CMAKE_PREFIX_PATH}:/home/zerda/ros2_ws/install/object_detection:/home/zerda/ros2_ws/install/my_py_pkg:/home/zerda/ros2_ws/install/my_object_detection_pkg:/home/zerda/ros2_ws/install/challenge1:/home/zerda/ros2_ws/install/car_detection:/opt/ros/humble /usr/bin/cmake --install /home/zerda/ros2_ws/build/yolobot_recognition
