running egg_info
writing ../../build/car_detection/car_detection.egg-info/PKG-INFO
writing dependency_links to ../../build/car_detection/car_detection.egg-info/dependency_links.txt
writing entry points to ../../build/car_detection/car_detection.egg-info/entry_points.txt
writing requirements to ../../build/car_detection/car_detection.egg-info/requires.txt
writing top-level names to ../../build/car_detection/car_detection.egg-info/top_level.txt
reading manifest file '../../build/car_detection/car_detection.egg-info/SOURCES.txt'
writing manifest file '../../build/car_detection/car_detection.egg-info/SOURCES.txt'
running build
running build_py
copying car_detection/__init__.py -> /home/zerda/ros2_ws/build/car_detection/build/lib/car_detection
copying car_detection/ros_detection_yolo.py -> /home/zerda/ros2_ws/build/car_detection/build/lib/car_detection
running install
running install_lib
copying /home/zerda/ros2_ws/build/car_detection/build/lib/car_detection/ros_detection_yolo.py -> /home/zerda/ros2_ws/install/car_detection/lib/python3.10/site-packages/car_detection
byte-compiling /home/zerda/ros2_ws/install/car_detection/lib/python3.10/site-packages/car_detection/ros_detection_yolo.py to ros_detection_yolo.cpython-310.pyc
running install_data
copying resource/car_detection -> /home/zerda/ros2_ws/install/car_detection/share/ament_index/resource_index/packages
copying package.xml -> /home/zerda/ros2_ws/install/car_detection/share/car_detection
running install_egg_info
removing '/home/zerda/ros2_ws/install/car_detection/lib/python3.10/site-packages/car_detection-0.0.0-py3.10.egg-info' (and everything under it)
Copying ../../build/car_detection/car_detection.egg-info to /home/zerda/ros2_ws/install/car_detection/lib/python3.10/site-packages/car_detection-0.0.0-py3.10.egg-info
running install_scripts
Installing ros_detection_yolo script to /home/zerda/ros2_ws/install/car_detection/lib/car_detection
writing list of installed files to '/home/zerda/ros2_ws/build/car_detection/install.log'
