[3.516s] Invoking command in '/home/zerda/ros2_ws/src/challenge1': PYTHONPATH=/home/zerda/ros2_ws/build/challenge1/prefix_override:/home/zerda/ros2_ws/install/challenge1/lib/python3.10/site-packages:${PYTHONPATH} /usr/bin/python3 setup.py egg_info --egg-base ../../build/challenge1 build --build-base /home/zerda/ros2_ws/build/challenge1/build install --record /home/zerda/ros2_ws/build/challenge1/install.log --single-version-externally-managed
[4.172s] running egg_info
[4.174s] writing ../../build/challenge1/challenge1.egg-info/PKG-INFO
[4.175s] writing dependency_links to ../../build/challenge1/challenge1.egg-info/dependency_links.txt
[4.175s] writing entry points to ../../build/challenge1/challenge1.egg-info/entry_points.txt
[4.175s] writing requirements to ../../build/challenge1/challenge1.egg-info/requires.txt
[4.176s] writing top-level names to ../../build/challenge1/challenge1.egg-info/top_level.txt
[4.180s] reading manifest file '../../build/challenge1/challenge1.egg-info/SOURCES.txt'
[4.182s] writing manifest file '../../build/challenge1/challenge1.egg-info/SOURCES.txt'
[4.182s] running build
[4.182s] running build_py
[4.183s] running install
[4.184s] running install_lib
[4.186s] running install_data
[4.187s] running install_egg_info
[4.191s] removing '/home/zerda/ros2_ws/install/challenge1/lib/python3.10/site-packages/challenge1-0.0.0-py3.10.egg-info' (and everything under it)
[4.192s] Copying ../../build/challenge1/challenge1.egg-info to /home/zerda/ros2_ws/install/challenge1/lib/python3.10/site-packages/challenge1-0.0.0-py3.10.egg-info
[4.194s] running install_scripts
[4.239s] Installing turtlec script to /home/zerda/ros2_ws/install/challenge1/lib/challenge1
[4.240s] writing list of installed files to '/home/zerda/ros2_ws/build/challenge1/install.log'
[4.304s] Invoked command in '/home/zerda/ros2_ws/src/challenge1' returned '0': PYTHONPATH=/home/zerda/ros2_ws/build/challenge1/prefix_override:/home/zerda/ros2_ws/install/challenge1/lib/python3.10/site-packages:${PYTHONPATH} /usr/bin/python3 setup.py egg_info --egg-base ../../build/challenge1 build --build-base /home/zerda/ros2_ws/build/challenge1/build install --record /home/zerda/ros2_ws/build/challenge1/install.log --single-version-externally-managed
