[0.033s] Invoking command in '/home/zerda/ros2_ws/build/yolobot_recognition': CMAKE_PREFIX_PATH=${CMAKE_PREFIX_PATH}:/home/zerda/ros2_ws/install/object_detection:/home/zerda/ros2_ws/install/my_py_pkg:/home/zerda/ros2_ws/install/my_object_detection_pkg:/home/zerda/ros2_ws/install/challenge1:/home/zerda/ros2_ws/install/car_detection:/opt/ros/humble /usr/bin/cmake --build /home/zerda/ros2_ws/build/yolobot_recognition -- -j8 -l8
[0.103s] Invoked command in '/home/zerda/ros2_ws/build/yolobot_recognition' returned '0': CMAKE_PREFIX_PATH=${CMAKE_PREFIX_PATH}:/home/zerda/ros2_ws/install/object_detection:/home/zerda/ros2_ws/install/my_py_pkg:/home/zerda/ros2_ws/install/my_object_detection_pkg:/home/zerda/ros2_ws/install/challenge1:/home/zerda/ros2_ws/install/car_detection:/opt/ros/humble /usr/bin/cmake --build /home/zerda/ros2_ws/build/yolobot_recognition -- -j8 -l8
[0.173s] Invoking command in '/home/zerda/ros2_ws/build/yolobot_recognition': CMAKE_PREFIX_PATH=${CMAKE_PREFIX_PATH}:/home/zerda/ros2_ws/install/object_detection:/home/zerda/ros2_ws/install/my_py_pkg:/home/zerda/ros2_ws/install/my_object_detection_pkg:/home/zerda/ros2_ws/install/challenge1:/home/zerda/ros2_ws/install/car_detection:/opt/ros/humble /usr/bin/cmake --install /home/zerda/ros2_ws/build/yolobot_recognition
[0.195s] -- Install configuration: ""
[0.196s] -- Up-to-date: /home/zerda/ros2_ws/install/yolobot_recognition/share/yolobot_recognition//scripts
[0.196s] -- Up-to-date: /home/zerda/ros2_ws/install/yolobot_recognition/share/yolobot_recognition//scripts/best.pt
[0.197s] -- Installing: /home/zerda/ros2_ws/install/yolobot_recognition/share/yolobot_recognition//scripts/yolov8_ros2_pt.py
[0.199s] -- Up-to-date: /home/zerda/ros2_ws/install/yolobot_recognition/share/yolobot_recognition//scripts/.dockerignore
[0.199s] -- Up-to-date: /home/zerda/ros2_ws/install/yolobot_recognition/share/yolobot_recognition//scripts/.gitattributes
[0.200s] -- Up-to-date: /home/zerda/ros2_ws/install/yolobot_recognition/share/yolobot_recognition//scripts/.gitignore
[0.201s] -- Up-to-date: /home/zerda/ros2_ws/install/yolobot_recognition/share/yolobot_recognition//launch
[0.201s] -- Installing: /home/zerda/ros2_ws/install/yolobot_recognition/share/yolobot_recognition//launch/launch_yolov8.launch.py
[0.203s] -- Installing: /home/zerda/ros2_ws/install/yolobot_recognition/lib/yolobot_recognition/yolov8_ros2_pt.py
[0.204s] [31mCMake Error at cmake_install.cmake:53 (file):
[0.205s]   file INSTALL cannot find
[0.205s]   "/home/zerda/ros2_ws/src/yolobot_recognition/scripts/yolov8_ros2_subscriber.py":
[0.206s]   No such file or directory.
[0.206s] 
[0.206s] [0m
[0.212s] Invoked command in '/home/zerda/ros2_ws/build/yolobot_recognition' returned '1': CMAKE_PREFIX_PATH=${CMAKE_PREFIX_PATH}:/home/zerda/ros2_ws/install/object_detection:/home/zerda/ros2_ws/install/my_py_pkg:/home/zerda/ros2_ws/install/my_object_detection_pkg:/home/zerda/ros2_ws/install/challenge1:/home/zerda/ros2_ws/install/car_detection:/opt/ros/humble /usr/bin/cmake --install /home/zerda/ros2_ws/build/yolobot_recognition
