[0.017s] Invoking command in '/home/zerda/ros2_ws/build/yolov8_bringup': AMENT_PREFIX_PATH=/home/zerda/ros2_ws/install/yolov8_ros:/home/zerda/ros2_ws/install/yolov8_bringup:/home/zerda/ros2_ws/install/yolov8_msgs:/home/zerda/ros2_ws/install/yolov8_detection:/home/zerda/ros2_ws/install/yolobot_recognition:/home/zerda/ros2_ws/install/object_detection:/home/zerda/ros2_ws/install/my_py_pkg:/home/zerda/ros2_ws/install/my_object_detection_pkg:/home/zerda/ros2_ws/install/my_cpp_pkg:/home/zerda/ros2_ws/install/image_processing:/home/zerda/ros2_ws/install/challenge1:/home/zerda/ros2_ws/install/car_detection:/home/zerda/ros2_ws/install/aruco_msgs:/opt/ros/humble CMAKE_PREFIX_PATH=${CMAKE_PREFIX_PATH}:/home/zerda/ros2_ws/install/yolov8_ros:/home/zerda/ros2_ws/install/yolov8_detection:/home/zerda/ros2_ws/install/object_detection:/home/zerda/ros2_ws/install/my_py_pkg:/home/zerda/ros2_ws/install/my_object_detection_pkg:/home/zerda/ros2_ws/install/challenge1:/home/zerda/ros2_ws/install/car_detection:/opt/ros/humble /usr/bin/cmake --build /home/zerda/ros2_ws/build/yolov8_bringup -- -j8 -l8
[0.086s] Invoked command in '/home/zerda/ros2_ws/build/yolov8_bringup' returned '0': AMENT_PREFIX_PATH=/home/zerda/ros2_ws/install/yolov8_ros:/home/zerda/ros2_ws/install/yolov8_bringup:/home/zerda/ros2_ws/install/yolov8_msgs:/home/zerda/ros2_ws/install/yolov8_detection:/home/zerda/ros2_ws/install/yolobot_recognition:/home/zerda/ros2_ws/install/object_detection:/home/zerda/ros2_ws/install/my_py_pkg:/home/zerda/ros2_ws/install/my_object_detection_pkg:/home/zerda/ros2_ws/install/my_cpp_pkg:/home/zerda/ros2_ws/install/image_processing:/home/zerda/ros2_ws/install/challenge1:/home/zerda/ros2_ws/install/car_detection:/home/zerda/ros2_ws/install/aruco_msgs:/opt/ros/humble CMAKE_PREFIX_PATH=${CMAKE_PREFIX_PATH}:/home/zerda/ros2_ws/install/yolov8_ros:/home/zerda/ros2_ws/install/yolov8_detection:/home/zerda/ros2_ws/install/object_detection:/home/zerda/ros2_ws/install/my_py_pkg:/home/zerda/ros2_ws/install/my_object_detection_pkg:/home/zerda/ros2_ws/install/challenge1:/home/zerda/ros2_ws/install/car_detection:/opt/ros/humble /usr/bin/cmake --build /home/zerda/ros2_ws/build/yolov8_bringup -- -j8 -l8
[0.130s] Invoking command in '/home/zerda/ros2_ws/build/yolov8_bringup': AMENT_PREFIX_PATH=/home/zerda/ros2_ws/install/yolov8_ros:/home/zerda/ros2_ws/install/yolov8_bringup:/home/zerda/ros2_ws/install/yolov8_msgs:/home/zerda/ros2_ws/install/yolov8_detection:/home/zerda/ros2_ws/install/yolobot_recognition:/home/zerda/ros2_ws/install/object_detection:/home/zerda/ros2_ws/install/my_py_pkg:/home/zerda/ros2_ws/install/my_object_detection_pkg:/home/zerda/ros2_ws/install/my_cpp_pkg:/home/zerda/ros2_ws/install/image_processing:/home/zerda/ros2_ws/install/challenge1:/home/zerda/ros2_ws/install/car_detection:/home/zerda/ros2_ws/install/aruco_msgs:/opt/ros/humble CMAKE_PREFIX_PATH=${CMAKE_PREFIX_PATH}:/home/zerda/ros2_ws/install/yolov8_ros:/home/zerda/ros2_ws/install/yolov8_detection:/home/zerda/ros2_ws/install/object_detection:/home/zerda/ros2_ws/install/my_py_pkg:/home/zerda/ros2_ws/install/my_object_detection_pkg:/home/zerda/ros2_ws/install/challenge1:/home/zerda/ros2_ws/install/car_detection:/opt/ros/humble /usr/bin/cmake --install /home/zerda/ros2_ws/build/yolov8_bringup
[0.146s] -- Install configuration: ""
[0.146s] -- Up-to-date: /home/zerda/ros2_ws/install/yolov8_bringup/share/yolov8_bringup//launch
[0.147s] -- Up-to-date: /home/zerda/ros2_ws/install/yolov8_bringup/share/yolov8_bringup//launch/yolov9.launch.py
[0.147s] -- Up-to-date: /home/zerda/ros2_ws/install/yolov8_bringup/share/yolov8_bringup//launch/yolov8_3d.launch.py
[0.147s] -- Up-to-date: /home/zerda/ros2_ws/install/yolov8_bringup/share/yolov8_bringup//launch/yolov8.launch.py
[0.147s] -- Up-to-date: /home/zerda/ros2_ws/install/yolov8_bringup/share/ament_index/resource_index/package_run_dependencies/yolov8_bringup
[0.147s] -- Up-to-date: /home/zerda/ros2_ws/install/yolov8_bringup/share/ament_index/resource_index/parent_prefix_path/yolov8_bringup
[0.147s] -- Up-to-date: /home/zerda/ros2_ws/install/yolov8_bringup/share/yolov8_bringup/environment/ament_prefix_path.sh
[0.147s] -- Up-to-date: /home/zerda/ros2_ws/install/yolov8_bringup/share/yolov8_bringup/environment/ament_prefix_path.dsv
[0.148s] -- Up-to-date: /home/zerda/ros2_ws/install/yolov8_bringup/share/yolov8_bringup/environment/path.sh
[0.148s] -- Up-to-date: /home/zerda/ros2_ws/install/yolov8_bringup/share/yolov8_bringup/environment/path.dsv
[0.148s] -- Up-to-date: /home/zerda/ros2_ws/install/yolov8_bringup/share/yolov8_bringup/local_setup.bash
[0.148s] -- Up-to-date: /home/zerda/ros2_ws/install/yolov8_bringup/share/yolov8_bringup/local_setup.sh
[0.148s] -- Up-to-date: /home/zerda/ros2_ws/install/yolov8_bringup/share/yolov8_bringup/local_setup.zsh
[0.148s] -- Up-to-date: /home/zerda/ros2_ws/install/yolov8_bringup/share/yolov8_bringup/local_setup.dsv
[0.148s] -- Installing: /home/zerda/ros2_ws/install/yolov8_bringup/share/yolov8_bringup/package.dsv
[0.155s] -- Up-to-date: /home/zerda/ros2_ws/install/yolov8_bringup/share/ament_index/resource_index/packages/yolov8_bringup
[0.155s] -- Up-to-date: /home/zerda/ros2_ws/install/yolov8_bringup/share/yolov8_bringup/cmake/yolov8_bringupConfig.cmake
[0.155s] -- Up-to-date: /home/zerda/ros2_ws/install/yolov8_bringup/share/yolov8_bringup/cmake/yolov8_bringupConfig-version.cmake
[0.155s] -- Up-to-date: /home/zerda/ros2_ws/install/yolov8_bringup/share/yolov8_bringup/package.xml
[0.159s] Invoked command in '/home/zerda/ros2_ws/build/yolov8_bringup' returned '0': AMENT_PREFIX_PATH=/home/zerda/ros2_ws/install/yolov8_ros:/home/zerda/ros2_ws/install/yolov8_bringup:/home/zerda/ros2_ws/install/yolov8_msgs:/home/zerda/ros2_ws/install/yolov8_detection:/home/zerda/ros2_ws/install/yolobot_recognition:/home/zerda/ros2_ws/install/object_detection:/home/zerda/ros2_ws/install/my_py_pkg:/home/zerda/ros2_ws/install/my_object_detection_pkg:/home/zerda/ros2_ws/install/my_cpp_pkg:/home/zerda/ros2_ws/install/image_processing:/home/zerda/ros2_ws/install/challenge1:/home/zerda/ros2_ws/install/car_detection:/home/zerda/ros2_ws/install/aruco_msgs:/opt/ros/humble CMAKE_PREFIX_PATH=${CMAKE_PREFIX_PATH}:/home/zerda/ros2_ws/install/yolov8_ros:/home/zerda/ros2_ws/install/yolov8_detection:/home/zerda/ros2_ws/install/object_detection:/home/zerda/ros2_ws/install/my_py_pkg:/home/zerda/ros2_ws/install/my_object_detection_pkg:/home/zerda/ros2_ws/install/challenge1:/home/zerda/ros2_ws/install/car_detection:/opt/ros/humble /usr/bin/cmake --install /home/zerda/ros2_ws/build/yolov8_bringup
