[2.128s] Invoking command in '/home/zerda/ros2_ws/src/car_detector': PYTHONPATH=/home/zerda/ros2_ws/build/car_detector/prefix_override:/home/zerda/ros2_ws/install/car_detector/lib/python3.10/site-packages:${PYTHONPATH} /usr/bin/python3 -W ignore:setup.py install is deprecated setup.py egg_info --egg-base ../../build/car_detector build --build-base /home/zerda/ros2_ws/build/car_detector/build install --record /home/zerda/ros2_ws/build/car_detector/install.log --single-version-externally-managed install_data
[2.726s] running egg_info
[2.773s] writing ../../build/car_detector/car_detector.egg-info/PKG-INFO
[2.774s] writing dependency_links to ../../build/car_detector/car_detector.egg-info/dependency_links.txt
[2.774s] writing entry points to ../../build/car_detector/car_detector.egg-info/entry_points.txt
[2.775s] writing requirements to ../../build/car_detector/car_detector.egg-info/requires.txt
[2.775s] writing top-level names to ../../build/car_detector/car_detector.egg-info/top_level.txt
[2.865s] reading manifest file '../../build/car_detector/car_detector.egg-info/SOURCES.txt'
[2.867s] writing manifest file '../../build/car_detector/car_detector.egg-info/SOURCES.txt'
[2.867s] running build
[2.867s] running build_py
[2.868s] copying car_detector/__init__.py -> /home/zerda/ros2_ws/build/car_detector/build/lib/car_detector
[2.869s] copying car_detector/camera_pub.py -> /home/zerda/ros2_ws/build/car_detector/build/lib/car_detector
[2.869s] copying car_detector/car_detection.py -> /home/zerda/ros2_ws/build/car_detector/build/lib/car_detector
[2.870s] running install
[2.884s] running install_lib
[2.927s] copying /home/zerda/ros2_ws/build/car_detector/build/lib/car_detector/car_detection.py -> /home/zerda/ros2_ws/install/car_detector/lib/python3.10/site-packages/car_detector
[2.929s] byte-compiling /home/zerda/ros2_ws/install/car_detector/lib/python3.10/site-packages/car_detector/car_detection.py to car_detection.cpython-310.pyc
[2.931s] running install_data
[2.931s] copying package.xml -> /home/zerda/ros2_ws/install/car_detector/share/car_detector
[2.931s] copying launch/camera_car_detection.launch.py -> /home/zerda/ros2_ws/install/car_detector/share/car_detector/launch
[2.932s] copying config/camera_car_detection.rviz -> /home/zerda/ros2_ws/install/car_detector/share/car_detector/config
[2.932s] copying data/best.pt -> /home/zerda/ros2_ws/install/car_detector/share/car_detector/data
[3.201s] running install_egg_info
[3.254s] removing '/home/zerda/ros2_ws/install/car_detector/lib/python3.10/site-packages/car_detector-0.0.0-py3.10.egg-info' (and everything under it)
[3.255s] Copying ../../build/car_detector/car_detector.egg-info to /home/zerda/ros2_ws/install/car_detector/lib/python3.10/site-packages/car_detector-0.0.0-py3.10.egg-info
[3.260s] running install_scripts
[3.650s] Installing camera_publisher script to /home/zerda/ros2_ws/install/car_detector/lib/car_detector
[3.650s] Installing car_detection script to /home/zerda/ros2_ws/install/car_detector/lib/car_detector
[3.651s] writing list of installed files to '/home/zerda/ros2_ws/build/car_detector/install.log'
[3.707s] Invoked command in '/home/zerda/ros2_ws/src/car_detector' returned '0': PYTHONPATH=/home/zerda/ros2_ws/build/car_detector/prefix_override:/home/zerda/ros2_ws/install/car_detector/lib/python3.10/site-packages:${PYTHONPATH} /usr/bin/python3 -W ignore:setup.py install is deprecated setup.py egg_info --egg-base ../../build/car_detector build --build-base /home/zerda/ros2_ws/build/car_detector/build install --record /home/zerda/ros2_ws/build/car_detector/install.log --single-version-externally-managed install_data
