[2.576s] DEBUG:colcon:Command line arguments: ['/usr/bin/colcon', 'build', '--packages-select', 'my_cpp_pkg']
[2.576s] DEBUG:colcon:Parsed command line arguments: Namespace(log_base=None, log_level=None, verb_name='build', build_base='build', install_base='install', merge_install=False, symlink_install=False, test_result_base=None, continue_on_error=False, executor='parallel', parallel_workers=8, event_handlers=None, ignore_user_meta=False, metas=['./colcon.meta'], base_paths=['.'], packages_ignore=None, packages_ignore_regex=None, paths=None, packages_up_to=None, packages_up_to_regex=None, packages_above=None, packages_above_and_dependencies=None, packages_above_depth=None, packages_select_by_dep=None, packages_skip_by_dep=None, packages_skip_up_to=None, packages_select_build_failed=False, packages_skip_build_finished=False, packages_select_test_failures=False, packages_skip_test_passed=False, packages_select=['my_cpp_pkg'], packages_skip=None, packages_select_regex=None, packages_skip_regex=None, packages_start=None, packages_end=None, allow_overriding=[], cmake_args=None, cmake_target=None, cmake_target_skip_unavailable=False, cmake_clean_cache=False, cmake_clean_first=False, cmake_force_configure=False, ament_cmake_args=None, catkin_cmake_args=None, catkin_skip_building_tests=False, verb_parser=<colcon_defaults.argument_parser.defaults.DefaultArgumentsDecorator object at 0x7f2ce795b490>, verb_extension=<colcon_core.verb.build.BuildVerb object at 0x7f2ce7dcbc40>, main=<bound method BuildVerb.main of <colcon_core.verb.build.BuildVerb object at 0x7f2ce7dcbc40>>)
[2.680s] Level 1:colcon.colcon_core.package_discovery:discover_packages(colcon_meta) check parameters
[2.680s] Level 1:colcon.colcon_core.package_discovery:discover_packages(recursive) check parameters
[2.680s] Level 1:colcon.colcon_core.package_discovery:discover_packages(ignore) check parameters
[2.680s] Level 1:colcon.colcon_core.package_discovery:discover_packages(path) check parameters
[2.680s] Level 1:colcon.colcon_core.package_discovery:discover_packages(colcon_meta) discover
[2.680s] Level 1:colcon.colcon_core.package_discovery:discover_packages(recursive) discover
[2.680s] INFO:colcon.colcon_core.package_discovery:Crawling recursively for packages in '/home/zerda/ros2_ws'
[2.681s] Level 1:colcon.colcon_core.package_identification:_identify(.) by extensions ['ignore', 'ignore_ament_install']
[2.681s] Level 1:colcon.colcon_core.package_identification:_identify(.) by extension 'ignore'
[2.681s] Level 1:colcon.colcon_core.package_identification:_identify(.) by extension 'ignore_ament_install'
[2.681s] Level 1:colcon.colcon_core.package_identification:_identify(.) by extensions ['colcon_pkg']
[2.681s] Level 1:colcon.colcon_core.package_identification:_identify(.) by extension 'colcon_pkg'
[2.681s] Level 1:colcon.colcon_core.package_identification:_identify(.) by extensions ['colcon_meta']
[2.681s] Level 1:colcon.colcon_core.package_identification:_identify(.) by extension 'colcon_meta'
[2.681s] Level 1:colcon.colcon_core.package_identification:_identify(.) by extensions ['ros']
[2.681s] Level 1:colcon.colcon_core.package_identification:_identify(.) by extension 'ros'
[2.707s] Level 1:colcon.colcon_core.package_identification:_identify(.) by extensions ['cmake', 'python']
[2.707s] Level 1:colcon.colcon_core.package_identification:_identify(.) by extension 'cmake'
[2.707s] Level 1:colcon.colcon_core.package_identification:_identify(.) by extension 'python'
[2.707s] Level 1:colcon.colcon_core.package_identification:_identify(.) by extensions ['python_setup_py']
[2.707s] Level 1:colcon.colcon_core.package_identification:_identify(.) by extension 'python_setup_py'
[2.708s] Level 1:colcon.colcon_core.package_identification:_identify(build) by extensions ['ignore', 'ignore_ament_install']
[2.708s] Level 1:colcon.colcon_core.package_identification:_identify(build) by extension 'ignore'
[2.708s] Level 1:colcon.colcon_core.package_identification:_identify(build) ignored
[2.709s] Level 1:colcon.colcon_core.package_identification:_identify(install) by extensions ['ignore', 'ignore_ament_install']
[2.709s] Level 1:colcon.colcon_core.package_identification:_identify(install) by extension 'ignore'
[2.709s] Level 1:colcon.colcon_core.package_identification:_identify(install) ignored
[2.709s] Level 1:colcon.colcon_core.package_identification:_identify(log) by extensions ['ignore', 'ignore_ament_install']
[2.709s] Level 1:colcon.colcon_core.package_identification:_identify(log) by extension 'ignore'
[2.710s] Level 1:colcon.colcon_core.package_identification:_identify(log) ignored
[2.710s] Level 1:colcon.colcon_core.package_identification:_identify(src) by extensions ['ignore', 'ignore_ament_install']
[2.710s] Level 1:colcon.colcon_core.package_identification:_identify(src) by extension 'ignore'
[2.710s] Level 1:colcon.colcon_core.package_identification:_identify(src) by extension 'ignore_ament_install'
[2.710s] Level 1:colcon.colcon_core.package_identification:_identify(src) by extensions ['colcon_pkg']
[2.710s] Level 1:colcon.colcon_core.package_identification:_identify(src) by extension 'colcon_pkg'
[2.710s] Level 1:colcon.colcon_core.package_identification:_identify(src) by extensions ['colcon_meta']
[2.711s] Level 1:colcon.colcon_core.package_identification:_identify(src) by extension 'colcon_meta'
[2.711s] Level 1:colcon.colcon_core.package_identification:_identify(src) by extensions ['ros']
[2.711s] Level 1:colcon.colcon_core.package_identification:_identify(src) by extension 'ros'
[2.711s] Level 1:colcon.colcon_core.package_identification:_identify(src) by extensions ['cmake', 'python']
[2.711s] Level 1:colcon.colcon_core.package_identification:_identify(src) by extension 'cmake'
[2.711s] Level 1:colcon.colcon_core.package_identification:_identify(src) by extension 'python'
[2.712s] Level 1:colcon.colcon_core.package_identification:_identify(src) by extensions ['python_setup_py']
[2.712s] Level 1:colcon.colcon_core.package_identification:_identify(src) by extension 'python_setup_py'
[2.712s] Level 1:colcon.colcon_core.package_identification:_identify(src/challenge1) by extensions ['ignore', 'ignore_ament_install']
[2.713s] Level 1:colcon.colcon_core.package_identification:_identify(src/challenge1) by extension 'ignore'
[2.713s] Level 1:colcon.colcon_core.package_identification:_identify(src/challenge1) by extension 'ignore_ament_install'
[2.713s] Level 1:colcon.colcon_core.package_identification:_identify(src/challenge1) by extensions ['colcon_pkg']
[2.713s] Level 1:colcon.colcon_core.package_identification:_identify(src/challenge1) by extension 'colcon_pkg'
[2.713s] Level 1:colcon.colcon_core.package_identification:_identify(src/challenge1) by extensions ['colcon_meta']
[2.713s] Level 1:colcon.colcon_core.package_identification:_identify(src/challenge1) by extension 'colcon_meta'
[2.714s] Level 1:colcon.colcon_core.package_identification:_identify(src/challenge1) by extensions ['ros']
[2.714s] Level 1:colcon.colcon_core.package_identification:_identify(src/challenge1) by extension 'ros'
[2.720s] DEBUG:colcon.colcon_core.package_identification:Package 'src/challenge1' with type 'ros.ament_python' and name 'challenge1'
[2.721s] Level 1:colcon.colcon_core.package_identification:_identify(src/image_processing) by extensions ['ignore', 'ignore_ament_install']
[2.721s] Level 1:colcon.colcon_core.package_identification:_identify(src/image_processing) by extension 'ignore'
[2.721s] Level 1:colcon.colcon_core.package_identification:_identify(src/image_processing) by extension 'ignore_ament_install'
[2.721s] Level 1:colcon.colcon_core.package_identification:_identify(src/image_processing) by extensions ['colcon_pkg']
[2.721s] Level 1:colcon.colcon_core.package_identification:_identify(src/image_processing) by extension 'colcon_pkg'
[2.721s] Level 1:colcon.colcon_core.package_identification:_identify(src/image_processing) by extensions ['colcon_meta']
[2.721s] Level 1:colcon.colcon_core.package_identification:_identify(src/image_processing) by extension 'colcon_meta'
[2.722s] Level 1:colcon.colcon_core.package_identification:_identify(src/image_processing) by extensions ['ros']
[2.722s] Level 1:colcon.colcon_core.package_identification:_identify(src/image_processing) by extension 'ros'
[2.724s] DEBUG:colcon.colcon_core.package_identification:Package 'src/image_processing' with type 'ros.ament_cmake' and name 'image_processing'
[2.724s] Level 1:colcon.colcon_core.package_identification:_identify(src/my_cpp_pkg) by extensions ['ignore', 'ignore_ament_install']
[2.724s] Level 1:colcon.colcon_core.package_identification:_identify(src/my_cpp_pkg) by extension 'ignore'
[2.724s] Level 1:colcon.colcon_core.package_identification:_identify(src/my_cpp_pkg) by extension 'ignore_ament_install'
[2.725s] Level 1:colcon.colcon_core.package_identification:_identify(src/my_cpp_pkg) by extensions ['colcon_pkg']
[2.725s] Level 1:colcon.colcon_core.package_identification:_identify(src/my_cpp_pkg) by extension 'colcon_pkg'
[2.725s] Level 1:colcon.colcon_core.package_identification:_identify(src/my_cpp_pkg) by extensions ['colcon_meta']
[2.725s] Level 1:colcon.colcon_core.package_identification:_identify(src/my_cpp_pkg) by extension 'colcon_meta'
[2.725s] Level 1:colcon.colcon_core.package_identification:_identify(src/my_cpp_pkg) by extensions ['ros']
[2.725s] Level 1:colcon.colcon_core.package_identification:_identify(src/my_cpp_pkg) by extension 'ros'
[2.727s] DEBUG:colcon.colcon_core.package_identification:Package 'src/my_cpp_pkg' with type 'ros.ament_cmake' and name 'my_cpp_pkg'
[2.728s] Level 1:colcon.colcon_core.package_identification:_identify(src/my_py_pkg) by extensions ['ignore', 'ignore_ament_install']
[2.728s] Level 1:colcon.colcon_core.package_identification:_identify(src/my_py_pkg) by extension 'ignore'
[2.728s] Level 1:colcon.colcon_core.package_identification:_identify(src/my_py_pkg) by extension 'ignore_ament_install'
[2.728s] Level 1:colcon.colcon_core.package_identification:_identify(src/my_py_pkg) by extensions ['colcon_pkg']
[2.728s] Level 1:colcon.colcon_core.package_identification:_identify(src/my_py_pkg) by extension 'colcon_pkg'
[2.728s] Level 1:colcon.colcon_core.package_identification:_identify(src/my_py_pkg) by extensions ['colcon_meta']
[2.728s] Level 1:colcon.colcon_core.package_identification:_identify(src/my_py_pkg) by extension 'colcon_meta'
[2.729s] Level 1:colcon.colcon_core.package_identification:_identify(src/my_py_pkg) by extensions ['ros']
[2.729s] Level 1:colcon.colcon_core.package_identification:_identify(src/my_py_pkg) by extension 'ros'
[2.730s] DEBUG:colcon.colcon_core.package_identification:Package 'src/my_py_pkg' with type 'ros.ament_python' and name 'my_py_pkg'
[2.730s] Level 1:colcon.colcon_core.package_discovery:discover_packages(recursive) using defaults
[2.730s] Level 1:colcon.colcon_core.package_discovery:discover_packages(ignore) discover
[2.731s] Level 1:colcon.colcon_core.package_discovery:discover_packages(ignore) using defaults
[2.731s] Level 1:colcon.colcon_core.package_discovery:discover_packages(path) discover
[2.731s] Level 1:colcon.colcon_core.package_discovery:discover_packages(path) using defaults
[2.881s] INFO:colcon.colcon_core.package_selection:Skipping not selected package 'challenge1' in 'src/challenge1'
[2.881s] INFO:colcon.colcon_core.package_selection:Skipping not selected package 'image_processing' in 'src/image_processing'
[2.881s] INFO:colcon.colcon_core.package_selection:Skipping not selected package 'my_py_pkg' in 'src/my_py_pkg'
[2.945s] Level 1:colcon.colcon_core.package_discovery:discover_packages(prefix_path) check parameters
[2.946s] Level 1:colcon.colcon_core.package_discovery:discover_packages(prefix_path) discover
[3.017s] DEBUG:colcon.colcon_installed_package_information.package_discovery:Found 4 installed packages in /home/zerda/ros2_ws/install
[3.052s] DEBUG:colcon.colcon_installed_package_information.package_discovery:Found 273 installed packages in /opt/ros/humble
[3.055s] Level 1:colcon.colcon_core.package_discovery:discover_packages(prefix_path) using defaults
[3.264s] Level 5:colcon.colcon_core.verb:set package 'my_cpp_pkg' build argument 'cmake_args' from command line to 'None'
[3.264s] Level 5:colcon.colcon_core.verb:set package 'my_cpp_pkg' build argument 'cmake_target' from command line to 'None'
[3.264s] Level 5:colcon.colcon_core.verb:set package 'my_cpp_pkg' build argument 'cmake_target_skip_unavailable' from command line to 'False'
[3.264s] Level 5:colcon.colcon_core.verb:set package 'my_cpp_pkg' build argument 'cmake_clean_cache' from command line to 'False'
[3.264s] Level 5:colcon.colcon_core.verb:set package 'my_cpp_pkg' build argument 'cmake_clean_first' from command line to 'False'
[3.264s] Level 5:colcon.colcon_core.verb:set package 'my_cpp_pkg' build argument 'cmake_force_configure' from command line to 'False'
[3.265s] Level 5:colcon.colcon_core.verb:set package 'my_cpp_pkg' build argument 'ament_cmake_args' from command line to 'None'
[3.265s] Level 5:colcon.colcon_core.verb:set package 'my_cpp_pkg' build argument 'catkin_cmake_args' from command line to 'None'
[3.265s] Level 5:colcon.colcon_core.verb:set package 'my_cpp_pkg' build argument 'catkin_skip_building_tests' from command line to 'False'
[3.265s] DEBUG:colcon.colcon_core.verb:Building package 'my_cpp_pkg' with the following arguments: {'ament_cmake_args': None, 'build_base': '/home/zerda/ros2_ws/build/my_cpp_pkg', 'catkin_cmake_args': None, 'catkin_skip_building_tests': False, 'cmake_args': None, 'cmake_clean_cache': False, 'cmake_clean_first': False, 'cmake_force_configure': False, 'cmake_target': None, 'cmake_target_skip_unavailable': False, 'install_base': '/home/zerda/ros2_ws/install/my_cpp_pkg', 'merge_install': False, 'path': '/home/zerda/ros2_ws/src/my_cpp_pkg', 'symlink_install': False, 'test_result_base': None}
[3.298s] INFO:colcon.colcon_core.executor:Executing jobs using 'parallel' executor
[3.332s] DEBUG:colcon.colcon_parallel_executor.executor.parallel:run_until_complete
[3.333s] INFO:colcon.colcon_ros.task.ament_cmake.build:Building ROS package in '/home/zerda/ros2_ws/src/my_cpp_pkg' with build type 'ament_cmake'
[3.333s] INFO:colcon.colcon_cmake.task.cmake.build:Building CMake package in '/home/zerda/ros2_ws/src/my_cpp_pkg'
[3.371s] INFO:colcon.colcon_core.plugin_system:Skipping extension 'colcon_core.shell.bat': Not used on non-Windows systems
[3.372s] INFO:colcon.colcon_core.shell:Skip shell extension 'powershell' for command environment: Not usable outside of PowerShell
[3.372s] DEBUG:colcon.colcon_core.shell:Skip shell extension 'dsv' for command environment
[3.516s] DEBUG:colcon.colcon_core.event_handler.log_command:Invoking command in '/home/zerda/ros2_ws/build/my_cpp_pkg': CMAKE_PREFIX_PATH=${CMAKE_PREFIX_PATH}:/home/zerda/ros2_ws/install/my_py_pkg:/home/zerda/ros2_ws/install/challenge1:/opt/ros/humble /usr/bin/cmake --build /home/zerda/ros2_ws/build/my_cpp_pkg -- -j8 -l8
[4.249s] DEBUG:colcon.colcon_core.event_handler.log_command:Invoked command in '/home/zerda/ros2_ws/build/my_cpp_pkg' returned '2': CMAKE_PREFIX_PATH=${CMAKE_PREFIX_PATH}:/home/zerda/ros2_ws/install/my_py_pkg:/home/zerda/ros2_ws/install/challenge1:/opt/ros/humble /usr/bin/cmake --build /home/zerda/ros2_ws/build/my_cpp_pkg -- -j8 -l8
[4.330s] Level 1:colcon.colcon_core.environment:create_environment_scripts_only(my_cpp_pkg)
[4.367s] Level 1:colcon.colcon_core.environment:checking '/home/zerda/ros2_ws/install/my_cpp_pkg' for CMake module files
[4.368s] Level 1:colcon.colcon_core.environment:checking '/home/zerda/ros2_ws/install/my_cpp_pkg' for CMake config files
[4.369s] Level 1:colcon.colcon_core.shell:create_environment_hook('my_cpp_pkg', 'cmake_prefix_path')
[4.401s] INFO:colcon.colcon_core.shell:Creating environment hook '/home/zerda/ros2_ws/install/my_cpp_pkg/share/my_cpp_pkg/hook/cmake_prefix_path.ps1'
[4.403s] INFO:colcon.colcon_core.shell:Creating environment descriptor '/home/zerda/ros2_ws/install/my_cpp_pkg/share/my_cpp_pkg/hook/cmake_prefix_path.dsv'
[4.404s] INFO:colcon.colcon_core.shell:Creating environment hook '/home/zerda/ros2_ws/install/my_cpp_pkg/share/my_cpp_pkg/hook/cmake_prefix_path.sh'
[4.405s] Level 1:colcon.colcon_core.environment:checking '/home/zerda/ros2_ws/install/my_cpp_pkg/bin'
[4.406s] Level 1:colcon.colcon_core.environment:checking '/home/zerda/ros2_ws/install/my_cpp_pkg/lib/pkgconfig/my_cpp_pkg.pc'
[4.406s] Level 1:colcon.colcon_core.environment:checking '/home/zerda/ros2_ws/install/my_cpp_pkg/lib/python3.10/site-packages'
[4.407s] Level 1:colcon.colcon_core.environment:checking '/home/zerda/ros2_ws/install/my_cpp_pkg/bin'
[4.441s] INFO:colcon.colcon_core.shell:Creating package script '/home/zerda/ros2_ws/install/my_cpp_pkg/share/my_cpp_pkg/package.ps1'
[4.443s] INFO:colcon.colcon_core.shell:Creating package descriptor '/home/zerda/ros2_ws/install/my_cpp_pkg/share/my_cpp_pkg/package.dsv'
[4.444s] INFO:colcon.colcon_core.shell:Creating package script '/home/zerda/ros2_ws/install/my_cpp_pkg/share/my_cpp_pkg/package.sh'
[4.446s] INFO:colcon.colcon_core.shell:Creating package script '/home/zerda/ros2_ws/install/my_cpp_pkg/share/my_cpp_pkg/package.bash'
[4.448s] INFO:colcon.colcon_core.shell:Creating package script '/home/zerda/ros2_ws/install/my_cpp_pkg/share/my_cpp_pkg/package.zsh'
[4.449s] Level 1:colcon.colcon_core.environment:create_file_with_runtime_dependencies(/home/zerda/ros2_ws/install/my_cpp_pkg/share/colcon-core/packages/my_cpp_pkg)
[4.460s] DEBUG:colcon.colcon_parallel_executor.executor.parallel:closing loop
[4.460s] DEBUG:colcon.colcon_parallel_executor.executor.parallel:loop closed
[4.461s] DEBUG:colcon.colcon_parallel_executor.executor.parallel:run_until_complete finished with '2'
[4.461s] DEBUG:colcon.colcon_core.event_reactor:joining thread
[4.509s] INFO:colcon.colcon_core.plugin_system:Skipping extension 'colcon_notification.desktop_notification.terminal_notifier': Not used on non-Darwin systems
[4.509s] INFO:colcon.colcon_core.plugin_system:Skipping extension 'colcon_notification.desktop_notification.win32': Not used on non-Windows systems
[4.509s] INFO:colcon.colcon_notification.desktop_notification:Sending desktop notification using 'notify2'
[4.535s] DEBUG:colcon.colcon_core.event_reactor:joined thread
[4.567s] INFO:colcon.colcon_core.shell:Creating prefix script '/home/zerda/ros2_ws/install/local_setup.ps1'
[4.570s] INFO:colcon.colcon_core.shell:Creating prefix util module '/home/zerda/ros2_ws/install/_local_setup_util_ps1.py'
[4.572s] INFO:colcon.colcon_core.shell:Creating prefix chain script '/home/zerda/ros2_ws/install/setup.ps1'
[4.606s] INFO:colcon.colcon_core.shell:Creating prefix script '/home/zerda/ros2_ws/install/local_setup.sh'
[4.607s] INFO:colcon.colcon_core.shell:Creating prefix util module '/home/zerda/ros2_ws/install/_local_setup_util_sh.py'
[4.608s] INFO:colcon.colcon_core.shell:Creating prefix chain script '/home/zerda/ros2_ws/install/setup.sh'
[4.647s] INFO:colcon.colcon_core.shell:Creating prefix script '/home/zerda/ros2_ws/install/local_setup.bash'
[4.648s] INFO:colcon.colcon_core.shell:Creating prefix chain script '/home/zerda/ros2_ws/install/setup.bash'
[4.686s] INFO:colcon.colcon_core.shell:Creating prefix script '/home/zerda/ros2_ws/install/local_setup.zsh'
[4.687s] INFO:colcon.colcon_core.shell:Creating prefix chain script '/home/zerda/ros2_ws/install/setup.zsh'
