[1.733s] Invoking command in '/home/zerda/ros2_ws/src/people_detector': PYTHONPATH=/home/zerda/ros2_ws/build/people_detector/prefix_override:/home/zerda/ros2_ws/install/people_detector/lib/python3.10/site-packages:${PYTHONPATH} /usr/bin/python3 -W ignore:setup.py install is deprecated setup.py egg_info --egg-base ../../build/people_detector build --build-base /home/zerda/ros2_ws/build/people_detector/build install --record /home/zerda/ros2_ws/build/people_detector/install.log --install-scripts $base/lib/people_detector --single-version-externally-managed install_data
[2.015s] /home/zerda/.local/lib/python3.10/site-packages/setuptools/dist.py:476: SetuptoolsDeprecationWarning: Invalid dash-separated options
[2.015s] !!
[2.015s] 
[2.015s]         ********************************************************************************
[2.015s]         Usage of dash-separated 'script-dir' will not be supported in future
[2.015s]         versions. Please use the underscore name 'script_dir' instead.
[2.016s] 
[2.016s]         By 2024-Sep-26, you need to update your project and remove deprecated calls
[2.016s]         or your builds will no longer be supported.
[2.016s] 
[2.016s]         See https://setuptools.pypa.io/en/latest/userguide/declarative_config.html for details.
[2.016s]         ********************************************************************************
[2.016s] 
[2.016s] !!
[2.016s]   opt = self.warn_dash_deprecation(opt, section)
[2.271s] running egg_info
[2.306s] writing ../../build/people_detector/people_detector.egg-info/PKG-INFO
[2.307s] writing dependency_links to ../../build/people_detector/people_detector.egg-info/dependency_links.txt
[2.308s] writing entry points to ../../build/people_detector/people_detector.egg-info/entry_points.txt
[2.308s] writing requirements to ../../build/people_detector/people_detector.egg-info/requires.txt
[2.309s] writing top-level names to ../../build/people_detector/people_detector.egg-info/top_level.txt
[2.381s] reading manifest file '../../build/people_detector/people_detector.egg-info/SOURCES.txt'
[2.384s] writing manifest file '../../build/people_detector/people_detector.egg-info/SOURCES.txt'
[2.384s] running build
[2.384s] running build_py
[2.385s] copying people_detector/people_detect.py -> /home/zerda/ros2_ws/build/people_detector/build/lib/people_detector
[2.385s] copying people_detector/__init__.py -> /home/zerda/ros2_ws/build/people_detector/build/lib/people_detector
[2.385s] copying people_detector/video_pub.py -> /home/zerda/ros2_ws/build/people_detector/build/lib/people_detector
[2.386s] running install
[2.399s] running install_lib
[2.436s] running install_data
[2.436s] copying resource/people_detector -> /home/zerda/ros2_ws/install/people_detector/share/ament_index/resource_index/packages
[2.437s] copying package.xml -> /home/zerda/ros2_ws/install/people_detector/share/people_detector
[2.437s] copying launch/people_detection.py -> /home/zerda/ros2_ws/install/people_detector/share/people_detector
[2.437s] copying data/yolov8n.pt -> /home/zerda/ros2_ws/install/people_detector/share/people_detector
[2.450s] copying data/video.mp4 -> /home/zerda/ros2_ws/install/people_detector/share/people_detector
[2.480s] running install_egg_info
[2.518s] removing '/home/zerda/ros2_ws/install/people_detector/lib/python3.10/site-packages/people_detector-0.0.0-py3.10.egg-info' (and everything under it)
[2.519s] Copying ../../build/people_detector/people_detector.egg-info to /home/zerda/ros2_ws/install/people_detector/lib/python3.10/site-packages/people_detector-0.0.0-py3.10.egg-info
[2.520s] running install_scripts
[2.838s] Installing people_detect_subscriber script to /home/zerda/ros2_ws/install/people_detector/lib/people_detector
[2.838s] Installing video_publisher script to /home/zerda/ros2_ws/install/people_detector/lib/people_detector
[2.839s] writing list of installed files to '/home/zerda/ros2_ws/build/people_detector/install.log'
[2.890s] Invoked command in '/home/zerda/ros2_ws/src/people_detector' returned '0': PYTHONPATH=/home/zerda/ros2_ws/build/people_detector/prefix_override:/home/zerda/ros2_ws/install/people_detector/lib/python3.10/site-packages:${PYTHONPATH} /usr/bin/python3 -W ignore:setup.py install is deprecated setup.py egg_info --egg-base ../../build/people_detector build --build-base /home/zerda/ros2_ws/build/people_detector/build install --record /home/zerda/ros2_ws/build/people_detector/install.log --install-scripts $base/lib/people_detector --single-version-externally-managed install_data
