[1.703s] Invoking command in '/home/zerda/ros2_ws/src/car_detection': PYTHONPATH=/home/zerda/ros2_ws/build/car_detection/prefix_override:/home/zerda/ros2_ws/install/car_detection/lib/python3.10/site-packages:${PYTHONPATH} /usr/bin/python3 -W ignore:setup.py install is deprecated setup.py egg_info --egg-base ../../build/car_detection build --build-base /home/zerda/ros2_ws/build/car_detection/build install --record /home/zerda/ros2_ws/build/car_detection/install.log --single-version-externally-managed install_data
[2.224s] running egg_info
[2.257s] writing ../../build/car_detection/car_detection.egg-info/PKG-INFO
[2.258s] writing dependency_links to ../../build/car_detection/car_detection.egg-info/dependency_links.txt
[2.259s] writing entry points to ../../build/car_detection/car_detection.egg-info/entry_points.txt
[2.259s] writing requirements to ../../build/car_detection/car_detection.egg-info/requires.txt
[2.259s] writing top-level names to ../../build/car_detection/car_detection.egg-info/top_level.txt
[2.327s] reading manifest file '../../build/car_detection/car_detection.egg-info/SOURCES.txt'
[2.328s] writing manifest file '../../build/car_detection/car_detection.egg-info/SOURCES.txt'
[2.329s] running build
[2.329s] running build_py
[2.329s] copying car_detection/__init__.py -> /home/zerda/ros2_ws/build/car_detection/build/lib/car_detection
[2.329s] copying car_detection/ros_detection_yolo.py -> /home/zerda/ros2_ws/build/car_detection/build/lib/car_detection
[2.330s] running install
[2.343s] running install_lib
[2.377s] copying /home/zerda/ros2_ws/build/car_detection/build/lib/car_detection/ros_detection_yolo.py -> /home/zerda/ros2_ws/install/car_detection/lib/python3.10/site-packages/car_detection
[2.381s] byte-compiling /home/zerda/ros2_ws/install/car_detection/lib/python3.10/site-packages/car_detection/ros_detection_yolo.py to ros_detection_yolo.cpython-310.pyc
[2.387s] running install_data
[2.387s] copying resource/car_detection -> /home/zerda/ros2_ws/install/car_detection/share/ament_index/resource_index/packages
[2.388s] copying package.xml -> /home/zerda/ros2_ws/install/car_detection/share/car_detection
[2.388s] running install_egg_info
[2.423s] removing '/home/zerda/ros2_ws/install/car_detection/lib/python3.10/site-packages/car_detection-0.0.0-py3.10.egg-info' (and everything under it)
[2.423s] Copying ../../build/car_detection/car_detection.egg-info to /home/zerda/ros2_ws/install/car_detection/lib/python3.10/site-packages/car_detection-0.0.0-py3.10.egg-info
[2.425s] running install_scripts
[2.730s] Installing ros_detection_yolo script to /home/zerda/ros2_ws/install/car_detection/lib/car_detection
[2.731s] writing list of installed files to '/home/zerda/ros2_ws/build/car_detection/install.log'
[2.783s] Invoked command in '/home/zerda/ros2_ws/src/car_detection' returned '0': PYTHONPATH=/home/zerda/ros2_ws/build/car_detection/prefix_override:/home/zerda/ros2_ws/install/car_detection/lib/python3.10/site-packages:${PYTHONPATH} /usr/bin/python3 -W ignore:setup.py install is deprecated setup.py egg_info --egg-base ../../build/car_detection build --build-base /home/zerda/ros2_ws/build/car_detection/build install --record /home/zerda/ros2_ws/build/car_detection/install.log --single-version-externally-managed install_data
