[1.458s] Invoking command in '/home/zerda/ros2_ws/src/YOLOv7_ROS2/object_detection': PYTHONPATH=/home/zerda/ros2_ws/build/object_detection/prefix_override:/home/zerda/ros2_ws/install/object_detection/lib/python3.10/site-packages:${PYTHONPATH} /usr/bin/python3 setup.py egg_info --egg-base ../../../build/object_detection build --build-base /home/zerda/ros2_ws/build/object_detection/build install --record /home/zerda/ros2_ws/build/object_detection/install.log --single-version-externally-managed
[1.855s] running egg_info
[1.855s] creating ../../../build/object_detection/object_detection.egg-info
[1.876s] writing ../../../build/object_detection/object_detection.egg-info/PKG-INFO
[1.877s] writing dependency_links to ../../../build/object_detection/object_detection.egg-info/dependency_links.txt
[1.877s] writing entry points to ../../../build/object_detection/object_detection.egg-info/entry_points.txt
[1.878s] writing requirements to ../../../build/object_detection/object_detection.egg-info/requires.txt
[1.878s] writing top-level names to ../../../build/object_detection/object_detection.egg-info/top_level.txt
[1.878s] writing manifest file '../../../build/object_detection/object_detection.egg-info/SOURCES.txt'
[1.924s] reading manifest file '../../../build/object_detection/object_detection.egg-info/SOURCES.txt'
[1.926s] writing manifest file '../../../build/object_detection/object_detection.egg-info/SOURCES.txt'
[1.926s] running build
[1.926s] running build_py
[1.926s] creating /home/zerda/ros2_ws/build/object_detection/build
[1.927s] creating /home/zerda/ros2_ws/build/object_detection/build/lib
[1.927s] creating /home/zerda/ros2_ws/build/object_detection/build/lib/object_detection
[1.927s] copying object_detection/__init__.py -> /home/zerda/ros2_ws/build/object_detection/build/lib/object_detection
[1.927s] copying object_detection/object_detection.py -> /home/zerda/ros2_ws/build/object_detection/build/lib/object_detection
[1.927s] running install
[1.934s] /home/zerda/.local/lib/python3.10/site-packages/setuptools/_distutils/cmd.py:66: SetuptoolsDeprecationWarning: setup.py install is deprecated.
[1.934s] !!
[1.934s] 
[1.934s]         ********************************************************************************
[1.934s]         Please avoid running ``setup.py`` directly.
[1.934s]         Instead, use pypa/build, pypa/installer or other
[1.934s]         standards-based tools.
[1.935s] 
[1.935s]         See https://blog.ganssle.io/articles/2021/10/setup-py-deprecated.html for details.
[1.935s]         ********************************************************************************
[1.935s] 
[1.935s] !!
[1.935s]   self.initialize_options()
[1.945s] running install_lib
[1.968s] creating /home/zerda/ros2_ws/install/object_detection/lib/python3.10/site-packages/object_detection
[1.968s] copying /home/zerda/ros2_ws/build/object_detection/build/lib/object_detection/__init__.py -> /home/zerda/ros2_ws/install/object_detection/lib/python3.10/site-packages/object_detection
[1.969s] copying /home/zerda/ros2_ws/build/object_detection/build/lib/object_detection/object_detection.py -> /home/zerda/ros2_ws/install/object_detection/lib/python3.10/site-packages/object_detection
[1.969s] byte-compiling /home/zerda/ros2_ws/install/object_detection/lib/python3.10/site-packages/object_detection/__init__.py to __init__.cpython-310.pyc
[1.970s] byte-compiling /home/zerda/ros2_ws/install/object_detection/lib/python3.10/site-packages/object_detection/object_detection.py to object_detection.cpython-310.pyc
[1.974s] running install_data
[1.996s] creating /home/zerda/ros2_ws/install/object_detection/share/ament_index
[1.996s] creating /home/zerda/ros2_ws/install/object_detection/share/ament_index/resource_index
[1.996s] creating /home/zerda/ros2_ws/install/object_detection/share/ament_index/resource_index/packages
[1.997s] copying resource/object_detection -> /home/zerda/ros2_ws/install/object_detection/share/ament_index/resource_index/packages
[1.997s] copying package.xml -> /home/zerda/ros2_ws/install/object_detection/share/object_detection
[1.997s] copying launch/object_detection.launch.xml -> /home/zerda/ros2_ws/install/object_detection/share/object_detection
[1.997s] creating /home/zerda/ros2_ws/install/object_detection/lib/object_detection
[1.997s] creating /home/zerda/ros2_ws/install/object_detection/lib/object_detection/models
[1.997s] copying models/experimental.py -> /home/zerda/ros2_ws/install/object_detection/lib/object_detection/models/
[1.998s] copying models/common.py -> /home/zerda/ros2_ws/install/object_detection/lib/object_detection/models/
[1.998s] copying models/yolo.py -> /home/zerda/ros2_ws/install/object_detection/lib/object_detection/models/
[1.998s] creating /home/zerda/ros2_ws/install/object_detection/lib/object_detection/utils
[1.999s] copying utils/general.py -> /home/zerda/ros2_ws/install/object_detection/lib/object_detection/utils/
[1.999s] copying utils/torch_utils.py -> /home/zerda/ros2_ws/install/object_detection/lib/object_detection/utils/
[1.999s] copying utils/plots.py -> /home/zerda/ros2_ws/install/object_detection/lib/object_detection/utils/
[2.000s] copying utils/datasets.py -> /home/zerda/ros2_ws/install/object_detection/lib/object_detection/utils/
[2.000s] copying utils/google_utils.py -> /home/zerda/ros2_ws/install/object_detection/lib/object_detection/utils/
[2.000s] copying utils/activations.py -> /home/zerda/ros2_ws/install/object_detection/lib/object_detection/utils/
[2.000s] copying utils/add_nms.py -> /home/zerda/ros2_ws/install/object_detection/lib/object_detection/utils/
[2.001s] copying utils/autoanchor.py -> /home/zerda/ros2_ws/install/object_detection/lib/object_detection/utils/
[2.001s] copying utils/loss.py -> /home/zerda/ros2_ws/install/object_detection/lib/object_detection/utils/
[2.001s] copying utils/metrics.py -> /home/zerda/ros2_ws/install/object_detection/lib/object_detection/utils/
[2.001s] running install_egg_info
[2.026s] Copying ../../../build/object_detection/object_detection.egg-info to /home/zerda/ros2_ws/install/object_detection/lib/python3.10/site-packages/object_detection-0.0.0-py3.10.egg-info
[2.028s] running install_scripts
[2.251s] Installing object_detection script to /home/zerda/ros2_ws/install/object_detection/lib/object_detection
[2.252s] writing list of installed files to '/home/zerda/ros2_ws/build/object_detection/install.log'
[2.301s] Invoked command in '/home/zerda/ros2_ws/src/YOLOv7_ROS2/object_detection' returned '0': PYTHONPATH=/home/zerda/ros2_ws/build/object_detection/prefix_override:/home/zerda/ros2_ws/install/object_detection/lib/python3.10/site-packages:${PYTHONPATH} /usr/bin/python3 setup.py egg_info --egg-base ../../../build/object_detection build --build-base /home/zerda/ros2_ws/build/object_detection/build install --record /home/zerda/ros2_ws/build/object_detection/install.log --single-version-externally-managed
