running egg_info
creating ../../build/car_detection/car_detection.egg-info
writing ../../build/car_detection/car_detection.egg-info/PKG-INFO
writing dependency_links to ../../build/car_detection/car_detection.egg-info/dependency_links.txt
writing requirements to ../../build/car_detection/car_detection.egg-info/requires.txt
writing top-level names to ../../build/car_detection/car_detection.egg-info/top_level.txt
writing manifest file '../../build/car_detection/car_detection.egg-info/SOURCES.txt'
reading manifest file '../../build/car_detection/car_detection.egg-info/SOURCES.txt'
writing manifest file '../../build/car_detection/car_detection.egg-info/SOURCES.txt'
running build
running build_py
creating /home/zerda/ros2_ws/build/car_detection/build
creating /home/zerda/ros2_ws/build/car_detection/build/lib
creating /home/zerda/ros2_ws/build/car_detection/build/lib/car_detection
copying car_detection/__init__.py -> /home/zerda/ros2_ws/build/car_detection/build/lib/car_detection
running install
running install_lib
creating /home/zerda/ros2_ws/install/car_detection/lib/python3.10/site-packages/car_detection
copying /home/zerda/ros2_ws/build/car_detection/build/lib/car_detection/__init__.py -> /home/zerda/ros2_ws/install/car_detection/lib/python3.10/site-packages/car_detection
byte-compiling /home/zerda/ros2_ws/install/car_detection/lib/python3.10/site-packages/car_detection/__init__.py to __init__.cpython-310.pyc
running install_data
creating /home/zerda/ros2_ws/install/car_detection/share/ament_index
creating /home/zerda/ros2_ws/install/car_detection/share/ament_index/resource_index
creating /home/zerda/ros2_ws/install/car_detection/share/ament_index/resource_index/packages
copying resource/car_detection -> /home/zerda/ros2_ws/install/car_detection/share/ament_index/resource_index/packages
copying package.xml -> /home/zerda/ros2_ws/install/car_detection/share/car_detection
running install_egg_info
Copying ../../build/car_detection/car_detection.egg-info to /home/zerda/ros2_ws/install/car_detection/lib/python3.10/site-packages/car_detection-0.0.0-py3.10.egg-info
running install_scripts
writing list of installed files to '/home/zerda/ros2_ws/build/car_detection/install.log'
