[0.789s] DEBUG:colcon:Command line arguments: ['/usr/bin/colcon', 'build']
[0.789s] DEBUG:colcon:Parsed command line arguments: Namespace(log_base=None, log_level=None, verb_name='build', build_base='build', install_base='install', merge_install=False, symlink_install=False, test_result_base=None, continue_on_error=False, executor='parallel', parallel_workers=8, event_handlers=None, ignore_user_meta=False, metas=['./colcon.meta'], base_paths=['.'], packages_ignore=None, packages_ignore_regex=None, paths=None, packages_up_to=None, packages_up_to_regex=None, packages_above=None, packages_above_and_dependencies=None, packages_above_depth=None, packages_select_by_dep=None, packages_skip_by_dep=None, packages_skip_up_to=None, packages_select_build_failed=False, packages_skip_build_finished=False, packages_select_test_failures=False, packages_skip_test_passed=False, packages_select=None, packages_skip=None, packages_select_regex=None, packages_skip_regex=None, packages_start=None, packages_end=None, allow_overriding=[], cmake_args=None, cmake_target=None, cmake_target_skip_unavailable=False, cmake_clean_cache=False, cmake_clean_first=False, cmake_force_configure=False, ament_cmake_args=None, catkin_cmake_args=None, catkin_skip_building_tests=False, verb_parser=<colcon_defaults.argument_parser.defaults.DefaultArgumentsDecorator object at 0x7fb5ea14af80>, verb_extension=<colcon_core.verb.build.BuildVerb object at 0x7fb5ea5cf3a0>, main=<bound method BuildVerb.main of <colcon_core.verb.build.BuildVerb object at 0x7fb5ea5cf3a0>>)
[0.836s] Level 1:colcon.colcon_core.package_discovery:discover_packages(colcon_meta) check parameters
[0.837s] Level 1:colcon.colcon_core.package_discovery:discover_packages(recursive) check parameters
[0.837s] Level 1:colcon.colcon_core.package_discovery:discover_packages(ignore) check parameters
[0.837s] Level 1:colcon.colcon_core.package_discovery:discover_packages(path) check parameters
[0.837s] Level 1:colcon.colcon_core.package_discovery:discover_packages(colcon_meta) discover
[0.837s] Level 1:colcon.colcon_core.package_discovery:discover_packages(recursive) discover
[0.837s] INFO:colcon.colcon_core.package_discovery:Crawling recursively for packages in '/home/zerda/ros2_ws'
[0.837s] Level 1:colcon.colcon_core.package_identification:_identify(.) by extensions ['ignore', 'ignore_ament_install']
[0.837s] Level 1:colcon.colcon_core.package_identification:_identify(.) by extension 'ignore'
[0.837s] Level 1:colcon.colcon_core.package_identification:_identify(.) by extension 'ignore_ament_install'
[0.837s] Level 1:colcon.colcon_core.package_identification:_identify(.) by extensions ['colcon_pkg']
[0.837s] Level 1:colcon.colcon_core.package_identification:_identify(.) by extension 'colcon_pkg'
[0.837s] Level 1:colcon.colcon_core.package_identification:_identify(.) by extensions ['colcon_meta']
[0.837s] Level 1:colcon.colcon_core.package_identification:_identify(.) by extension 'colcon_meta'
[0.837s] Level 1:colcon.colcon_core.package_identification:_identify(.) by extensions ['ros']
[0.837s] Level 1:colcon.colcon_core.package_identification:_identify(.) by extension 'ros'
[0.851s] Level 1:colcon.colcon_core.package_identification:_identify(.) by extensions ['cmake', 'python']
[0.851s] Level 1:colcon.colcon_core.package_identification:_identify(.) by extension 'cmake'
[0.851s] Level 1:colcon.colcon_core.package_identification:_identify(.) by extension 'python'
[0.851s] Level 1:colcon.colcon_core.package_identification:_identify(.) by extensions ['python_setup_py']
[0.851s] Level 1:colcon.colcon_core.package_identification:_identify(.) by extension 'python_setup_py'
[0.851s] Level 1:colcon.colcon_core.package_identification:_identify(build) by extensions ['ignore', 'ignore_ament_install']
[0.851s] Level 1:colcon.colcon_core.package_identification:_identify(build) by extension 'ignore'
[0.851s] Level 1:colcon.colcon_core.package_identification:_identify(build) ignored
[0.851s] Level 1:colcon.colcon_core.package_identification:_identify(install) by extensions ['ignore', 'ignore_ament_install']
[0.852s] Level 1:colcon.colcon_core.package_identification:_identify(install) by extension 'ignore'
[0.852s] Level 1:colcon.colcon_core.package_identification:_identify(install) ignored
[0.852s] Level 1:colcon.colcon_core.package_identification:_identify(log) by extensions ['ignore', 'ignore_ament_install']
[0.852s] Level 1:colcon.colcon_core.package_identification:_identify(log) by extension 'ignore'
[0.852s] Level 1:colcon.colcon_core.package_identification:_identify(log) ignored
[0.852s] Level 1:colcon.colcon_core.package_identification:_identify(src) by extensions ['ignore', 'ignore_ament_install']
[0.852s] Level 1:colcon.colcon_core.package_identification:_identify(src) by extension 'ignore'
[0.852s] Level 1:colcon.colcon_core.package_identification:_identify(src) by extension 'ignore_ament_install'
[0.852s] Level 1:colcon.colcon_core.package_identification:_identify(src) by extensions ['colcon_pkg']
[0.852s] Level 1:colcon.colcon_core.package_identification:_identify(src) by extension 'colcon_pkg'
[0.852s] Level 1:colcon.colcon_core.package_identification:_identify(src) by extensions ['colcon_meta']
[0.852s] Level 1:colcon.colcon_core.package_identification:_identify(src) by extension 'colcon_meta'
[0.852s] Level 1:colcon.colcon_core.package_identification:_identify(src) by extensions ['ros']
[0.852s] Level 1:colcon.colcon_core.package_identification:_identify(src) by extension 'ros'
[0.852s] Level 1:colcon.colcon_core.package_identification:_identify(src) by extensions ['cmake', 'python']
[0.852s] Level 1:colcon.colcon_core.package_identification:_identify(src) by extension 'cmake'
[0.852s] Level 1:colcon.colcon_core.package_identification:_identify(src) by extension 'python'
[0.853s] Level 1:colcon.colcon_core.package_identification:_identify(src) by extensions ['python_setup_py']
[0.853s] Level 1:colcon.colcon_core.package_identification:_identify(src) by extension 'python_setup_py'
[0.853s] Level 1:colcon.colcon_core.package_identification:_identify(src/challenge1) by extensions ['ignore', 'ignore_ament_install']
[0.853s] Level 1:colcon.colcon_core.package_identification:_identify(src/challenge1) by extension 'ignore'
[0.853s] Level 1:colcon.colcon_core.package_identification:_identify(src/challenge1) by extension 'ignore_ament_install'
[0.853s] Level 1:colcon.colcon_core.package_identification:_identify(src/challenge1) by extensions ['colcon_pkg']
[0.853s] Level 1:colcon.colcon_core.package_identification:_identify(src/challenge1) by extension 'colcon_pkg'
[0.853s] Level 1:colcon.colcon_core.package_identification:_identify(src/challenge1) by extensions ['colcon_meta']
[0.853s] Level 1:colcon.colcon_core.package_identification:_identify(src/challenge1) by extension 'colcon_meta'
[0.853s] Level 1:colcon.colcon_core.package_identification:_identify(src/challenge1) by extensions ['ros']
[0.853s] Level 1:colcon.colcon_core.package_identification:_identify(src/challenge1) by extension 'ros'
[0.856s] DEBUG:colcon.colcon_core.package_identification:Package 'src/challenge1' with type 'ros.ament_python' and name 'challenge1'
[0.856s] Level 1:colcon.colcon_core.package_identification:_identify(src/image_processing) by extensions ['ignore', 'ignore_ament_install']
[0.856s] Level 1:colcon.colcon_core.package_identification:_identify(src/image_processing) by extension 'ignore'
[0.856s] Level 1:colcon.colcon_core.package_identification:_identify(src/image_processing) by extension 'ignore_ament_install'
[0.856s] Level 1:colcon.colcon_core.package_identification:_identify(src/image_processing) by extensions ['colcon_pkg']
[0.856s] Level 1:colcon.colcon_core.package_identification:_identify(src/image_processing) by extension 'colcon_pkg'
[0.856s] Level 1:colcon.colcon_core.package_identification:_identify(src/image_processing) by extensions ['colcon_meta']
[0.856s] Level 1:colcon.colcon_core.package_identification:_identify(src/image_processing) by extension 'colcon_meta'
[0.856s] Level 1:colcon.colcon_core.package_identification:_identify(src/image_processing) by extensions ['ros']
[0.856s] Level 1:colcon.colcon_core.package_identification:_identify(src/image_processing) by extension 'ros'
[0.857s] DEBUG:colcon.colcon_core.package_identification:Package 'src/image_processing' with type 'ros.ament_cmake' and name 'image_processing'
[0.857s] Level 1:colcon.colcon_core.package_identification:_identify(src/my_py_pkg) by extensions ['ignore', 'ignore_ament_install']
[0.857s] Level 1:colcon.colcon_core.package_identification:_identify(src/my_py_pkg) by extension 'ignore'
[0.857s] Level 1:colcon.colcon_core.package_identification:_identify(src/my_py_pkg) by extension 'ignore_ament_install'
[0.858s] Level 1:colcon.colcon_core.package_identification:_identify(src/my_py_pkg) by extensions ['colcon_pkg']
[0.858s] Level 1:colcon.colcon_core.package_identification:_identify(src/my_py_pkg) by extension 'colcon_pkg'
[0.858s] Level 1:colcon.colcon_core.package_identification:_identify(src/my_py_pkg) by extensions ['colcon_meta']
[0.858s] Level 1:colcon.colcon_core.package_identification:_identify(src/my_py_pkg) by extension 'colcon_meta'
[0.858s] Level 1:colcon.colcon_core.package_identification:_identify(src/my_py_pkg) by extensions ['ros']
[0.858s] Level 1:colcon.colcon_core.package_identification:_identify(src/my_py_pkg) by extension 'ros'
[0.858s] DEBUG:colcon.colcon_core.package_identification:Package 'src/my_py_pkg' with type 'ros.ament_python' and name 'my_py_pkg'
[0.858s] Level 1:colcon.colcon_core.package_discovery:discover_packages(recursive) using defaults
[0.858s] Level 1:colcon.colcon_core.package_discovery:discover_packages(ignore) discover
[0.858s] Level 1:colcon.colcon_core.package_discovery:discover_packages(ignore) using defaults
[0.858s] Level 1:colcon.colcon_core.package_discovery:discover_packages(path) discover
[0.858s] Level 1:colcon.colcon_core.package_discovery:discover_packages(path) using defaults
[0.939s] Level 1:colcon.colcon_core.package_discovery:discover_packages(prefix_path) check parameters
[0.939s] Level 1:colcon.colcon_core.package_discovery:discover_packages(prefix_path) discover
[0.965s] DEBUG:colcon.colcon_installed_package_information.package_discovery:Found 273 installed packages in /opt/ros/humble
[0.966s] Level 1:colcon.colcon_core.package_discovery:discover_packages(prefix_path) using defaults
[1.074s] Level 5:colcon.colcon_core.verb:set package 'challenge1' build argument 'cmake_args' from command line to 'None'
[1.074s] Level 5:colcon.colcon_core.verb:set package 'challenge1' build argument 'cmake_target' from command line to 'None'
[1.075s] Level 5:colcon.colcon_core.verb:set package 'challenge1' build argument 'cmake_target_skip_unavailable' from command line to 'False'
[1.075s] Level 5:colcon.colcon_core.verb:set package 'challenge1' build argument 'cmake_clean_cache' from command line to 'False'
[1.075s] Level 5:colcon.colcon_core.verb:set package 'challenge1' build argument 'cmake_clean_first' from command line to 'False'
[1.075s] Level 5:colcon.colcon_core.verb:set package 'challenge1' build argument 'cmake_force_configure' from command line to 'False'
[1.075s] Level 5:colcon.colcon_core.verb:set package 'challenge1' build argument 'ament_cmake_args' from command line to 'None'
[1.075s] Level 5:colcon.colcon_core.verb:set package 'challenge1' build argument 'catkin_cmake_args' from command line to 'None'
[1.075s] Level 5:colcon.colcon_core.verb:set package 'challenge1' build argument 'catkin_skip_building_tests' from command line to 'False'
[1.075s] DEBUG:colcon.colcon_core.verb:Building package 'challenge1' with the following arguments: {'ament_cmake_args': None, 'build_base': '/home/zerda/ros2_ws/build/challenge1', 'catkin_cmake_args': None, 'catkin_skip_building_tests': False, 'cmake_args': None, 'cmake_clean_cache': False, 'cmake_clean_first': False, 'cmake_force_configure': False, 'cmake_target': None, 'cmake_target_skip_unavailable': False, 'install_base': '/home/zerda/ros2_ws/install/challenge1', 'merge_install': False, 'path': '/home/zerda/ros2_ws/src/challenge1', 'symlink_install': False, 'test_result_base': None}
[1.102s] Level 5:colcon.colcon_core.verb:set package 'image_processing' build argument 'cmake_args' from command line to 'None'
[1.102s] Level 5:colcon.colcon_core.verb:set package 'image_processing' build argument 'cmake_target' from command line to 'None'
[1.102s] Level 5:colcon.colcon_core.verb:set package 'image_processing' build argument 'cmake_target_skip_unavailable' from command line to 'False'
[1.102s] Level 5:colcon.colcon_core.verb:set package 'image_processing' build argument 'cmake_clean_cache' from command line to 'False'
[1.102s] Level 5:colcon.colcon_core.verb:set package 'image_processing' build argument 'cmake_clean_first' from command line to 'False'
[1.103s] Level 5:colcon.colcon_core.verb:set package 'image_processing' build argument 'cmake_force_configure' from command line to 'False'
[1.103s] Level 5:colcon.colcon_core.verb:set package 'image_processing' build argument 'ament_cmake_args' from command line to 'None'
[1.103s] Level 5:colcon.colcon_core.verb:set package 'image_processing' build argument 'catkin_cmake_args' from command line to 'None'
[1.103s] Level 5:colcon.colcon_core.verb:set package 'image_processing' build argument 'catkin_skip_building_tests' from command line to 'False'
[1.103s] DEBUG:colcon.colcon_core.verb:Building package 'image_processing' with the following arguments: {'ament_cmake_args': None, 'build_base': '/home/zerda/ros2_ws/build/image_processing', 'catkin_cmake_args': None, 'catkin_skip_building_tests': False, 'cmake_args': None, 'cmake_clean_cache': False, 'cmake_clean_first': False, 'cmake_force_configure': False, 'cmake_target': None, 'cmake_target_skip_unavailable': False, 'install_base': '/home/zerda/ros2_ws/install/image_processing', 'merge_install': False, 'path': '/home/zerda/ros2_ws/src/image_processing', 'symlink_install': False, 'test_result_base': None}
[1.128s] Level 5:colcon.colcon_core.verb:set package 'my_py_pkg' build argument 'cmake_args' from command line to 'None'
[1.128s] Level 5:colcon.colcon_core.verb:set package 'my_py_pkg' build argument 'cmake_target' from command line to 'None'
[1.128s] Level 5:colcon.colcon_core.verb:set package 'my_py_pkg' build argument 'cmake_target_skip_unavailable' from command line to 'False'
[1.128s] Level 5:colcon.colcon_core.verb:set package 'my_py_pkg' build argument 'cmake_clean_cache' from command line to 'False'
[1.128s] Level 5:colcon.colcon_core.verb:set package 'my_py_pkg' build argument 'cmake_clean_first' from command line to 'False'
[1.128s] Level 5:colcon.colcon_core.verb:set package 'my_py_pkg' build argument 'cmake_force_configure' from command line to 'False'
[1.128s] Level 5:colcon.colcon_core.verb:set package 'my_py_pkg' build argument 'ament_cmake_args' from command line to 'None'
[1.128s] Level 5:colcon.colcon_core.verb:set package 'my_py_pkg' build argument 'catkin_cmake_args' from command line to 'None'
[1.128s] Level 5:colcon.colcon_core.verb:set package 'my_py_pkg' build argument 'catkin_skip_building_tests' from command line to 'False'
[1.128s] DEBUG:colcon.colcon_core.verb:Building package 'my_py_pkg' with the following arguments: {'ament_cmake_args': None, 'build_base': '/home/zerda/ros2_ws/build/my_py_pkg', 'catkin_cmake_args': None, 'catkin_skip_building_tests': False, 'cmake_args': None, 'cmake_clean_cache': False, 'cmake_clean_first': False, 'cmake_force_configure': False, 'cmake_target': None, 'cmake_target_skip_unavailable': False, 'install_base': '/home/zerda/ros2_ws/install/my_py_pkg', 'merge_install': False, 'path': '/home/zerda/ros2_ws/src/my_py_pkg', 'symlink_install': False, 'test_result_base': None}
[1.150s] INFO:colcon.colcon_core.executor:Executing jobs using 'parallel' executor
[1.166s] DEBUG:colcon.colcon_parallel_executor.executor.parallel:run_until_complete
[1.166s] INFO:colcon.colcon_ros.task.ament_python.build:Building ROS package in '/home/zerda/ros2_ws/src/challenge1' with build type 'ament_python'
[1.167s] Level 1:colcon.colcon_core.shell:create_environment_hook('challenge1', 'ament_prefix_path')
[1.181s] INFO:colcon.colcon_core.plugin_system:Skipping extension 'colcon_core.shell.bat': Not used on non-Windows systems
[1.181s] INFO:colcon.colcon_core.shell:Creating environment hook '/home/zerda/ros2_ws/install/challenge1/share/challenge1/hook/ament_prefix_path.ps1'
[1.182s] INFO:colcon.colcon_core.shell:Creating environment descriptor '/home/zerda/ros2_ws/install/challenge1/share/challenge1/hook/ament_prefix_path.dsv'
[1.183s] INFO:colcon.colcon_core.shell:Creating environment hook '/home/zerda/ros2_ws/install/challenge1/share/challenge1/hook/ament_prefix_path.sh'
[1.200s] INFO:colcon.colcon_core.shell:Skip shell extension 'powershell' for command environment: Not usable outside of PowerShell
[1.200s] DEBUG:colcon.colcon_core.shell:Skip shell extension 'dsv' for command environment
[1.233s] INFO:colcon.colcon_ros.task.ament_cmake.build:Building ROS package in '/home/zerda/ros2_ws/src/image_processing' with build type 'ament_cmake'
[1.233s] INFO:colcon.colcon_cmake.task.cmake.build:Building CMake package in '/home/zerda/ros2_ws/src/image_processing'
[1.256s] INFO:colcon.colcon_core.shell:Skip shell extension 'powershell' for command environment: Not usable outside of PowerShell
[1.256s] DEBUG:colcon.colcon_core.shell:Skip shell extension 'dsv' for command environment
[1.307s] INFO:colcon.colcon_ros.task.ament_python.build:Building ROS package in '/home/zerda/ros2_ws/src/my_py_pkg' with build type 'ament_python'
[1.307s] Level 1:colcon.colcon_core.shell:create_environment_hook('my_py_pkg', 'ament_prefix_path')
[1.321s] INFO:colcon.colcon_core.shell:Creating environment hook '/home/zerda/ros2_ws/install/my_py_pkg/share/my_py_pkg/hook/ament_prefix_path.ps1'
[1.321s] INFO:colcon.colcon_core.shell:Creating environment descriptor '/home/zerda/ros2_ws/install/my_py_pkg/share/my_py_pkg/hook/ament_prefix_path.dsv'
[1.322s] INFO:colcon.colcon_core.shell:Creating environment hook '/home/zerda/ros2_ws/install/my_py_pkg/share/my_py_pkg/hook/ament_prefix_path.sh'
[1.336s] INFO:colcon.colcon_core.shell:Skip shell extension 'powershell' for command environment: Not usable outside of PowerShell
[1.336s] DEBUG:colcon.colcon_core.shell:Skip shell extension 'dsv' for command environment
[1.654s] INFO:colcon.colcon_core.task.python.build:Building Python package in '/home/zerda/ros2_ws/src/challenge1'
[1.671s] INFO:colcon.colcon_core.shell:Skip shell extension 'powershell' for command environment: Not usable outside of PowerShell
[1.671s] DEBUG:colcon.colcon_core.shell:Skip shell extension 'dsv' for command environment
[1.712s] DEBUG:colcon.colcon_core.event_handler.log_command:Invoking command in '/home/zerda/ros2_ws/build/image_processing': CMAKE_PREFIX_PATH=/opt/ros/humble /usr/bin/cmake --build /home/zerda/ros2_ws/build/image_processing -- -j8 -l8
[2.052s] INFO:colcon.colcon_core.task.python.build:Building Python package in '/home/zerda/ros2_ws/src/my_py_pkg'
[2.066s] INFO:colcon.colcon_core.shell:Skip shell extension 'powershell' for command environment: Not usable outside of PowerShell
[2.066s] DEBUG:colcon.colcon_core.shell:Skip shell extension 'dsv' for command environment
[2.523s] DEBUG:colcon.colcon_core.event_handler.log_command:Invoking command in '/home/zerda/ros2_ws/src/challenge1': PYTHONPATH=/home/zerda/ros2_ws/build/challenge1/prefix_override:/home/zerda/ros2_ws/install/challenge1/lib/python3.10/site-packages:${PYTHONPATH} /usr/bin/python3 setup.py egg_info --egg-base ../../build/challenge1 build --build-base /home/zerda/ros2_ws/build/challenge1/build install --record /home/zerda/ros2_ws/build/challenge1/install.log --single-version-externally-managed
[2.534s] DEBUG:colcon.colcon_core.event_handler.log_command:Invoking command in '/home/zerda/ros2_ws/src/my_py_pkg': PYTHONPATH=/home/zerda/ros2_ws/build/my_py_pkg/prefix_override:/home/zerda/ros2_ws/install/my_py_pkg/lib/python3.10/site-packages:${PYTHONPATH} /usr/bin/python3 setup.py egg_info --egg-base ../../build/my_py_pkg build --build-base /home/zerda/ros2_ws/build/my_py_pkg/build install --record /home/zerda/ros2_ws/build/my_py_pkg/install.log --single-version-externally-managed
[2.862s] DEBUG:colcon.colcon_core.event_handler.log_command:Invoked command in '/home/zerda/ros2_ws/src/challenge1' returned '0': PYTHONPATH=/home/zerda/ros2_ws/build/challenge1/prefix_override:/home/zerda/ros2_ws/install/challenge1/lib/python3.10/site-packages:${PYTHONPATH} /usr/bin/python3 setup.py egg_info --egg-base ../../build/challenge1 build --build-base /home/zerda/ros2_ws/build/challenge1/build install --record /home/zerda/ros2_ws/build/challenge1/install.log --single-version-externally-managed
[2.891s] Level 1:colcon.colcon_core.environment:checking '/home/zerda/ros2_ws/install/challenge1' for CMake module files
[2.892s] Level 1:colcon.colcon_core.environment:checking '/home/zerda/ros2_ws/install/challenge1' for CMake config files
[2.892s] Level 1:colcon.colcon_core.environment:checking '/home/zerda/ros2_ws/install/challenge1/lib'
[2.893s] Level 1:colcon.colcon_core.environment:checking '/home/zerda/ros2_ws/install/challenge1/bin'
[2.893s] Level 1:colcon.colcon_core.environment:checking '/home/zerda/ros2_ws/install/challenge1/lib/pkgconfig/challenge1.pc'
[2.893s] Level 1:colcon.colcon_core.environment:checking '/home/zerda/ros2_ws/install/challenge1/lib/python3.10/site-packages'
[2.893s] Level 1:colcon.colcon_core.shell:create_environment_hook('challenge1', 'pythonpath')
[2.906s] INFO:colcon.colcon_core.shell:Creating environment hook '/home/zerda/ros2_ws/install/challenge1/share/challenge1/hook/pythonpath.ps1'
[2.907s] INFO:colcon.colcon_core.shell:Creating environment descriptor '/home/zerda/ros2_ws/install/challenge1/share/challenge1/hook/pythonpath.dsv'
[2.907s] INFO:colcon.colcon_core.shell:Creating environment hook '/home/zerda/ros2_ws/install/challenge1/share/challenge1/hook/pythonpath.sh'
[2.908s] Level 1:colcon.colcon_core.environment:checking '/home/zerda/ros2_ws/install/challenge1/bin'
[2.908s] Level 1:colcon.colcon_core.environment:create_environment_scripts_only(challenge1)
[2.919s] INFO:colcon.colcon_core.shell:Creating package script '/home/zerda/ros2_ws/install/challenge1/share/challenge1/package.ps1'
[2.920s] INFO:colcon.colcon_core.shell:Creating package descriptor '/home/zerda/ros2_ws/install/challenge1/share/challenge1/package.dsv'
[2.921s] INFO:colcon.colcon_core.shell:Creating package script '/home/zerda/ros2_ws/install/challenge1/share/challenge1/package.sh'
[2.921s] INFO:colcon.colcon_core.shell:Creating package script '/home/zerda/ros2_ws/install/challenge1/share/challenge1/package.bash'
[2.922s] INFO:colcon.colcon_core.shell:Creating package script '/home/zerda/ros2_ws/install/challenge1/share/challenge1/package.zsh'
[2.923s] Level 1:colcon.colcon_core.environment:create_file_with_runtime_dependencies(/home/zerda/ros2_ws/install/challenge1/share/colcon-core/packages/challenge1)
[2.925s] DEBUG:colcon.colcon_core.event_handler.log_command:Invoked command in '/home/zerda/ros2_ws/src/my_py_pkg' returned '0': PYTHONPATH=/home/zerda/ros2_ws/build/my_py_pkg/prefix_override:/home/zerda/ros2_ws/install/my_py_pkg/lib/python3.10/site-packages:${PYTHONPATH} /usr/bin/python3 setup.py egg_info --egg-base ../../build/my_py_pkg build --build-base /home/zerda/ros2_ws/build/my_py_pkg/build install --record /home/zerda/ros2_ws/build/my_py_pkg/install.log --single-version-externally-managed
[2.938s] Level 1:colcon.colcon_core.environment:checking '/home/zerda/ros2_ws/install/my_py_pkg' for CMake module files
[2.938s] Level 1:colcon.colcon_core.environment:checking '/home/zerda/ros2_ws/install/my_py_pkg' for CMake config files
[2.939s] Level 1:colcon.colcon_core.environment:checking '/home/zerda/ros2_ws/install/my_py_pkg/lib'
[2.939s] Level 1:colcon.colcon_core.environment:checking '/home/zerda/ros2_ws/install/my_py_pkg/bin'
[2.939s] Level 1:colcon.colcon_core.environment:checking '/home/zerda/ros2_ws/install/my_py_pkg/lib/pkgconfig/my_py_pkg.pc'
[2.939s] Level 1:colcon.colcon_core.environment:checking '/home/zerda/ros2_ws/install/my_py_pkg/lib/python3.10/site-packages'
[2.939s] Level 1:colcon.colcon_core.shell:create_environment_hook('my_py_pkg', 'pythonpath')
[2.952s] INFO:colcon.colcon_core.shell:Creating environment hook '/home/zerda/ros2_ws/install/my_py_pkg/share/my_py_pkg/hook/pythonpath.ps1'
[2.953s] INFO:colcon.colcon_core.shell:Creating environment descriptor '/home/zerda/ros2_ws/install/my_py_pkg/share/my_py_pkg/hook/pythonpath.dsv'
[2.953s] INFO:colcon.colcon_core.shell:Creating environment hook '/home/zerda/ros2_ws/install/my_py_pkg/share/my_py_pkg/hook/pythonpath.sh'
[2.954s] Level 1:colcon.colcon_core.environment:checking '/home/zerda/ros2_ws/install/my_py_pkg/bin'
[2.954s] Level 1:colcon.colcon_core.environment:create_environment_scripts_only(my_py_pkg)
[2.966s] INFO:colcon.colcon_core.shell:Creating package script '/home/zerda/ros2_ws/install/my_py_pkg/share/my_py_pkg/package.ps1'
[2.967s] INFO:colcon.colcon_core.shell:Creating package descriptor '/home/zerda/ros2_ws/install/my_py_pkg/share/my_py_pkg/package.dsv'
[2.967s] INFO:colcon.colcon_core.shell:Creating package script '/home/zerda/ros2_ws/install/my_py_pkg/share/my_py_pkg/package.sh'
[2.968s] INFO:colcon.colcon_core.shell:Creating package script '/home/zerda/ros2_ws/install/my_py_pkg/share/my_py_pkg/package.bash'
[2.968s] INFO:colcon.colcon_core.shell:Creating package script '/home/zerda/ros2_ws/install/my_py_pkg/share/my_py_pkg/package.zsh'
[2.968s] Level 1:colcon.colcon_core.environment:create_file_with_runtime_dependencies(/home/zerda/ros2_ws/install/my_py_pkg/share/colcon-core/packages/my_py_pkg)
[6.225s] DEBUG:colcon.colcon_core.event_handler.log_command:Invoked command in '/home/zerda/ros2_ws/build/image_processing' returned '0': CMAKE_PREFIX_PATH=/opt/ros/humble /usr/bin/cmake --build /home/zerda/ros2_ws/build/image_processing -- -j8 -l8
[6.268s] DEBUG:colcon.colcon_core.event_handler.log_command:Invoking command in '/home/zerda/ros2_ws/build/image_processing': CMAKE_PREFIX_PATH=/opt/ros/humble /usr/bin/cmake --install /home/zerda/ros2_ws/build/image_processing
[6.280s] Level 1:colcon.colcon_core.environment:create_environment_scripts_only(image_processing)
[6.281s] DEBUG:colcon.colcon_core.event_handler.log_command:Invoked command in '/home/zerda/ros2_ws/build/image_processing' returned '0': CMAKE_PREFIX_PATH=/opt/ros/humble /usr/bin/cmake --install /home/zerda/ros2_ws/build/image_processing
[6.299s] Level 1:colcon.colcon_core.environment:checking '/home/zerda/ros2_ws/install/image_processing' for CMake module files
[6.299s] Level 1:colcon.colcon_core.environment:checking '/home/zerda/ros2_ws/install/image_processing' for CMake config files
[6.299s] Level 1:colcon.colcon_core.shell:create_environment_hook('image_processing', 'cmake_prefix_path')
[6.315s] INFO:colcon.colcon_core.shell:Creating environment hook '/home/zerda/ros2_ws/install/image_processing/share/image_processing/hook/cmake_prefix_path.ps1'
[6.316s] INFO:colcon.colcon_core.shell:Creating environment descriptor '/home/zerda/ros2_ws/install/image_processing/share/image_processing/hook/cmake_prefix_path.dsv'
[6.316s] INFO:colcon.colcon_core.shell:Creating environment hook '/home/zerda/ros2_ws/install/image_processing/share/image_processing/hook/cmake_prefix_path.sh'
[6.316s] Level 1:colcon.colcon_core.environment:checking '/home/zerda/ros2_ws/install/image_processing/lib'
[6.316s] Level 1:colcon.colcon_core.environment:checking '/home/zerda/ros2_ws/install/image_processing/bin'
[6.316s] Level 1:colcon.colcon_core.environment:checking '/home/zerda/ros2_ws/install/image_processing/lib/pkgconfig/image_processing.pc'
[6.317s] Level 1:colcon.colcon_core.environment:checking '/home/zerda/ros2_ws/install/image_processing/lib/python3.10/site-packages'
[6.317s] Level 1:colcon.colcon_core.environment:checking '/home/zerda/ros2_ws/install/image_processing/bin'
[6.328s] INFO:colcon.colcon_core.shell:Creating package script '/home/zerda/ros2_ws/install/image_processing/share/image_processing/package.ps1'
[6.329s] INFO:colcon.colcon_core.shell:Creating package descriptor '/home/zerda/ros2_ws/install/image_processing/share/image_processing/package.dsv'
[6.329s] INFO:colcon.colcon_core.shell:Creating package script '/home/zerda/ros2_ws/install/image_processing/share/image_processing/package.sh'
[6.329s] INFO:colcon.colcon_core.shell:Creating package script '/home/zerda/ros2_ws/install/image_processing/share/image_processing/package.bash'
[6.330s] INFO:colcon.colcon_core.shell:Creating package script '/home/zerda/ros2_ws/install/image_processing/share/image_processing/package.zsh'
[6.330s] Level 1:colcon.colcon_core.environment:create_file_with_runtime_dependencies(/home/zerda/ros2_ws/install/image_processing/share/colcon-core/packages/image_processing)
[6.360s] Level 1:colcon.colcon_core.environment:create_environment_scripts_only(image_processing)
[6.372s] Level 1:colcon.colcon_core.environment:checking '/home/zerda/ros2_ws/install/image_processing' for CMake module files
[6.372s] Level 1:colcon.colcon_core.environment:checking '/home/zerda/ros2_ws/install/image_processing' for CMake config files
[6.372s] Level 1:colcon.colcon_core.shell:create_environment_hook('image_processing', 'cmake_prefix_path')
[6.385s] INFO:colcon.colcon_core.shell:Creating environment hook '/home/zerda/ros2_ws/install/image_processing/share/image_processing/hook/cmake_prefix_path.ps1'
[6.385s] INFO:colcon.colcon_core.shell:Creating environment descriptor '/home/zerda/ros2_ws/install/image_processing/share/image_processing/hook/cmake_prefix_path.dsv'
[6.386s] INFO:colcon.colcon_core.shell:Creating environment hook '/home/zerda/ros2_ws/install/image_processing/share/image_processing/hook/cmake_prefix_path.sh'
[6.386s] Level 1:colcon.colcon_core.environment:checking '/home/zerda/ros2_ws/install/image_processing/lib'
[6.386s] Level 1:colcon.colcon_core.environment:checking '/home/zerda/ros2_ws/install/image_processing/bin'
[6.387s] Level 1:colcon.colcon_core.environment:checking '/home/zerda/ros2_ws/install/image_processing/lib/pkgconfig/image_processing.pc'
[6.387s] Level 1:colcon.colcon_core.environment:checking '/home/zerda/ros2_ws/install/image_processing/lib/python3.10/site-packages'
[6.387s] Level 1:colcon.colcon_core.environment:checking '/home/zerda/ros2_ws/install/image_processing/bin'
[6.398s] INFO:colcon.colcon_core.shell:Creating package script '/home/zerda/ros2_ws/install/image_processing/share/image_processing/package.ps1'
[6.398s] INFO:colcon.colcon_core.shell:Creating package descriptor '/home/zerda/ros2_ws/install/image_processing/share/image_processing/package.dsv'
[6.399s] INFO:colcon.colcon_core.shell:Creating package script '/home/zerda/ros2_ws/install/image_processing/share/image_processing/package.sh'
[6.399s] INFO:colcon.colcon_core.shell:Creating package script '/home/zerda/ros2_ws/install/image_processing/share/image_processing/package.bash'
[6.400s] INFO:colcon.colcon_core.shell:Creating package script '/home/zerda/ros2_ws/install/image_processing/share/image_processing/package.zsh'
[6.400s] Level 1:colcon.colcon_core.environment:create_file_with_runtime_dependencies(/home/zerda/ros2_ws/install/image_processing/share/colcon-core/packages/image_processing)
[6.400s] DEBUG:colcon.colcon_parallel_executor.executor.parallel:closing loop
[6.401s] DEBUG:colcon.colcon_parallel_executor.executor.parallel:loop closed
[6.401s] DEBUG:colcon.colcon_parallel_executor.executor.parallel:run_until_complete finished with '0'
[6.401s] DEBUG:colcon.colcon_core.event_reactor:joining thread
[6.418s] INFO:colcon.colcon_core.plugin_system:Skipping extension 'colcon_notification.desktop_notification.terminal_notifier': Not used on non-Darwin systems
[6.418s] INFO:colcon.colcon_core.plugin_system:Skipping extension 'colcon_notification.desktop_notification.win32': Not used on non-Windows systems
[6.418s] INFO:colcon.colcon_notification.desktop_notification:Sending desktop notification using 'notify2'
[6.427s] DEBUG:colcon.colcon_core.event_reactor:joined thread
[6.440s] INFO:colcon.colcon_core.shell:Creating prefix script '/home/zerda/ros2_ws/install/local_setup.ps1'
[6.441s] INFO:colcon.colcon_core.shell:Creating prefix util module '/home/zerda/ros2_ws/install/_local_setup_util_ps1.py'
[6.443s] INFO:colcon.colcon_core.shell:Creating prefix chain script '/home/zerda/ros2_ws/install/setup.ps1'
[6.456s] INFO:colcon.colcon_core.shell:Creating prefix script '/home/zerda/ros2_ws/install/local_setup.sh'
[6.456s] INFO:colcon.colcon_core.shell:Creating prefix util module '/home/zerda/ros2_ws/install/_local_setup_util_sh.py'
[6.457s] INFO:colcon.colcon_core.shell:Creating prefix chain script '/home/zerda/ros2_ws/install/setup.sh'
[6.473s] INFO:colcon.colcon_core.shell:Creating prefix script '/home/zerda/ros2_ws/install/local_setup.bash'
[6.473s] INFO:colcon.colcon_core.shell:Creating prefix chain script '/home/zerda/ros2_ws/install/setup.bash'
[6.486s] INFO:colcon.colcon_core.shell:Creating prefix script '/home/zerda/ros2_ws/install/local_setup.zsh'
[6.487s] INFO:colcon.colcon_core.shell:Creating prefix chain script '/home/zerda/ros2_ws/install/setup.zsh'
