[1.302s] Invoking command in '/home/zerda/ros2_ws/src/challenge1': PYTHONPATH=/home/zerda/ros2_ws/build/challenge1/prefix_override:/home/zerda/ros2_ws/install/challenge1/lib/python3.10/site-packages:${PYTHONPATH} /usr/bin/python3 setup.py egg_info --egg-base ../../build/challenge1 build --build-base /home/zerda/ros2_ws/build/challenge1/build install --record /home/zerda/ros2_ws/build/challenge1/install.log --single-version-externally-managed
[1.690s] running egg_info
[1.692s] writing ../../build/challenge1/challenge1.egg-info/PKG-INFO
[1.693s] writing dependency_links to ../../build/challenge1/challenge1.egg-info/dependency_links.txt
[1.693s] writing entry points to ../../build/challenge1/challenge1.egg-info/entry_points.txt
[1.694s] writing requirements to ../../build/challenge1/challenge1.egg-info/requires.txt
[1.694s] writing top-level names to ../../build/challenge1/challenge1.egg-info/top_level.txt
[1.697s] reading manifest file '../../build/challenge1/challenge1.egg-info/SOURCES.txt'
[1.699s] writing manifest file '../../build/challenge1/challenge1.egg-info/SOURCES.txt'
[1.699s] running build
[1.700s] running build_py
[1.700s] running install
[1.700s] running install_lib
[1.702s] running install_data
[1.703s] running install_egg_info
[1.705s] removing '/home/zerda/ros2_ws/install/challenge1/lib/python3.10/site-packages/challenge1-0.0.0-py3.10.egg-info' (and everything under it)
[1.706s] Copying ../../build/challenge1/challenge1.egg-info to /home/zerda/ros2_ws/install/challenge1/lib/python3.10/site-packages/challenge1-0.0.0-py3.10.egg-info
[1.707s] running install_scripts
[1.740s] Installing turtlec script to /home/zerda/ros2_ws/install/challenge1/lib/challenge1
[1.741s] writing list of installed files to '/home/zerda/ros2_ws/build/challenge1/install.log'
[1.871s] Invoked command in '/home/zerda/ros2_ws/src/challenge1' returned '0': PYTHONPATH=/home/zerda/ros2_ws/build/challenge1/prefix_override:/home/zerda/ros2_ws/install/challenge1/lib/python3.10/site-packages:${PYTHONPATH} /usr/bin/python3 setup.py egg_info --egg-base ../../build/challenge1 build --build-base /home/zerda/ros2_ws/build/challenge1/build install --record /home/zerda/ros2_ws/build/challenge1/install.log --single-version-externally-managed
