running egg_info
creating ../../build/car_detector/car_detector.egg-info
writing ../../build/car_detector/car_detector.egg-info/PKG-INFO
writing dependency_links to ../../build/car_detector/car_detector.egg-info/dependency_links.txt
writing entry points to ../../build/car_detector/car_detector.egg-info/entry_points.txt
writing requirements to ../../build/car_detector/car_detector.egg-info/requires.txt
writing top-level names to ../../build/car_detector/car_detector.egg-info/top_level.txt
writing manifest file '../../build/car_detector/car_detector.egg-info/SOURCES.txt'
reading manifest file '../../build/car_detector/car_detector.egg-info/SOURCES.txt'
writing manifest file '../../build/car_detector/car_detector.egg-info/SOURCES.txt'
running build
running build_py
creating /home/zerda/ros2_ws/build/car_detector/build
creating /home/zerda/ros2_ws/build/car_detector/build/lib
creating /home/zerda/ros2_ws/build/car_detector/build/lib/car_detector
copying car_detector/car_detect.py -> /home/zerda/ros2_ws/build/car_detector/build/lib/car_detector
copying car_detector/__init__.py -> /home/zerda/ros2_ws/build/car_detector/build/lib/car_detector
copying car_detector/camera_pub.py -> /home/zerda/ros2_ws/build/car_detector/build/lib/car_detector
running install
running install_lib
creating /home/zerda/ros2_ws/install/car_detector/lib/python3.10/site-packages/car_detector
copying /home/zerda/ros2_ws/build/car_detector/build/lib/car_detector/car_detect.py -> /home/zerda/ros2_ws/install/car_detector/lib/python3.10/site-packages/car_detector
copying /home/zerda/ros2_ws/build/car_detector/build/lib/car_detector/__init__.py -> /home/zerda/ros2_ws/install/car_detector/lib/python3.10/site-packages/car_detector
copying /home/zerda/ros2_ws/build/car_detector/build/lib/car_detector/camera_pub.py -> /home/zerda/ros2_ws/install/car_detector/lib/python3.10/site-packages/car_detector
byte-compiling /home/zerda/ros2_ws/install/car_detector/lib/python3.10/site-packages/car_detector/car_detect.py to car_detect.cpython-310.pyc
byte-compiling /home/zerda/ros2_ws/install/car_detector/lib/python3.10/site-packages/car_detector/__init__.py to __init__.cpython-310.pyc
byte-compiling /home/zerda/ros2_ws/install/car_detector/lib/python3.10/site-packages/car_detector/camera_pub.py to camera_pub.cpython-310.pyc
running install_data
creating /home/zerda/ros2_ws/install/car_detector/share/ament_index
creating /home/zerda/ros2_ws/install/car_detector/share/ament_index/resource_index
creating /home/zerda/ros2_ws/install/car_detector/share/ament_index/resource_index/packages
copying resource/car_detector -> /home/zerda/ros2_ws/install/car_detector/share/ament_index/resource_index/packages
copying package.xml -> /home/zerda/ros2_ws/install/car_detector/share/car_detector
