[1.909s] Invoking command in '/home/zerda/ros2_ws/src/car_detector': PYTHONPATH=/home/zerda/ros2_ws/build/car_detector/prefix_override:/home/zerda/ros2_ws/install/car_detector/lib/python3.10/site-packages:${PYTHONPATH} /usr/bin/python3 -W ignore:setup.py install is deprecated setup.py egg_info --egg-base ../../build/car_detector build --build-base /home/zerda/ros2_ws/build/car_detector/build install --record /home/zerda/ros2_ws/build/car_detector/install.log --single-version-externally-managed install_data
[2.468s] running egg_info
[2.469s] creating ../../build/car_detector/car_detector.egg-info
[2.505s] writing ../../build/car_detector/car_detector.egg-info/PKG-INFO
[2.506s] writing dependency_links to ../../build/car_detector/car_detector.egg-info/dependency_links.txt
[2.507s] writing entry points to ../../build/car_detector/car_detector.egg-info/entry_points.txt
[2.507s] writing requirements to ../../build/car_detector/car_detector.egg-info/requires.txt
[2.508s] writing top-level names to ../../build/car_detector/car_detector.egg-info/top_level.txt
[2.508s] writing manifest file '../../build/car_detector/car_detector.egg-info/SOURCES.txt'
[2.593s] reading manifest file '../../build/car_detector/car_detector.egg-info/SOURCES.txt'
[2.595s] writing manifest file '../../build/car_detector/car_detector.egg-info/SOURCES.txt'
[2.595s] running build
[2.596s] running build_py
[2.596s] creating /home/zerda/ros2_ws/build/car_detector/build
[2.596s] creating /home/zerda/ros2_ws/build/car_detector/build/lib
[2.597s] creating /home/zerda/ros2_ws/build/car_detector/build/lib/car_detector
[2.597s] copying car_detector/car_detect.py -> /home/zerda/ros2_ws/build/car_detector/build/lib/car_detector
[2.597s] copying car_detector/__init__.py -> /home/zerda/ros2_ws/build/car_detector/build/lib/car_detector
[2.597s] copying car_detector/camera_pub.py -> /home/zerda/ros2_ws/build/car_detector/build/lib/car_detector
[2.598s] running install
[2.612s] running install_lib
[2.653s] creating /home/zerda/ros2_ws/install/car_detector/lib/python3.10/site-packages/car_detector
[2.654s] copying /home/zerda/ros2_ws/build/car_detector/build/lib/car_detector/car_detect.py -> /home/zerda/ros2_ws/install/car_detector/lib/python3.10/site-packages/car_detector
[2.654s] copying /home/zerda/ros2_ws/build/car_detector/build/lib/car_detector/__init__.py -> /home/zerda/ros2_ws/install/car_detector/lib/python3.10/site-packages/car_detector
[2.654s] copying /home/zerda/ros2_ws/build/car_detector/build/lib/car_detector/camera_pub.py -> /home/zerda/ros2_ws/install/car_detector/lib/python3.10/site-packages/car_detector
[2.655s] byte-compiling /home/zerda/ros2_ws/install/car_detector/lib/python3.10/site-packages/car_detector/car_detect.py to car_detect.cpython-310.pyc
[2.657s] byte-compiling /home/zerda/ros2_ws/install/car_detector/lib/python3.10/site-packages/car_detector/__init__.py to __init__.cpython-310.pyc
[2.657s] byte-compiling /home/zerda/ros2_ws/install/car_detector/lib/python3.10/site-packages/car_detector/camera_pub.py to camera_pub.cpython-310.pyc
[2.658s] running install_data
[2.658s] creating /home/zerda/ros2_ws/install/car_detector/share/ament_index
[2.659s] creating /home/zerda/ros2_ws/install/car_detector/share/ament_index/resource_index
[2.659s] creating /home/zerda/ros2_ws/install/car_detector/share/ament_index/resource_index/packages
[2.659s] copying resource/car_detector -> /home/zerda/ros2_ws/install/car_detector/share/ament_index/resource_index/packages
[2.660s] copying package.xml -> /home/zerda/ros2_ws/install/car_detector/share/car_detector
[2.660s] error: can't copy 'launch/car_detection.py': doesn't exist or not a regular file
[2.696s] Invoked command in '/home/zerda/ros2_ws/src/car_detector' returned '1': PYTHONPATH=/home/zerda/ros2_ws/build/car_detector/prefix_override:/home/zerda/ros2_ws/install/car_detector/lib/python3.10/site-packages:${PYTHONPATH} /usr/bin/python3 -W ignore:setup.py install is deprecated setup.py egg_info --egg-base ../../build/car_detector build --build-base /home/zerda/ros2_ws/build/car_detector/build install --record /home/zerda/ros2_ws/build/car_detector/install.log --single-version-externally-managed install_data
