[1.653s] Invoking command in '/home/zerda/ros2_ws/src/people_detector': PYTHONPATH=/home/zerda/ros2_ws/build/people_detector/prefix_override:/home/zerda/ros2_ws/install/people_detector/lib/python3.10/site-packages:${PYTHONPATH} /usr/bin/python3 -W ignore:setup.py install is deprecated setup.py egg_info --egg-base ../../build/people_detector build --build-base /home/zerda/ros2_ws/build/people_detector/build install --record /home/zerda/ros2_ws/build/people_detector/install.log --single-version-externally-managed install_data
[2.157s] running egg_info
[2.190s] writing ../../build/people_detector/people_detector.egg-info/PKG-INFO
[2.191s] writing dependency_links to ../../build/people_detector/people_detector.egg-info/dependency_links.txt
[2.191s] writing entry points to ../../build/people_detector/people_detector.egg-info/entry_points.txt
[2.191s] writing requirements to ../../build/people_detector/people_detector.egg-info/requires.txt
[2.192s] writing top-level names to ../../build/people_detector/people_detector.egg-info/top_level.txt
[2.260s] reading manifest file '../../build/people_detector/people_detector.egg-info/SOURCES.txt'
[2.262s] writing manifest file '../../build/people_detector/people_detector.egg-info/SOURCES.txt'
[2.262s] running build
[2.262s] running build_py
[2.263s] copying people_detector/people_detect.py -> /home/zerda/ros2_ws/build/people_detector/build/lib/people_detector
[2.263s] copying people_detector/__init__.py -> /home/zerda/ros2_ws/build/people_detector/build/lib/people_detector
[2.263s] copying people_detector/video_pub.py -> /home/zerda/ros2_ws/build/people_detector/build/lib/people_detector
[2.263s] running install
[2.275s] running install_lib
[2.309s] running install_data
[2.310s] copying resource/people_detector -> /home/zerda/ros2_ws/install/people_detector/share/ament_index/resource_index/packages
[2.310s] copying package.xml -> /home/zerda/ros2_ws/install/people_detector/share/people_detector
[2.310s] copying launch/people_detection.py -> /home/zerda/ros2_ws/install/people_detector/share/people_detector
[2.310s] copying data/yolov8s.pt -> /home/zerda/ros2_ws/install/people_detector/share/people_detector
[2.343s] copying data/video.mp4 -> /home/zerda/ros2_ws/install/people_detector/share/people_detector
[2.375s] running install_egg_info
[2.411s] removing '/home/zerda/ros2_ws/install/people_detector/lib/python3.10/site-packages/people_detector-0.0.0-py3.10.egg-info' (and everything under it)
[2.411s] Copying ../../build/people_detector/people_detector.egg-info to /home/zerda/ros2_ws/install/people_detector/lib/python3.10/site-packages/people_detector-0.0.0-py3.10.egg-info
[2.413s] running install_scripts
[2.708s] Installing people_detect_subscriber script to /home/zerda/ros2_ws/install/people_detector/lib/people_detector
[2.716s] Installing video_publisher script to /home/zerda/ros2_ws/install/people_detector/lib/people_detector
[2.716s] writing list of installed files to '/home/zerda/ros2_ws/build/people_detector/install.log'
[2.767s] Invoked command in '/home/zerda/ros2_ws/src/people_detector' returned '0': PYTHONPATH=/home/zerda/ros2_ws/build/people_detector/prefix_override:/home/zerda/ros2_ws/install/people_detector/lib/python3.10/site-packages:${PYTHONPATH} /usr/bin/python3 -W ignore:setup.py install is deprecated setup.py egg_info --egg-base ../../build/people_detector build --build-base /home/zerda/ros2_ws/build/people_detector/build install --record /home/zerda/ros2_ws/build/people_detector/install.log --single-version-externally-managed install_data
