[1.778s] Invoking command in '/home/zerda/ros2_ws/src/people_detector': PYTHONPATH=/home/zerda/ros2_ws/build/people_detector/prefix_override:/home/zerda/ros2_ws/install/people_detector/lib/python3.10/site-packages:${PYTHONPATH} /usr/bin/python3 -W ignore:setup.py install is deprecated setup.py egg_info --egg-base ../../build/people_detector build --build-base /home/zerda/ros2_ws/build/people_detector/build install --record /home/zerda/ros2_ws/build/people_detector/install.log --install-scripts $base/lib/people_detector --single-version-externally-managed install_data
[2.056s] /home/zerda/.local/lib/python3.10/site-packages/setuptools/dist.py:476: SetuptoolsDeprecationWarning: Invalid dash-separated options
[2.056s] !!
[2.056s] 
[2.056s]         ********************************************************************************
[2.057s]         Usage of dash-separated 'script-dir' will not be supported in future
[2.057s]         versions. Please use the underscore name 'script_dir' instead.
[2.057s] 
[2.057s]         By 2024-Sep-26, you need to update your project and remove deprecated calls
[2.057s]         or your builds will no longer be supported.
[2.057s] 
[2.057s]         See https://setuptools.pypa.io/en/latest/userguide/declarative_config.html for details.
[2.057s]         ********************************************************************************
[2.057s] 
[2.058s] !!
[2.058s]   opt = self.warn_dash_deprecation(opt, section)
[2.315s] running egg_info
[2.351s] writing ../../build/people_detector/people_detector.egg-info/PKG-INFO
[2.352s] writing dependency_links to ../../build/people_detector/people_detector.egg-info/dependency_links.txt
[2.353s] writing entry points to ../../build/people_detector/people_detector.egg-info/entry_points.txt
[2.353s] writing requirements to ../../build/people_detector/people_detector.egg-info/requires.txt
[2.353s] writing top-level names to ../../build/people_detector/people_detector.egg-info/top_level.txt
[2.428s] reading manifest file '../../build/people_detector/people_detector.egg-info/SOURCES.txt'
[2.429s] writing manifest file '../../build/people_detector/people_detector.egg-info/SOURCES.txt'
[2.430s] running build
[2.430s] running build_py
[2.430s] copying people_detector/people_detect.py -> /home/zerda/ros2_ws/build/people_detector/build/lib/people_detector
[2.431s] copying people_detector/__init__.py -> /home/zerda/ros2_ws/build/people_detector/build/lib/people_detector
[2.431s] copying people_detector/video_pub.py -> /home/zerda/ros2_ws/build/people_detector/build/lib/people_detector
[2.431s] running install
[2.445s] running install_lib
[2.482s] running install_data
[2.482s] copying resource/people_detector -> /home/zerda/ros2_ws/install/people_detector/share/ament_index/resource_index/packages
[2.483s] copying package.xml -> /home/zerda/ros2_ws/install/people_detector/share/people_detector
[2.483s] copying launch/people_detection.py -> /home/zerda/ros2_ws/install/people_detector/share/people_detector
[2.483s] copying data/yolov8n.pt -> /home/zerda/ros2_ws/install/people_detector/share/people_detector
[2.495s] copying data/video.mp4 -> /home/zerda/ros2_ws/install/people_detector/share/people_detector
[2.525s] running install_egg_info
[2.564s] removing '/home/zerda/ros2_ws/install/people_detector/lib/python3.10/site-packages/people_detector-0.0.0-py3.10.egg-info' (and everything under it)
[2.565s] Copying ../../build/people_detector/people_detector.egg-info to /home/zerda/ros2_ws/install/people_detector/lib/python3.10/site-packages/people_detector-0.0.0-py3.10.egg-info
[2.566s] running install_scripts
[2.889s] Installing people_detect_subscriber script to /home/zerda/ros2_ws/install/people_detector/lib/people_detector
[2.889s] Installing video_publisher script to /home/zerda/ros2_ws/install/people_detector/lib/people_detector
[2.889s] writing list of installed files to '/home/zerda/ros2_ws/build/people_detector/install.log'
[2.940s] Invoked command in '/home/zerda/ros2_ws/src/people_detector' returned '0': PYTHONPATH=/home/zerda/ros2_ws/build/people_detector/prefix_override:/home/zerda/ros2_ws/install/people_detector/lib/python3.10/site-packages:${PYTHONPATH} /usr/bin/python3 -W ignore:setup.py install is deprecated setup.py egg_info --egg-base ../../build/people_detector build --build-base /home/zerda/ros2_ws/build/people_detector/build install --record /home/zerda/ros2_ws/build/people_detector/install.log --install-scripts $base/lib/people_detector --single-version-externally-managed install_data
