[0.249s] DEBUG:colcon:Command line arguments: ['/usr/bin/colcon', 'build']
[0.249s] DEBUG:colcon:Parsed command line arguments: Namespace(log_base=None, log_level=None, verb_name='build', build_base='build', install_base='install', merge_install=False, symlink_install=False, test_result_base=None, continue_on_error=False, executor='parallel', parallel_workers=8, event_handlers=None, ignore_user_meta=False, metas=['./colcon.meta'], base_paths=['.'], packages_ignore=None, packages_ignore_regex=None, paths=None, packages_up_to=None, packages_up_to_regex=None, packages_above=None, packages_above_and_dependencies=None, packages_above_depth=None, packages_select_by_dep=None, packages_skip_by_dep=None, packages_skip_up_to=None, packages_select_build_failed=False, packages_skip_build_finished=False, packages_select_test_failures=False, packages_skip_test_passed=False, packages_select=None, packages_skip=None, packages_select_regex=None, packages_skip_regex=None, packages_start=None, packages_end=None, allow_overriding=[], cmake_args=None, cmake_target=None, cmake_target_skip_unavailable=False, cmake_clean_cache=False, cmake_clean_first=False, cmake_force_configure=False, ament_cmake_args=None, catkin_cmake_args=None, catkin_skip_building_tests=False, verb_parser=<colcon_defaults.argument_parser.defaults.DefaultArgumentsDecorator object at 0x72966eda29e0>, verb_extension=<colcon_core.verb.build.BuildVerb object at 0x72966eda2050>, main=<bound method BuildVerb.main of <colcon_core.verb.build.BuildVerb object at 0x72966eda2050>>)
[0.333s] Level 1:colcon.colcon_core.package_discovery:discover_packages(colcon_meta) check parameters
[0.334s] Level 1:colcon.colcon_core.package_discovery:discover_packages(recursive) check parameters
[0.334s] Level 1:colcon.colcon_core.package_discovery:discover_packages(ignore) check parameters
[0.334s] Level 1:colcon.colcon_core.package_discovery:discover_packages(path) check parameters
[0.334s] Level 1:colcon.colcon_core.package_discovery:discover_packages(colcon_meta) discover
[0.334s] Level 1:colcon.colcon_core.package_discovery:discover_packages(recursive) discover
[0.334s] INFO:colcon.colcon_core.package_discovery:Crawling recursively for packages in '/home/zerda/ros2_ws'
[0.334s] Level 1:colcon.colcon_core.package_identification:_identify(.) by extensions ['ignore', 'ignore_ament_install']
[0.334s] Level 1:colcon.colcon_core.package_identification:_identify(.) by extension 'ignore'
[0.335s] Level 1:colcon.colcon_core.package_identification:_identify(.) by extension 'ignore_ament_install'
[0.335s] Level 1:colcon.colcon_core.package_identification:_identify(.) by extensions ['colcon_pkg']
[0.335s] Level 1:colcon.colcon_core.package_identification:_identify(.) by extension 'colcon_pkg'
[0.335s] Level 1:colcon.colcon_core.package_identification:_identify(.) by extensions ['colcon_meta']
[0.335s] Level 1:colcon.colcon_core.package_identification:_identify(.) by extension 'colcon_meta'
[0.335s] Level 1:colcon.colcon_core.package_identification:_identify(.) by extensions ['ros']
[0.335s] Level 1:colcon.colcon_core.package_identification:_identify(.) by extension 'ros'
[0.368s] Level 1:colcon.colcon_core.package_identification:_identify(.) by extensions ['cmake', 'python']
[0.368s] Level 1:colcon.colcon_core.package_identification:_identify(.) by extension 'cmake'
[0.368s] Level 1:colcon.colcon_core.package_identification:_identify(.) by extension 'python'
[0.369s] Level 1:colcon.colcon_core.package_identification:_identify(.) by extensions ['python_setup_py']
[0.369s] Level 1:colcon.colcon_core.package_identification:_identify(.) by extension 'python_setup_py'
[0.369s] Level 1:colcon.colcon_core.package_identification:_identify(build) by extensions ['ignore', 'ignore_ament_install']
[0.369s] Level 1:colcon.colcon_core.package_identification:_identify(build) by extension 'ignore'
[0.369s] Level 1:colcon.colcon_core.package_identification:_identify(build) ignored
[0.370s] Level 1:colcon.colcon_core.package_identification:_identify(install) by extensions ['ignore', 'ignore_ament_install']
[0.370s] Level 1:colcon.colcon_core.package_identification:_identify(install) by extension 'ignore'
[0.370s] Level 1:colcon.colcon_core.package_identification:_identify(install) ignored
[0.370s] Level 1:colcon.colcon_core.package_identification:_identify(log) by extensions ['ignore', 'ignore_ament_install']
[0.371s] Level 1:colcon.colcon_core.package_identification:_identify(log) by extension 'ignore'
[0.371s] Level 1:colcon.colcon_core.package_identification:_identify(log) ignored
[0.371s] Level 1:colcon.colcon_core.package_identification:_identify(runs) by extensions ['ignore', 'ignore_ament_install']
[0.371s] Level 1:colcon.colcon_core.package_identification:_identify(runs) by extension 'ignore'
[0.371s] Level 1:colcon.colcon_core.package_identification:_identify(runs) by extension 'ignore_ament_install'
[0.371s] Level 1:colcon.colcon_core.package_identification:_identify(runs) by extensions ['colcon_pkg']
[0.371s] Level 1:colcon.colcon_core.package_identification:_identify(runs) by extension 'colcon_pkg'
[0.371s] Level 1:colcon.colcon_core.package_identification:_identify(runs) by extensions ['colcon_meta']
[0.371s] Level 1:colcon.colcon_core.package_identification:_identify(runs) by extension 'colcon_meta'
[0.372s] Level 1:colcon.colcon_core.package_identification:_identify(runs) by extensions ['ros']
[0.372s] Level 1:colcon.colcon_core.package_identification:_identify(runs) by extension 'ros'
[0.372s] Level 1:colcon.colcon_core.package_identification:_identify(runs) by extensions ['cmake', 'python']
[0.372s] Level 1:colcon.colcon_core.package_identification:_identify(runs) by extension 'cmake'
[0.372s] Level 1:colcon.colcon_core.package_identification:_identify(runs) by extension 'python'
[0.372s] Level 1:colcon.colcon_core.package_identification:_identify(runs) by extensions ['python_setup_py']
[0.372s] Level 1:colcon.colcon_core.package_identification:_identify(runs) by extension 'python_setup_py'
[0.372s] Level 1:colcon.colcon_core.package_identification:_identify(runs/detect) by extensions ['ignore', 'ignore_ament_install']
[0.373s] Level 1:colcon.colcon_core.package_identification:_identify(runs/detect) by extension 'ignore'
[0.373s] Level 1:colcon.colcon_core.package_identification:_identify(runs/detect) by extension 'ignore_ament_install'
[0.373s] Level 1:colcon.colcon_core.package_identification:_identify(runs/detect) by extensions ['colcon_pkg']
[0.373s] Level 1:colcon.colcon_core.package_identification:_identify(runs/detect) by extension 'colcon_pkg'
[0.373s] Level 1:colcon.colcon_core.package_identification:_identify(runs/detect) by extensions ['colcon_meta']
[0.373s] Level 1:colcon.colcon_core.package_identification:_identify(runs/detect) by extension 'colcon_meta'
[0.373s] Level 1:colcon.colcon_core.package_identification:_identify(runs/detect) by extensions ['ros']
[0.373s] Level 1:colcon.colcon_core.package_identification:_identify(runs/detect) by extension 'ros'
[0.373s] Level 1:colcon.colcon_core.package_identification:_identify(runs/detect) by extensions ['cmake', 'python']
[0.373s] Level 1:colcon.colcon_core.package_identification:_identify(runs/detect) by extension 'cmake'
[0.374s] Level 1:colcon.colcon_core.package_identification:_identify(runs/detect) by extension 'python'
[0.374s] Level 1:colcon.colcon_core.package_identification:_identify(runs/detect) by extensions ['python_setup_py']
[0.374s] Level 1:colcon.colcon_core.package_identification:_identify(runs/detect) by extension 'python_setup_py'
[0.374s] Level 1:colcon.colcon_core.package_identification:_identify(runs/detect/predict) by extensions ['ignore', 'ignore_ament_install']
[0.374s] Level 1:colcon.colcon_core.package_identification:_identify(runs/detect/predict) by extension 'ignore'
[0.374s] Level 1:colcon.colcon_core.package_identification:_identify(runs/detect/predict) by extension 'ignore_ament_install'
[0.374s] Level 1:colcon.colcon_core.package_identification:_identify(runs/detect/predict) by extensions ['colcon_pkg']
[0.374s] Level 1:colcon.colcon_core.package_identification:_identify(runs/detect/predict) by extension 'colcon_pkg'
[0.374s] Level 1:colcon.colcon_core.package_identification:_identify(runs/detect/predict) by extensions ['colcon_meta']
[0.374s] Level 1:colcon.colcon_core.package_identification:_identify(runs/detect/predict) by extension 'colcon_meta'
[0.375s] Level 1:colcon.colcon_core.package_identification:_identify(runs/detect/predict) by extensions ['ros']
[0.375s] Level 1:colcon.colcon_core.package_identification:_identify(runs/detect/predict) by extension 'ros'
[0.375s] Level 1:colcon.colcon_core.package_identification:_identify(runs/detect/predict) by extensions ['cmake', 'python']
[0.375s] Level 1:colcon.colcon_core.package_identification:_identify(runs/detect/predict) by extension 'cmake'
[0.375s] Level 1:colcon.colcon_core.package_identification:_identify(runs/detect/predict) by extension 'python'
[0.375s] Level 1:colcon.colcon_core.package_identification:_identify(runs/detect/predict) by extensions ['python_setup_py']
[0.375s] Level 1:colcon.colcon_core.package_identification:_identify(runs/detect/predict) by extension 'python_setup_py'
[0.375s] Level 1:colcon.colcon_core.package_identification:_identify(runs/detect/predict/labels) by extensions ['ignore', 'ignore_ament_install']
[0.375s] Level 1:colcon.colcon_core.package_identification:_identify(runs/detect/predict/labels) by extension 'ignore'
[0.376s] Level 1:colcon.colcon_core.package_identification:_identify(runs/detect/predict/labels) by extension 'ignore_ament_install'
[0.376s] Level 1:colcon.colcon_core.package_identification:_identify(runs/detect/predict/labels) by extensions ['colcon_pkg']
[0.376s] Level 1:colcon.colcon_core.package_identification:_identify(runs/detect/predict/labels) by extension 'colcon_pkg'
[0.376s] Level 1:colcon.colcon_core.package_identification:_identify(runs/detect/predict/labels) by extensions ['colcon_meta']
[0.376s] Level 1:colcon.colcon_core.package_identification:_identify(runs/detect/predict/labels) by extension 'colcon_meta'
[0.376s] Level 1:colcon.colcon_core.package_identification:_identify(runs/detect/predict/labels) by extensions ['ros']
[0.376s] Level 1:colcon.colcon_core.package_identification:_identify(runs/detect/predict/labels) by extension 'ros'
[0.376s] Level 1:colcon.colcon_core.package_identification:_identify(runs/detect/predict/labels) by extensions ['cmake', 'python']
[0.376s] Level 1:colcon.colcon_core.package_identification:_identify(runs/detect/predict/labels) by extension 'cmake'
[0.376s] Level 1:colcon.colcon_core.package_identification:_identify(runs/detect/predict/labels) by extension 'python'
[0.376s] Level 1:colcon.colcon_core.package_identification:_identify(runs/detect/predict/labels) by extensions ['python_setup_py']
[0.376s] Level 1:colcon.colcon_core.package_identification:_identify(runs/detect/predict/labels) by extension 'python_setup_py'
[0.377s] Level 1:colcon.colcon_core.package_identification:_identify(runs/detect/predict2) by extensions ['ignore', 'ignore_ament_install']
[0.377s] Level 1:colcon.colcon_core.package_identification:_identify(runs/detect/predict2) by extension 'ignore'
[0.377s] Level 1:colcon.colcon_core.package_identification:_identify(runs/detect/predict2) by extension 'ignore_ament_install'
[0.377s] Level 1:colcon.colcon_core.package_identification:_identify(runs/detect/predict2) by extensions ['colcon_pkg']
[0.377s] Level 1:colcon.colcon_core.package_identification:_identify(runs/detect/predict2) by extension 'colcon_pkg'
[0.377s] Level 1:colcon.colcon_core.package_identification:_identify(runs/detect/predict2) by extensions ['colcon_meta']
[0.377s] Level 1:colcon.colcon_core.package_identification:_identify(runs/detect/predict2) by extension 'colcon_meta'
[0.377s] Level 1:colcon.colcon_core.package_identification:_identify(runs/detect/predict2) by extensions ['ros']
[0.377s] Level 1:colcon.colcon_core.package_identification:_identify(runs/detect/predict2) by extension 'ros'
[0.378s] Level 1:colcon.colcon_core.package_identification:_identify(runs/detect/predict2) by extensions ['cmake', 'python']
[0.378s] Level 1:colcon.colcon_core.package_identification:_identify(runs/detect/predict2) by extension 'cmake'
[0.378s] Level 1:colcon.colcon_core.package_identification:_identify(runs/detect/predict2) by extension 'python'
[0.378s] Level 1:colcon.colcon_core.package_identification:_identify(runs/detect/predict2) by extensions ['python_setup_py']
[0.378s] Level 1:colcon.colcon_core.package_identification:_identify(runs/detect/predict2) by extension 'python_setup_py'
[0.378s] Level 1:colcon.colcon_core.package_identification:_identify(runs/detect/predict2/labels) by extensions ['ignore', 'ignore_ament_install']
[0.378s] Level 1:colcon.colcon_core.package_identification:_identify(runs/detect/predict2/labels) by extension 'ignore'
[0.378s] Level 1:colcon.colcon_core.package_identification:_identify(runs/detect/predict2/labels) by extension 'ignore_ament_install'
[0.378s] Level 1:colcon.colcon_core.package_identification:_identify(runs/detect/predict2/labels) by extensions ['colcon_pkg']
[0.378s] Level 1:colcon.colcon_core.package_identification:_identify(runs/detect/predict2/labels) by extension 'colcon_pkg'
[0.379s] Level 1:colcon.colcon_core.package_identification:_identify(runs/detect/predict2/labels) by extensions ['colcon_meta']
[0.379s] Level 1:colcon.colcon_core.package_identification:_identify(runs/detect/predict2/labels) by extension 'colcon_meta'
[0.379s] Level 1:colcon.colcon_core.package_identification:_identify(runs/detect/predict2/labels) by extensions ['ros']
[0.379s] Level 1:colcon.colcon_core.package_identification:_identify(runs/detect/predict2/labels) by extension 'ros'
[0.379s] Level 1:colcon.colcon_core.package_identification:_identify(runs/detect/predict2/labels) by extensions ['cmake', 'python']
[0.379s] Level 1:colcon.colcon_core.package_identification:_identify(runs/detect/predict2/labels) by extension 'cmake'
[0.379s] Level 1:colcon.colcon_core.package_identification:_identify(runs/detect/predict2/labels) by extension 'python'
[0.379s] Level 1:colcon.colcon_core.package_identification:_identify(runs/detect/predict2/labels) by extensions ['python_setup_py']
[0.379s] Level 1:colcon.colcon_core.package_identification:_identify(runs/detect/predict2/labels) by extension 'python_setup_py'
[0.379s] Level 1:colcon.colcon_core.package_identification:_identify(runs/detect/predict3) by extensions ['ignore', 'ignore_ament_install']
[0.380s] Level 1:colcon.colcon_core.package_identification:_identify(runs/detect/predict3) by extension 'ignore'
[0.380s] Level 1:colcon.colcon_core.package_identification:_identify(runs/detect/predict3) by extension 'ignore_ament_install'
[0.380s] Level 1:colcon.colcon_core.package_identification:_identify(runs/detect/predict3) by extensions ['colcon_pkg']
[0.380s] Level 1:colcon.colcon_core.package_identification:_identify(runs/detect/predict3) by extension 'colcon_pkg'
[0.380s] Level 1:colcon.colcon_core.package_identification:_identify(runs/detect/predict3) by extensions ['colcon_meta']
[0.380s] Level 1:colcon.colcon_core.package_identification:_identify(runs/detect/predict3) by extension 'colcon_meta'
[0.380s] Level 1:colcon.colcon_core.package_identification:_identify(runs/detect/predict3) by extensions ['ros']
[0.380s] Level 1:colcon.colcon_core.package_identification:_identify(runs/detect/predict3) by extension 'ros'
[0.380s] Level 1:colcon.colcon_core.package_identification:_identify(runs/detect/predict3) by extensions ['cmake', 'python']
[0.380s] Level 1:colcon.colcon_core.package_identification:_identify(runs/detect/predict3) by extension 'cmake'
[0.381s] Level 1:colcon.colcon_core.package_identification:_identify(runs/detect/predict3) by extension 'python'
[0.381s] Level 1:colcon.colcon_core.package_identification:_identify(runs/detect/predict3) by extensions ['python_setup_py']
[0.381s] Level 1:colcon.colcon_core.package_identification:_identify(runs/detect/predict3) by extension 'python_setup_py'
[0.381s] Level 1:colcon.colcon_core.package_identification:_identify(runs/detect/predict3/labels) by extensions ['ignore', 'ignore_ament_install']
[0.381s] Level 1:colcon.colcon_core.package_identification:_identify(runs/detect/predict3/labels) by extension 'ignore'
[0.381s] Level 1:colcon.colcon_core.package_identification:_identify(runs/detect/predict3/labels) by extension 'ignore_ament_install'
[0.381s] Level 1:colcon.colcon_core.package_identification:_identify(runs/detect/predict3/labels) by extensions ['colcon_pkg']
[0.381s] Level 1:colcon.colcon_core.package_identification:_identify(runs/detect/predict3/labels) by extension 'colcon_pkg'
[0.381s] Level 1:colcon.colcon_core.package_identification:_identify(runs/detect/predict3/labels) by extensions ['colcon_meta']
[0.382s] Level 1:colcon.colcon_core.package_identification:_identify(runs/detect/predict3/labels) by extension 'colcon_meta'
[0.382s] Level 1:colcon.colcon_core.package_identification:_identify(runs/detect/predict3/labels) by extensions ['ros']
[0.382s] Level 1:colcon.colcon_core.package_identification:_identify(runs/detect/predict3/labels) by extension 'ros'
[0.382s] Level 1:colcon.colcon_core.package_identification:_identify(runs/detect/predict3/labels) by extensions ['cmake', 'python']
[0.382s] Level 1:colcon.colcon_core.package_identification:_identify(runs/detect/predict3/labels) by extension 'cmake'
[0.382s] Level 1:colcon.colcon_core.package_identification:_identify(runs/detect/predict3/labels) by extension 'python'
[0.382s] Level 1:colcon.colcon_core.package_identification:_identify(runs/detect/predict3/labels) by extensions ['python_setup_py']
[0.382s] Level 1:colcon.colcon_core.package_identification:_identify(runs/detect/predict3/labels) by extension 'python_setup_py'
[0.382s] Level 1:colcon.colcon_core.package_identification:_identify(src) by extensions ['ignore', 'ignore_ament_install']
[0.383s] Level 1:colcon.colcon_core.package_identification:_identify(src) by extension 'ignore'
[0.383s] Level 1:colcon.colcon_core.package_identification:_identify(src) by extension 'ignore_ament_install'
[0.383s] Level 1:colcon.colcon_core.package_identification:_identify(src) by extensions ['colcon_pkg']
[0.383s] Level 1:colcon.colcon_core.package_identification:_identify(src) by extension 'colcon_pkg'
[0.383s] Level 1:colcon.colcon_core.package_identification:_identify(src) by extensions ['colcon_meta']
[0.383s] Level 1:colcon.colcon_core.package_identification:_identify(src) by extension 'colcon_meta'
[0.383s] Level 1:colcon.colcon_core.package_identification:_identify(src) by extensions ['ros']
[0.383s] Level 1:colcon.colcon_core.package_identification:_identify(src) by extension 'ros'
[0.383s] Level 1:colcon.colcon_core.package_identification:_identify(src) by extensions ['cmake', 'python']
[0.383s] Level 1:colcon.colcon_core.package_identification:_identify(src) by extension 'cmake'
[0.384s] Level 1:colcon.colcon_core.package_identification:_identify(src) by extension 'python'
[0.384s] Level 1:colcon.colcon_core.package_identification:_identify(src) by extensions ['python_setup_py']
[0.384s] Level 1:colcon.colcon_core.package_identification:_identify(src) by extension 'python_setup_py'
[0.384s] Level 1:colcon.colcon_core.package_identification:_identify(src/car_detector) by extensions ['ignore', 'ignore_ament_install']
[0.384s] Level 1:colcon.colcon_core.package_identification:_identify(src/car_detector) by extension 'ignore'
[0.384s] Level 1:colcon.colcon_core.package_identification:_identify(src/car_detector) by extension 'ignore_ament_install'
[0.384s] Level 1:colcon.colcon_core.package_identification:_identify(src/car_detector) by extensions ['colcon_pkg']
[0.384s] Level 1:colcon.colcon_core.package_identification:_identify(src/car_detector) by extension 'colcon_pkg'
[0.384s] Level 1:colcon.colcon_core.package_identification:_identify(src/car_detector) by extensions ['colcon_meta']
[0.385s] Level 1:colcon.colcon_core.package_identification:_identify(src/car_detector) by extension 'colcon_meta'
[0.385s] Level 1:colcon.colcon_core.package_identification:_identify(src/car_detector) by extensions ['ros']
[0.385s] Level 1:colcon.colcon_core.package_identification:_identify(src/car_detector) by extension 'ros'
[0.391s] DEBUG:colcon.colcon_core.package_identification:Package 'src/car_detector' with type 'ros.ament_python' and name 'car_detector'
[0.391s] Level 1:colcon.colcon_core.package_discovery:discover_packages(recursive) using defaults
[0.391s] Level 1:colcon.colcon_core.package_discovery:discover_packages(ignore) discover
[0.391s] Level 1:colcon.colcon_core.package_discovery:discover_packages(ignore) using defaults
[0.391s] Level 1:colcon.colcon_core.package_discovery:discover_packages(path) discover
[0.392s] Level 1:colcon.colcon_core.package_discovery:discover_packages(path) using defaults
[0.443s] Level 1:colcon.colcon_core.package_discovery:discover_packages(prefix_path) check parameters
[0.443s] Level 1:colcon.colcon_core.package_discovery:discover_packages(prefix_path) discover
[0.451s] DEBUG:colcon.colcon_installed_package_information.package_discovery:Found 16 installed packages in /home/zerda/ros2_ws/install
[0.454s] DEBUG:colcon.colcon_installed_package_information.package_discovery:Found 269 installed packages in /opt/ros/humble
[0.456s] Level 1:colcon.colcon_core.package_discovery:discover_packages(prefix_path) using defaults
[0.534s] Level 5:colcon.colcon_core.verb:set package 'car_detector' build argument 'cmake_args' from command line to 'None'
[0.534s] Level 5:colcon.colcon_core.verb:set package 'car_detector' build argument 'cmake_target' from command line to 'None'
[0.535s] Level 5:colcon.colcon_core.verb:set package 'car_detector' build argument 'cmake_target_skip_unavailable' from command line to 'False'
[0.535s] Level 5:colcon.colcon_core.verb:set package 'car_detector' build argument 'cmake_clean_cache' from command line to 'False'
[0.535s] Level 5:colcon.colcon_core.verb:set package 'car_detector' build argument 'cmake_clean_first' from command line to 'False'
[0.535s] Level 5:colcon.colcon_core.verb:set package 'car_detector' build argument 'cmake_force_configure' from command line to 'False'
[0.535s] Level 5:colcon.colcon_core.verb:set package 'car_detector' build argument 'ament_cmake_args' from command line to 'None'
[0.535s] Level 5:colcon.colcon_core.verb:set package 'car_detector' build argument 'catkin_cmake_args' from command line to 'None'
[0.535s] Level 5:colcon.colcon_core.verb:set package 'car_detector' build argument 'catkin_skip_building_tests' from command line to 'False'
[0.535s] DEBUG:colcon.colcon_core.verb:Building package 'car_detector' with the following arguments: {'ament_cmake_args': None, 'build_base': '/home/zerda/ros2_ws/build/car_detector', 'catkin_cmake_args': None, 'catkin_skip_building_tests': False, 'cmake_args': None, 'cmake_clean_cache': False, 'cmake_clean_first': False, 'cmake_force_configure': False, 'cmake_target': None, 'cmake_target_skip_unavailable': False, 'install_base': '/home/zerda/ros2_ws/install/car_detector', 'merge_install': False, 'path': '/home/zerda/ros2_ws/src/car_detector', 'symlink_install': False, 'test_result_base': None}
[0.535s] INFO:colcon.colcon_core.executor:Executing jobs using 'parallel' executor
[0.537s] DEBUG:colcon.colcon_parallel_executor.executor.parallel:run_until_complete
[0.537s] INFO:colcon.colcon_ros.task.ament_python.build:Building ROS package in '/home/zerda/ros2_ws/src/car_detector' with build type 'ament_python'
[0.538s] Level 1:colcon.colcon_core.shell:create_environment_hook('car_detector', 'ament_prefix_path')
[0.544s] INFO:colcon.colcon_core.plugin_system:Skipping extension 'colcon_core.shell.bat': Not used on non-Windows systems
[0.544s] INFO:colcon.colcon_core.shell:Creating environment hook '/home/zerda/ros2_ws/install/car_detector/share/car_detector/hook/ament_prefix_path.ps1'
[0.545s] INFO:colcon.colcon_core.shell:Creating environment descriptor '/home/zerda/ros2_ws/install/car_detector/share/car_detector/hook/ament_prefix_path.dsv'
[0.546s] INFO:colcon.colcon_core.shell:Creating environment hook '/home/zerda/ros2_ws/install/car_detector/share/car_detector/hook/ament_prefix_path.sh'
[0.548s] INFO:colcon.colcon_core.shell:Skip shell extension 'powershell' for command environment: Not usable outside of PowerShell
[0.548s] DEBUG:colcon.colcon_core.shell:Skip shell extension 'dsv' for command environment
[1.057s] INFO:colcon.colcon_core.task.python.build:Building Python package in '/home/zerda/ros2_ws/src/car_detector'
[1.057s] INFO:colcon.colcon_core.shell:Skip shell extension 'powershell' for command environment: Not usable outside of PowerShell
[1.057s] DEBUG:colcon.colcon_core.shell:Skip shell extension 'dsv' for command environment
[2.417s] DEBUG:colcon.colcon_core.event_handler.log_command:Invoking command in '/home/zerda/ros2_ws/src/car_detector': PYTHONPATH=/home/zerda/ros2_ws/build/car_detector/prefix_override:/home/zerda/ros2_ws/install/car_detector/lib/python3.10/site-packages:${PYTHONPATH} /usr/bin/python3 -W ignore:setup.py install is deprecated setup.py egg_info --egg-base ../../build/car_detector build --build-base /home/zerda/ros2_ws/build/car_detector/build install --record /home/zerda/ros2_ws/build/car_detector/install.log --single-version-externally-managed install_data
[3.694s] DEBUG:colcon.colcon_core.event_handler.log_command:Invoked command in '/home/zerda/ros2_ws/src/car_detector' returned '0': PYTHONPATH=/home/zerda/ros2_ws/build/car_detector/prefix_override:/home/zerda/ros2_ws/install/car_detector/lib/python3.10/site-packages:${PYTHONPATH} /usr/bin/python3 -W ignore:setup.py install is deprecated setup.py egg_info --egg-base ../../build/car_detector build --build-base /home/zerda/ros2_ws/build/car_detector/build install --record /home/zerda/ros2_ws/build/car_detector/install.log --single-version-externally-managed install_data
[3.700s] Level 1:colcon.colcon_core.environment:checking '/home/zerda/ros2_ws/install/car_detector' for CMake module files
[3.701s] Level 1:colcon.colcon_core.environment:checking '/home/zerda/ros2_ws/install/car_detector' for CMake config files
[3.703s] Level 1:colcon.colcon_core.environment:checking '/home/zerda/ros2_ws/install/car_detector/lib'
[3.703s] Level 1:colcon.colcon_core.environment:checking '/home/zerda/ros2_ws/install/car_detector/bin'
[3.703s] Level 1:colcon.colcon_core.environment:checking '/home/zerda/ros2_ws/install/car_detector/lib/pkgconfig/car_detector.pc'
[3.704s] Level 1:colcon.colcon_core.environment:checking '/home/zerda/ros2_ws/install/car_detector/lib/python3.10/site-packages'
[3.704s] Level 1:colcon.colcon_core.shell:create_environment_hook('car_detector', 'pythonpath')
[3.704s] INFO:colcon.colcon_core.shell:Creating environment hook '/home/zerda/ros2_ws/install/car_detector/share/car_detector/hook/pythonpath.ps1'
[3.705s] INFO:colcon.colcon_core.shell:Creating environment descriptor '/home/zerda/ros2_ws/install/car_detector/share/car_detector/hook/pythonpath.dsv'
[3.706s] INFO:colcon.colcon_core.shell:Creating environment hook '/home/zerda/ros2_ws/install/car_detector/share/car_detector/hook/pythonpath.sh'
[3.707s] Level 1:colcon.colcon_core.environment:checking '/home/zerda/ros2_ws/install/car_detector/bin'
[3.707s] Level 1:colcon.colcon_core.environment:create_environment_scripts_only(car_detector)
[3.708s] INFO:colcon.colcon_core.shell:Creating package script '/home/zerda/ros2_ws/install/car_detector/share/car_detector/package.ps1'
[3.709s] INFO:colcon.colcon_core.shell:Creating package descriptor '/home/zerda/ros2_ws/install/car_detector/share/car_detector/package.dsv'
[3.710s] INFO:colcon.colcon_core.shell:Creating package script '/home/zerda/ros2_ws/install/car_detector/share/car_detector/package.sh'
[3.712s] INFO:colcon.colcon_core.shell:Creating package script '/home/zerda/ros2_ws/install/car_detector/share/car_detector/package.bash'
[3.714s] INFO:colcon.colcon_core.shell:Creating package script '/home/zerda/ros2_ws/install/car_detector/share/car_detector/package.zsh'
[3.715s] Level 1:colcon.colcon_core.environment:create_file_with_runtime_dependencies(/home/zerda/ros2_ws/install/car_detector/share/colcon-core/packages/car_detector)
[3.716s] DEBUG:colcon.colcon_parallel_executor.executor.parallel:closing loop
[3.717s] DEBUG:colcon.colcon_parallel_executor.executor.parallel:loop closed
[3.717s] DEBUG:colcon.colcon_parallel_executor.executor.parallel:run_until_complete finished with '0'
[3.717s] DEBUG:colcon.colcon_core.event_reactor:joining thread
[3.728s] INFO:colcon.colcon_core.plugin_system:Skipping extension 'colcon_notification.desktop_notification.terminal_notifier': Not used on non-Darwin systems
[3.728s] INFO:colcon.colcon_core.plugin_system:Skipping extension 'colcon_notification.desktop_notification.win32': Not used on non-Windows systems
[3.728s] INFO:colcon.colcon_notification.desktop_notification:Sending desktop notification using 'notify2'
[3.753s] DEBUG:colcon.colcon_core.event_reactor:joined thread
[3.754s] INFO:colcon.colcon_core.shell:Creating prefix script '/home/zerda/ros2_ws/install/local_setup.ps1'
[3.756s] INFO:colcon.colcon_core.shell:Creating prefix util module '/home/zerda/ros2_ws/install/_local_setup_util_ps1.py'
[3.759s] INFO:colcon.colcon_core.shell:Creating prefix chain script '/home/zerda/ros2_ws/install/setup.ps1'
[3.762s] INFO:colcon.colcon_core.shell:Creating prefix script '/home/zerda/ros2_ws/install/local_setup.sh'
[3.764s] INFO:colcon.colcon_core.shell:Creating prefix util module '/home/zerda/ros2_ws/install/_local_setup_util_sh.py'
[3.765s] INFO:colcon.colcon_core.shell:Creating prefix chain script '/home/zerda/ros2_ws/install/setup.sh'
[3.768s] INFO:colcon.colcon_core.shell:Creating prefix script '/home/zerda/ros2_ws/install/local_setup.bash'
[3.769s] INFO:colcon.colcon_core.shell:Creating prefix chain script '/home/zerda/ros2_ws/install/setup.bash'
[3.772s] INFO:colcon.colcon_core.shell:Creating prefix script '/home/zerda/ros2_ws/install/local_setup.zsh'
[3.774s] INFO:colcon.colcon_core.shell:Creating prefix chain script '/home/zerda/ros2_ws/install/setup.zsh'
