[1.342s] Invoking command in '/home/zerda/ros2_ws/src/YOLOv7_ROS2/object_detection': PYTHONPATH=/home/zerda/ros2_ws/build/object_detection/prefix_override:/home/zerda/ros2_ws/install/object_detection/lib/python3.10/site-packages:${PYTHONPATH} /usr/bin/python3 -W ignore:setup.py install is deprecated setup.py egg_info --egg-base ../../../build/object_detection build --build-base /home/zerda/ros2_ws/build/object_detection/build install --record /home/zerda/ros2_ws/build/object_detection/install.log --single-version-externally-managed install_data
[1.757s] running egg_info
[1.779s] writing ../../../build/object_detection/object_detection.egg-info/PKG-INFO
[1.787s] writing dependency_links to ../../../build/object_detection/object_detection.egg-info/dependency_links.txt
[1.788s] writing entry points to ../../../build/object_detection/object_detection.egg-info/entry_points.txt
[1.788s] writing requirements to ../../../build/object_detection/object_detection.egg-info/requires.txt
[1.788s] writing top-level names to ../../../build/object_detection/object_detection.egg-info/top_level.txt
[1.834s] reading manifest file '../../../build/object_detection/object_detection.egg-info/SOURCES.txt'
[1.837s] writing manifest file '../../../build/object_detection/object_detection.egg-info/SOURCES.txt'
[1.837s] running build
[1.837s] running build_py
[1.838s] running install
[1.851s] running install_lib
[1.874s] running install_data
[1.875s] running install_egg_info
[1.900s] removing '/home/zerda/ros2_ws/install/object_detection/lib/python3.10/site-packages/object_detection-0.0.0-py3.10.egg-info' (and everything under it)
[1.900s] Copying ../../../build/object_detection/object_detection.egg-info to /home/zerda/ros2_ws/install/object_detection/lib/python3.10/site-packages/object_detection-0.0.0-py3.10.egg-info
[1.903s] running install_scripts
[2.124s] Installing object_detection script to /home/zerda/ros2_ws/install/object_detection/lib/object_detection
[2.124s] writing list of installed files to '/home/zerda/ros2_ws/build/object_detection/install.log'
[2.176s] Invoked command in '/home/zerda/ros2_ws/src/YOLOv7_ROS2/object_detection' returned '0': PYTHONPATH=/home/zerda/ros2_ws/build/object_detection/prefix_override:/home/zerda/ros2_ws/install/object_detection/lib/python3.10/site-packages:${PYTHONPATH} /usr/bin/python3 -W ignore:setup.py install is deprecated setup.py egg_info --egg-base ../../../build/object_detection build --build-base /home/zerda/ros2_ws/build/object_detection/build install --record /home/zerda/ros2_ws/build/object_detection/install.log --single-version-externally-managed install_data
