[3.078s] Invoking command in '/home/zerda/ros2_ws/src/my_py_pkg': PYTHONPATH=/home/zerda/ros2_ws/build/my_py_pkg/prefix_override:/home/zerda/ros2_ws/install/my_py_pkg/lib/python3.10/site-packages:${PYTHONPATH} /usr/bin/python3 setup.py egg_info --egg-base ../../build/my_py_pkg build --build-base /home/zerda/ros2_ws/build/my_py_pkg/build install --record /home/zerda/ros2_ws/build/my_py_pkg/install.log --single-version-externally-managed
[3.844s] running egg_info
[3.847s] writing ../../build/my_py_pkg/my_py_pkg.egg-info/PKG-INFO
[3.847s] writing dependency_links to ../../build/my_py_pkg/my_py_pkg.egg-info/dependency_links.txt
[3.847s] writing entry points to ../../build/my_py_pkg/my_py_pkg.egg-info/entry_points.txt
[3.848s] writing requirements to ../../build/my_py_pkg/my_py_pkg.egg-info/requires.txt
[3.848s] writing top-level names to ../../build/my_py_pkg/my_py_pkg.egg-info/top_level.txt
[3.852s] reading manifest file '../../build/my_py_pkg/my_py_pkg.egg-info/SOURCES.txt'
[3.855s] writing manifest file '../../build/my_py_pkg/my_py_pkg.egg-info/SOURCES.txt'
[3.856s] running build
[3.856s] running build_py
[3.857s] running install
[3.858s] running install_lib
[3.862s] running install_data
[3.863s] running install_egg_info
[3.869s] removing '/home/zerda/ros2_ws/install/my_py_pkg/lib/python3.10/site-packages/my_py_pkg-0.0.0-py3.10.egg-info' (and everything under it)
[3.870s] Copying ../../build/my_py_pkg/my_py_pkg.egg-info to /home/zerda/ros2_ws/install/my_py_pkg/lib/python3.10/site-packages/my_py_pkg-0.0.0-py3.10.egg-info
[3.873s] running install_scripts
[3.923s] Installing add_two_ints_client_no_oop script to /home/zerda/ros2_ws/install/my_py_pkg/lib/my_py_pkg
[3.923s] Installing add_two_ints_server script to /home/zerda/ros2_ws/install/my_py_pkg/lib/my_py_pkg
[3.923s] Installing py_node script to /home/zerda/ros2_ws/install/my_py_pkg/lib/my_py_pkg
[3.924s] Installing robot_news_station script to /home/zerda/ros2_ws/install/my_py_pkg/lib/my_py_pkg
[3.924s] Installing smartphone script to /home/zerda/ros2_ws/install/my_py_pkg/lib/my_py_pkg
[3.925s] writing list of installed files to '/home/zerda/ros2_ws/build/my_py_pkg/install.log'
