[0.829s] Invoking command in '/home/zerda/ros2_ws/build/aruco_msgs': CMAKE_PREFIX_PATH=${CMAKE_PREFIX_PATH}:/home/zerda/ros2_ws/install/my_py_pkg:/home/zerda/ros2_ws/install/challenge1:/opt/ros/humble /usr/bin/cmake /home/zerda/ros2_ws/src/aruco_ros2/aruco_msgs -DCMAKE_INSTALL_PREFIX=/home/zerda/ros2_ws/install/aruco_msgs
[1.645s] -- The C compiler identification is GNU 11.4.0
[1.646s] -- The CXX compiler identification is GNU 11.4.0
[1.646s] -- Detecting C compiler ABI info
[1.646s] -- Detecting C compiler ABI info - done
[1.646s] -- Check for working C compiler: /usr/bin/cc - skipped
[1.647s] -- Detecting C compile features
[1.647s] -- Detecting C compile features - done
[1.647s] -- Detecting CXX compiler ABI info
[1.647s] -- Detecting CXX compiler ABI info - done
[1.648s] -- Check for working CXX compiler: /usr/bin/c++ - skipped
[1.648s] -- Detecting CXX compile features
[1.648s] -- Detecting CXX compile features - done
[1.648s] -- Found ament_cmake: 1.3.6 (/opt/ros/humble/share/ament_cmake/cmake)
[1.937s] -- Found Python3: /usr/bin/python3.10 (found version "3.10.12") found components: Interpreter 
[2.161s] -- Found rosidl_default_generators: 1.2.0 (/opt/ros/humble/share/rosidl_default_generators/cmake)
[2.173s] -- Using all available rosidl_typesupport_c: rosidl_typesupport_fastrtps_c;rosidl_typesupport_introspection_c
[2.199s] -- Found rosidl_adapter: 3.1.5 (/opt/ros/humble/share/rosidl_adapter/cmake)
[2.328s] -- Using all available rosidl_typesupport_cpp: rosidl_typesupport_fastrtps_cpp;rosidl_typesupport_introspection_cpp
[2.452s] -- Found std_msgs: 4.2.3 (/opt/ros/humble/share/std_msgs/cmake)
[2.619s] -- Found geometry_msgs: 4.2.3 (/opt/ros/humble/share/geometry_msgs/cmake)
[3.795s] -- Found ament_cmake_ros: 0.10.0 (/opt/ros/humble/share/ament_cmake_ros/cmake)
[4.548s] -- Using all available rosidl_typesupport_c: rosidl_typesupport_fastrtps_c;rosidl_typesupport_introspection_c
[5.349s] -- Using all available rosidl_typesupport_cpp: rosidl_typesupport_fastrtps_cpp;rosidl_typesupport_introspection_cpp
[5.411s] -- Found PythonInterp: /usr/bin/python3 (found suitable version "3.10.12", minimum required is "3.6") 
[5.415s] -- Found python_cmake_module: 0.10.0 (/opt/ros/humble/share/python_cmake_module/cmake)
[5.485s] -- Found PythonLibs: /usr/lib/x86_64-linux-gnu/libpython3.10.so (found suitable version "3.10.12", minimum required is "3.5") 
[5.485s] -- Using PYTHON_EXECUTABLE: /usr/bin/python3
[5.485s] -- Using PYTHON_INCLUDE_DIRS: /usr/include/python3.10
[5.485s] -- Using PYTHON_LIBRARIES: /usr/lib/x86_64-linux-gnu/libpython3.10.so
[5.541s] -- Found PythonExtra: .so  
[5.733s] -- Configuring done
[5.810s] -- Generating done
[5.815s] -- Build files have been written to: /home/zerda/ros2_ws/build/aruco_msgs
