[1.804s] Invoking command in '/home/zerda/ros2_ws/src/car_detector': PYTHONPATH=/home/zerda/ros2_ws/build/car_detector/prefix_override:/home/zerda/ros2_ws/install/car_detector/lib/python3.10/site-packages:${PYTHONPATH} /usr/bin/python3 -W ignore:setup.py install is deprecated setup.py egg_info --egg-base ../../build/car_detector build --build-base /home/zerda/ros2_ws/build/car_detector/build install --record /home/zerda/ros2_ws/build/car_detector/install.log --single-version-externally-managed install_data
[2.340s] running egg_info
[2.375s] writing ../../build/car_detector/car_detector.egg-info/PKG-INFO
[2.376s] writing dependency_links to ../../build/car_detector/car_detector.egg-info/dependency_links.txt
[2.376s] writing entry points to ../../build/car_detector/car_detector.egg-info/entry_points.txt
[2.377s] writing requirements to ../../build/car_detector/car_detector.egg-info/requires.txt
[2.377s] writing top-level names to ../../build/car_detector/car_detector.egg-info/top_level.txt
[2.447s] reading manifest file '../../build/car_detector/car_detector.egg-info/SOURCES.txt'
[2.449s] writing manifest file '../../build/car_detector/car_detector.egg-info/SOURCES.txt'
[2.450s] running build
[2.450s] running build_py
[2.450s] copying car_detector/__init__.py -> /home/zerda/ros2_ws/build/car_detector/build/lib/car_detector
[2.450s] copying car_detector/camera_pub.py -> /home/zerda/ros2_ws/build/car_detector/build/lib/car_detector
[2.451s] copying car_detector/car_detection.py -> /home/zerda/ros2_ws/build/car_detector/build/lib/car_detector
[2.451s] running install
[2.464s] running install_lib
[2.499s] running install_data
[2.499s] copying resource/car_detector -> /home/zerda/ros2_ws/install/car_detector/share/ament_index/resource_index/packages
[2.500s] copying package.xml -> /home/zerda/ros2_ws/install/car_detector/share/car_detector
[2.500s] copying launch/car_detect.py -> /home/zerda/ros2_ws/install/car_detector/share/car_detector
[2.500s] copying data/best.pt -> /home/zerda/ros2_ws/install/car_detector/share/car_detector
[2.659s] running install_egg_info
[2.697s] Copying ../../build/car_detector/car_detector.egg-info to /home/zerda/ros2_ws/install/car_detector/lib/python3.10/site-packages/car_detector-0.0.0-py3.10.egg-info
[2.698s] running install_scripts
[3.016s] Installing camera_publisher script to /home/zerda/ros2_ws/install/car_detector/lib/car_detector
[3.016s] Installing car_detect_subscriber script to /home/zerda/ros2_ws/install/car_detector/lib/car_detector
[3.017s] writing list of installed files to '/home/zerda/ros2_ws/build/car_detector/install.log'
[3.068s] Invoked command in '/home/zerda/ros2_ws/src/car_detector' returned '0': PYTHONPATH=/home/zerda/ros2_ws/build/car_detector/prefix_override:/home/zerda/ros2_ws/install/car_detector/lib/python3.10/site-packages:${PYTHONPATH} /usr/bin/python3 -W ignore:setup.py install is deprecated setup.py egg_info --egg-base ../../build/car_detector build --build-base /home/zerda/ros2_ws/build/car_detector/build install --record /home/zerda/ros2_ws/build/car_detector/install.log --single-version-externally-managed install_data
