[2.474s] DEBUG:colcon:Command line arguments: ['/usr/bin/colcon', 'build', '--packages-select', 'my_cpp_pkg']
[2.474s] DEBUG:colcon:Parsed command line arguments: Namespace(log_base=None, log_level=None, verb_name='build', build_base='build', install_base='install', merge_install=False, symlink_install=False, test_result_base=None, continue_on_error=False, executor='parallel', parallel_workers=8, event_handlers=None, ignore_user_meta=False, metas=['./colcon.meta'], base_paths=['.'], packages_ignore=None, packages_ignore_regex=None, paths=None, packages_up_to=None, packages_up_to_regex=None, packages_above=None, packages_above_and_dependencies=None, packages_above_depth=None, packages_select_by_dep=None, packages_skip_by_dep=None, packages_skip_up_to=None, packages_select_build_failed=False, packages_skip_build_finished=False, packages_select_test_failures=False, packages_skip_test_passed=False, packages_select=['my_cpp_pkg'], packages_skip=None, packages_select_regex=None, packages_skip_regex=None, packages_start=None, packages_end=None, allow_overriding=[], cmake_args=None, cmake_target=None, cmake_target_skip_unavailable=False, cmake_clean_cache=False, cmake_clean_first=False, cmake_force_configure=False, ament_cmake_args=None, catkin_cmake_args=None, catkin_skip_building_tests=False, verb_parser=<colcon_defaults.argument_parser.defaults.DefaultArgumentsDecorator object at 0x7f2d71352d40>, verb_extension=<colcon_core.verb.build.BuildVerb object at 0x7f2d717c7c40>, main=<bound method BuildVerb.main of <colcon_core.verb.build.BuildVerb object at 0x7f2d717c7c40>>)
[2.597s] Level 1:colcon.colcon_core.package_discovery:discover_packages(colcon_meta) check parameters
[2.598s] Level 1:colcon.colcon_core.package_discovery:discover_packages(recursive) check parameters
[2.598s] Level 1:colcon.colcon_core.package_discovery:discover_packages(ignore) check parameters
[2.598s] Level 1:colcon.colcon_core.package_discovery:discover_packages(path) check parameters
[2.598s] Level 1:colcon.colcon_core.package_discovery:discover_packages(colcon_meta) discover
[2.598s] Level 1:colcon.colcon_core.package_discovery:discover_packages(recursive) discover
[2.598s] INFO:colcon.colcon_core.package_discovery:Crawling recursively for packages in '/home/zerda/ros2_ws'
[2.599s] Level 1:colcon.colcon_core.package_identification:_identify(.) by extensions ['ignore', 'ignore_ament_install']
[2.599s] Level 1:colcon.colcon_core.package_identification:_identify(.) by extension 'ignore'
[2.599s] Level 1:colcon.colcon_core.package_identification:_identify(.) by extension 'ignore_ament_install'
[2.600s] Level 1:colcon.colcon_core.package_identification:_identify(.) by extensions ['colcon_pkg']
[2.600s] Level 1:colcon.colcon_core.package_identification:_identify(.) by extension 'colcon_pkg'
[2.600s] Level 1:colcon.colcon_core.package_identification:_identify(.) by extensions ['colcon_meta']
[2.600s] Level 1:colcon.colcon_core.package_identification:_identify(.) by extension 'colcon_meta'
[2.600s] Level 1:colcon.colcon_core.package_identification:_identify(.) by extensions ['ros']
[2.600s] Level 1:colcon.colcon_core.package_identification:_identify(.) by extension 'ros'
[2.626s] Level 1:colcon.colcon_core.package_identification:_identify(.) by extensions ['cmake', 'python']
[2.626s] Level 1:colcon.colcon_core.package_identification:_identify(.) by extension 'cmake'
[2.626s] Level 1:colcon.colcon_core.package_identification:_identify(.) by extension 'python'
[2.627s] Level 1:colcon.colcon_core.package_identification:_identify(.) by extensions ['python_setup_py']
[2.627s] Level 1:colcon.colcon_core.package_identification:_identify(.) by extension 'python_setup_py'
[2.627s] Level 1:colcon.colcon_core.package_identification:_identify(build) by extensions ['ignore', 'ignore_ament_install']
[2.627s] Level 1:colcon.colcon_core.package_identification:_identify(build) by extension 'ignore'
[2.628s] Level 1:colcon.colcon_core.package_identification:_identify(build) ignored
[2.628s] Level 1:colcon.colcon_core.package_identification:_identify(install) by extensions ['ignore', 'ignore_ament_install']
[2.628s] Level 1:colcon.colcon_core.package_identification:_identify(install) by extension 'ignore'
[2.628s] Level 1:colcon.colcon_core.package_identification:_identify(install) ignored
[2.629s] Level 1:colcon.colcon_core.package_identification:_identify(log) by extensions ['ignore', 'ignore_ament_install']
[2.629s] Level 1:colcon.colcon_core.package_identification:_identify(log) by extension 'ignore'
[2.629s] Level 1:colcon.colcon_core.package_identification:_identify(log) ignored
[2.630s] Level 1:colcon.colcon_core.package_identification:_identify(src) by extensions ['ignore', 'ignore_ament_install']
[2.630s] Level 1:colcon.colcon_core.package_identification:_identify(src) by extension 'ignore'
[2.630s] Level 1:colcon.colcon_core.package_identification:_identify(src) by extension 'ignore_ament_install'
[2.630s] Level 1:colcon.colcon_core.package_identification:_identify(src) by extensions ['colcon_pkg']
[2.631s] Level 1:colcon.colcon_core.package_identification:_identify(src) by extension 'colcon_pkg'
[2.631s] Level 1:colcon.colcon_core.package_identification:_identify(src) by extensions ['colcon_meta']
[2.631s] Level 1:colcon.colcon_core.package_identification:_identify(src) by extension 'colcon_meta'
[2.631s] Level 1:colcon.colcon_core.package_identification:_identify(src) by extensions ['ros']
[2.631s] Level 1:colcon.colcon_core.package_identification:_identify(src) by extension 'ros'
[2.631s] Level 1:colcon.colcon_core.package_identification:_identify(src) by extensions ['cmake', 'python']
[2.631s] Level 1:colcon.colcon_core.package_identification:_identify(src) by extension 'cmake'
[2.632s] Level 1:colcon.colcon_core.package_identification:_identify(src) by extension 'python'
[2.632s] Level 1:colcon.colcon_core.package_identification:_identify(src) by extensions ['python_setup_py']
[2.632s] Level 1:colcon.colcon_core.package_identification:_identify(src) by extension 'python_setup_py'
[2.632s] Level 1:colcon.colcon_core.package_identification:_identify(src/challenge1) by extensions ['ignore', 'ignore_ament_install']
[2.633s] Level 1:colcon.colcon_core.package_identification:_identify(src/challenge1) by extension 'ignore'
[2.633s] Level 1:colcon.colcon_core.package_identification:_identify(src/challenge1) by extension 'ignore_ament_install'
[2.633s] Level 1:colcon.colcon_core.package_identification:_identify(src/challenge1) by extensions ['colcon_pkg']
[2.633s] Level 1:colcon.colcon_core.package_identification:_identify(src/challenge1) by extension 'colcon_pkg'
[2.633s] Level 1:colcon.colcon_core.package_identification:_identify(src/challenge1) by extensions ['colcon_meta']
[2.633s] Level 1:colcon.colcon_core.package_identification:_identify(src/challenge1) by extension 'colcon_meta'
[2.634s] Level 1:colcon.colcon_core.package_identification:_identify(src/challenge1) by extensions ['ros']
[2.634s] Level 1:colcon.colcon_core.package_identification:_identify(src/challenge1) by extension 'ros'
[2.641s] DEBUG:colcon.colcon_core.package_identification:Package 'src/challenge1' with type 'ros.ament_python' and name 'challenge1'
[2.641s] Level 1:colcon.colcon_core.package_identification:_identify(src/image_processing) by extensions ['ignore', 'ignore_ament_install']
[2.641s] Level 1:colcon.colcon_core.package_identification:_identify(src/image_processing) by extension 'ignore'
[2.642s] Level 1:colcon.colcon_core.package_identification:_identify(src/image_processing) by extension 'ignore_ament_install'
[2.642s] Level 1:colcon.colcon_core.package_identification:_identify(src/image_processing) by extensions ['colcon_pkg']
[2.642s] Level 1:colcon.colcon_core.package_identification:_identify(src/image_processing) by extension 'colcon_pkg'
[2.642s] Level 1:colcon.colcon_core.package_identification:_identify(src/image_processing) by extensions ['colcon_meta']
[2.642s] Level 1:colcon.colcon_core.package_identification:_identify(src/image_processing) by extension 'colcon_meta'
[2.642s] Level 1:colcon.colcon_core.package_identification:_identify(src/image_processing) by extensions ['ros']
[2.643s] Level 1:colcon.colcon_core.package_identification:_identify(src/image_processing) by extension 'ros'
[2.645s] DEBUG:colcon.colcon_core.package_identification:Package 'src/image_processing' with type 'ros.ament_cmake' and name 'image_processing'
[2.645s] Level 1:colcon.colcon_core.package_identification:_identify(src/my_cpp_pkg) by extensions ['ignore', 'ignore_ament_install']
[2.646s] Level 1:colcon.colcon_core.package_identification:_identify(src/my_cpp_pkg) by extension 'ignore'
[2.646s] Level 1:colcon.colcon_core.package_identification:_identify(src/my_cpp_pkg) by extension 'ignore_ament_install'
[2.646s] Level 1:colcon.colcon_core.package_identification:_identify(src/my_cpp_pkg) by extensions ['colcon_pkg']
[2.646s] Level 1:colcon.colcon_core.package_identification:_identify(src/my_cpp_pkg) by extension 'colcon_pkg'
[2.646s] Level 1:colcon.colcon_core.package_identification:_identify(src/my_cpp_pkg) by extensions ['colcon_meta']
[2.646s] Level 1:colcon.colcon_core.package_identification:_identify(src/my_cpp_pkg) by extension 'colcon_meta'
[2.646s] Level 1:colcon.colcon_core.package_identification:_identify(src/my_cpp_pkg) by extensions ['ros']
[2.647s] Level 1:colcon.colcon_core.package_identification:_identify(src/my_cpp_pkg) by extension 'ros'
[2.649s] DEBUG:colcon.colcon_core.package_identification:Package 'src/my_cpp_pkg' with type 'ros.ament_cmake' and name 'my_cpp_pkg'
[2.649s] Level 1:colcon.colcon_core.package_identification:_identify(src/my_py_pkg) by extensions ['ignore', 'ignore_ament_install']
[2.649s] Level 1:colcon.colcon_core.package_identification:_identify(src/my_py_pkg) by extension 'ignore'
[2.649s] Level 1:colcon.colcon_core.package_identification:_identify(src/my_py_pkg) by extension 'ignore_ament_install'
[2.650s] Level 1:colcon.colcon_core.package_identification:_identify(src/my_py_pkg) by extensions ['colcon_pkg']
[2.650s] Level 1:colcon.colcon_core.package_identification:_identify(src/my_py_pkg) by extension 'colcon_pkg'
[2.650s] Level 1:colcon.colcon_core.package_identification:_identify(src/my_py_pkg) by extensions ['colcon_meta']
[2.650s] Level 1:colcon.colcon_core.package_identification:_identify(src/my_py_pkg) by extension 'colcon_meta'
[2.650s] Level 1:colcon.colcon_core.package_identification:_identify(src/my_py_pkg) by extensions ['ros']
[2.650s] Level 1:colcon.colcon_core.package_identification:_identify(src/my_py_pkg) by extension 'ros'
[2.652s] DEBUG:colcon.colcon_core.package_identification:Package 'src/my_py_pkg' with type 'ros.ament_python' and name 'my_py_pkg'
[2.652s] Level 1:colcon.colcon_core.package_discovery:discover_packages(recursive) using defaults
[2.652s] Level 1:colcon.colcon_core.package_discovery:discover_packages(ignore) discover
[2.652s] Level 1:colcon.colcon_core.package_discovery:discover_packages(ignore) using defaults
[2.652s] Level 1:colcon.colcon_core.package_discovery:discover_packages(path) discover
[2.652s] Level 1:colcon.colcon_core.package_discovery:discover_packages(path) using defaults
[2.797s] INFO:colcon.colcon_core.package_selection:Skipping not selected package 'challenge1' in 'src/challenge1'
[2.798s] INFO:colcon.colcon_core.package_selection:Skipping not selected package 'image_processing' in 'src/image_processing'
[2.798s] INFO:colcon.colcon_core.package_selection:Skipping not selected package 'my_py_pkg' in 'src/my_py_pkg'
[2.859s] Level 1:colcon.colcon_core.package_discovery:discover_packages(prefix_path) check parameters
[2.859s] Level 1:colcon.colcon_core.package_discovery:discover_packages(prefix_path) discover
[2.925s] DEBUG:colcon.colcon_installed_package_information.package_discovery:Found 4 installed packages in /home/zerda/ros2_ws/install
[2.958s] DEBUG:colcon.colcon_installed_package_information.package_discovery:Found 273 installed packages in /opt/ros/humble
[2.960s] Level 1:colcon.colcon_core.package_discovery:discover_packages(prefix_path) using defaults
[3.145s] Level 5:colcon.colcon_core.verb:set package 'my_cpp_pkg' build argument 'cmake_args' from command line to 'None'
[3.145s] Level 5:colcon.colcon_core.verb:set package 'my_cpp_pkg' build argument 'cmake_target' from command line to 'None'
[3.146s] Level 5:colcon.colcon_core.verb:set package 'my_cpp_pkg' build argument 'cmake_target_skip_unavailable' from command line to 'False'
[3.146s] Level 5:colcon.colcon_core.verb:set package 'my_cpp_pkg' build argument 'cmake_clean_cache' from command line to 'False'
[3.146s] Level 5:colcon.colcon_core.verb:set package 'my_cpp_pkg' build argument 'cmake_clean_first' from command line to 'False'
[3.146s] Level 5:colcon.colcon_core.verb:set package 'my_cpp_pkg' build argument 'cmake_force_configure' from command line to 'False'
[3.146s] Level 5:colcon.colcon_core.verb:set package 'my_cpp_pkg' build argument 'ament_cmake_args' from command line to 'None'
[3.146s] Level 5:colcon.colcon_core.verb:set package 'my_cpp_pkg' build argument 'catkin_cmake_args' from command line to 'None'
[3.146s] Level 5:colcon.colcon_core.verb:set package 'my_cpp_pkg' build argument 'catkin_skip_building_tests' from command line to 'False'
[3.146s] DEBUG:colcon.colcon_core.verb:Building package 'my_cpp_pkg' with the following arguments: {'ament_cmake_args': None, 'build_base': '/home/zerda/ros2_ws/build/my_cpp_pkg', 'catkin_cmake_args': None, 'catkin_skip_building_tests': False, 'cmake_args': None, 'cmake_clean_cache': False, 'cmake_clean_first': False, 'cmake_force_configure': False, 'cmake_target': None, 'cmake_target_skip_unavailable': False, 'install_base': '/home/zerda/ros2_ws/install/my_cpp_pkg', 'merge_install': False, 'path': '/home/zerda/ros2_ws/src/my_cpp_pkg', 'symlink_install': False, 'test_result_base': None}
[3.175s] INFO:colcon.colcon_core.executor:Executing jobs using 'parallel' executor
[3.206s] DEBUG:colcon.colcon_parallel_executor.executor.parallel:run_until_complete
[3.207s] INFO:colcon.colcon_ros.task.ament_cmake.build:Building ROS package in '/home/zerda/ros2_ws/src/my_cpp_pkg' with build type 'ament_cmake'
[3.207s] INFO:colcon.colcon_cmake.task.cmake.build:Building CMake package in '/home/zerda/ros2_ws/src/my_cpp_pkg'
[3.243s] INFO:colcon.colcon_core.plugin_system:Skipping extension 'colcon_core.shell.bat': Not used on non-Windows systems
[3.244s] INFO:colcon.colcon_core.shell:Skip shell extension 'powershell' for command environment: Not usable outside of PowerShell
[3.244s] DEBUG:colcon.colcon_core.shell:Skip shell extension 'dsv' for command environment
[3.366s] DEBUG:colcon.colcon_core.event_handler.log_command:Invoking command in '/home/zerda/ros2_ws/build/my_cpp_pkg': CMAKE_PREFIX_PATH=${CMAKE_PREFIX_PATH}:/home/zerda/ros2_ws/install/my_py_pkg:/home/zerda/ros2_ws/install/challenge1:/opt/ros/humble /usr/bin/cmake --build /home/zerda/ros2_ws/build/my_cpp_pkg -- -j8 -l8
[4.096s] DEBUG:colcon.colcon_core.event_handler.log_command:Invoked command in '/home/zerda/ros2_ws/build/my_cpp_pkg' returned '2': CMAKE_PREFIX_PATH=${CMAKE_PREFIX_PATH}:/home/zerda/ros2_ws/install/my_py_pkg:/home/zerda/ros2_ws/install/challenge1:/opt/ros/humble /usr/bin/cmake --build /home/zerda/ros2_ws/build/my_cpp_pkg -- -j8 -l8
[4.181s] Level 1:colcon.colcon_core.environment:create_environment_scripts_only(my_cpp_pkg)
[4.219s] Level 1:colcon.colcon_core.environment:checking '/home/zerda/ros2_ws/install/my_cpp_pkg' for CMake module files
[4.220s] Level 1:colcon.colcon_core.environment:checking '/home/zerda/ros2_ws/install/my_cpp_pkg' for CMake config files
[4.221s] Level 1:colcon.colcon_core.shell:create_environment_hook('my_cpp_pkg', 'cmake_prefix_path')
[4.257s] INFO:colcon.colcon_core.shell:Creating environment hook '/home/zerda/ros2_ws/install/my_cpp_pkg/share/my_cpp_pkg/hook/cmake_prefix_path.ps1'
[4.259s] INFO:colcon.colcon_core.shell:Creating environment descriptor '/home/zerda/ros2_ws/install/my_cpp_pkg/share/my_cpp_pkg/hook/cmake_prefix_path.dsv'
[4.259s] INFO:colcon.colcon_core.shell:Creating environment hook '/home/zerda/ros2_ws/install/my_cpp_pkg/share/my_cpp_pkg/hook/cmake_prefix_path.sh'
[4.261s] Level 1:colcon.colcon_core.environment:checking '/home/zerda/ros2_ws/install/my_cpp_pkg/bin'
[4.262s] Level 1:colcon.colcon_core.environment:checking '/home/zerda/ros2_ws/install/my_cpp_pkg/lib/pkgconfig/my_cpp_pkg.pc'
[4.262s] Level 1:colcon.colcon_core.environment:checking '/home/zerda/ros2_ws/install/my_cpp_pkg/lib/python3.10/site-packages'
[4.263s] Level 1:colcon.colcon_core.environment:checking '/home/zerda/ros2_ws/install/my_cpp_pkg/bin'
[4.297s] INFO:colcon.colcon_core.shell:Creating package script '/home/zerda/ros2_ws/install/my_cpp_pkg/share/my_cpp_pkg/package.ps1'
[4.299s] INFO:colcon.colcon_core.shell:Creating package descriptor '/home/zerda/ros2_ws/install/my_cpp_pkg/share/my_cpp_pkg/package.dsv'
[4.300s] INFO:colcon.colcon_core.shell:Creating package script '/home/zerda/ros2_ws/install/my_cpp_pkg/share/my_cpp_pkg/package.sh'
[4.301s] INFO:colcon.colcon_core.shell:Creating package script '/home/zerda/ros2_ws/install/my_cpp_pkg/share/my_cpp_pkg/package.bash'
[4.304s] INFO:colcon.colcon_core.shell:Creating package script '/home/zerda/ros2_ws/install/my_cpp_pkg/share/my_cpp_pkg/package.zsh'
[4.305s] Level 1:colcon.colcon_core.environment:create_file_with_runtime_dependencies(/home/zerda/ros2_ws/install/my_cpp_pkg/share/colcon-core/packages/my_cpp_pkg)
[4.316s] DEBUG:colcon.colcon_parallel_executor.executor.parallel:closing loop
[4.316s] DEBUG:colcon.colcon_parallel_executor.executor.parallel:loop closed
[4.316s] DEBUG:colcon.colcon_parallel_executor.executor.parallel:run_until_complete finished with '2'
[4.317s] DEBUG:colcon.colcon_core.event_reactor:joining thread
[4.368s] INFO:colcon.colcon_core.plugin_system:Skipping extension 'colcon_notification.desktop_notification.terminal_notifier': Not used on non-Darwin systems
[4.368s] INFO:colcon.colcon_core.plugin_system:Skipping extension 'colcon_notification.desktop_notification.win32': Not used on non-Windows systems
[4.368s] INFO:colcon.colcon_notification.desktop_notification:Sending desktop notification using 'notify2'
[4.400s] DEBUG:colcon.colcon_core.event_reactor:joined thread
[4.437s] INFO:colcon.colcon_core.shell:Creating prefix script '/home/zerda/ros2_ws/install/local_setup.ps1'
[4.440s] INFO:colcon.colcon_core.shell:Creating prefix util module '/home/zerda/ros2_ws/install/_local_setup_util_ps1.py'
[4.443s] INFO:colcon.colcon_core.shell:Creating prefix chain script '/home/zerda/ros2_ws/install/setup.ps1'
[4.485s] INFO:colcon.colcon_core.shell:Creating prefix script '/home/zerda/ros2_ws/install/local_setup.sh'
[4.487s] INFO:colcon.colcon_core.shell:Creating prefix util module '/home/zerda/ros2_ws/install/_local_setup_util_sh.py'
[4.488s] INFO:colcon.colcon_core.shell:Creating prefix chain script '/home/zerda/ros2_ws/install/setup.sh'
[4.523s] INFO:colcon.colcon_core.shell:Creating prefix script '/home/zerda/ros2_ws/install/local_setup.bash'
[4.524s] INFO:colcon.colcon_core.shell:Creating prefix chain script '/home/zerda/ros2_ws/install/setup.bash'
[4.560s] INFO:colcon.colcon_core.shell:Creating prefix script '/home/zerda/ros2_ws/install/local_setup.zsh'
[4.561s] INFO:colcon.colcon_core.shell:Creating prefix chain script '/home/zerda/ros2_ws/install/setup.zsh'
