running egg_info
writing ../../build/my_object_detection_pkg/my_object_detection_pkg.egg-info/PKG-INFO
writing dependency_links to ../../build/my_object_detection_pkg/my_object_detection_pkg.egg-info/dependency_links.txt
writing entry points to ../../build/my_object_detection_pkg/my_object_detection_pkg.egg-info/entry_points.txt
writing requirements to ../../build/my_object_detection_pkg/my_object_detection_pkg.egg-info/requires.txt
writing top-level names to ../../build/my_object_detection_pkg/my_object_detection_pkg.egg-info/top_level.txt
reading manifest file '../../build/my_object_detection_pkg/my_object_detection_pkg.egg-info/SOURCES.txt'
writing manifest file '../../build/my_object_detection_pkg/my_object_detection_pkg.egg-info/SOURCES.txt'
running build
running build_py
copying my_object_detection_pkg/__init__.py -> /home/zerda/ros2_ws/build/my_object_detection_pkg/build/lib/my_object_detection_pkg
copying my_object_detection_pkg/ros2_object_detector.py -> /home/zerda/ros2_ws/build/my_object_detection_pkg/build/lib/my_object_detection_pkg
running install
running install_lib
copying /home/zerda/ros2_ws/build/my_object_detection_pkg/build/lib/my_object_detection_pkg/ros2_object_detector.py -> /home/zerda/ros2_ws/install/my_object_detection_pkg/lib/python3.10/site-packages/my_object_detection_pkg
byte-compiling /home/zerda/ros2_ws/install/my_object_detection_pkg/lib/python3.10/site-packages/my_object_detection_pkg/ros2_object_detector.py to ros2_object_detector.cpython-310.pyc
running install_data
copying resource/my_object_detection_pkg -> /home/zerda/ros2_ws/install/my_object_detection_pkg/share/ament_index/resource_index/packages
copying package.xml -> /home/zerda/ros2_ws/install/my_object_detection_pkg/share/my_object_detection_pkg
running install_egg_info
removing '/home/zerda/ros2_ws/install/my_object_detection_pkg/lib/python3.10/site-packages/my_object_detection_pkg-0.0.0-py3.10.egg-info' (and everything under it)
Copying ../../build/my_object_detection_pkg/my_object_detection_pkg.egg-info to /home/zerda/ros2_ws/install/my_object_detection_pkg/lib/python3.10/site-packages/my_object_detection_pkg-0.0.0-py3.10.egg-info
running install_scripts
Installing detector script to /home/zerda/ros2_ws/install/my_object_detection_pkg/lib/my_object_detection_pkg
writing list of installed files to '/home/zerda/ros2_ws/build/my_object_detection_pkg/install.log'
