[0.802s] Invoking command in '/home/zerda/ros2_ws/build/aruco': CMAKE_PREFIX_PATH=${CMAKE_PREFIX_PATH}:/home/zerda/ros2_ws/install/my_py_pkg:/home/zerda/ros2_ws/install/image_processing:/home/zerda/ros2_ws/install/challenge1:/opt/ros/humble /usr/bin/cmake /home/zerda/ros2_ws/src/aruco_ros2/aruco -DCMAKE_INSTALL_PREFIX=/home/zerda/ros2_ws/install/aruco
[0.857s] -- Found ament_cmake_ros: 0.10.0 (/opt/ros/humble/share/ament_cmake_ros/cmake)
[1.627s] -- Found rclcpp: 16.0.7 (/opt/ros/humble/share/rclcpp/cmake)
[1.817s] -- Found rosidl_generator_c: 3.1.5 (/opt/ros/humble/share/rosidl_generator_c/cmake)
[1.827s] -- Found rosidl_adapter: 3.1.5 (/opt/ros/humble/share/rosidl_adapter/cmake)
[1.846s] -- Found rosidl_generator_cpp: 3.1.5 (/opt/ros/humble/share/rosidl_generator_cpp/cmake)
[1.883s] -- Using all available rosidl_typesupport_c: rosidl_typesupport_fastrtps_c;rosidl_typesupport_introspection_c
[1.963s] -- Using all available rosidl_typesupport_cpp: rosidl_typesupport_fastrtps_cpp;rosidl_typesupport_introspection_cpp
[2.211s] -- Found rmw_implementation_cmake: 6.1.1 (/opt/ros/humble/share/rmw_implementation_cmake/cmake)
[2.216s] -- Found rmw_fastrtps_cpp: 6.2.5 (/opt/ros/humble/share/rmw_fastrtps_cpp/cmake)
[2.760s] -- Using RMW implementation 'rmw_fastrtps_cpp' as default
[3.564s] -- Found sensor_msgs: 4.2.3 (/opt/ros/humble/share/sensor_msgs/cmake)
[4.175s] [31mCMake Error at CMakeLists.txt:21 (find_package):
[4.175s]   By not providing "FindOpenCV.cmake" in CMAKE_MODULE_PATH this project has
[4.176s]   asked CMake to find a package configuration file provided by "OpenCV", but
[4.176s]   CMake did not find one.
[4.176s] 
[4.177s]   Could not find a package configuration file provided by "OpenCV" (requested
[4.177s]   version 3) with any of the following names:
[4.177s] 
[4.178s]     OpenCVConfig.cmake
[4.178s]     opencv-config.cmake
[4.178s] 
[4.178s]   Add the installation prefix of "OpenCV" to CMAKE_PREFIX_PATH or set
[4.179s]   "OpenCV_DIR" to a directory containing one of the above files.  If "OpenCV"
[4.179s]   provides a separate development package or SDK, be sure it has been
[4.179s]   installed.
[4.180s] 
[4.180s] [0m
[4.181s] -- Configuring incomplete, errors occurred!
[4.181s] See also "/home/zerda/ros2_ws/build/aruco/CMakeFiles/CMakeOutput.log".
