[0.340s] Invoking command in '/home/zerda/ros2_ws/build/my_cpp_pkg': CMAKE_PREFIX_PATH=${CMAKE_PREFIX_PATH}:/home/zerda/ros2_ws/install/my_py_pkg:/home/zerda/ros2_ws/install/challenge1:/opt/ros/humble /usr/bin/cmake --build /home/zerda/ros2_ws/build/my_cpp_pkg -- -j8 -l8
[0.935s] -- Found ament_cmake: 1.3.8 (/opt/ros/humble/share/ament_cmake/cmake)
[1.419s] -- Found Python3: /usr/bin/python3 (found version "3.10.12") found components: Interpreter 
[1.621s] -- Found rclcpp: 16.0.8 (/opt/ros/humble/share/rclcpp/cmake)
[1.721s] -- Found rosidl_generator_c: 3.1.5 (/opt/ros/humble/share/rosidl_generator_c/cmake)
[1.730s] -- Found rosidl_adapter: 3.1.5 (/opt/ros/humble/share/rosidl_adapter/cmake)
[1.753s] -- Found rosidl_generator_cpp: 3.1.5 (/opt/ros/humble/share/rosidl_generator_cpp/cmake)
[1.796s] -- Using all available rosidl_typesupport_c: rosidl_typesupport_fastrtps_c;rosidl_typesupport_introspection_c
[1.858s] -- Using all available rosidl_typesupport_cpp: rosidl_typesupport_fastrtps_cpp;rosidl_typesupport_introspection_cpp
[2.086s] -- Found rmw_implementation_cmake: 6.1.1 (/opt/ros/humble/share/rmw_implementation_cmake/cmake)
[2.092s] -- Found rmw_fastrtps_cpp: 6.2.6 (/opt/ros/humble/share/rmw_fastrtps_cpp/cmake)
[2.420s] -- Using RMW implementation 'rmw_fastrtps_cpp' as default
[2.848s] -- Found sensor_msgs: 4.2.3 (/opt/ros/humble/share/sensor_msgs/cmake)
[3.125s] [31mCMake Error at CMakeLists.txt:12 (find_package):
[3.125s]   By not providing "Findcv_bridge.cmake" in CMAKE_MODULE_PATH this project
[3.126s]   has asked CMake to find a package configuration file provided by
[3.126s]   "cv_bridge", but CMake did not find one.
[3.126s] 
[3.126s]   Could not find a package configuration file provided by "cv_bridge" with
[3.126s]   any of the following names:
[3.126s] 
[3.126s]     cv_bridgeConfig.cmake
[3.126s]     cv_bridge-config.cmake
[3.126s] 
[3.127s]   Add the installation prefix of "cv_bridge" to CMAKE_PREFIX_PATH or set
[3.127s]   "cv_bridge_DIR" to a directory containing one of the above files.  If
[3.127s]   "cv_bridge" provides a separate development package or SDK, be sure it has
[3.127s]   been installed.
[3.127s] 
[3.127s] [0m
[3.127s] -- Configuring incomplete, errors occurred!
[3.127s] See also "/home/zerda/ros2_ws/build/my_cpp_pkg/CMakeFiles/CMakeOutput.log".
[3.135s] gmake: *** [Makefile:267: cmake_check_build_system] Error 1
