[0.233s] DEBUG:colcon:Command line arguments: ['/usr/bin/colcon', 'build']
[0.233s] DEBUG:colcon:Parsed command line arguments: Namespace(log_base=None, log_level=None, verb_name='build', build_base='build', install_base='install', merge_install=False, symlink_install=False, test_result_base=None, continue_on_error=False, executor='parallel', parallel_workers=8, event_handlers=None, ignore_user_meta=False, metas=['./colcon.meta'], base_paths=['.'], packages_ignore=None, packages_ignore_regex=None, paths=None, packages_up_to=None, packages_up_to_regex=None, packages_above=None, packages_above_and_dependencies=None, packages_above_depth=None, packages_select_by_dep=None, packages_skip_by_dep=None, packages_skip_up_to=None, packages_select_build_failed=False, packages_skip_build_finished=False, packages_select_test_failures=False, packages_skip_test_passed=False, packages_select=None, packages_skip=None, packages_select_regex=None, packages_skip_regex=None, packages_start=None, packages_end=None, allow_overriding=[], cmake_args=None, cmake_target=None, cmake_target_skip_unavailable=False, cmake_clean_cache=False, cmake_clean_first=False, cmake_force_configure=False, ament_cmake_args=None, catkin_cmake_args=None, catkin_skip_building_tests=False, verb_parser=<colcon_defaults.argument_parser.defaults.DefaultArgumentsDecorator object at 0x79dbfabca6b0>, verb_extension=<colcon_core.verb.build.BuildVerb object at 0x79dbfabc9d20>, main=<bound method BuildVerb.main of <colcon_core.verb.build.BuildVerb object at 0x79dbfabc9d20>>)
[0.313s] Level 1:colcon.colcon_core.package_discovery:discover_packages(colcon_meta) check parameters
[0.313s] Level 1:colcon.colcon_core.package_discovery:discover_packages(recursive) check parameters
[0.313s] Level 1:colcon.colcon_core.package_discovery:discover_packages(ignore) check parameters
[0.313s] Level 1:colcon.colcon_core.package_discovery:discover_packages(path) check parameters
[0.313s] Level 1:colcon.colcon_core.package_discovery:discover_packages(colcon_meta) discover
[0.314s] Level 1:colcon.colcon_core.package_discovery:discover_packages(recursive) discover
[0.314s] INFO:colcon.colcon_core.package_discovery:Crawling recursively for packages in '/home/zerda/ros2_ws'
[0.314s] Level 1:colcon.colcon_core.package_identification:_identify(.) by extensions ['ignore', 'ignore_ament_install']
[0.314s] Level 1:colcon.colcon_core.package_identification:_identify(.) by extension 'ignore'
[0.314s] Level 1:colcon.colcon_core.package_identification:_identify(.) by extension 'ignore_ament_install'
[0.314s] Level 1:colcon.colcon_core.package_identification:_identify(.) by extensions ['colcon_pkg']
[0.315s] Level 1:colcon.colcon_core.package_identification:_identify(.) by extension 'colcon_pkg'
[0.315s] Level 1:colcon.colcon_core.package_identification:_identify(.) by extensions ['colcon_meta']
[0.315s] Level 1:colcon.colcon_core.package_identification:_identify(.) by extension 'colcon_meta'
[0.315s] Level 1:colcon.colcon_core.package_identification:_identify(.) by extensions ['ros']
[0.315s] Level 1:colcon.colcon_core.package_identification:_identify(.) by extension 'ros'
[0.346s] Level 1:colcon.colcon_core.package_identification:_identify(.) by extensions ['cmake', 'python']
[0.346s] Level 1:colcon.colcon_core.package_identification:_identify(.) by extension 'cmake'
[0.347s] Level 1:colcon.colcon_core.package_identification:_identify(.) by extension 'python'
[0.347s] Level 1:colcon.colcon_core.package_identification:_identify(.) by extensions ['python_setup_py']
[0.347s] Level 1:colcon.colcon_core.package_identification:_identify(.) by extension 'python_setup_py'
[0.347s] Level 1:colcon.colcon_core.package_identification:_identify(build) by extensions ['ignore', 'ignore_ament_install']
[0.347s] Level 1:colcon.colcon_core.package_identification:_identify(build) by extension 'ignore'
[0.347s] Level 1:colcon.colcon_core.package_identification:_identify(build) ignored
[0.348s] Level 1:colcon.colcon_core.package_identification:_identify(install) by extensions ['ignore', 'ignore_ament_install']
[0.348s] Level 1:colcon.colcon_core.package_identification:_identify(install) by extension 'ignore'
[0.348s] Level 1:colcon.colcon_core.package_identification:_identify(install) ignored
[0.348s] Level 1:colcon.colcon_core.package_identification:_identify(log) by extensions ['ignore', 'ignore_ament_install']
[0.349s] Level 1:colcon.colcon_core.package_identification:_identify(log) by extension 'ignore'
[0.349s] Level 1:colcon.colcon_core.package_identification:_identify(log) ignored
[0.349s] Level 1:colcon.colcon_core.package_identification:_identify(runs) by extensions ['ignore', 'ignore_ament_install']
[0.349s] Level 1:colcon.colcon_core.package_identification:_identify(runs) by extension 'ignore'
[0.349s] Level 1:colcon.colcon_core.package_identification:_identify(runs) by extension 'ignore_ament_install'
[0.349s] Level 1:colcon.colcon_core.package_identification:_identify(runs) by extensions ['colcon_pkg']
[0.349s] Level 1:colcon.colcon_core.package_identification:_identify(runs) by extension 'colcon_pkg'
[0.350s] Level 1:colcon.colcon_core.package_identification:_identify(runs) by extensions ['colcon_meta']
[0.350s] Level 1:colcon.colcon_core.package_identification:_identify(runs) by extension 'colcon_meta'
[0.350s] Level 1:colcon.colcon_core.package_identification:_identify(runs) by extensions ['ros']
[0.350s] Level 1:colcon.colcon_core.package_identification:_identify(runs) by extension 'ros'
[0.350s] Level 1:colcon.colcon_core.package_identification:_identify(runs) by extensions ['cmake', 'python']
[0.350s] Level 1:colcon.colcon_core.package_identification:_identify(runs) by extension 'cmake'
[0.350s] Level 1:colcon.colcon_core.package_identification:_identify(runs) by extension 'python'
[0.350s] Level 1:colcon.colcon_core.package_identification:_identify(runs) by extensions ['python_setup_py']
[0.350s] Level 1:colcon.colcon_core.package_identification:_identify(runs) by extension 'python_setup_py'
[0.350s] Level 1:colcon.colcon_core.package_identification:_identify(runs/detect) by extensions ['ignore', 'ignore_ament_install']
[0.351s] Level 1:colcon.colcon_core.package_identification:_identify(runs/detect) by extension 'ignore'
[0.351s] Level 1:colcon.colcon_core.package_identification:_identify(runs/detect) by extension 'ignore_ament_install'
[0.351s] Level 1:colcon.colcon_core.package_identification:_identify(runs/detect) by extensions ['colcon_pkg']
[0.351s] Level 1:colcon.colcon_core.package_identification:_identify(runs/detect) by extension 'colcon_pkg'
[0.351s] Level 1:colcon.colcon_core.package_identification:_identify(runs/detect) by extensions ['colcon_meta']
[0.351s] Level 1:colcon.colcon_core.package_identification:_identify(runs/detect) by extension 'colcon_meta'
[0.351s] Level 1:colcon.colcon_core.package_identification:_identify(runs/detect) by extensions ['ros']
[0.351s] Level 1:colcon.colcon_core.package_identification:_identify(runs/detect) by extension 'ros'
[0.351s] Level 1:colcon.colcon_core.package_identification:_identify(runs/detect) by extensions ['cmake', 'python']
[0.352s] Level 1:colcon.colcon_core.package_identification:_identify(runs/detect) by extension 'cmake'
[0.352s] Level 1:colcon.colcon_core.package_identification:_identify(runs/detect) by extension 'python'
[0.352s] Level 1:colcon.colcon_core.package_identification:_identify(runs/detect) by extensions ['python_setup_py']
[0.352s] Level 1:colcon.colcon_core.package_identification:_identify(runs/detect) by extension 'python_setup_py'
[0.352s] Level 1:colcon.colcon_core.package_identification:_identify(runs/detect/predict) by extensions ['ignore', 'ignore_ament_install']
[0.352s] Level 1:colcon.colcon_core.package_identification:_identify(runs/detect/predict) by extension 'ignore'
[0.352s] Level 1:colcon.colcon_core.package_identification:_identify(runs/detect/predict) by extension 'ignore_ament_install'
[0.352s] Level 1:colcon.colcon_core.package_identification:_identify(runs/detect/predict) by extensions ['colcon_pkg']
[0.353s] Level 1:colcon.colcon_core.package_identification:_identify(runs/detect/predict) by extension 'colcon_pkg'
[0.353s] Level 1:colcon.colcon_core.package_identification:_identify(runs/detect/predict) by extensions ['colcon_meta']
[0.353s] Level 1:colcon.colcon_core.package_identification:_identify(runs/detect/predict) by extension 'colcon_meta'
[0.353s] Level 1:colcon.colcon_core.package_identification:_identify(runs/detect/predict) by extensions ['ros']
[0.353s] Level 1:colcon.colcon_core.package_identification:_identify(runs/detect/predict) by extension 'ros'
[0.353s] Level 1:colcon.colcon_core.package_identification:_identify(runs/detect/predict) by extensions ['cmake', 'python']
[0.353s] Level 1:colcon.colcon_core.package_identification:_identify(runs/detect/predict) by extension 'cmake'
[0.353s] Level 1:colcon.colcon_core.package_identification:_identify(runs/detect/predict) by extension 'python'
[0.353s] Level 1:colcon.colcon_core.package_identification:_identify(runs/detect/predict) by extensions ['python_setup_py']
[0.353s] Level 1:colcon.colcon_core.package_identification:_identify(runs/detect/predict) by extension 'python_setup_py'
[0.354s] Level 1:colcon.colcon_core.package_identification:_identify(runs/detect/predict/labels) by extensions ['ignore', 'ignore_ament_install']
[0.354s] Level 1:colcon.colcon_core.package_identification:_identify(runs/detect/predict/labels) by extension 'ignore'
[0.354s] Level 1:colcon.colcon_core.package_identification:_identify(runs/detect/predict/labels) by extension 'ignore_ament_install'
[0.354s] Level 1:colcon.colcon_core.package_identification:_identify(runs/detect/predict/labels) by extensions ['colcon_pkg']
[0.354s] Level 1:colcon.colcon_core.package_identification:_identify(runs/detect/predict/labels) by extension 'colcon_pkg'
[0.354s] Level 1:colcon.colcon_core.package_identification:_identify(runs/detect/predict/labels) by extensions ['colcon_meta']
[0.354s] Level 1:colcon.colcon_core.package_identification:_identify(runs/detect/predict/labels) by extension 'colcon_meta'
[0.354s] Level 1:colcon.colcon_core.package_identification:_identify(runs/detect/predict/labels) by extensions ['ros']
[0.354s] Level 1:colcon.colcon_core.package_identification:_identify(runs/detect/predict/labels) by extension 'ros'
[0.355s] Level 1:colcon.colcon_core.package_identification:_identify(runs/detect/predict/labels) by extensions ['cmake', 'python']
[0.355s] Level 1:colcon.colcon_core.package_identification:_identify(runs/detect/predict/labels) by extension 'cmake'
[0.355s] Level 1:colcon.colcon_core.package_identification:_identify(runs/detect/predict/labels) by extension 'python'
[0.355s] Level 1:colcon.colcon_core.package_identification:_identify(runs/detect/predict/labels) by extensions ['python_setup_py']
[0.355s] Level 1:colcon.colcon_core.package_identification:_identify(runs/detect/predict/labels) by extension 'python_setup_py'
[0.355s] Level 1:colcon.colcon_core.package_identification:_identify(runs/detect/predict2) by extensions ['ignore', 'ignore_ament_install']
[0.355s] Level 1:colcon.colcon_core.package_identification:_identify(runs/detect/predict2) by extension 'ignore'
[0.355s] Level 1:colcon.colcon_core.package_identification:_identify(runs/detect/predict2) by extension 'ignore_ament_install'
[0.356s] Level 1:colcon.colcon_core.package_identification:_identify(runs/detect/predict2) by extensions ['colcon_pkg']
[0.356s] Level 1:colcon.colcon_core.package_identification:_identify(runs/detect/predict2) by extension 'colcon_pkg'
[0.356s] Level 1:colcon.colcon_core.package_identification:_identify(runs/detect/predict2) by extensions ['colcon_meta']
[0.356s] Level 1:colcon.colcon_core.package_identification:_identify(runs/detect/predict2) by extension 'colcon_meta'
[0.356s] Level 1:colcon.colcon_core.package_identification:_identify(runs/detect/predict2) by extensions ['ros']
[0.356s] Level 1:colcon.colcon_core.package_identification:_identify(runs/detect/predict2) by extension 'ros'
[0.356s] Level 1:colcon.colcon_core.package_identification:_identify(runs/detect/predict2) by extensions ['cmake', 'python']
[0.356s] Level 1:colcon.colcon_core.package_identification:_identify(runs/detect/predict2) by extension 'cmake'
[0.356s] Level 1:colcon.colcon_core.package_identification:_identify(runs/detect/predict2) by extension 'python'
[0.356s] Level 1:colcon.colcon_core.package_identification:_identify(runs/detect/predict2) by extensions ['python_setup_py']
[0.356s] Level 1:colcon.colcon_core.package_identification:_identify(runs/detect/predict2) by extension 'python_setup_py'
[0.357s] Level 1:colcon.colcon_core.package_identification:_identify(runs/detect/predict2/labels) by extensions ['ignore', 'ignore_ament_install']
[0.357s] Level 1:colcon.colcon_core.package_identification:_identify(runs/detect/predict2/labels) by extension 'ignore'
[0.357s] Level 1:colcon.colcon_core.package_identification:_identify(runs/detect/predict2/labels) by extension 'ignore_ament_install'
[0.357s] Level 1:colcon.colcon_core.package_identification:_identify(runs/detect/predict2/labels) by extensions ['colcon_pkg']
[0.357s] Level 1:colcon.colcon_core.package_identification:_identify(runs/detect/predict2/labels) by extension 'colcon_pkg'
[0.357s] Level 1:colcon.colcon_core.package_identification:_identify(runs/detect/predict2/labels) by extensions ['colcon_meta']
[0.357s] Level 1:colcon.colcon_core.package_identification:_identify(runs/detect/predict2/labels) by extension 'colcon_meta'
[0.357s] Level 1:colcon.colcon_core.package_identification:_identify(runs/detect/predict2/labels) by extensions ['ros']
[0.358s] Level 1:colcon.colcon_core.package_identification:_identify(runs/detect/predict2/labels) by extension 'ros'
[0.358s] Level 1:colcon.colcon_core.package_identification:_identify(runs/detect/predict2/labels) by extensions ['cmake', 'python']
[0.358s] Level 1:colcon.colcon_core.package_identification:_identify(runs/detect/predict2/labels) by extension 'cmake'
[0.358s] Level 1:colcon.colcon_core.package_identification:_identify(runs/detect/predict2/labels) by extension 'python'
[0.358s] Level 1:colcon.colcon_core.package_identification:_identify(runs/detect/predict2/labels) by extensions ['python_setup_py']
[0.358s] Level 1:colcon.colcon_core.package_identification:_identify(runs/detect/predict2/labels) by extension 'python_setup_py'
[0.358s] Level 1:colcon.colcon_core.package_identification:_identify(runs/detect/predict3) by extensions ['ignore', 'ignore_ament_install']
[0.358s] Level 1:colcon.colcon_core.package_identification:_identify(runs/detect/predict3) by extension 'ignore'
[0.358s] Level 1:colcon.colcon_core.package_identification:_identify(runs/detect/predict3) by extension 'ignore_ament_install'
[0.359s] Level 1:colcon.colcon_core.package_identification:_identify(runs/detect/predict3) by extensions ['colcon_pkg']
[0.359s] Level 1:colcon.colcon_core.package_identification:_identify(runs/detect/predict3) by extension 'colcon_pkg'
[0.359s] Level 1:colcon.colcon_core.package_identification:_identify(runs/detect/predict3) by extensions ['colcon_meta']
[0.359s] Level 1:colcon.colcon_core.package_identification:_identify(runs/detect/predict3) by extension 'colcon_meta'
[0.359s] Level 1:colcon.colcon_core.package_identification:_identify(runs/detect/predict3) by extensions ['ros']
[0.359s] Level 1:colcon.colcon_core.package_identification:_identify(runs/detect/predict3) by extension 'ros'
[0.359s] Level 1:colcon.colcon_core.package_identification:_identify(runs/detect/predict3) by extensions ['cmake', 'python']
[0.359s] Level 1:colcon.colcon_core.package_identification:_identify(runs/detect/predict3) by extension 'cmake'
[0.359s] Level 1:colcon.colcon_core.package_identification:_identify(runs/detect/predict3) by extension 'python'
[0.359s] Level 1:colcon.colcon_core.package_identification:_identify(runs/detect/predict3) by extensions ['python_setup_py']
[0.360s] Level 1:colcon.colcon_core.package_identification:_identify(runs/detect/predict3) by extension 'python_setup_py'
[0.360s] Level 1:colcon.colcon_core.package_identification:_identify(runs/detect/predict3/labels) by extensions ['ignore', 'ignore_ament_install']
[0.360s] Level 1:colcon.colcon_core.package_identification:_identify(runs/detect/predict3/labels) by extension 'ignore'
[0.360s] Level 1:colcon.colcon_core.package_identification:_identify(runs/detect/predict3/labels) by extension 'ignore_ament_install'
[0.360s] Level 1:colcon.colcon_core.package_identification:_identify(runs/detect/predict3/labels) by extensions ['colcon_pkg']
[0.360s] Level 1:colcon.colcon_core.package_identification:_identify(runs/detect/predict3/labels) by extension 'colcon_pkg'
[0.360s] Level 1:colcon.colcon_core.package_identification:_identify(runs/detect/predict3/labels) by extensions ['colcon_meta']
[0.360s] Level 1:colcon.colcon_core.package_identification:_identify(runs/detect/predict3/labels) by extension 'colcon_meta'
[0.361s] Level 1:colcon.colcon_core.package_identification:_identify(runs/detect/predict3/labels) by extensions ['ros']
[0.361s] Level 1:colcon.colcon_core.package_identification:_identify(runs/detect/predict3/labels) by extension 'ros'
[0.361s] Level 1:colcon.colcon_core.package_identification:_identify(runs/detect/predict3/labels) by extensions ['cmake', 'python']
[0.361s] Level 1:colcon.colcon_core.package_identification:_identify(runs/detect/predict3/labels) by extension 'cmake'
[0.361s] Level 1:colcon.colcon_core.package_identification:_identify(runs/detect/predict3/labels) by extension 'python'
[0.361s] Level 1:colcon.colcon_core.package_identification:_identify(runs/detect/predict3/labels) by extensions ['python_setup_py']
[0.361s] Level 1:colcon.colcon_core.package_identification:_identify(runs/detect/predict3/labels) by extension 'python_setup_py'
[0.361s] Level 1:colcon.colcon_core.package_identification:_identify(runs/detect/predict4) by extensions ['ignore', 'ignore_ament_install']
[0.362s] Level 1:colcon.colcon_core.package_identification:_identify(runs/detect/predict4) by extension 'ignore'
[0.362s] Level 1:colcon.colcon_core.package_identification:_identify(runs/detect/predict4) by extension 'ignore_ament_install'
[0.362s] Level 1:colcon.colcon_core.package_identification:_identify(runs/detect/predict4) by extensions ['colcon_pkg']
[0.362s] Level 1:colcon.colcon_core.package_identification:_identify(runs/detect/predict4) by extension 'colcon_pkg'
[0.362s] Level 1:colcon.colcon_core.package_identification:_identify(runs/detect/predict4) by extensions ['colcon_meta']
[0.362s] Level 1:colcon.colcon_core.package_identification:_identify(runs/detect/predict4) by extension 'colcon_meta'
[0.362s] Level 1:colcon.colcon_core.package_identification:_identify(runs/detect/predict4) by extensions ['ros']
[0.362s] Level 1:colcon.colcon_core.package_identification:_identify(runs/detect/predict4) by extension 'ros'
[0.363s] Level 1:colcon.colcon_core.package_identification:_identify(runs/detect/predict4) by extensions ['cmake', 'python']
[0.363s] Level 1:colcon.colcon_core.package_identification:_identify(runs/detect/predict4) by extension 'cmake'
[0.363s] Level 1:colcon.colcon_core.package_identification:_identify(runs/detect/predict4) by extension 'python'
[0.363s] Level 1:colcon.colcon_core.package_identification:_identify(runs/detect/predict4) by extensions ['python_setup_py']
[0.363s] Level 1:colcon.colcon_core.package_identification:_identify(runs/detect/predict4) by extension 'python_setup_py'
[0.363s] Level 1:colcon.colcon_core.package_identification:_identify(runs/detect/predict4/labels) by extensions ['ignore', 'ignore_ament_install']
[0.363s] Level 1:colcon.colcon_core.package_identification:_identify(runs/detect/predict4/labels) by extension 'ignore'
[0.364s] Level 1:colcon.colcon_core.package_identification:_identify(runs/detect/predict4/labels) by extension 'ignore_ament_install'
[0.364s] Level 1:colcon.colcon_core.package_identification:_identify(runs/detect/predict4/labels) by extensions ['colcon_pkg']
[0.364s] Level 1:colcon.colcon_core.package_identification:_identify(runs/detect/predict4/labels) by extension 'colcon_pkg'
[0.364s] Level 1:colcon.colcon_core.package_identification:_identify(runs/detect/predict4/labels) by extensions ['colcon_meta']
[0.364s] Level 1:colcon.colcon_core.package_identification:_identify(runs/detect/predict4/labels) by extension 'colcon_meta'
[0.364s] Level 1:colcon.colcon_core.package_identification:_identify(runs/detect/predict4/labels) by extensions ['ros']
[0.364s] Level 1:colcon.colcon_core.package_identification:_identify(runs/detect/predict4/labels) by extension 'ros'
[0.364s] Level 1:colcon.colcon_core.package_identification:_identify(runs/detect/predict4/labels) by extensions ['cmake', 'python']
[0.364s] Level 1:colcon.colcon_core.package_identification:_identify(runs/detect/predict4/labels) by extension 'cmake'
[0.364s] Level 1:colcon.colcon_core.package_identification:_identify(runs/detect/predict4/labels) by extension 'python'
[0.365s] Level 1:colcon.colcon_core.package_identification:_identify(runs/detect/predict4/labels) by extensions ['python_setup_py']
[0.365s] Level 1:colcon.colcon_core.package_identification:_identify(runs/detect/predict4/labels) by extension 'python_setup_py'
[0.365s] Level 1:colcon.colcon_core.package_identification:_identify(runs/detect/predict5) by extensions ['ignore', 'ignore_ament_install']
[0.365s] Level 1:colcon.colcon_core.package_identification:_identify(runs/detect/predict5) by extension 'ignore'
[0.365s] Level 1:colcon.colcon_core.package_identification:_identify(runs/detect/predict5) by extension 'ignore_ament_install'
[0.365s] Level 1:colcon.colcon_core.package_identification:_identify(runs/detect/predict5) by extensions ['colcon_pkg']
[0.365s] Level 1:colcon.colcon_core.package_identification:_identify(runs/detect/predict5) by extension 'colcon_pkg'
[0.365s] Level 1:colcon.colcon_core.package_identification:_identify(runs/detect/predict5) by extensions ['colcon_meta']
[0.365s] Level 1:colcon.colcon_core.package_identification:_identify(runs/detect/predict5) by extension 'colcon_meta'
[0.366s] Level 1:colcon.colcon_core.package_identification:_identify(runs/detect/predict5) by extensions ['ros']
[0.366s] Level 1:colcon.colcon_core.package_identification:_identify(runs/detect/predict5) by extension 'ros'
[0.366s] Level 1:colcon.colcon_core.package_identification:_identify(runs/detect/predict5) by extensions ['cmake', 'python']
[0.366s] Level 1:colcon.colcon_core.package_identification:_identify(runs/detect/predict5) by extension 'cmake'
[0.366s] Level 1:colcon.colcon_core.package_identification:_identify(runs/detect/predict5) by extension 'python'
[0.366s] Level 1:colcon.colcon_core.package_identification:_identify(runs/detect/predict5) by extensions ['python_setup_py']
[0.366s] Level 1:colcon.colcon_core.package_identification:_identify(runs/detect/predict5) by extension 'python_setup_py'
[0.366s] Level 1:colcon.colcon_core.package_identification:_identify(runs/detect/predict5/labels) by extensions ['ignore', 'ignore_ament_install']
[0.366s] Level 1:colcon.colcon_core.package_identification:_identify(runs/detect/predict5/labels) by extension 'ignore'
[0.367s] Level 1:colcon.colcon_core.package_identification:_identify(runs/detect/predict5/labels) by extension 'ignore_ament_install'
[0.367s] Level 1:colcon.colcon_core.package_identification:_identify(runs/detect/predict5/labels) by extensions ['colcon_pkg']
[0.367s] Level 1:colcon.colcon_core.package_identification:_identify(runs/detect/predict5/labels) by extension 'colcon_pkg'
[0.367s] Level 1:colcon.colcon_core.package_identification:_identify(runs/detect/predict5/labels) by extensions ['colcon_meta']
[0.367s] Level 1:colcon.colcon_core.package_identification:_identify(runs/detect/predict5/labels) by extension 'colcon_meta'
[0.367s] Level 1:colcon.colcon_core.package_identification:_identify(runs/detect/predict5/labels) by extensions ['ros']
[0.367s] Level 1:colcon.colcon_core.package_identification:_identify(runs/detect/predict5/labels) by extension 'ros'
[0.367s] Level 1:colcon.colcon_core.package_identification:_identify(runs/detect/predict5/labels) by extensions ['cmake', 'python']
[0.367s] Level 1:colcon.colcon_core.package_identification:_identify(runs/detect/predict5/labels) by extension 'cmake'
[0.367s] Level 1:colcon.colcon_core.package_identification:_identify(runs/detect/predict5/labels) by extension 'python'
[0.367s] Level 1:colcon.colcon_core.package_identification:_identify(runs/detect/predict5/labels) by extensions ['python_setup_py']
[0.368s] Level 1:colcon.colcon_core.package_identification:_identify(runs/detect/predict5/labels) by extension 'python_setup_py'
[0.368s] Level 1:colcon.colcon_core.package_identification:_identify(runs/detect/predict6) by extensions ['ignore', 'ignore_ament_install']
[0.368s] Level 1:colcon.colcon_core.package_identification:_identify(runs/detect/predict6) by extension 'ignore'
[0.368s] Level 1:colcon.colcon_core.package_identification:_identify(runs/detect/predict6) by extension 'ignore_ament_install'
[0.368s] Level 1:colcon.colcon_core.package_identification:_identify(runs/detect/predict6) by extensions ['colcon_pkg']
[0.368s] Level 1:colcon.colcon_core.package_identification:_identify(runs/detect/predict6) by extension 'colcon_pkg'
[0.368s] Level 1:colcon.colcon_core.package_identification:_identify(runs/detect/predict6) by extensions ['colcon_meta']
[0.368s] Level 1:colcon.colcon_core.package_identification:_identify(runs/detect/predict6) by extension 'colcon_meta'
[0.368s] Level 1:colcon.colcon_core.package_identification:_identify(runs/detect/predict6) by extensions ['ros']
[0.369s] Level 1:colcon.colcon_core.package_identification:_identify(runs/detect/predict6) by extension 'ros'
[0.369s] Level 1:colcon.colcon_core.package_identification:_identify(runs/detect/predict6) by extensions ['cmake', 'python']
[0.369s] Level 1:colcon.colcon_core.package_identification:_identify(runs/detect/predict6) by extension 'cmake'
[0.369s] Level 1:colcon.colcon_core.package_identification:_identify(runs/detect/predict6) by extension 'python'
[0.369s] Level 1:colcon.colcon_core.package_identification:_identify(runs/detect/predict6) by extensions ['python_setup_py']
[0.369s] Level 1:colcon.colcon_core.package_identification:_identify(runs/detect/predict6) by extension 'python_setup_py'
[0.369s] Level 1:colcon.colcon_core.package_identification:_identify(runs/detect/predict6/labels) by extensions ['ignore', 'ignore_ament_install']
[0.369s] Level 1:colcon.colcon_core.package_identification:_identify(runs/detect/predict6/labels) by extension 'ignore'
[0.370s] Level 1:colcon.colcon_core.package_identification:_identify(runs/detect/predict6/labels) by extension 'ignore_ament_install'
[0.370s] Level 1:colcon.colcon_core.package_identification:_identify(runs/detect/predict6/labels) by extensions ['colcon_pkg']
[0.370s] Level 1:colcon.colcon_core.package_identification:_identify(runs/detect/predict6/labels) by extension 'colcon_pkg'
[0.370s] Level 1:colcon.colcon_core.package_identification:_identify(runs/detect/predict6/labels) by extensions ['colcon_meta']
[0.370s] Level 1:colcon.colcon_core.package_identification:_identify(runs/detect/predict6/labels) by extension 'colcon_meta'
[0.370s] Level 1:colcon.colcon_core.package_identification:_identify(runs/detect/predict6/labels) by extensions ['ros']
[0.370s] Level 1:colcon.colcon_core.package_identification:_identify(runs/detect/predict6/labels) by extension 'ros'
[0.370s] Level 1:colcon.colcon_core.package_identification:_identify(runs/detect/predict6/labels) by extensions ['cmake', 'python']
[0.370s] Level 1:colcon.colcon_core.package_identification:_identify(runs/detect/predict6/labels) by extension 'cmake'
[0.370s] Level 1:colcon.colcon_core.package_identification:_identify(runs/detect/predict6/labels) by extension 'python'
[0.371s] Level 1:colcon.colcon_core.package_identification:_identify(runs/detect/predict6/labels) by extensions ['python_setup_py']
[0.371s] Level 1:colcon.colcon_core.package_identification:_identify(runs/detect/predict6/labels) by extension 'python_setup_py'
[0.371s] Level 1:colcon.colcon_core.package_identification:_identify(runs/detect/predict7) by extensions ['ignore', 'ignore_ament_install']
[0.371s] Level 1:colcon.colcon_core.package_identification:_identify(runs/detect/predict7) by extension 'ignore'
[0.371s] Level 1:colcon.colcon_core.package_identification:_identify(runs/detect/predict7) by extension 'ignore_ament_install'
[0.371s] Level 1:colcon.colcon_core.package_identification:_identify(runs/detect/predict7) by extensions ['colcon_pkg']
[0.371s] Level 1:colcon.colcon_core.package_identification:_identify(runs/detect/predict7) by extension 'colcon_pkg'
[0.371s] Level 1:colcon.colcon_core.package_identification:_identify(runs/detect/predict7) by extensions ['colcon_meta']
[0.372s] Level 1:colcon.colcon_core.package_identification:_identify(runs/detect/predict7) by extension 'colcon_meta'
[0.372s] Level 1:colcon.colcon_core.package_identification:_identify(runs/detect/predict7) by extensions ['ros']
[0.372s] Level 1:colcon.colcon_core.package_identification:_identify(runs/detect/predict7) by extension 'ros'
[0.372s] Level 1:colcon.colcon_core.package_identification:_identify(runs/detect/predict7) by extensions ['cmake', 'python']
[0.372s] Level 1:colcon.colcon_core.package_identification:_identify(runs/detect/predict7) by extension 'cmake'
[0.372s] Level 1:colcon.colcon_core.package_identification:_identify(runs/detect/predict7) by extension 'python'
[0.372s] Level 1:colcon.colcon_core.package_identification:_identify(runs/detect/predict7) by extensions ['python_setup_py']
[0.373s] Level 1:colcon.colcon_core.package_identification:_identify(runs/detect/predict7) by extension 'python_setup_py'
[0.373s] Level 1:colcon.colcon_core.package_identification:_identify(runs/detect/predict7/labels) by extensions ['ignore', 'ignore_ament_install']
[0.373s] Level 1:colcon.colcon_core.package_identification:_identify(runs/detect/predict7/labels) by extension 'ignore'
[0.373s] Level 1:colcon.colcon_core.package_identification:_identify(runs/detect/predict7/labels) by extension 'ignore_ament_install'
[0.374s] Level 1:colcon.colcon_core.package_identification:_identify(runs/detect/predict7/labels) by extensions ['colcon_pkg']
[0.374s] Level 1:colcon.colcon_core.package_identification:_identify(runs/detect/predict7/labels) by extension 'colcon_pkg'
[0.374s] Level 1:colcon.colcon_core.package_identification:_identify(runs/detect/predict7/labels) by extensions ['colcon_meta']
[0.374s] Level 1:colcon.colcon_core.package_identification:_identify(runs/detect/predict7/labels) by extension 'colcon_meta'
[0.374s] Level 1:colcon.colcon_core.package_identification:_identify(runs/detect/predict7/labels) by extensions ['ros']
[0.374s] Level 1:colcon.colcon_core.package_identification:_identify(runs/detect/predict7/labels) by extension 'ros'
[0.375s] Level 1:colcon.colcon_core.package_identification:_identify(runs/detect/predict7/labels) by extensions ['cmake', 'python']
[0.375s] Level 1:colcon.colcon_core.package_identification:_identify(runs/detect/predict7/labels) by extension 'cmake'
[0.375s] Level 1:colcon.colcon_core.package_identification:_identify(runs/detect/predict7/labels) by extension 'python'
[0.375s] Level 1:colcon.colcon_core.package_identification:_identify(runs/detect/predict7/labels) by extensions ['python_setup_py']
[0.375s] Level 1:colcon.colcon_core.package_identification:_identify(runs/detect/predict7/labels) by extension 'python_setup_py'
[0.376s] Level 1:colcon.colcon_core.package_identification:_identify(runs/detect/predict8) by extensions ['ignore', 'ignore_ament_install']
[0.376s] Level 1:colcon.colcon_core.package_identification:_identify(runs/detect/predict8) by extension 'ignore'
[0.376s] Level 1:colcon.colcon_core.package_identification:_identify(runs/detect/predict8) by extension 'ignore_ament_install'
[0.377s] Level 1:colcon.colcon_core.package_identification:_identify(runs/detect/predict8) by extensions ['colcon_pkg']
[0.377s] Level 1:colcon.colcon_core.package_identification:_identify(runs/detect/predict8) by extension 'colcon_pkg'
[0.377s] Level 1:colcon.colcon_core.package_identification:_identify(runs/detect/predict8) by extensions ['colcon_meta']
[0.377s] Level 1:colcon.colcon_core.package_identification:_identify(runs/detect/predict8) by extension 'colcon_meta'
[0.377s] Level 1:colcon.colcon_core.package_identification:_identify(runs/detect/predict8) by extensions ['ros']
[0.377s] Level 1:colcon.colcon_core.package_identification:_identify(runs/detect/predict8) by extension 'ros'
[0.378s] Level 1:colcon.colcon_core.package_identification:_identify(runs/detect/predict8) by extensions ['cmake', 'python']
[0.378s] Level 1:colcon.colcon_core.package_identification:_identify(runs/detect/predict8) by extension 'cmake'
[0.378s] Level 1:colcon.colcon_core.package_identification:_identify(runs/detect/predict8) by extension 'python'
[0.378s] Level 1:colcon.colcon_core.package_identification:_identify(runs/detect/predict8) by extensions ['python_setup_py']
[0.378s] Level 1:colcon.colcon_core.package_identification:_identify(runs/detect/predict8) by extension 'python_setup_py'
[0.379s] Level 1:colcon.colcon_core.package_identification:_identify(runs/detect/predict8/labels) by extensions ['ignore', 'ignore_ament_install']
[0.379s] Level 1:colcon.colcon_core.package_identification:_identify(runs/detect/predict8/labels) by extension 'ignore'
[0.379s] Level 1:colcon.colcon_core.package_identification:_identify(runs/detect/predict8/labels) by extension 'ignore_ament_install'
[0.379s] Level 1:colcon.colcon_core.package_identification:_identify(runs/detect/predict8/labels) by extensions ['colcon_pkg']
[0.380s] Level 1:colcon.colcon_core.package_identification:_identify(runs/detect/predict8/labels) by extension 'colcon_pkg'
[0.380s] Level 1:colcon.colcon_core.package_identification:_identify(runs/detect/predict8/labels) by extensions ['colcon_meta']
[0.380s] Level 1:colcon.colcon_core.package_identification:_identify(runs/detect/predict8/labels) by extension 'colcon_meta'
[0.380s] Level 1:colcon.colcon_core.package_identification:_identify(runs/detect/predict8/labels) by extensions ['ros']
[0.380s] Level 1:colcon.colcon_core.package_identification:_identify(runs/detect/predict8/labels) by extension 'ros'
[0.380s] Level 1:colcon.colcon_core.package_identification:_identify(runs/detect/predict8/labels) by extensions ['cmake', 'python']
[0.380s] Level 1:colcon.colcon_core.package_identification:_identify(runs/detect/predict8/labels) by extension 'cmake'
[0.380s] Level 1:colcon.colcon_core.package_identification:_identify(runs/detect/predict8/labels) by extension 'python'
[0.380s] Level 1:colcon.colcon_core.package_identification:_identify(runs/detect/predict8/labels) by extensions ['python_setup_py']
[0.381s] Level 1:colcon.colcon_core.package_identification:_identify(runs/detect/predict8/labels) by extension 'python_setup_py'
[0.381s] Level 1:colcon.colcon_core.package_identification:_identify(runs/detect/predict9) by extensions ['ignore', 'ignore_ament_install']
[0.381s] Level 1:colcon.colcon_core.package_identification:_identify(runs/detect/predict9) by extension 'ignore'
[0.381s] Level 1:colcon.colcon_core.package_identification:_identify(runs/detect/predict9) by extension 'ignore_ament_install'
[0.382s] Level 1:colcon.colcon_core.package_identification:_identify(runs/detect/predict9) by extensions ['colcon_pkg']
[0.382s] Level 1:colcon.colcon_core.package_identification:_identify(runs/detect/predict9) by extension 'colcon_pkg'
[0.382s] Level 1:colcon.colcon_core.package_identification:_identify(runs/detect/predict9) by extensions ['colcon_meta']
[0.382s] Level 1:colcon.colcon_core.package_identification:_identify(runs/detect/predict9) by extension 'colcon_meta'
[0.382s] Level 1:colcon.colcon_core.package_identification:_identify(runs/detect/predict9) by extensions ['ros']
[0.382s] Level 1:colcon.colcon_core.package_identification:_identify(runs/detect/predict9) by extension 'ros'
[0.383s] Level 1:colcon.colcon_core.package_identification:_identify(runs/detect/predict9) by extensions ['cmake', 'python']
[0.383s] Level 1:colcon.colcon_core.package_identification:_identify(runs/detect/predict9) by extension 'cmake'
[0.383s] Level 1:colcon.colcon_core.package_identification:_identify(runs/detect/predict9) by extension 'python'
[0.383s] Level 1:colcon.colcon_core.package_identification:_identify(runs/detect/predict9) by extensions ['python_setup_py']
[0.383s] Level 1:colcon.colcon_core.package_identification:_identify(runs/detect/predict9) by extension 'python_setup_py'
[0.384s] Level 1:colcon.colcon_core.package_identification:_identify(runs/detect/predict9/labels) by extensions ['ignore', 'ignore_ament_install']
[0.384s] Level 1:colcon.colcon_core.package_identification:_identify(runs/detect/predict9/labels) by extension 'ignore'
[0.384s] Level 1:colcon.colcon_core.package_identification:_identify(runs/detect/predict9/labels) by extension 'ignore_ament_install'
[0.384s] Level 1:colcon.colcon_core.package_identification:_identify(runs/detect/predict9/labels) by extensions ['colcon_pkg']
[0.384s] Level 1:colcon.colcon_core.package_identification:_identify(runs/detect/predict9/labels) by extension 'colcon_pkg'
[0.384s] Level 1:colcon.colcon_core.package_identification:_identify(runs/detect/predict9/labels) by extensions ['colcon_meta']
[0.384s] Level 1:colcon.colcon_core.package_identification:_identify(runs/detect/predict9/labels) by extension 'colcon_meta'
[0.384s] Level 1:colcon.colcon_core.package_identification:_identify(runs/detect/predict9/labels) by extensions ['ros']
[0.385s] Level 1:colcon.colcon_core.package_identification:_identify(runs/detect/predict9/labels) by extension 'ros'
[0.385s] Level 1:colcon.colcon_core.package_identification:_identify(runs/detect/predict9/labels) by extensions ['cmake', 'python']
[0.385s] Level 1:colcon.colcon_core.package_identification:_identify(runs/detect/predict9/labels) by extension 'cmake'
[0.385s] Level 1:colcon.colcon_core.package_identification:_identify(runs/detect/predict9/labels) by extension 'python'
[0.385s] Level 1:colcon.colcon_core.package_identification:_identify(runs/detect/predict9/labels) by extensions ['python_setup_py']
[0.385s] Level 1:colcon.colcon_core.package_identification:_identify(runs/detect/predict9/labels) by extension 'python_setup_py'
[0.385s] Level 1:colcon.colcon_core.package_identification:_identify(src) by extensions ['ignore', 'ignore_ament_install']
[0.385s] Level 1:colcon.colcon_core.package_identification:_identify(src) by extension 'ignore'
[0.386s] Level 1:colcon.colcon_core.package_identification:_identify(src) by extension 'ignore_ament_install'
[0.386s] Level 1:colcon.colcon_core.package_identification:_identify(src) by extensions ['colcon_pkg']
[0.386s] Level 1:colcon.colcon_core.package_identification:_identify(src) by extension 'colcon_pkg'
[0.386s] Level 1:colcon.colcon_core.package_identification:_identify(src) by extensions ['colcon_meta']
[0.386s] Level 1:colcon.colcon_core.package_identification:_identify(src) by extension 'colcon_meta'
[0.386s] Level 1:colcon.colcon_core.package_identification:_identify(src) by extensions ['ros']
[0.386s] Level 1:colcon.colcon_core.package_identification:_identify(src) by extension 'ros'
[0.386s] Level 1:colcon.colcon_core.package_identification:_identify(src) by extensions ['cmake', 'python']
[0.386s] Level 1:colcon.colcon_core.package_identification:_identify(src) by extension 'cmake'
[0.386s] Level 1:colcon.colcon_core.package_identification:_identify(src) by extension 'python'
[0.387s] Level 1:colcon.colcon_core.package_identification:_identify(src) by extensions ['python_setup_py']
[0.387s] Level 1:colcon.colcon_core.package_identification:_identify(src) by extension 'python_setup_py'
[0.387s] Level 1:colcon.colcon_core.package_identification:_identify(src/people_detector) by extensions ['ignore', 'ignore_ament_install']
[0.387s] Level 1:colcon.colcon_core.package_identification:_identify(src/people_detector) by extension 'ignore'
[0.387s] Level 1:colcon.colcon_core.package_identification:_identify(src/people_detector) by extension 'ignore_ament_install'
[0.387s] Level 1:colcon.colcon_core.package_identification:_identify(src/people_detector) by extensions ['colcon_pkg']
[0.387s] Level 1:colcon.colcon_core.package_identification:_identify(src/people_detector) by extension 'colcon_pkg'
[0.387s] Level 1:colcon.colcon_core.package_identification:_identify(src/people_detector) by extensions ['colcon_meta']
[0.387s] Level 1:colcon.colcon_core.package_identification:_identify(src/people_detector) by extension 'colcon_meta'
[0.388s] Level 1:colcon.colcon_core.package_identification:_identify(src/people_detector) by extensions ['ros']
[0.388s] Level 1:colcon.colcon_core.package_identification:_identify(src/people_detector) by extension 'ros'
[0.394s] DEBUG:colcon.colcon_core.package_identification:Package 'src/people_detector' with type 'ros.ament_python' and name 'people_detector'
[0.394s] Level 1:colcon.colcon_core.package_discovery:discover_packages(recursive) using defaults
[0.394s] Level 1:colcon.colcon_core.package_discovery:discover_packages(ignore) discover
[0.394s] Level 1:colcon.colcon_core.package_discovery:discover_packages(ignore) using defaults
[0.394s] Level 1:colcon.colcon_core.package_discovery:discover_packages(path) discover
[0.394s] Level 1:colcon.colcon_core.package_discovery:discover_packages(path) using defaults
[0.438s] Level 1:colcon.colcon_core.package_discovery:discover_packages(prefix_path) check parameters
[0.438s] Level 1:colcon.colcon_core.package_discovery:discover_packages(prefix_path) discover
[0.444s] DEBUG:colcon.colcon_installed_package_information.package_discovery:Found 15 installed packages in /home/zerda/ros2_ws/install
[0.446s] DEBUG:colcon.colcon_installed_package_information.package_discovery:Found 269 installed packages in /opt/ros/humble
[0.450s] Level 1:colcon.colcon_core.package_discovery:discover_packages(prefix_path) using defaults
[0.525s] Level 5:colcon.colcon_core.verb:set package 'people_detector' build argument 'cmake_args' from command line to 'None'
[0.525s] Level 5:colcon.colcon_core.verb:set package 'people_detector' build argument 'cmake_target' from command line to 'None'
[0.525s] Level 5:colcon.colcon_core.verb:set package 'people_detector' build argument 'cmake_target_skip_unavailable' from command line to 'False'
[0.525s] Level 5:colcon.colcon_core.verb:set package 'people_detector' build argument 'cmake_clean_cache' from command line to 'False'
[0.525s] Level 5:colcon.colcon_core.verb:set package 'people_detector' build argument 'cmake_clean_first' from command line to 'False'
[0.525s] Level 5:colcon.colcon_core.verb:set package 'people_detector' build argument 'cmake_force_configure' from command line to 'False'
[0.525s] Level 5:colcon.colcon_core.verb:set package 'people_detector' build argument 'ament_cmake_args' from command line to 'None'
[0.525s] Level 5:colcon.colcon_core.verb:set package 'people_detector' build argument 'catkin_cmake_args' from command line to 'None'
[0.525s] Level 5:colcon.colcon_core.verb:set package 'people_detector' build argument 'catkin_skip_building_tests' from command line to 'False'
[0.525s] DEBUG:colcon.colcon_core.verb:Building package 'people_detector' with the following arguments: {'ament_cmake_args': None, 'build_base': '/home/zerda/ros2_ws/build/people_detector', 'catkin_cmake_args': None, 'catkin_skip_building_tests': False, 'cmake_args': None, 'cmake_clean_cache': False, 'cmake_clean_first': False, 'cmake_force_configure': False, 'cmake_target': None, 'cmake_target_skip_unavailable': False, 'install_base': '/home/zerda/ros2_ws/install/people_detector', 'merge_install': False, 'path': '/home/zerda/ros2_ws/src/people_detector', 'symlink_install': False, 'test_result_base': None}
[0.526s] INFO:colcon.colcon_core.executor:Executing jobs using 'parallel' executor
[0.527s] DEBUG:colcon.colcon_parallel_executor.executor.parallel:run_until_complete
[0.528s] INFO:colcon.colcon_ros.task.ament_python.build:Building ROS package in '/home/zerda/ros2_ws/src/people_detector' with build type 'ament_python'
[0.529s] Level 1:colcon.colcon_core.shell:create_environment_hook('people_detector', 'ament_prefix_path')
[0.534s] INFO:colcon.colcon_core.plugin_system:Skipping extension 'colcon_core.shell.bat': Not used on non-Windows systems
[0.534s] INFO:colcon.colcon_core.shell:Creating environment hook '/home/zerda/ros2_ws/install/people_detector/share/people_detector/hook/ament_prefix_path.ps1'
[0.535s] INFO:colcon.colcon_core.shell:Creating environment descriptor '/home/zerda/ros2_ws/install/people_detector/share/people_detector/hook/ament_prefix_path.dsv'
[0.536s] INFO:colcon.colcon_core.shell:Creating environment hook '/home/zerda/ros2_ws/install/people_detector/share/people_detector/hook/ament_prefix_path.sh'
[0.538s] INFO:colcon.colcon_core.shell:Skip shell extension 'powershell' for command environment: Not usable outside of PowerShell
[0.538s] DEBUG:colcon.colcon_core.shell:Skip shell extension 'dsv' for command environment
[1.053s] INFO:colcon.colcon_core.task.python.build:Building Python package in '/home/zerda/ros2_ws/src/people_detector'
[1.054s] INFO:colcon.colcon_core.shell:Skip shell extension 'powershell' for command environment: Not usable outside of PowerShell
[1.054s] DEBUG:colcon.colcon_core.shell:Skip shell extension 'dsv' for command environment
[2.417s] DEBUG:colcon.colcon_core.event_handler.log_command:Invoking command in '/home/zerda/ros2_ws/src/people_detector': PYTHONPATH=/home/zerda/ros2_ws/build/people_detector/prefix_override:/home/zerda/ros2_ws/install/people_detector/lib/python3.10/site-packages:${PYTHONPATH} /usr/bin/python3 -W ignore:setup.py install is deprecated setup.py egg_info --egg-base ../../build/people_detector build --build-base /home/zerda/ros2_ws/build/people_detector/build install --record /home/zerda/ros2_ws/build/people_detector/install.log --single-version-externally-managed install_data
[3.780s] DEBUG:colcon.colcon_core.event_handler.log_command:Invoked command in '/home/zerda/ros2_ws/src/people_detector' returned '0': PYTHONPATH=/home/zerda/ros2_ws/build/people_detector/prefix_override:/home/zerda/ros2_ws/install/people_detector/lib/python3.10/site-packages:${PYTHONPATH} /usr/bin/python3 -W ignore:setup.py install is deprecated setup.py egg_info --egg-base ../../build/people_detector build --build-base /home/zerda/ros2_ws/build/people_detector/build install --record /home/zerda/ros2_ws/build/people_detector/install.log --single-version-externally-managed install_data
[3.786s] Level 1:colcon.colcon_core.environment:checking '/home/zerda/ros2_ws/install/people_detector' for CMake module files
[3.787s] Level 1:colcon.colcon_core.environment:checking '/home/zerda/ros2_ws/install/people_detector' for CMake config files
[3.789s] Level 1:colcon.colcon_core.environment:checking '/home/zerda/ros2_ws/install/people_detector/lib'
[3.789s] Level 1:colcon.colcon_core.environment:checking '/home/zerda/ros2_ws/install/people_detector/bin'
[3.789s] Level 1:colcon.colcon_core.environment:checking '/home/zerda/ros2_ws/install/people_detector/lib/pkgconfig/people_detector.pc'
[3.790s] Level 1:colcon.colcon_core.environment:checking '/home/zerda/ros2_ws/install/people_detector/lib/python3.10/site-packages'
[3.790s] Level 1:colcon.colcon_core.shell:create_environment_hook('people_detector', 'pythonpath')
[3.791s] INFO:colcon.colcon_core.shell:Creating environment hook '/home/zerda/ros2_ws/install/people_detector/share/people_detector/hook/pythonpath.ps1'
[3.792s] INFO:colcon.colcon_core.shell:Creating environment descriptor '/home/zerda/ros2_ws/install/people_detector/share/people_detector/hook/pythonpath.dsv'
[3.793s] INFO:colcon.colcon_core.shell:Creating environment hook '/home/zerda/ros2_ws/install/people_detector/share/people_detector/hook/pythonpath.sh'
[3.794s] Level 1:colcon.colcon_core.environment:checking '/home/zerda/ros2_ws/install/people_detector/bin'
[3.794s] Level 1:colcon.colcon_core.environment:create_environment_scripts_only(people_detector)
[3.795s] INFO:colcon.colcon_core.shell:Creating package script '/home/zerda/ros2_ws/install/people_detector/share/people_detector/package.ps1'
[3.797s] INFO:colcon.colcon_core.shell:Creating package descriptor '/home/zerda/ros2_ws/install/people_detector/share/people_detector/package.dsv'
[3.798s] INFO:colcon.colcon_core.shell:Creating package script '/home/zerda/ros2_ws/install/people_detector/share/people_detector/package.sh'
[3.800s] INFO:colcon.colcon_core.shell:Creating package script '/home/zerda/ros2_ws/install/people_detector/share/people_detector/package.bash'
[3.802s] INFO:colcon.colcon_core.shell:Creating package script '/home/zerda/ros2_ws/install/people_detector/share/people_detector/package.zsh'
[3.803s] Level 1:colcon.colcon_core.environment:create_file_with_runtime_dependencies(/home/zerda/ros2_ws/install/people_detector/share/colcon-core/packages/people_detector)
[3.805s] DEBUG:colcon.colcon_parallel_executor.executor.parallel:closing loop
[3.805s] DEBUG:colcon.colcon_parallel_executor.executor.parallel:loop closed
[3.806s] DEBUG:colcon.colcon_parallel_executor.executor.parallel:run_until_complete finished with '0'
[3.806s] DEBUG:colcon.colcon_core.event_reactor:joining thread
[3.817s] INFO:colcon.colcon_core.plugin_system:Skipping extension 'colcon_notification.desktop_notification.terminal_notifier': Not used on non-Darwin systems
[3.817s] INFO:colcon.colcon_core.plugin_system:Skipping extension 'colcon_notification.desktop_notification.win32': Not used on non-Windows systems
[3.817s] INFO:colcon.colcon_notification.desktop_notification:Sending desktop notification using 'notify2'
[3.846s] DEBUG:colcon.colcon_core.event_reactor:joined thread
[3.847s] INFO:colcon.colcon_core.shell:Creating prefix script '/home/zerda/ros2_ws/install/local_setup.ps1'
[3.849s] INFO:colcon.colcon_core.shell:Creating prefix util module '/home/zerda/ros2_ws/install/_local_setup_util_ps1.py'
[3.852s] INFO:colcon.colcon_core.shell:Creating prefix chain script '/home/zerda/ros2_ws/install/setup.ps1'
[3.855s] INFO:colcon.colcon_core.shell:Creating prefix script '/home/zerda/ros2_ws/install/local_setup.sh'
[3.857s] INFO:colcon.colcon_core.shell:Creating prefix util module '/home/zerda/ros2_ws/install/_local_setup_util_sh.py'
[3.858s] INFO:colcon.colcon_core.shell:Creating prefix chain script '/home/zerda/ros2_ws/install/setup.sh'
[3.861s] INFO:colcon.colcon_core.shell:Creating prefix script '/home/zerda/ros2_ws/install/local_setup.bash'
[3.862s] INFO:colcon.colcon_core.shell:Creating prefix chain script '/home/zerda/ros2_ws/install/setup.bash'
[3.865s] INFO:colcon.colcon_core.shell:Creating prefix script '/home/zerda/ros2_ws/install/local_setup.zsh'
[3.867s] INFO:colcon.colcon_core.shell:Creating prefix chain script '/home/zerda/ros2_ws/install/setup.zsh'
