/home/zerda/ros2_ws/install/people_detector/lib/python3.10/site-packages/people_detector/people_detect.py
/home/zerda/ros2_ws/install/people_detector/lib/python3.10/site-packages/people_detector/__init__.py
/home/zerda/ros2_ws/install/people_detector/lib/python3.10/site-packages/people_detector/video_pub.py
/home/zerda/ros2_ws/install/people_detector/lib/python3.10/site-packages/people_detector/__pycache__/people_detect.cpython-310.pyc
/home/zerda/ros2_ws/install/people_detector/lib/python3.10/site-packages/people_detector/__pycache__/__init__.cpython-310.pyc
/home/zerda/ros2_ws/install/people_detector/lib/python3.10/site-packages/people_detector/__pycache__/video_pub.cpython-310.pyc
/home/zerda/ros2_ws/install/people_detector/share/ament_index/resource_index/packages/people_detector
/home/zerda/ros2_ws/install/people_detector/share/people_detector/package.xml
/home/zerda/ros2_ws/install/people_detector/share/people_detector/people_detection.py
/home/zerda/ros2_ws/install/people_detector/share/people_detector/best.pt
/home/zerda/ros2_ws/install/people_detector/share/people_detector/video.mp4
/home/zerda/ros2_ws/install/people_detector/lib/python3.10/site-packages/people_detector-0.0.0-py3.10.egg-info/entry_points.txt
/home/zerda/ros2_ws/install/people_detector/lib/python3.10/site-packages/people_detector-0.0.0-py3.10.egg-info/requires.txt
/home/zerda/ros2_ws/install/people_detector/lib/python3.10/site-packages/people_detector-0.0.0-py3.10.egg-info/top_level.txt
/home/zerda/ros2_ws/install/people_detector/lib/python3.10/site-packages/people_detector-0.0.0-py3.10.egg-info/dependency_links.txt
/home/zerda/ros2_ws/install/people_detector/lib/python3.10/site-packages/people_detector-0.0.0-py3.10.egg-info/zip-safe
/home/zerda/ros2_ws/install/people_detector/lib/python3.10/site-packages/people_detector-0.0.0-py3.10.egg-info/PKG-INFO
/home/zerda/ros2_ws/install/people_detector/lib/python3.10/site-packages/people_detector-0.0.0-py3.10.egg-info/SOURCES.txt
/home/zerda/ros2_ws/install/people_detector/lib/people_detector/people_detect_subscriber
/home/zerda/ros2_ws/install/people_detector/lib/people_detector/video_publisher
