[1.632s] Invoking command in '/home/zerda/ros2_ws/src/my_object_detection_pkg': PYTHONPATH=/home/zerda/ros2_ws/build/my_object_detection_pkg/prefix_override:/home/zerda/ros2_ws/install/my_object_detection_pkg/lib/python3.10/site-packages:${PYTHONPATH} /usr/bin/python3 -W ignore:setup.py install is deprecated setup.py egg_info --egg-base ../../build/my_object_detection_pkg build --build-base /home/zerda/ros2_ws/build/my_object_detection_pkg/build install --record /home/zerda/ros2_ws/build/my_object_detection_pkg/install.log --single-version-externally-managed install_data
[2.137s] running egg_info
[2.170s] writing ../../build/my_object_detection_pkg/my_object_detection_pkg.egg-info/PKG-INFO
[2.171s] writing dependency_links to ../../build/my_object_detection_pkg/my_object_detection_pkg.egg-info/dependency_links.txt
[2.172s] writing entry points to ../../build/my_object_detection_pkg/my_object_detection_pkg.egg-info/entry_points.txt
[2.172s] writing requirements to ../../build/my_object_detection_pkg/my_object_detection_pkg.egg-info/requires.txt
[2.173s] writing top-level names to ../../build/my_object_detection_pkg/my_object_detection_pkg.egg-info/top_level.txt
[2.239s] reading manifest file '../../build/my_object_detection_pkg/my_object_detection_pkg.egg-info/SOURCES.txt'
[2.241s] writing manifest file '../../build/my_object_detection_pkg/my_object_detection_pkg.egg-info/SOURCES.txt'
[2.242s] running build
[2.242s] running build_py
[2.242s] copying my_object_detection_pkg/__init__.py -> /home/zerda/ros2_ws/build/my_object_detection_pkg/build/lib/my_object_detection_pkg
[2.242s] running install
[2.254s] running install_lib
[2.288s] running install_data
[2.288s] copying resource/my_object_detection_pkg -> /home/zerda/ros2_ws/install/my_object_detection_pkg/share/ament_index/resource_index/packages
[2.289s] copying package.xml -> /home/zerda/ros2_ws/install/my_object_detection_pkg/share/my_object_detection_pkg
[2.289s] running install_egg_info
[2.323s] removing '/home/zerda/ros2_ws/install/my_object_detection_pkg/lib/python3.10/site-packages/my_object_detection_pkg-0.0.0-py3.10.egg-info' (and everything under it)
[2.324s] Copying ../../build/my_object_detection_pkg/my_object_detection_pkg.egg-info to /home/zerda/ros2_ws/install/my_object_detection_pkg/lib/python3.10/site-packages/my_object_detection_pkg-0.0.0-py3.10.egg-info
[2.325s] running install_scripts
[2.665s] Installing detector script to /home/zerda/ros2_ws/install/my_object_detection_pkg/lib/my_object_detection_pkg
[2.665s] writing list of installed files to '/home/zerda/ros2_ws/build/my_object_detection_pkg/install.log'
[2.725s] Invoked command in '/home/zerda/ros2_ws/src/my_object_detection_pkg' returned '0': PYTHONPATH=/home/zerda/ros2_ws/build/my_object_detection_pkg/prefix_override:/home/zerda/ros2_ws/install/my_object_detection_pkg/lib/python3.10/site-packages:${PYTHONPATH} /usr/bin/python3 -W ignore:setup.py install is deprecated setup.py egg_info --egg-base ../../build/my_object_detection_pkg build --build-base /home/zerda/ros2_ws/build/my_object_detection_pkg/build install --record /home/zerda/ros2_ws/build/my_object_detection_pkg/install.log --single-version-externally-managed install_data
