[1.816s] Invoking command in '/home/zerda/ros2_ws/src/car_detector': PYTHONPATH=/home/zerda/ros2_ws/build/car_detector/prefix_override:/home/zerda/ros2_ws/install/car_detector/lib/python3.10/site-packages:${PYTHONPATH} /usr/bin/python3 -W ignore:setup.py install is deprecated setup.py egg_info --egg-base ../../build/car_detector build --build-base /home/zerda/ros2_ws/build/car_detector/build install --record /home/zerda/ros2_ws/build/car_detector/install.log --single-version-externally-managed install_data
[2.347s] running egg_info
[2.383s] writing ../../build/car_detector/car_detector.egg-info/PKG-INFO
[2.384s] writing dependency_links to ../../build/car_detector/car_detector.egg-info/dependency_links.txt
[2.384s] writing entry points to ../../build/car_detector/car_detector.egg-info/entry_points.txt
[2.385s] writing requirements to ../../build/car_detector/car_detector.egg-info/requires.txt
[2.385s] writing top-level names to ../../build/car_detector/car_detector.egg-info/top_level.txt
[2.457s] reading manifest file '../../build/car_detector/car_detector.egg-info/SOURCES.txt'
[2.459s] writing manifest file '../../build/car_detector/car_detector.egg-info/SOURCES.txt'
[2.459s] running build
[2.459s] running build_py
[2.459s] copying car_detector/__init__.py -> /home/zerda/ros2_ws/build/car_detector/build/lib/car_detector
[2.460s] copying car_detector/camera_pub.py -> /home/zerda/ros2_ws/build/car_detector/build/lib/car_detector
[2.460s] copying car_detector/car_detection.py -> /home/zerda/ros2_ws/build/car_detector/build/lib/car_detector
[2.461s] running install
[2.474s] running install_lib
[2.508s] copying /home/zerda/ros2_ws/build/car_detector/build/lib/car_detector/car_detection.py -> /home/zerda/ros2_ws/install/car_detector/lib/python3.10/site-packages/car_detector
[2.509s] byte-compiling /home/zerda/ros2_ws/install/car_detector/lib/python3.10/site-packages/car_detector/car_detection.py to car_detection.cpython-310.pyc
[2.511s] running install_data
[2.511s] copying resource/car_detector -> /home/zerda/ros2_ws/install/car_detector/share/ament_index/resource_index/packages
[2.511s] copying package.xml -> /home/zerda/ros2_ws/install/car_detector/share/car_detector
[2.512s] copying launch/camera_car_detection.launch.py -> /home/zerda/ros2_ws/install/car_detector/share/car_detector/launch
[2.512s] copying data/best.pt -> /home/zerda/ros2_ws/install/car_detector/share/car_detector/data
[2.701s] running install_egg_info
[2.738s] removing '/home/zerda/ros2_ws/install/car_detector/lib/python3.10/site-packages/car_detector-0.0.0-py3.10.egg-info' (and everything under it)
[2.739s] Copying ../../build/car_detector/car_detector.egg-info to /home/zerda/ros2_ws/install/car_detector/lib/python3.10/site-packages/car_detector-0.0.0-py3.10.egg-info
[2.740s] running install_scripts
[3.049s] Installing camera_publisher script to /home/zerda/ros2_ws/install/car_detector/lib/car_detector
[3.049s] Installing car_detection script to /home/zerda/ros2_ws/install/car_detector/lib/car_detector
[3.050s] writing list of installed files to '/home/zerda/ros2_ws/build/car_detector/install.log'
[3.102s] Invoked command in '/home/zerda/ros2_ws/src/car_detector' returned '0': PYTHONPATH=/home/zerda/ros2_ws/build/car_detector/prefix_override:/home/zerda/ros2_ws/install/car_detector/lib/python3.10/site-packages:${PYTHONPATH} /usr/bin/python3 -W ignore:setup.py install is deprecated setup.py egg_info --egg-base ../../build/car_detector build --build-base /home/zerda/ros2_ws/build/car_detector/build install --record /home/zerda/ros2_ws/build/car_detector/install.log --single-version-externally-managed install_data
