[0.031s] Invoking command in '/home/zerda/ros2_ws/build/yolobot_recognition': CMAKE_PREFIX_PATH=${CMAKE_PREFIX_PATH}:/home/zerda/ros2_ws/install/object_detection:/home/zerda/ros2_ws/install/my_py_pkg:/home/zerda/ros2_ws/install/my_object_detection_pkg:/home/zerda/ros2_ws/install/challenge1:/home/zerda/ros2_ws/install/car_detection:/opt/ros/humble /usr/bin/cmake --build /home/zerda/ros2_ws/build/yolobot_recognition -- -j8 -l8
[0.101s] Invoked command in '/home/zerda/ros2_ws/build/yolobot_recognition' returned '0': CMAKE_PREFIX_PATH=${CMAKE_PREFIX_PATH}:/home/zerda/ros2_ws/install/object_detection:/home/zerda/ros2_ws/install/my_py_pkg:/home/zerda/ros2_ws/install/my_object_detection_pkg:/home/zerda/ros2_ws/install/challenge1:/home/zerda/ros2_ws/install/car_detection:/opt/ros/humble /usr/bin/cmake --build /home/zerda/ros2_ws/build/yolobot_recognition -- -j8 -l8
[0.174s] Invoking command in '/home/zerda/ros2_ws/build/yolobot_recognition': CMAKE_PREFIX_PATH=${CMAKE_PREFIX_PATH}:/home/zerda/ros2_ws/install/object_detection:/home/zerda/ros2_ws/install/my_py_pkg:/home/zerda/ros2_ws/install/my_object_detection_pkg:/home/zerda/ros2_ws/install/challenge1:/home/zerda/ros2_ws/install/car_detection:/opt/ros/humble /usr/bin/cmake --install /home/zerda/ros2_ws/build/yolobot_recognition
[0.197s] -- Install configuration: ""
[0.198s] -- Up-to-date: /home/zerda/ros2_ws/install/yolobot_recognition/share/yolobot_recognition//scripts
[0.199s] -- Up-to-date: /home/zerda/ros2_ws/install/yolobot_recognition/share/yolobot_recognition//scripts/best.pt
[0.200s] -- Up-to-date: /home/zerda/ros2_ws/install/yolobot_recognition/share/yolobot_recognition//scripts/yolov8_ros2_subscriber.py
[0.200s] -- Up-to-date: /home/zerda/ros2_ws/install/yolobot_recognition/share/yolobot_recognition//scripts/yolov8s.pt
[0.201s] -- Installing: /home/zerda/ros2_ws/install/yolobot_recognition/share/yolobot_recognition//scripts/yolov8_ros2_pt.py
[0.202s] -- Up-to-date: /home/zerda/ros2_ws/install/yolobot_recognition/share/yolobot_recognition//scripts/.dockerignore
[0.202s] -- Up-to-date: /home/zerda/ros2_ws/install/yolobot_recognition/share/yolobot_recognition//scripts/.gitattributes
[0.203s] -- Up-to-date: /home/zerda/ros2_ws/install/yolobot_recognition/share/yolobot_recognition//scripts/.gitignore
[0.203s] -- Up-to-date: /home/zerda/ros2_ws/install/yolobot_recognition/share/yolobot_recognition//launch
[0.204s] -- Up-to-date: /home/zerda/ros2_ws/install/yolobot_recognition/share/yolobot_recognition//launch/launch_yolov8.launch.py
[0.205s] -- Installing: /home/zerda/ros2_ws/install/yolobot_recognition/lib/yolobot_recognition/yolov8_ros2_pt.py
[0.207s] -- Up-to-date: /home/zerda/ros2_ws/install/yolobot_recognition/lib/yolobot_recognition/yolov8_ros2_subscriber.py
[0.207s] -- Up-to-date: /home/zerda/ros2_ws/install/yolobot_recognition/lib/yolobot_recognition/launch_yolov8.launch.py
[0.209s] -- Up-to-date: /home/zerda/ros2_ws/install/yolobot_recognition/share/ament_index/resource_index/package_run_dependencies/yolobot_recognition
[0.209s] -- Up-to-date: /home/zerda/ros2_ws/install/yolobot_recognition/share/ament_index/resource_index/parent_prefix_path/yolobot_recognition
[0.209s] -- Up-to-date: /home/zerda/ros2_ws/install/yolobot_recognition/share/yolobot_recognition/environment/ament_prefix_path.sh
[0.209s] -- Up-to-date: /home/zerda/ros2_ws/install/yolobot_recognition/share/yolobot_recognition/environment/ament_prefix_path.dsv
[0.210s] -- Up-to-date: /home/zerda/ros2_ws/install/yolobot_recognition/share/yolobot_recognition/environment/path.sh
[0.210s] -- Up-to-date: /home/zerda/ros2_ws/install/yolobot_recognition/share/yolobot_recognition/environment/path.dsv
[0.210s] -- Up-to-date: /home/zerda/ros2_ws/install/yolobot_recognition/share/yolobot_recognition/local_setup.bash
[0.210s] -- Up-to-date: /home/zerda/ros2_ws/install/yolobot_recognition/share/yolobot_recognition/local_setup.sh
[0.210s] -- Up-to-date: /home/zerda/ros2_ws/install/yolobot_recognition/share/yolobot_recognition/local_setup.zsh
[0.211s] -- Up-to-date: /home/zerda/ros2_ws/install/yolobot_recognition/share/yolobot_recognition/local_setup.dsv
[0.211s] -- Up-to-date: /home/zerda/ros2_ws/install/yolobot_recognition/share/yolobot_recognition/package.dsv
[0.211s] -- Up-to-date: /home/zerda/ros2_ws/install/yolobot_recognition/share/ament_index/resource_index/packages/yolobot_recognition
[0.211s] -- Up-to-date: /home/zerda/ros2_ws/install/yolobot_recognition/share/yolobot_recognition/cmake/yolobot_recognitionConfig.cmake
[0.211s] -- Up-to-date: /home/zerda/ros2_ws/install/yolobot_recognition/share/yolobot_recognition/cmake/yolobot_recognitionConfig-version.cmake
[0.211s] -- Up-to-date: /home/zerda/ros2_ws/install/yolobot_recognition/share/yolobot_recognition/package.xml
[0.213s] Invoked command in '/home/zerda/ros2_ws/build/yolobot_recognition' returned '0': CMAKE_PREFIX_PATH=${CMAKE_PREFIX_PATH}:/home/zerda/ros2_ws/install/object_detection:/home/zerda/ros2_ws/install/my_py_pkg:/home/zerda/ros2_ws/install/my_object_detection_pkg:/home/zerda/ros2_ws/install/challenge1:/home/zerda/ros2_ws/install/car_detection:/opt/ros/humble /usr/bin/cmake --install /home/zerda/ros2_ws/build/yolobot_recognition
