[0.167s] Invoking command in '/home/zerda/ros2_ws/build/my_cpp_pkg': CMAKE_PREFIX_PATH=${CMAKE_PREFIX_PATH}:/home/zerda/ros2_ws/install/my_py_pkg:/home/zerda/ros2_ws/install/challenge1:/opt/ros/humble /usr/bin/cmake --build /home/zerda/ros2_ws/build/my_cpp_pkg -- -j8 -l8
[0.223s] -- Found ament_cmake: 1.3.6 (/opt/ros/humble/share/ament_cmake/cmake)
[0.554s] -- Found rclcpp: 16.0.7 (/opt/ros/humble/share/rclcpp/cmake)
[0.624s] -- Found rosidl_generator_c: 3.1.5 (/opt/ros/humble/share/rosidl_generator_c/cmake)
[0.631s] -- Found rosidl_adapter: 3.1.5 (/opt/ros/humble/share/rosidl_adapter/cmake)
[0.646s] -- Found rosidl_generator_cpp: 3.1.5 (/opt/ros/humble/share/rosidl_generator_cpp/cmake)
[0.674s] -- Using all available rosidl_typesupport_c: rosidl_typesupport_fastrtps_c;rosidl_typesupport_introspection_c
[0.708s] -- Using all available rosidl_typesupport_cpp: rosidl_typesupport_fastrtps_cpp;rosidl_typesupport_introspection_cpp
[0.838s] -- Found rmw_implementation_cmake: 6.1.1 (/opt/ros/humble/share/rmw_implementation_cmake/cmake)
[0.842s] -- Found rmw_fastrtps_cpp: 6.2.5 (/opt/ros/humble/share/rmw_fastrtps_cpp/cmake)
[1.080s] -- Using RMW implementation 'rmw_fastrtps_cpp' as default
[1.444s] -- Found sensor_msgs: 4.2.3 (/opt/ros/humble/share/sensor_msgs/cmake)
[1.711s] -- Found cv_bridge: 3.2.1 (/opt/ros/humble/share/cv_bridge/cmake)
[1.743s] -- Found image_transport: 3.1.7 (/opt/ros/humble/share/image_transport/cmake)
[1.829s] -- Found ament_lint_auto: 0.12.9 (/opt/ros/humble/share/ament_lint_auto/cmake)
[1.980s] -- Added test 'cppcheck' to perform static code analysis on C / C++ code
[1.980s] -- Configured cppcheck include dirs: 
[1.981s] -- Configured cppcheck exclude dirs and/or files: 
[1.981s] -- Added test 'lint_cmake' to check CMake code style
[1.983s] -- Added test 'uncrustify' to check C / C++ code style
[1.983s] -- Configured uncrustify additional arguments: 
[1.983s] -- Added test 'xmllint' to check XML markup files
[1.985s] -- Configuring done
[2.015s] -- Generating done
[2.018s] -- Build files have been written to: /home/zerda/ros2_ws/build/my_cpp_pkg
[2.088s] [ 50%] [32mBuilding CXX object CMakeFiles/image_converter_node.dir/src/image_converter.cpp.o[0m
[6.840s] In file included from [01m[K/home/zerda/ros2_ws/src/my_cpp_pkg/src/image_converter.cpp:2[m[K:
[6.840s] [01m[K/opt/ros/humble/include/image_transport/image_transport/image_transport.h:32:89:[m[K [01;36m[Knote: [m[K‘[01m[K#pragma message: Warning: This header is deprecated. Use 'image_transport.hpp' instead[m[K’
[6.840s]    32 | Warning: This header is deprecated. Use 'image_transport.hpp' instead"[01;36m[K)[m[K
[6.840s]       |                                                                       [01;36m[K^[m[K
[6.841s] 
[7.433s] [01m[K/home/zerda/ros2_ws/src/my_cpp_pkg/src/image_converter.cpp:34:35:[m[K [01;31m[Kerror: [m[K‘[01m[KImageConstPtr[m[K’ in namespace ‘[01m[Ksensor_msgs[m[K’ does not name a type
[7.434s]    34 |   void imageCb(const sensor_msgs::[01;31m[KImageConstPtr[m[K& msg)
[7.434s]       |                                   [01;31m[K^~~~~~~~~~~~~[m[K
[7.434s] [01m[K/home/zerda/ros2_ws/src/my_cpp_pkg/src/image_converter.cpp:[m[K In constructor ‘[01m[KImageConverter::ImageConverter()[m[K’:
[7.435s] [01m[K/home/zerda/ros2_ws/src/my_cpp_pkg/src/image_converter.cpp:19:14:[m[K [01;31m[Kerror: [m[Kno matching function for call to ‘[01m[Krclcpp::Node::Node()[m[K’
[7.435s]    19 |     : it_(nh_[01;31m[K)[m[K
[7.435s]       |              [01;31m[K^[m[K
[7.435s] In file included from [01m[K/opt/ros/humble/include/rclcpp/rclcpp/executors/single_threaded_executor.hpp:28[m[K,
[7.435s]                  from [01m[K/opt/ros/humble/include/rclcpp/rclcpp/executors.hpp:22[m[K,
[7.435s]                  from [01m[K/opt/ros/humble/include/rclcpp/rclcpp/rclcpp.hpp:155[m[K,
[7.435s]                  from [01m[K/home/zerda/ros2_ws/src/my_cpp_pkg/src/image_converter.cpp:1[m[K:
[7.435s] [01m[K/opt/ros/humble/include/rclcpp/rclcpp/node.hpp:1294:3:[m[K [01;36m[Knote: [m[Kcandidate: ‘[01m[Krclcpp::Node::Node(const rclcpp::Node&, const string&)[m[K’
[7.436s]  1294 |   [01;36m[KNode[m[K(
[7.436s]       |   [01;36m[K^~~~[m[K
[7.436s] [01m[K/opt/ros/humble/include/rclcpp/rclcpp/node.hpp:1294:3:[m[K [01;36m[Knote: [m[K  candidate expects 2 arguments, 0 provided
[7.436s] [01m[K/opt/ros/humble/include/rclcpp/rclcpp/node.hpp:101:12:[m[K [01;36m[Knote: [m[Kcandidate: ‘[01m[Krclcpp::Node::Node(const string&, const string&, const rclcpp::NodeOptions&)[m[K’
[7.436s]   101 |   explicit [01;36m[KNode[m[K(
[7.437s]       |            [01;36m[K^~~~[m[K
[7.437s] [01m[K/opt/ros/humble/include/rclcpp/rclcpp/node.hpp:101:12:[m[K [01;36m[Knote: [m[K  candidate expects 3 arguments, 0 provided
[7.437s] [01m[K/opt/ros/humble/include/rclcpp/rclcpp/node.hpp:89:12:[m[K [01;36m[Knote: [m[Kcandidate: ‘[01m[Krclcpp::Node::Node(const string&, const rclcpp::NodeOptions&)[m[K’
[7.437s]    89 |   explicit [01;36m[KNode[m[K(
[7.437s]       |            [01;36m[K^~~~[m[K
[7.437s] [01m[K/opt/ros/humble/include/rclcpp/rclcpp/node.hpp:89:12:[m[K [01;36m[Knote: [m[K  candidate expects 2 arguments, 0 provided
[7.437s] [01m[K/home/zerda/ros2_ws/src/my_cpp_pkg/src/image_converter.cpp:19:7:[m[K [01;31m[Kerror: [m[Kno matching function for call to ‘[01m[Kimage_transport::ImageTransport::ImageTransport(rclcpp::Node&)[m[K’
[7.438s]    19 |     : [01;31m[Kit_(nh_)[m[K
[7.438s]       |       [01;31m[K^~~~~~~~[m[K
[7.438s] In file included from [01m[K/opt/ros/humble/include/image_transport/image_transport/image_transport.h:34[m[K,
[7.438s]                  from [01m[K/home/zerda/ros2_ws/src/my_cpp_pkg/src/image_converter.cpp:2[m[K:
[7.438s] [01m[K/opt/ros/humble/include/image_transport/image_transport/image_transport.hpp:111:12:[m[K [01;36m[Knote: [m[Kcandidate: ‘[01m[Kimage_transport::ImageTransport::ImageTransport(rclcpp::Node::SharedPtr)[m[K’
[7.438s]   111 |   explicit [01;36m[KImageTransport[m[K(rclcpp::Node::SharedPtr node);
[7.438s]       |            [01;36m[K^~~~~~~~~~~~~~[m[K
[7.438s] [01m[K/opt/ros/humble/include/image_transport/image_transport/image_transport.hpp:111:51:[m[K [01;36m[Knote: [m[K  no known conversion for argument 1 from ‘[01m[Krclcpp::Node[m[K’ to ‘[01m[Krclcpp::Node::SharedPtr[m[K’ {aka ‘[01m[Kstd::shared_ptr<rclcpp::Node>[m[K’}
[7.439s]   111 |   explicit ImageTransport([01;36m[Krclcpp::Node::SharedPtr node[m[K);
[7.439s]       |                           [01;36m[K~~~~~~~~~~~~~~~~~~~~~~~~^~~~[m[K
[7.451s] [01m[K/home/zerda/ros2_ws/src/my_cpp_pkg/src/image_converter.cpp:22:31:[m[K [01;31m[Kerror: [m[Kno matching function for call to ‘[01m[Kimage_transport::ImageTransport::subscribe(const char [18], int, void (ImageConverter::*)(const int&), ImageConverter*)[m[K’
[7.451s]    22 |     image_sub_ = [01;31m[Kit_.subscribe("/camera/image_raw", 1,[m[K
[7.451s]       |                  [01;31m[K~~~~~~~~~~~~~^~~~~~~~~~~~~~~~~~~~~~~~[m[K
[7.452s]    23 | [01;31m[K      &ImageConverter::imageCb, this)[m[K;
[7.452s]       |       [01;31m[K~~~~~~~~~~~~~~~~~~~~~~~~~~~~~~~[m[K
[7.452s] In file included from [01m[K/opt/ros/humble/include/image_transport/image_transport/image_transport.h:34[m[K,
[7.452s]                  from [01m[K/home/zerda/ros2_ws/src/my_cpp_pkg/src/image_converter.cpp:2[m[K:
[7.452s] [01m[K/opt/ros/humble/include/image_transport/image_transport/image_transport.hpp:188:14:[m[K [01;36m[Knote: [m[Kcandidate: ‘[01m[Ktemplate<class T> image_transport::Subscriber image_transport::ImageTransport::subscribe(const string&, uint32_t, void (T::*)(const ImageConstPtr&), T*, const image_transport::TransportHints*)[m[K’
[7.452s]   188 |   Subscriber [01;36m[Ksubscribe[m[K(
[7.452s]       |              [01;36m[K^~~~~~~~~[m[K
[7.452s] [01m[K/opt/ros/humble/include/image_transport/image_transport/image_transport.hpp:188:14:[m[K [01;36m[Knote: [m[K  template argument deduction/substitution failed:
[7.453s] [01m[K/home/zerda/ros2_ws/src/my_cpp_pkg/src/image_converter.cpp:22:31:[m[K [01;36m[Knote: [m[K  mismatched types ‘[01m[Kconst ImageConstPtr[m[K’ {aka ‘[01m[Kconst std::shared_ptr<const sensor_msgs::msg::Image_<std::allocator<void> > >[m[K’} and ‘[01m[Kconst int[m[K’
[7.453s]    22 |     image_sub_ = [01;36m[Kit_.subscribe("/camera/image_raw", 1,[m[K
[7.453s]       |                  [01;36m[K~~~~~~~~~~~~~^~~~~~~~~~~~~~~~~~~~~~~~[m[K
[7.453s]    23 | [01;36m[K      &ImageConverter::imageCb, this)[m[K;
[7.453s]       |       [01;36m[K~~~~~~~~~~~~~~~~~~~~~~~~~~~~~~~[m[K
[7.453s] In file included from [01m[K/opt/ros/humble/include/image_transport/image_transport/image_transport.h:34[m[K,
[7.453s]                  from [01m[K/home/zerda/ros2_ws/src/my_cpp_pkg/src/image_converter.cpp:2[m[K:
[7.454s] [01m[K/opt/ros/humble/include/image_transport/image_transport/image_transport.hpp:202:14:[m[K [01;36m[Knote: [m[Kcandidate: ‘[01m[Ktemplate<class T> image_transport::Subscriber image_transport::ImageTransport::subscribe(const string&, uint32_t, void (T::*)(const ImageConstPtr&), T*, const image_transport::TransportHints*, rclcpp::SubscriptionOptions)[m[K’
[7.454s]   202 |   Subscriber [01;36m[Ksubscribe[m[K(
[7.454s]       |              [01;36m[K^~~~~~~~~[m[K
[7.454s] [01m[K/opt/ros/humble/include/image_transport/image_transport/image_transport.hpp:202:14:[m[K [01;36m[Knote: [m[K  template argument deduction/substitution failed:
[7.454s] [01m[K/home/zerda/ros2_ws/src/my_cpp_pkg/src/image_converter.cpp:22:31:[m[K [01;36m[Knote: [m[K  mismatched types ‘[01m[Kconst ImageConstPtr[m[K’ {aka ‘[01m[Kconst std::shared_ptr<const sensor_msgs::msg::Image_<std::allocator<void> > >[m[K’} and ‘[01m[Kconst int[m[K’
[7.454s]    22 |     image_sub_ = [01;36m[Kit_.subscribe("/camera/image_raw", 1,[m[K
[7.454s]       |                  [01;36m[K~~~~~~~~~~~~~^~~~~~~~~~~~~~~~~~~~~~~~[m[K
[7.454s]    23 | [01;36m[K      &ImageConverter::imageCb, this)[m[K;
[7.455s]       |       [01;36m[K~~~~~~~~~~~~~~~~~~~~~~~~~~~~~~~[m[K
[7.455s] In file included from [01m[K/opt/ros/humble/include/image_transport/image_transport/image_transport.h:34[m[K,
[7.455s]                  from [01m[K/home/zerda/ros2_ws/src/my_cpp_pkg/src/image_converter.cpp:2[m[K:
[7.455s] [01m[K/opt/ros/humble/include/image_transport/image_transport/image_transport.hpp:217:14:[m[K [01;36m[Knote: [m[Kcandidate: ‘[01m[Ktemplate<class T> image_transport::Subscriber image_transport::ImageTransport::subscribe(const string&, uint32_t, void (T::*)(const ImageConstPtr&), const std::shared_ptr<_Tp>&, const image_transport::TransportHints*)[m[K’
[7.455s]   217 |   Subscriber [01;36m[Ksubscribe[m[K(
[7.455s]       |              [01;36m[K^~~~~~~~~[m[K
[7.455s] [01m[K/opt/ros/humble/include/image_transport/image_transport/image_transport.hpp:217:14:[m[K [01;36m[Knote: [m[K  template argument deduction/substitution failed:
[7.456s] [01m[K/home/zerda/ros2_ws/src/my_cpp_pkg/src/image_converter.cpp:22:31:[m[K [01;36m[Knote: [m[K  mismatched types ‘[01m[Kconst ImageConstPtr[m[K’ {aka ‘[01m[Kconst std::shared_ptr<const sensor_msgs::msg::Image_<std::allocator<void> > >[m[K’} and ‘[01m[Kconst int[m[K’
[7.456s]    22 |     image_sub_ = [01;36m[Kit_.subscribe("/camera/image_raw", 1,[m[K
[7.456s]       |                  [01;36m[K~~~~~~~~~~~~~^~~~~~~~~~~~~~~~~~~~~~~~[m[K
[7.456s]    23 | [01;36m[K      &ImageConverter::imageCb, this)[m[K;
[7.456s]       |       [01;36m[K~~~~~~~~~~~~~~~~~~~~~~~~~~~~~~~[m[K
[7.457s] In file included from [01m[K/opt/ros/humble/include/image_transport/image_transport/image_transport.h:34[m[K,
[7.457s]                  from [01m[K/home/zerda/ros2_ws/src/my_cpp_pkg/src/image_converter.cpp:2[m[K:
[7.457s] [01m[K/opt/ros/humble/include/image_transport/image_transport/image_transport.hpp:232:14:[m[K [01;36m[Knote: [m[Kcandidate: ‘[01m[Ktemplate<class T> image_transport::Subscriber image_transport::ImageTransport::subscribe(const string&, uint32_t, void (T::*)(const ImageConstPtr&), const std::shared_ptr<_Tp>&, const image_transport::TransportHints*, rclcpp::SubscriptionOptions)[m[K’
[7.458s]   232 |   Subscriber [01;36m[Ksubscribe[m[K(
[7.458s]       |              [01;36m[K^~~~~~~~~[m[K
[7.458s] [01m[K/opt/ros/humble/include/image_transport/image_transport/image_transport.hpp:232:14:[m[K [01;36m[Knote: [m[K  template argument deduction/substitution failed:
[7.458s] [01m[K/home/zerda/ros2_ws/src/my_cpp_pkg/src/image_converter.cpp:22:31:[m[K [01;36m[Knote: [m[K  mismatched types ‘[01m[Kconst ImageConstPtr[m[K’ {aka ‘[01m[Kconst std::shared_ptr<const sensor_msgs::msg::Image_<std::allocator<void> > >[m[K’} and ‘[01m[Kconst int[m[K’
[7.458s]    22 |     image_sub_ = [01;36m[Kit_.subscribe("/camera/image_raw", 1,[m[K
[7.458s]       |                  [01;36m[K~~~~~~~~~~~~~^~~~~~~~~~~~~~~~~~~~~~~~[m[K
[7.459s]    23 | [01;36m[K      &ImageConverter::imageCb, this)[m[K;
[7.459s]       |       [01;36m[K~~~~~~~~~~~~~~~~~~~~~~~~~~~~~~~[m[K
[7.459s] In file included from [01m[K/opt/ros/humble/include/image_transport/image_transport/image_transport.h:34[m[K,
[7.459s]                  from [01m[K/home/zerda/ros2_ws/src/my_cpp_pkg/src/image_converter.cpp:2[m[K:
[7.459s] [01m[K/opt/ros/humble/include/image_transport/image_transport/image_transport.hpp:136:14:[m[K [01;36m[Knote: [m[Kcandidate: ‘[01m[Kimage_transport::Subscriber image_transport::ImageTransport::subscribe(const string&, uint32_t, const Callback&, const VoidPtr&, const image_transport::TransportHints*)[m[K’
[7.459s]   136 |   Subscriber [01;36m[Ksubscribe[m[K(
[7.460s]       |              [01;36m[K^~~~~~~~~[m[K
[7.460s] [01m[K/opt/ros/humble/include/image_transport/image_transport/image_transport.hpp:138:34:[m[K [01;36m[Knote: [m[K  no known conversion for argument 3 from ‘[01m[Kvoid (ImageConverter::*)(const int&)[m[K’ to ‘[01m[Kconst Callback&[m[K’ {aka ‘[01m[Kconst std::function<void(const std::shared_ptr<const sensor_msgs::msg::Image_<std::allocator<void> > >&)>&[m[K’}
[7.460s]   138 |     [01;36m[Kconst Subscriber::Callback & callback[m[K,
[7.460s]       |     [01;36m[K~~~~~~~~~~~~~~~~~~~~~~~~~~~~~^~~~~~~~[m[K
[7.460s] [01m[K/opt/ros/humble/include/image_transport/image_transport/image_transport.hpp:146:14:[m[K [01;36m[Knote: [m[Kcandidate: ‘[01m[Kimage_transport::Subscriber image_transport::ImageTransport::subscribe(const string&, uint32_t, const Callback&, const VoidPtr&, const image_transport::TransportHints*, rclcpp::SubscriptionOptions)[m[K’
[7.460s]   146 |   Subscriber [01;36m[Ksubscribe[m[K(
[7.460s]       |              [01;36m[K^~~~~~~~~[m[K
[7.461s] [01m[K/opt/ros/humble/include/image_transport/image_transport/image_transport.hpp:146:14:[m[K [01;36m[Knote: [m[K  candidate expects 6 arguments, 4 provided
[7.461s] [01m[K/opt/ros/humble/include/image_transport/image_transport/image_transport.hpp:157:14:[m[K [01;36m[Knote: [m[Kcandidate: ‘[01m[Kimage_transport::Subscriber image_transport::ImageTransport::subscribe(const string&, uint32_t, void (*)(const ImageConstPtr&), const image_transport::TransportHints*)[m[K’
[7.461s]   157 |   Subscriber [01;36m[Ksubscribe[m[K(
[7.461s]       |              [01;36m[K^~~~~~~~~[m[K
[7.461s] [01m[K/opt/ros/humble/include/image_transport/image_transport/image_transport.hpp:159:13:[m[K [01;36m[Knote: [m[K  no known conversion for argument 3 from ‘[01m[Kvoid (ImageConverter::*)(const int&)[m[K’ to ‘[01m[Kvoid (*)(const ImageConstPtr&)[m[K’ {aka ‘[01m[Kvoid (*)(const std::shared_ptr<const sensor_msgs::msg::Image_<std::allocator<void> > >&)[m[K’}
[7.461s]   159 |     [01;36m[Kvoid (* fp)(const ImageConstPtr &)[m[K,
[7.461s]       |     [01;36m[K~~~~~~~~^~~~~~~~~~~~~~~~~~~~~~~~~~[m[K
[7.462s] [01m[K/opt/ros/humble/include/image_transport/image_transport/image_transport.hpp:172:14:[m[K [01;36m[Knote: [m[Kcandidate: ‘[01m[Kimage_transport::Subscriber image_transport::ImageTransport::subscribe(const string&, uint32_t, void (*)(const ImageConstPtr&), const image_transport::TransportHints*, rclcpp::SubscriptionOptions)[m[K’
[7.462s]   172 |   Subscriber [01;36m[Ksubscribe[m[K(
[7.462s]       |              [01;36m[K^~~~~~~~~[m[K
[7.462s] [01m[K/opt/ros/humble/include/image_transport/image_transport/image_transport.hpp:172:14:[m[K [01;36m[Knote: [m[K  candidate expects 5 arguments, 4 provided
[7.463s] [01m[K/home/zerda/ros2_ws/src/my_cpp_pkg/src/image_converter.cpp:[m[K In member function ‘[01m[Kvoid ImageConverter::imageCb(const int&)[m[K’:
[7.463s] [01m[K/home/zerda/ros2_ws/src/my_cpp_pkg/src/image_converter.cpp:39:35:[m[K [01;31m[Kerror: [m[Kno matching function for call to ‘[01m[KtoCvCopy(const int&, const char [5])[m[K’
[7.463s]    39 |       cv_ptr = [01;31m[Kcv_bridge::toCvCopy(msg, sensor_msgs::image_encodings::BGR8)[m[K;
[7.463s]       |                [01;31m[K~~~~~~~~~~~~~~~~~~~^~~~~~~~~~~~~~~~~~~~~~~~~~~~~~~~~~~~~~~~~[m[K
[7.463s] In file included from [01m[K/home/zerda/ros2_ws/src/my_cpp_pkg/src/image_converter.cpp:3[m[K:
[7.464s] [01m[K/opt/ros/humble/include/cv_bridge/cv_bridge/cv_bridge.h:177:29:[m[K [01;36m[Knote: [m[Kcandidate: ‘[01m[Kcv_bridge::CvImagePtr cv_bridge::toCvCopy(const ConstSharedPtr&, const string&)[m[K’
[7.464s]   177 | CV_BRIDGE_EXPORT CvImagePtr [01;36m[KtoCvCopy[m[K(
[7.464s]       |                             [01;36m[K^~~~~~~~[m[K
[7.464s] [01m[K/opt/ros/humble/include/cv_bridge/cv_bridge/cv_bridge.h:178:51:[m[K [01;36m[Knote: [m[K  no known conversion for argument 1 from ‘[01m[Kconst int[m[K’ to ‘[01m[Kconst ConstSharedPtr&[m[K’ {aka ‘[01m[Kconst std::shared_ptr<const sensor_msgs::msg::Image_<std::allocator<void> > >&[m[K’}
[7.464s]   178 |   [01;36m[Kconst sensor_msgs::msg::Image::ConstSharedPtr & source[m[K,
[7.464s]       |   [01;36m[K~~~~~~~~~~~~~~~~~~~~~~~~~~~~~~~~~~~~~~~~~~~~~~~~^~~~~~[m[K
[7.465s] [01m[K/opt/ros/humble/include/cv_bridge/cv_bridge/cv_bridge.h:181:29:[m[K [01;36m[Knote: [m[Kcandidate: ‘[01m[Kcv_bridge::CvImagePtr cv_bridge::toCvCopy(const ConstSharedPtr&, const string&)[m[K’
[7.465s]   181 | CV_BRIDGE_EXPORT CvImagePtr [01;36m[KtoCvCopy[m[K(
[7.465s]       |                             [01;36m[K^~~~~~~~[m[K
[7.465s] [01m[K/opt/ros/humble/include/cv_bridge/cv_bridge/cv_bridge.h:182:61:[m[K [01;36m[Knote: [m[K  no known conversion for argument 1 from ‘[01m[Kconst int[m[K’ to ‘[01m[Kconst ConstSharedPtr&[m[K’ {aka ‘[01m[Kconst std::shared_ptr<const sensor_msgs::msg::CompressedImage_<std::allocator<void> > >&[m[K’}
[7.465s]   182 |   [01;36m[Kconst sensor_msgs::msg::CompressedImage::ConstSharedPtr & source[m[K,
[7.465s]       |   [01;36m[K~~~~~~~~~~~~~~~~~~~~~~~~~~~~~~~~~~~~~~~~~~~~~~~~~~~~~~~~~~^~~~~~[m[K
[7.466s] [01m[K/opt/ros/humble/include/cv_bridge/cv_bridge/cv_bridge.h:204:29:[m[K [01;36m[Knote: [m[Kcandidate: ‘[01m[Kcv_bridge::CvImagePtr cv_bridge::toCvCopy(const Image&, const string&)[m[K’
[7.466s]   204 | CV_BRIDGE_EXPORT CvImagePtr [01;36m[KtoCvCopy[m[K(
[7.466s]       |                             [01;36m[K^~~~~~~~[m[K
[7.466s] [01m[K/opt/ros/humble/include/cv_bridge/cv_bridge/cv_bridge.h:205:35:[m[K [01;36m[Knote: [m[K  no known conversion for argument 1 from ‘[01m[Kconst int[m[K’ to ‘[01m[Kconst Image&[m[K’ {aka ‘[01m[Kconst sensor_msgs::msg::Image_<std::allocator<void> >&[m[K’}
[7.466s]   205 |   [01;36m[Kconst sensor_msgs::msg::Image & source[m[K,
[7.466s]       |   [01;36m[K~~~~~~~~~~~~~~~~~~~~~~~~~~~~~~~~^~~~~~[m[K
[7.466s] [01m[K/opt/ros/humble/include/cv_bridge/cv_bridge/cv_bridge.h:208:29:[m[K [01;36m[Knote: [m[Kcandidate: ‘[01m[Kcv_bridge::CvImagePtr cv_bridge::toCvCopy(const CompressedImage&, const string&)[m[K’
[7.466s]   208 | CV_BRIDGE_EXPORT CvImagePtr [01;36m[KtoCvCopy[m[K(
[7.467s]       |                             [01;36m[K^~~~~~~~[m[K
[7.467s] [01m[K/opt/ros/humble/include/cv_bridge/cv_bridge/cv_bridge.h:209:45:[m[K [01;36m[Knote: [m[K  no known conversion for argument 1 from ‘[01m[Kconst int[m[K’ to ‘[01m[Kconst CompressedImage&[m[K’ {aka ‘[01m[Kconst sensor_msgs::msg::CompressedImage_<std::allocator<void> >&[m[K’}
[7.467s]   209 |   [01;36m[Kconst sensor_msgs::msg::CompressedImage & source[m[K,
[7.467s]       |   [01;36m[K~~~~~~~~~~~~~~~~~~~~~~~~~~~~~~~~~~~~~~~~~~^~~~~~[m[K
[7.467s] In file included from [01m[K/opt/ros/humble/include/rclcpp/rclcpp/client.hpp:40[m[K,
[7.467s]                  from [01m[K/opt/ros/humble/include/rclcpp/rclcpp/callback_group.hpp:24[m[K,
[7.467s]                  from [01m[K/opt/ros/humble/include/rclcpp/rclcpp/any_executable.hpp:20[m[K,
[7.467s]                  from [01m[K/opt/ros/humble/include/rclcpp/rclcpp/memory_strategy.hpp:25[m[K,
[7.468s]                  from [01m[K/opt/ros/humble/include/rclcpp/rclcpp/memory_strategies.hpp:18[m[K,
[7.468s]                  from [01m[K/opt/ros/humble/include/rclcpp/rclcpp/executor_options.hpp:20[m[K,
[7.468s]                  from [01m[K/opt/ros/humble/include/rclcpp/rclcpp/executor.hpp:37[m[K,
[7.468s]                  from [01m[K/opt/ros/humble/include/rclcpp/rclcpp/executors/multi_threaded_executor.hpp:25[m[K,
[7.468s]                  from [01m[K/opt/ros/humble/include/rclcpp/rclcpp/executors.hpp:21[m[K,
[7.468s]                  from [01m[K/opt/ros/humble/include/rclcpp/rclcpp/rclcpp.hpp:155[m[K,
[7.468s]                  from [01m[K/home/zerda/ros2_ws/src/my_cpp_pkg/src/image_converter.cpp:1[m[K:
[7.469s] [01m[K/home/zerda/ros2_ws/src/my_cpp_pkg/src/image_converter.cpp:43:7:[m[K [01;31m[Kerror: [m[Kstatic assertion failed: First argument to logging macros must be an rclcpp::Logger
[7.469s]    43 |       [01;31m[KRCLCPP_ERROR[m[K("cv_bridge exception: %s", e.what());
[7.469s]       |       [01;31m[K^~~~~~~~~~~~[m[K
[7.469s] In file included from [01m[K/opt/ros/humble/include/rclcpp/rclcpp/logging.hpp:24[m[K,
[7.470s]                  from [01m[K/opt/ros/humble/include/rclcpp/rclcpp/client.hpp:40[m[K,
[7.470s]                  from [01m[K/opt/ros/humble/include/rclcpp/rclcpp/callback_group.hpp:24[m[K,
[7.470s]                  from [01m[K/opt/ros/humble/include/rclcpp/rclcpp/any_executable.hpp:20[m[K,
[7.470s]                  from [01m[K/opt/ros/humble/include/rclcpp/rclcpp/memory_strategy.hpp:25[m[K,
[7.470s]                  from [01m[K/opt/ros/humble/include/rclcpp/rclcpp/memory_strategies.hpp:18[m[K,
[7.470s]                  from [01m[K/opt/ros/humble/include/rclcpp/rclcpp/executor_options.hpp:20[m[K,
[7.471s]                  from [01m[K/opt/ros/humble/include/rclcpp/rclcpp/executor.hpp:37[m[K,
[7.471s]                  from [01m[K/opt/ros/humble/include/rclcpp/rclcpp/executors/multi_threaded_executor.hpp:25[m[K,
[7.471s]                  from [01m[K/opt/ros/humble/include/rclcpp/rclcpp/executors.hpp:21[m[K,
[7.471s]                  from [01m[K/opt/ros/humble/include/rclcpp/rclcpp/rclcpp.hpp:155[m[K,
[7.471s]                  from [01m[K/home/zerda/ros2_ws/src/my_cpp_pkg/src/image_converter.cpp:1[m[K:
[7.471s] [01m[K/home/zerda/ros2_ws/src/my_cpp_pkg/src/image_converter.cpp:43:7:[m[K [01;31m[Kerror: [m[Krequest for member ‘[01m[Kget_name[m[K’ in ‘[01m[K("cv_bridge exception: %s")[m[K’, which is of non-class type ‘[01m[Kconst char [24][m[K’
[7.471s]    43 |       [01;31m[KRCLCPP_ERROR[m[K("cv_bridge exception: %s", e.what());
[7.471s]       |       [01;31m[K^~~~~~~~~~~~[m[K
[7.472s] [01m[K/home/zerda/ros2_ws/src/my_cpp_pkg/src/image_converter.cpp:43:7:[m[K [01;31m[Kerror: [m[Krequest for member ‘[01m[Kget_name[m[K’ in ‘[01m[K("cv_bridge exception: %s")[m[K’, which is of non-class type ‘[01m[Kconst char [24][m[K’
[7.472s]    43 |       [01;31m[KRCLCPP_ERROR[m[K("cv_bridge exception: %s", e.what());
[7.472s]       |       [01;31m[K^~~~~~~~~~~~[m[K
[7.472s] [01m[K/home/zerda/ros2_ws/src/my_cpp_pkg/src/image_converter.cpp:[m[K In function ‘[01m[Kint main(int, char**)[m[K’:
[7.472s] [01m[K/home/zerda/ros2_ws/src/my_cpp_pkg/src/image_converter.cpp:62:28:[m[K [01;31m[Kerror: [m[Kinvalid initialization of reference of type ‘[01m[Kconst rclcpp::InitOptions&[m[K’ from expression of type ‘[01m[Kconst char [16][m[K’
[7.473s]    62 |   rclcpp::init(argc, argv, [01;31m[K"image_converter"[m[K);
[7.473s]       |                            [01;31m[K^~~~~~~~~~~~~~~~~[m[K
[7.473s] In file included from [01m[K/opt/ros/humble/include/rclcpp/rclcpp/logging.hpp:25[m[K,
[7.474s]                  from [01m[K/opt/ros/humble/include/rclcpp/rclcpp/client.hpp:40[m[K,
[7.474s]                  from [01m[K/opt/ros/humble/include/rclcpp/rclcpp/callback_group.hpp:24[m[K,
[7.474s]                  from [01m[K/opt/ros/humble/include/rclcpp/rclcpp/any_executable.hpp:20[m[K,
[7.474s]                  from [01m[K/opt/ros/humble/include/rclcpp/rclcpp/memory_strategy.hpp:25[m[K,
[7.474s]                  from [01m[K/opt/ros/humble/include/rclcpp/rclcpp/memory_strategies.hpp:18[m[K,
[7.474s]                  from [01m[K/opt/ros/humble/include/rclcpp/rclcpp/executor_options.hpp:20[m[K,
[7.474s]                  from [01m[K/opt/ros/humble/include/rclcpp/rclcpp/executor.hpp:37[m[K,
[7.474s]                  from [01m[K/opt/ros/humble/include/rclcpp/rclcpp/executors/multi_threaded_executor.hpp:25[m[K,
[7.475s]                  from [01m[K/opt/ros/humble/include/rclcpp/rclcpp/executors.hpp:21[m[K,
[7.475s]                  from [01m[K/opt/ros/humble/include/rclcpp/rclcpp/rclcpp.hpp:155[m[K,
[7.475s]                  from [01m[K/home/zerda/ros2_ws/src/my_cpp_pkg/src/image_converter.cpp:1[m[K:
[7.475s] [01m[K/opt/ros/humble/include/rclcpp/rclcpp/utilities.hpp:78:23:[m[K [01;36m[Knote: [m[Kin passing argument 3 of ‘[01m[Kvoid rclcpp::init(int, const char* const*, const rclcpp::InitOptions&, rclcpp::SignalHandlerOptions)[m[K’
[7.475s]    78 |   [01;36m[Kconst InitOptions & init_options = InitOptions()[m[K,
[7.475s]       |   [01;36m[K~~~~~~~~~~~~~~~~~~~~^~~~~~~~~~~~~~~~~~~~~~~~~~~~[m[K
[7.475s] [01m[K/home/zerda/ros2_ws/src/my_cpp_pkg/src/image_converter.cpp:64:15:[m[K [01;31m[Kerror: [m[Kno matching function for call to ‘[01m[Kspin()[m[K’
[7.475s]    64 |   [01;31m[Krclcpp::spin()[m[K;
[7.476s]       |   [01;31m[K~~~~~~~~~~~~^~[m[K
[7.476s] In file included from [01m[K/opt/ros/humble/include/rclcpp/rclcpp/rclcpp.hpp:155[m[K,
[7.476s]                  from [01m[K/home/zerda/ros2_ws/src/my_cpp_pkg/src/image_converter.cpp:1[m[K:
[7.476s] [01m[K/opt/ros/humble/include/rclcpp/rclcpp/executors.hpp:45:1:[m[K [01;36m[Knote: [m[Kcandidate: ‘[01m[Kvoid rclcpp::spin(rclcpp::node_interfaces::NodeBaseInterface::SharedPtr)[m[K’
[7.476s]    45 | [01;36m[Kspin[m[K(rclcpp::node_interfaces::NodeBaseInterface::SharedPtr node_ptr);
[7.476s]       | [01;36m[K^~~~[m[K
[7.476s] [01m[K/opt/ros/humble/include/rclcpp/rclcpp/executors.hpp:45:1:[m[K [01;36m[Knote: [m[K  candidate expects 1 argument, 0 provided
[7.476s] [01m[K/opt/ros/humble/include/rclcpp/rclcpp/executors.hpp:49:1:[m[K [01;36m[Knote: [m[Kcandidate: ‘[01m[Kvoid rclcpp::spin(rclcpp::Node::SharedPtr)[m[K’
[7.477s]    49 | [01;36m[Kspin[m[K(rclcpp::Node::SharedPtr node_ptr);
[7.477s]       | [01;36m[K^~~~[m[K
[7.477s] [01m[K/opt/ros/humble/include/rclcpp/rclcpp/executors.hpp:49:1:[m[K [01;36m[Knote: [m[K  candidate expects 1 argument, 0 provided
[8.472s] gmake[2]: *** [CMakeFiles/image_converter_node.dir/build.make:76: CMakeFiles/image_converter_node.dir/src/image_converter.cpp.o] Error 1
[8.472s] gmake[1]: *** [CMakeFiles/Makefile2:137: CMakeFiles/image_converter_node.dir/all] Error 2
[8.473s] gmake: *** [Makefile:146: all] Error 2
[8.476s] Invoked command in '/home/zerda/ros2_ws/build/my_cpp_pkg' returned '2': CMAKE_PREFIX_PATH=${CMAKE_PREFIX_PATH}:/home/zerda/ros2_ws/install/my_py_pkg:/home/zerda/ros2_ws/install/challenge1:/opt/ros/humble /usr/bin/cmake --build /home/zerda/ros2_ws/build/my_cpp_pkg -- -j8 -l8
