running egg_info
writing ../../build/car_detector/car_detector.egg-info/PKG-INFO
writing dependency_links to ../../build/car_detector/car_detector.egg-info/dependency_links.txt
writing entry points to ../../build/car_detector/car_detector.egg-info/entry_points.txt
writing requirements to ../../build/car_detector/car_detector.egg-info/requires.txt
writing top-level names to ../../build/car_detector/car_detector.egg-info/top_level.txt
reading manifest file '../../build/car_detector/car_detector.egg-info/SOURCES.txt'
writing manifest file '../../build/car_detector/car_detector.egg-info/SOURCES.txt'
running build
running build_py
copying car_detector/__init__.py -> /home/zerda/ros2_ws/build/car_detector/build/lib/car_detector
copying car_detector/camera_pub.py -> /home/zerda/ros2_ws/build/car_detector/build/lib/car_detector
copying car_detector/car_detection.py -> /home/zerda/ros2_ws/build/car_detector/build/lib/car_detector
running install
running install_lib
running install_data
copying resource/car_detector -> /home/zerda/ros2_ws/install/car_detector/share/ament_index/resource_index/packages
copying package.xml -> /home/zerda/ros2_ws/install/car_detector/share/car_detector
copying launch/camera_car_detection.launch.py -> /home/zerda/ros2_ws/install/car_detector/share/car_detector/launch
copying data/best.pt -> /home/zerda/ros2_ws/install/car_detector/share/car_detector/data
running install_egg_info
removing '/home/zerda/ros2_ws/install/car_detector/lib/python3.10/site-packages/car_detector-0.0.0-py3.10.egg-info' (and everything under it)
Copying ../../build/car_detector/car_detector.egg-info to /home/zerda/ros2_ws/install/car_detector/lib/python3.10/site-packages/car_detector-0.0.0-py3.10.egg-info
running install_scripts
Installing camera_publisher script to /home/zerda/ros2_ws/install/car_detector/lib/car_detector
Installing car_detect_subscriber script to /home/zerda/ros2_ws/install/car_detector/lib/car_detector
writing list of installed files to '/home/zerda/ros2_ws/build/car_detector/install.log'
